[2018-10-08 01:05:09,308] ********************************************************************************
[2018-10-08 01:05:09,308] {'dataset_path': 'data/svhn_stream.csv', 'loss_type': 'pdce', 'tensor_view': [-1, 32, 32], 'in_channels': 3, 'number_layers': 10, 'growth_rate': 12, 'learning_rate': 0.001, 'threshold': 20.0, 'gamma': 0.05, 'tao': 20.0, 'b': 2.0, 'lambda_': 0.01, 'std_coefficient': 0.1, 'train_test_split': 6000}
[2018-10-08 01:05:09,308] Trainset size: 6000
[2018-10-08 01:05:09,308] Testset size: 62160
[2018-10-08 01:05:10,544] DenseNet Channels: 216
[2018-10-08 01:05:10,545] Epoch number: 1
[2018-10-08 01:05:10,546] threshold: 20.0000, gamma: 0.0500, tao: 20.0000, b: 2.0000
[2018-10-08 01:10:38,594] Prototypes Count: 1255
[2018-10-08 01:10:38,596] Load intra class distances from file 'svhn/distances.pkl'.
[2018-10-08 01:10:38,598] Distance Average: {1: 17.346514, 2: 17.680285, 4: 17.886671, 7: 17.877207}
[2018-10-08 01:10:38,598] Distance Std: {1: 5.180204, 2: 5.423261, 4: 5.591474, 7: 5.5679274}
[2018-10-08 01:10:38,598] Distance Threshold: {1: 17.86453413963318, 2: 18.22261061668396, 4: 18.44581847190857, 7: 18.43399953842163}
[2018-10-08 01:35:59,971] Accuracy:  0.1601
[2018-10-08 01:35:59,972] True Positive: 0
[2018-10-08 01:35:59,972] False Positive: 0
[2018-10-08 01:35:59,972] False Negative: 30720
[2018-10-08 01:35:59,972] Precision:  0.0000
[2018-10-08 01:35:59,972] Recall:  0.0000
[2018-10-08 01:35:59,972] Confusion Matrix: 
[[2268 6118    0 3174    0    0  147    0    0]
 [1235 5093    0 2346    0    0  162    0    0]
 [1609 4000    0 2792    0    0   96    0    0]
 [1224 2398    0 2513    0    0   87    0    0]
 [1372 3220    0 2210    0    0   80    0    0]
 [1025 2305    0 2307    0    0   90    0    0]
 [ 534 2817    0 1248    0    0   76    0    0]
 [ 883 2353    0 1735    0    0   74    0    0]
 [ 905 2451    0 1147    0    0   66    0    0]]
[2018-10-08 01:35:59,974] Epoch number: 2
[2018-10-08 01:35:59,974] threshold: 33.8350, gamma: 0.0567, tao: 23.0340, b: 5.4005
[2018-10-08 01:40:59,594] Prototypes Count: 4
[2018-10-08 01:40:59,596] Load intra class distances from file 'svhn/distances.pkl'.
[2018-10-08 01:40:59,598] Distance Average: {1: 6.6460843, 2: 6.8421307, 4: 7.44448, 7: 7.137332}
[2018-10-08 01:40:59,598] Distance Std: {1: 0.7667065, 2: 0.9105513, 4: 0.7937013, 7: 0.9063081}
[2018-10-08 01:40:59,598] Distance Threshold: {1: 6.722754961252212, 2: 6.933185791969299, 4: 7.523850071430206, 7: 7.227962774038315}
[2018-10-08 01:58:56,820] Accuracy:  0.2818
[2018-10-08 01:58:56,821] True Positive: 747
[2018-10-08 01:58:56,821] False Positive: 866
[2018-10-08 01:58:56,821] False Negative: 29973
[2018-10-08 01:58:56,821] Precision:  0.4628
[2018-10-08 01:58:56,821] Recall:  0.0243
[2018-10-08 01:58:56,821] Confusion Matrix: 
[[8318 2209    0   46    0    0 1134    0    0]
 [1510 6124    0   50    0    0 1152    0    0]
 [2237 3610    0   69    0    0 2581    0    0]
 [1623 2514    0  492    0    0 1593    0    0]
 [1522 2953    0   43    0    0 2364    0    0]
 [1503 2263    0   24    0    0 1937    0    0]
 [1114  961    0   15    0    0 2585    0    0]
 [1332 2394    0   22    0    0 1297    0    0]
 [1005 2413    0   52    0    0 1099    0    0]]
[2018-10-08 01:58:56,823] Epoch number: 3
[2018-10-08 01:58:56,823] threshold: 9.6110, gamma: 0.1441, tao: 7.8302, b: 0.8904
[2018-10-08 02:03:55,284] Prototypes Count: 4
[2018-10-08 02:03:55,286] Load intra class distances from file 'svhn/distances.pkl'.
[2018-10-08 02:03:55,288] Distance Average: {1: 4.170632, 2: 4.094263, 4: 4.240219, 7: 4.5810366}
[2018-10-08 02:03:55,288] Distance Std: {1: 0.42546618, 2: 0.49539614, 4: 0.53143084, 7: 0.50593466}
[2018-10-08 02:03:55,288] Distance Threshold: {1: 4.213178503513336, 2: 4.143802690505981, 4: 4.293362200260162, 7: 4.631630033254623}
[2018-10-08 02:21:58,506] Accuracy:  0.3419
[2018-10-08 02:21:58,506] True Positive: 5379
[2018-10-08 02:21:58,506] False Positive: 2843
[2018-10-08 02:21:58,506] False Negative: 25341
[2018-10-08 02:21:58,506] Precision:  0.6541
[2018-10-08 02:21:58,506] Recall:  0.1751
[2018-10-08 02:21:58,506] Confusion Matrix: 
[[9994  945    0  386    0    0  382    0    0]
 [1895 5740    0  728    0    0  473    0    0]
 [3028 3077    0  877    0    0 1515    0    0]
 [1891  860    0 3174    0    0  297    0    0]
 [2060 2252    0  706    0    0 1864    0    0]
 [2366 2098    0  477    0    0  786    0    0]
 [1479  669    0  180    0    0 2347    0    0]
 [1935 2008    0  544    0    0  558    0    0]
 [1498 1812    0  822    0    0  437    0    0]]
[2018-10-08 02:21:58,508] Epoch number: 4
[2018-10-08 02:21:58,508] threshold: 5.7456, gamma: 0.2367, tao: 4.7318, b: 0.5069
[2018-10-08 02:26:59,136] Prototypes Count: 40
[2018-10-08 02:26:59,138] Load intra class distances from file 'svhn/distances.pkl'.
[2018-10-08 02:26:59,140] Distance Average: {1: 3.7009096, 2: 3.9663305, 4: 3.932694, 7: 3.9383173}
[2018-10-08 02:26:59,140] Distance Std: {1: 0.6214465, 2: 0.5274312, 4: 0.6450948, 7: 0.6459477}
[2018-10-08 02:26:59,140] Distance Threshold: {1: 3.7630542635917665, 2: 4.019073647260666, 4: 3.997203439474106, 7: 4.002912068367005}
[2018-10-08 02:45:41,543] Accuracy:  0.3544
[2018-10-08 02:45:41,543] True Positive: 4980
[2018-10-08 02:45:41,543] False Positive: 2316
[2018-10-08 02:45:41,544] False Negative: 25740
[2018-10-08 02:45:41,544] Precision:  0.6825
[2018-10-08 02:45:41,544] Recall:  0.1621
[2018-10-08 02:45:41,544] Confusion Matrix: 
[[10678   482     0   264     0     0   283     0     0]
 [ 1903  5672     0   553     0     0   708     0     0]
 [ 3934  2371     0   892     0     0  1300     0     0]
 [ 2270   675     0  3088     0     0   189     0     0]
 [ 2959  1884     0   665     0     0  1374     0     0]
 [ 3408  1221     0   405     0     0   693     0     0]
 [ 1738   244     0   102     0     0  2591     0     0]
 [ 2366  1666     0   465     0     0   548     0     0]
 [ 1715  1656     0   825     0     0   373     0     0]]
[2018-10-08 02:45:41,545] Epoch number: 5
[2018-10-08 02:45:41,545] threshold: 5.7103, gamma: 0.2590, tao: 4.4773, b: 0.6165
[2018-10-08 02:50:40,703] Prototypes Count: 6
[2018-10-08 02:50:40,705] Load intra class distances from file 'svhn/distances.pkl'.
[2018-10-08 02:50:40,708] Distance Average: {1: 3.1596022, 2: 3.4093757, 4: 3.536208, 7: 3.5743535}
[2018-10-08 02:50:40,708] Distance Std: {1: 0.6091873, 2: 0.57574177, 4: 0.5531793, 7: 0.5057141}
[2018-10-08 02:50:40,708] Distance Threshold: {1: 3.2205208957195284, 2: 3.4669498443603515, 4: 3.5915258467197417, 7: 3.6249248683452606}
[2018-10-08 03:09:04,270] Accuracy:  0.3793
[2018-10-08 03:09:04,270] True Positive: 15185
[2018-10-08 03:09:04,270] False Positive: 6895
[2018-10-08 03:09:04,270] False Negative: 15535
[2018-10-08 03:09:04,270] Precision:  0.6877
[2018-10-08 03:09:04,270] Recall:  0.4943
[2018-10-08 03:09:04,270] Confusion Matrix: 
[[10826    96     0   329     0     0   456     0     0]
 [ 2242  5259     0   490     0     0   845     0     0]
 [ 3454  1437     0  1594     0     0  2012     0     0]
 [ 1499   307     0  4240     0     0   176     0     0]
 [ 2698   631     0  1829     0     0  1724     0     0]
 [ 3043   563     0   838     0     0  1283     0     0]
 [ 1153   150     0   117     0     0  3255     0     0]
 [ 2582  1139     0   657     0     0   667     0     0]
 [ 1696  1247     0  1007     0     0   619     0     0]]
[2018-10-08 03:09:04,272] Epoch number: 6
[2018-10-08 03:09:04,272] threshold: 5.1640, gamma: 0.2966, tao: 3.9689, b: 0.5975
[2018-10-08 03:14:02,776] Prototypes Count: 11
[2018-10-08 03:14:02,778] Load intra class distances from file 'svhn/distances.pkl'.
[2018-10-08 03:14:02,780] Distance Average: {1: 3.201212, 2: 3.1909604, 4: 3.297685, 7: 3.3784475}
[2018-10-08 03:14:02,780] Distance Std: {1: 0.5321931, 2: 0.56033474, 4: 0.524205, 7: 0.54298484}
[2018-10-08 03:14:02,780] Distance Threshold: {1: 3.254431241750717, 2: 3.2469938814640047, 4: 3.3501054108142854, 7: 3.4327460169792174}
[2018-10-08 03:32:33,134] Accuracy:  0.3885
[2018-10-08 03:32:33,134] True Positive: 16207
[2018-10-08 03:32:33,135] False Positive: 6874
[2018-10-08 03:32:33,135] False Negative: 14513
[2018-10-08 03:32:33,135] Precision:  0.7021
[2018-10-08 03:32:33,135] Recall:  0.5276
[2018-10-08 03:32:33,135] Confusion Matrix: 
[[8994 1783    0  603    0    0  327    0    0]
 [ 382 8096    0  267    0    0   91    0    0]
 [1203 4766    0 1429    0    0 1099    0    0]
 [ 426 1098    0 4620    0    0   78    0    0]
 [ 937 2657    0 2553    0    0  735    0    0]
 [1203 2559    0 1392    0    0  573    0    0]
 [ 402 1697    0  134    0    0 2442    0    0]
 [ 828 3416    0  638    0    0  163    0    0]
 [ 548 3053    0  843    0    0  125    0    0]]
[2018-10-08 03:32:33,137] Epoch number: 7
[2018-10-08 03:32:33,137] threshold: 4.8796, gamma: 0.3082, tao: 3.7897, b: 0.5449
[2018-10-08 03:37:34,739] Prototypes Count: 14
[2018-10-08 03:37:34,742] Load intra class distances from file 'svhn/distances.pkl'.
[2018-10-08 03:37:34,745] Distance Average: {1: 2.8623507, 2: 3.279712, 4: 3.3899097, 7: 3.1624568}
[2018-10-08 03:37:34,745] Distance Std: {1: 0.5481688, 2: 0.44432905, 4: 0.41386712, 7: 0.6549961}
[2018-10-08 03:37:34,745] Distance Threshold: {1: 2.917167580127716, 2: 3.324144867062569, 4: 3.4312964558601378, 7: 3.227956360578537}
[2018-10-08 03:55:44,281] Accuracy:  0.3983
[2018-10-08 03:55:44,282] True Positive: 12917
[2018-10-08 03:55:44,282] False Positive: 6223
[2018-10-08 03:55:44,282] False Negative: 17803
[2018-10-08 03:55:44,282] Precision:  0.6748
[2018-10-08 03:55:44,282] Recall:  0.4205
[2018-10-08 03:55:44,282] Confusion Matrix: 
[[9888  780    0  736    0    0  303    0    0]
 [ 838 7456    0  443    0    0   99    0    0]
 [1939 3501    0 2081    0    0  976    0    0]
 [ 886  668    0 4617    0    0   51    0    0]
 [1722 1591    0 3139    0    0  430    0    0]
 [1983 1304    0 2303    0    0  137    0    0]
 [ 635 1017    0  226    0    0 2797    0    0]
 [1298 2477    0 1154    0    0  116    0    0]
 [ 894 2460    0 1155    0    0   60    0    0]]
[2018-10-08 03:55:44,283] Epoch number: 8
[2018-10-08 03:55:44,284] threshold: 4.8055, gamma: 0.3189, tao: 3.6925, b: 0.5565
[2018-10-08 04:00:44,382] Prototypes Count: 33
[2018-10-08 04:00:44,384] Load intra class distances from file 'svhn/distances.pkl'.
[2018-10-08 04:00:44,386] Distance Average: {1: 2.8810837, 2: 3.3268235, 4: 3.282009, 7: 3.430847}
[2018-10-08 04:00:44,386] Distance Std: {1: 0.6017542, 2: 0.57493335, 4: 0.55720294, 7: 0.6209052}
[2018-10-08 04:00:44,386] Distance Threshold: {1: 2.9412591457366943, 2: 3.384316807985306, 4: 3.3377291798591613, 7: 3.4929374516010285}
[2018-10-08 04:19:13,989] Accuracy:  0.4016
[2018-10-08 04:19:13,989] True Positive: 19056
[2018-10-08 04:19:13,989] False Positive: 8009
[2018-10-08 04:19:13,989] False Negative: 11664
[2018-10-08 04:19:13,989] Precision:  0.7041
[2018-10-08 04:19:13,989] Recall:  0.6203
[2018-10-08 04:19:13,989] Confusion Matrix: 
[[10087   798     0   492     0     0   330     0     0]
 [ 1075  6854     0   467     0     0   440     0     0]
 [ 2200  2837     0  1513     0     0  1947     0     0]
 [  867   372     0  4873     0     0   110     0     0]
 [ 1737  1939     0  1981     0     0  1225     0     0]
 [ 2406  1175     0  1724     0     0   422     0     0]
 [  732   628     0   163     0     0  3152     0     0]
 [ 1906  1916     0   852     0     0   371     0     0]
 [ 1283  1745     0  1103     0     0   438     0     0]]
[2018-10-08 04:19:13,992] Epoch number: 9
[2018-10-08 04:19:13,992] threshold: 5.0620, gamma: 0.3150, tao: 3.8040, b: 0.6290
[2018-10-08 04:24:12,857] Prototypes Count: 31
[2018-10-08 04:24:12,859] Load intra class distances from file 'svhn/distances.pkl'.
[2018-10-08 04:24:12,861] Distance Average: {1: 2.8597705, 2: 3.3750122, 4: 3.2968802, 7: 3.542526}
[2018-10-08 04:24:12,862] Distance Std: {1: 0.6776029, 2: 0.5151209, 4: 0.5667178, 7: 0.63491803}
[2018-10-08 04:24:12,862] Distance Threshold: {1: 2.927530825138092, 2: 3.4265242516994476, 4: 3.3535520255565645, 7: 3.6060178101062776}
[2018-10-08 04:42:18,695] Accuracy:  0.3993
[2018-10-08 04:42:18,696] True Positive: 11369
[2018-10-08 04:42:18,696] False Positive: 5196
[2018-10-08 04:42:18,696] False Negative: 19351
[2018-10-08 04:42:18,696] Precision:  0.6863
[2018-10-08 04:42:18,696] Recall:  0.3701
[2018-10-08 04:42:18,696] Confusion Matrix: 
[[10594   253     0   273     0     0   587     0     0]
 [ 1402  6183     0   423     0     0   828     0     0]
 [ 3358  2140     0  1210     0     0  1789     0     0]
 [  932   299     0  4700     0     0   291     0     0]
 [ 2200  1709     0  1793     0     0  1180     0     0]
 [ 2795   945     0  1196     0     0   791     0     0]
 [  976   257     0   100     0     0  3342     0     0]
 [ 2336  1510     0   612     0     0   587     0     0]
 [ 1338  1602     0  1227     0     0   402     0     0]]
[2018-10-08 04:42:18,698] Epoch number: 10
[2018-10-08 04:42:18,698] threshold: 5.1828, gamma: 0.3124, tao: 3.8618, b: 0.6605
[2018-10-08 04:47:16,528] Prototypes Count: 29
[2018-10-08 04:47:16,530] Load intra class distances from file 'svhn/distances.pkl'.
[2018-10-08 04:47:16,532] Distance Average: {1: 2.871165, 2: 3.2296138, 4: 3.1461496, 7: 3.4543533}
[2018-10-08 04:47:16,533] Distance Std: {1: 0.55505574, 2: 0.6292754, 4: 0.68071586, 7: 0.59402364}
[2018-10-08 04:47:16,533] Distance Threshold: {1: 2.9266706109046936, 2: 3.292541319131851, 4: 3.2142212212085726, 7: 3.5137556970119475}
[2018-10-08 05:05:20,817] Accuracy:  0.3752
[2018-10-08 05:05:20,817] True Positive: 18051
[2018-10-08 05:05:20,817] False Positive: 7725
[2018-10-08 05:05:20,817] False Negative: 12669
[2018-10-08 05:05:20,817] Precision:  0.7003
[2018-10-08 05:05:20,818] Recall:  0.5876
[2018-10-08 05:05:20,818] Confusion Matrix: 
[[10077   442     0   254     0     0   934     0     0]
 [ 1063  5414     0   411     0     0  1948     0     0]
 [ 3455  1508     0   900     0     0  2634     0     0]
 [ 1036   378     0  4153     0     0   655     0     0]
 [ 2987   962     0  1314     0     0  1619     0     0]
 [ 2780   910     0  1008     0     0  1029     0     0]
 [  717   176     0   103     0     0  3679     0     0]
 [ 2414  1087     0   438     0     0  1106     0     0]
 [ 1624  1445     0   541     0     0   959     0     0]]
[2018-10-08 05:05:20,832] ---------- 14514.165s ----------
