2018-09-30 11:55:54,414: {'dataset_path': 'data/fashion-mnist_train.csv', 'loss_type': 'gcpl', 'tensor_view': [-1, 28, 28], 'in_channels': 1, 'layers': 10, 'learning_rate': 0.001, 'threshold': 10.0, 'gamma': 0.25, 'lambda_': 0.01, 'train_test_split': 6000, 'epoch_number': 50, 'test_frequency': 2}
2018-09-30 11:55:54,415: Trainset size: 6000
2018-09-30 11:55:54,415: Testset size: 54000
2018-09-30 11:55:55,811: DenseNet Channels: 216
2018-09-30 11:55:55,813: Epoch number: 1
2018-09-30 12:00:41,891: Distance Average: 
[7.374737180278051, 6.85290280296689, 7.239808890076934, 7.128645977141365, 7.125740780006125, 7.378412089286706, 7.65035793131048, 7.0511099569608175, 7.0061471180335895, 7.433899569973954]
2018-09-30 12:00:41,892: Prototypes Count: 139
2018-09-30 12:00:41,892: Epoch number: 2
2018-09-30 12:05:38,136: Distance Average: 
[4.041961575149427, 3.421093647442167, 3.601407557237344, 3.719980766281249, 3.633923540592964, 5.096141428137437, 3.9357219336249614, 4.071553335777171, 4.710698526050593, 4.345149828643395]
2018-09-30 12:05:38,137: Prototypes Count: 10
2018-09-30 12:20:57,905: Accuracy:  0.8074
2018-09-30 12:20:57,905: Confusion Matrix: 
[[4605   17  167  311  194    1   82    0   62    0]
 [  14 5195   46   90   20    0    4    0    1    0]
 [  52    6 4361   21  543    1  376    0   30    0]
 [ 357   69  171 4354  333    0   81    0    4    1]
 [  20    9 1168  164 3219    0  783    0   17    1]
 [   2    1    0    5    0 4824    0  304   45  195]
 [1435   13 1260  113  735    0 1812    0   81    1]
 [   0    0    0    0    0   48    0 5163    6  166]
 [  20    7   59   24   48   31   86    6 5121    6]
 [   0    0    0    1    0   26    0  457    5 4944]]

2018-09-30 12:20:57,906: Epoch number: 3
2018-09-30 12:25:54,037: Distance Average: 
[3.87239156963566, 3.0795837300164357, 3.981821776999802, 4.110500894652473, 4.041498235046189, 5.687568731414966, 4.521104824759743, 4.5021216258817205, 4.776165904628264, 4.253779265825921]
2018-09-30 12:25:54,037: Prototypes Count: 10
2018-09-30 12:25:54,037: Epoch number: 4
2018-09-30 12:30:48,092: Distance Average: 
[3.6313188076019287, 2.56612083438843, 3.459964293339213, 3.666101659290374, 3.354264116056131, 4.419308697183927, 3.7215766989101065, 3.100044846148313, 4.557602140146333, 3.552347757618684]
2018-09-30 12:30:48,092: Prototypes Count: 10
2018-09-30 12:45:32,899: Accuracy:  0.8317
2018-09-30 12:45:32,899: Confusion Matrix: 
[[4677    4  116  165   16    0  419    1   41    0]
 [   8 5162   26  139    0    0   32    0    3    0]
 [  43    0 4461   42  334    0  495    0   15    0]
 [ 338    9   97 4511   41    0  373    0    1    0]
 [   8    4 1027  142 2823    0 1371    0    5    1]
 [   0    0    0    6    1 4943    0  212    8  206]
 [1151    5  705  104  324    1 3103    0   57    0]
 [   0    0    0    0    1   17    0 4778    0  587]
 [  19    4   12   53   57   36   91    2 5130    4]
 [   0    0    0    3    0   13    0   92    1 5324]]

2018-09-30 12:45:32,900: Epoch number: 5
2018-09-30 12:50:08,700: Distance Average: 
[3.6206531894398246, 2.430299438749041, 3.345136618223347, 3.7419597705205283, 3.156635599875874, 4.527376919220655, 3.697643245783719, 3.157595981461882, 3.7921840604898094, 3.2781287757597695]
2018-09-30 12:50:08,700: Prototypes Count: 10
2018-09-30 12:50:08,700: Epoch number: 6
2018-09-30 12:54:56,819: Distance Average: 
[3.0134340847664762, 2.18396687261642, 3.5613060603376296, 3.264896911477286, 3.6474149011448627, 3.8713364761609297, 3.8525725930387322, 2.859122883172244, 3.9796473065743574, 2.8934168702080134]
2018-09-30 12:54:56,819: Prototypes Count: 10
2018-09-30 13:09:46,575: Accuracy:  0.8556
2018-09-30 13:09:46,575: Confusion Matrix: 
[[4974    2   95   77   19    0  211    0   61    0]
 [  34 5175   15  102   18    0   25    0    1    0]
 [ 116    0 3849   32 1027    0  347    0   19    0]
 [ 585   13   24 4407  107    1  226    0    7    0]
 [  33    0  190  195 4325    0  612    0   26    0]
 [   0    0    0    2    0 5105    0  193   14   62]
 [1459    2  472   70  546    1 2836    0   64    0]
 [   0    0    0    0    0   45    0 5071    2  265]
 [  41    2    7   25   31   28   40    5 5227    2]
 [   1    0    0    3    0   28    0  162    4 5235]]

2018-09-30 13:09:46,576: Epoch number: 7
2018-09-30 13:14:32,526: Distance Average: 
[4.32836851461686, 2.493026288539644, 3.5761677652108865, 3.779877155546158, 3.497131432007896, 4.065130787400099, 3.7649150599132883, 2.8728599484581228, 4.355328117673461, 3.2801020668927956]
2018-09-30 13:14:32,527: Prototypes Count: 10
2018-09-30 13:14:32,527: Epoch number: 8
2018-09-30 13:19:18,188: Distance Average: 
[3.7400668294247033, 2.292241709005265, 3.369073722401603, 3.5791231450580416, 3.494143416115078, 3.624348831100342, 3.8625204385410656, 2.575528590180692, 3.4064978651098303, 3.132725347076564]
2018-09-30 13:19:18,188: Prototypes Count: 10
2018-09-30 13:33:59,449: Accuracy:  0.8710
2018-09-30 13:33:59,449: Confusion Matrix: 
[[4570   15   70  223   11    1  527    0   22    0]
 [   5 5214    6  107    4    0   32    0    2    0]
 [  43    8 4516   74  332    0  409    0    8    0]
 [ 137   16   13 4962  103    0  136    0    2    1]
 [   5   14  748  297 3992    0  320    0    5    0]
 [   0    0    0    1    0 5200    1   45   15  114]
 [ 862   16  451  175  505    1 3421    0   19    0]
 [   0    0    0    0    0  313    0 4742    7  321]
 [  11    6   11   28   24   35  163    0 5128    2]
 [   0    0    0    2    0   23    0  109    8 5291]]

2018-09-30 13:33:59,450: Epoch number: 9
2018-09-30 13:38:46,454: Distance Average: 
[3.2796800032443967, 1.987738976024446, 3.2010975368687364, 3.0044407816160295, 3.538205864934043, 3.225115167024808, 3.8265332794189453, 2.7535803277450017, 3.1941237785928958, 3.1503616544094455]
2018-09-30 13:38:46,454: Prototypes Count: 10
2018-09-30 13:38:46,454: Epoch number: 10
2018-09-30 13:43:24,414: Distance Average: 
[3.0697829685109186, 2.4336497747708883, 3.4621076708934346, 3.354971298717317, 3.4758696413579395, 3.513151235305346, 3.5373422076485372, 2.4894816489041913, 3.3254358252963505, 2.7401367272439248]
2018-09-30 13:43:24,414: Prototypes Count: 10
2018-09-30 13:58:02,565: Accuracy:  0.8805
2018-09-30 13:58:02,565: Confusion Matrix: 
[[4512   16  149  297   74    3  342    0   46    0]
 [   1 5226   11  106   15    0    9    0    2    0]
 [  38    3 4598   79  552    0  109    0   11    0]
 [  66   27   39 5009  155    1   72    0    1    0]
 [   4    4  373  288 4586    0  117    0    9    0]
 [   0    0    0    0    2 5140    0  164    9   61]
 [ 779    9  629  225  929    1 2832    0   46    0]
 [   0    0    0    0    0   35    0 5191    1  156]
 [   6    6   23   17   87   27   12    5 5222    3]
 [   0    0    1    0    2   25    0  173    1 5231]]

2018-09-30 13:58:02,565: Epoch number: 11
2018-09-30 14:02:40,215: Distance Average: 
[3.2658654173002737, 2.444291525416904, 3.4160636417201307, 2.9857661345648387, 3.6896449348653078, 3.285529430095966, 3.8453369331359863, 2.511794151517908, 3.7008077606961534, 2.974714450735264]
2018-09-30 14:02:40,215: Prototypes Count: 10
2018-09-30 14:02:40,215: Epoch number: 12
2018-09-30 14:07:16,704: Distance Average: 
[3.543237497462308, 1.9469680124805087, 3.553058182802357, 2.9155482574114724, 3.356862952520466, 3.006580370549972, 3.7434116003730082, 2.2029672159754474, 3.020654129619534, 2.7869936517937473]
2018-09-30 14:07:16,705: Prototypes Count: 10
2018-09-30 14:21:52,670: Accuracy:  0.8687
2018-09-30 14:21:52,670: Confusion Matrix: 
[[4802    5  122   58   53    2  330    0   67    0]
 [  15 5223    2   55   38    0   34    0    3    0]
 [  50    3 3874   11 1101    0  313    0   38    0]
 [ 363   29   46 4224  539    0  164    0    5    0]
 [  20    5   98   44 5036    0  146    0   32    0]
 [   0    0    0    2    0 5283    0   56    7   28]
 [1069    6  365   38  974    1 2937    0   60    0]
 [   0    0    0    0    0  165    0 5036    0  182]
 [  24    2    7    5   59   25   21    3 5257    5]
 [   1    0    0    0    0   52    1  135    7 5237]]

2018-09-30 14:21:52,670: Epoch number: 13
2018-09-30 14:26:31,021: Distance Average: 
[3.359510286181581, 1.996175763247505, 3.8743990933308834, 3.092644789862254, 3.211648804690803, 3.357191035762811, 3.4234980340437455, 2.3810956020216114, 3.442449640986082, 2.9111874301177063]
2018-09-30 14:26:31,021: Prototypes Count: 10
2018-09-30 14:26:31,021: Epoch number: 14
2018-09-30 14:31:11,941: Distance Average: 
[3.4038059192970263, 1.808150406394686, 3.1954407000150837, 3.0081217150839548, 3.1503496314481696, 2.993684168045337, 3.3697957797483964, 2.410525271919597, 2.987750665561573, 2.635502272602532]
2018-09-30 14:31:11,941: Prototypes Count: 10
2018-09-30 14:45:37,559: Accuracy:  0.8706
2018-09-30 14:45:37,559: Confusion Matrix: 
[[4744    9  203  182   32    2  176    0   91    0]
 [   7 5231    9   93   11    0   12    0    7    0]
 [  39    4 4794   45  436    0   28    0   44    0]
 [ 154   22   84 4889  161    0   50    0   10    0]
 [  10    4  468  196 4645    0   43    0   15    0]
 [   1    0    0    0    1 5212    0   78   18   66]
 [ 969   10 1051  181 1320    1 1836    0   82    0]
 [   0    0    0    0    0   61    0 5048    1  273]
 [   4    6   17   13   25   15    7    7 5309    5]
 [   0    0    0    2    1   15    0  104    6 5305]]

2018-09-30 14:45:37,560: Epoch number: 15
2018-09-30 14:50:16,447: Distance Average: 
[3.2485399960196593, 1.9059141779702806, 2.7931599775298697, 3.0641652504603067, 2.9749644384245495, 2.836908344465953, 3.4628985992344945, 2.132241473592081, 3.215551589389105, 2.497291962936442]
2018-09-30 14:50:16,447: Prototypes Count: 10
2018-09-30 14:50:16,447: Epoch number: 16
2018-09-30 14:55:01,868: Distance Average: 
[3.0760813662500093, 1.815566044762021, 3.0230454206466675, 2.9679834744286917, 2.9053143622994617, 2.5442748073583994, 3.2458528562025593, 3.0133757927429348, 2.88473475361998, 2.318298431510858]
2018-09-30 14:55:01,868: Prototypes Count: 10
2018-09-30 15:09:24,405: Accuracy:  0.8627
2018-09-30 15:09:24,405: Confusion Matrix: 
[[2628   16   79  251   57    2 2333    1   72    0]
 [   6 5198    5  112   11    0   29    0    9    0]
 [  15    1 4562   72  459    0  254    0   27    0]
 [  47   33   14 4934  144    0  197    0    1    0]
 [   1    2  319  248 4611    0  193    0    7    0]
 [   0    0    1    0    0 5229    0  112    6   28]
 [ 161    4  443  140  797    1 3857    0   47    0]
 [   0    0    0    0    0   95    0 5238    0   50]
 [   0    5   14   15   59   26   28   12 5245    4]
 [   0    0    0    1    1   35    0  309    2 5085]]

2018-09-30 15:09:24,406: Epoch number: 17
2018-09-30 15:14:07,049: Distance Average: 
[3.442394863900441, 1.7577698899639977, 3.44392288825551, 2.650369175653609, 3.081360880123009, 2.632451099271958, 3.3975322380932895, 2.1678635158260597, 2.7348363214247935, 2.3628852100389133]
2018-09-30 15:14:07,050: Prototypes Count: 10
2018-09-30 15:14:07,050: Epoch number: 18
2018-09-30 15:18:52,091: Distance Average: 
[3.614646690202057, 1.6762314559921385, 2.837300152075095, 2.601677243482499, 2.807637673780105, 2.9142797956099877, 3.6192269095507537, 2.226673586055564, 3.078391242268923, 2.629482202218744]
2018-09-30 15:18:52,091: Prototypes Count: 10
2018-09-30 15:33:37,278: Accuracy:  0.8756
2018-09-30 15:33:37,279: Confusion Matrix: 
[[4614    6   55  244    3    2  477    0   38    0]
 [  13 5211    6   99    1    0   37    0    3    0]
 [  84    1 4129   57  419    0  680    0   20    0]
 [ 103   68   18 4956   29    0  196    0    0    0]
 [  32   13  224  386 3870    0  850    0    6    0]
 [   6    1    0    0    0 5172    0  118   32   47]
 [ 864    5  317  190  222    1 3819    0   32    0]
 [   0    0    0    0    0   91    0 5021    3  268]
 [  48    4   13   32   10   14   46    5 5230    6]
 [   0    0    0    2    1   36    1  123    7 5263]]

2018-09-30 15:33:37,279: Epoch number: 19
2018-09-30 15:38:22,105: Distance Average: 
[2.906769643917866, 1.7754124895920829, 3.0117586817897735, 2.51040240469433, 2.88115598177101, 2.6556985057317295, 3.0603734783692795, 1.9863544739239414, 2.625196527387645, 2.515663724517486]
2018-09-30 15:38:22,105: Prototypes Count: 10
2018-09-30 15:38:22,105: Epoch number: 20
2018-09-30 15:42:59,735: Distance Average: 
[2.986898986413517, 1.812831475431957, 3.678029839914353, 2.5515875178670124, 2.7651528345363783, 2.3633157033950853, 3.235233689654957, 1.9981413956013065, 2.6587319531150766, 2.2847765171128396]
2018-09-30 15:42:59,735: Prototypes Count: 10
2018-09-30 15:57:21,313: Accuracy:  0.8827
2018-09-30 15:57:21,313: Confusion Matrix: 
[[4156   20  166  120   19    2  895    1   60    0]
 [   3 5250   17   68    4    0   24    0    4    0]
 [  31    5 4608   26  329    0  366    0   25    0]
 [ 105   68  124 4695  167    0  205    0    6    0]
 [   4   10  391  145 4569    0  259    0    3    0]
 [   0    0    0    0    0 5204    0  133   13   26]
 [ 407   10  590  106  692    1 3608    0   36    0]
 [   0    0    0    0    0   76    0 5236    1   70]
 [   2    7   39   18   25   16   18   10 5268    5]
 [   0    0    1    1    0   65    0  286    8 5072]]

2018-09-30 15:57:21,314: Epoch number: 21
2018-09-30 16:01:56,899: Distance Average: 
[3.119418223698934, 1.6902183774917845, 2.5144578107067797, 2.789898445114257, 2.959715261598011, 2.2846550702666626, 2.896569806879217, 1.9539435331013832, 2.5879132516078047, 2.373929954710461]
2018-09-30 16:01:56,899: Prototypes Count: 10
2018-09-30 16:01:56,899: Epoch number: 22
2018-09-30 16:06:34,125: Distance Average: 
[2.5095040311575363, 1.5701958299629273, 2.814710268427114, 2.4553193160465785, 3.246926855578754, 2.5675178529360356, 3.0617305541038515, 1.7457358487421342, 2.493282562172091, 2.1033801851659435]
2018-09-30 16:06:34,125: Prototypes Count: 10
2018-09-30 16:21:14,108: Accuracy:  0.8844
2018-09-30 16:21:14,108: Confusion Matrix: 
[[4550    6   94  105   12    1  646    0   25    0]
 [  11 5169    6  128    9    0   47    0    0    0]
 [  82    0 4564   50  261    0  424    0    9    0]
 [ 194   18   25 4747  124    1  253    0    8    0]
 [   8    2  419  196 3804    0  946    0    6    0]
 [   1    0    1    0    0 5240    0   77   10   47]
 [ 601    0  391   99  197    1 4150    0   11    0]
 [   0    0    0    0    0   87    0 5203    3   90]
 [  27    1   21   22   21   11   71    8 5220    6]
 [   0    0    0    0    0   24    0  295    5 5109]]

2018-09-30 16:21:14,109: Epoch number: 23
2018-09-30 16:25:52,488: Distance Average: 
[2.7573865915577254, 1.4524224456340546, 2.6152766810088863, 2.819185199624016, 2.731297058127038, 2.3589169499583735, 2.903396707231348, 1.7790279514012886, 2.695462707329441, 2.3694082021292764]
2018-09-30 16:25:52,489: Prototypes Count: 10
2018-09-30 16:25:52,489: Epoch number: 24
2018-09-30 16:30:36,314: Distance Average: 
[2.3201527584895305, 1.3805325040741572, 2.2607169948640418, 2.4590120926735892, 2.4009641761348397, 2.112245276188239, 2.797357880418951, 1.7316951158560656, 2.3408159573335907, 2.0424038445087547]
2018-09-30 16:30:36,314: Prototypes Count: 10
2018-09-30 16:45:25,786: Accuracy:  0.8911
2018-09-30 16:45:25,786: Confusion Matrix: 
[[4618   16   39  186   14    1  520    0   45    0]
 [   5 5228    4   97    3    0   27    0    6    0]
 [ 105    1 4181   48  362    0  666    0   27    0]
 [  94   26    8 4894   94    0  245    0    9    0]
 [   8    6  217  218 4364    0  555    1   12    0]
 [   1    0    0    0    0 5249    0   84   14   28]
 [ 690    7  269  135  351    1 3958    0   39    0]
 [   0    0    0    0    0   77    0 5186    3  117]
 [  16    4    3   15   13   14   51    9 5277    6]
 [   0    0    0    1    0   36    1  225    7 5163]]

2018-09-30 16:45:25,787: Epoch number: 25
2018-09-30 16:50:08,320: Distance Average: 
[2.661468239179057, 1.4538133902209145, 2.144591941012711, 2.0398399472236632, 2.373910889486889, 2.630910912958475, 2.921892665082758, 1.581836986000766, 2.221551262647719, 2.031770302084598]
2018-09-30 16:50:08,320: Prototypes Count: 10
2018-09-30 16:50:08,320: Epoch number: 26
2018-09-30 16:54:55,742: Distance Average: 
[2.111844393233777, 1.2740636319395096, 2.104840488902858, 1.949053258744497, 2.134807817096279, 1.6779753332718825, 2.941745755889199, 1.4356175950898924, 2.078725502499052, 1.7066252319901078]
2018-09-30 16:54:55,743: Prototypes Count: 10
2018-09-30 17:09:44,568: Accuracy:  0.8949
2018-09-30 17:09:44,568: Confusion Matrix: 
[[4590    5   95  172    8    1  534    0   34    0]
 [   6 5217   11   90    5    0   37    0    4    0]
 [  67    1 4734   53  253    1  268    0   13    0]
 [  99   18   45 4870  149    0  184    0    5    0]
 [   9    6  377  168 4452    0  365    0    4    0]
 [   0    0    0    1    0 5232    1   97   10   35]
 [ 708    1  587  111  399    1 3621    0   22    0]
 [   0    0    0    0    0   72    0 5166    2  143]
 [  10    1   16   23   20   18   59    5 5250    6]
 [   0    0    0    1    0   39    0  192    6 5195]]

2018-09-30 17:09:44,569: Epoch number: 27
2018-09-30 17:14:33,389: Distance Average: 
[2.3306562118564274, 1.8444001833597818, 2.139722371687655, 2.384241108856504, 2.34079317572814, 1.9115036987723448, 2.753866209333593, 2.118009160558061, 2.3186736503565633, 1.7057329925069522]
2018-09-30 17:14:33,390: Prototypes Count: 10
2018-09-30 17:14:33,390: Epoch number: 28
2018-09-30 17:19:15,367: Distance Average: 
[2.7751423303243734, 1.3133639419835712, 2.0919710120216743, 2.1322882451708356, 2.2056953136678272, 2.238293734498513, 2.8778580141067507, 1.5522854287581853, 2.01839486751202, 1.694657763055603]
2018-09-30 17:19:15,367: Prototypes Count: 10
2018-09-30 17:33:59,833: Accuracy:  0.8611
2018-09-30 17:33:59,833: Confusion Matrix: 
[[3589   16   92  205   20    3 1486    0   28    0]
 [   7 5223    2   81    3    0   51    0    3    0]
 [  54    2 4628   69  257    0  377    0    3    0]
 [  55   47   28 4874  123    0  240    0    3    0]
 [   3    5  480  222 4302    0  365    0    4    0]
 [   0    0    1    0    0 5245    0   32    8   90]
 [ 265    6  505  143  462    1 4062    0    6    0]
 [   0    0    0    0    0  187    0 4023    4 1169]
 [  12    2   18   29   23   22  130    4 5163    5]
 [   0    0    0    0    0   12    1   22    6 5392]]

2018-09-30 17:33:59,834: Epoch number: 29
2018-09-30 17:38:49,469: Distance Average: 
[2.450065138718236, 1.3127853469243125, 2.461056182423576, 2.073968587792109, 2.11813913601088, 2.026435514100087, 3.189642868908969, 2.7118901107067805, 2.171747180658418, 1.699428477930644]
2018-09-30 17:38:49,469: Prototypes Count: 10
2018-09-30 17:38:49,469: Epoch number: 30
2018-09-30 17:43:34,865: Distance Average: 
[2.674067811532454, 1.3037160247091264, 2.0463007082704636, 2.2995113232779123, 2.196986028181332, 2.001137623611169, 2.4122812472690236, 1.6679048860865242, 2.06009760740641, 1.796344877340596]
2018-09-30 17:43:34,865: Prototypes Count: 10
2018-09-30 17:58:18,745: Accuracy:  0.8653
2018-09-30 17:58:18,745: Confusion Matrix: 
[[4316   32   49  152   39    2  812    0   37    0]
 [   6 5279    0   41   11    0   32    0    1    0]
 [  63   13 3307   37  987    1  969    0   13    0]
 [ 122  346   29 4452  257    0  163    0    1    0]
 [   4   18   55  118 4670    0  515    0    1    0]
 [   1    0    0    0    0 5204    0  103   12   56]
 [ 544   21  198  122  518    1 4032    0   14    0]
 [   0    0    0    0    0   88    0 5074    1  220]
 [   7   13   11   34   55   17  118   13 5136    4]
 [   0    0    0    2    1   28    0  141    4 5257]]

2018-09-30 17:58:18,745: Epoch number: 31
2018-09-30 18:02:55,191: Distance Average: 
[2.3894582816836243, 1.4109634500647348, 2.2300743867139348, 2.3859575108876303, 3.116837036628908, 2.1933643204661517, 2.5346635064211758, 1.9203676570756316, 2.751305499390976, 1.75272259941387]
2018-09-30 18:02:55,191: Prototypes Count: 10
2018-09-30 18:02:55,191: Epoch number: 32
2018-09-30 18:07:32,235: Distance Average: 
[2.8105656624690307, 2.0683314868382046, 1.859862862063236, 1.7457964164870126, 2.217761345171582, 1.8175642861005588, 2.149084553935311, 1.3079568862528623, 2.032171845436096, 1.3991578452591333]
2018-09-30 18:07:32,235: Prototypes Count: 10
2018-09-30 18:21:57,926: Accuracy:  0.8882
2018-09-30 18:21:57,926: Confusion Matrix: 
[[4366   12   86  166   11    1  769    0   28    0]
 [  17 5203    6  112    6    0   24    0    2    0]
 [  68    1 4630   53  227    0  404    0    7    0]
 [ 125   28   37 4897  112    0  168    0    2    1]
 [  12    4  498  227 4122    0  514    0    4    0]
 [   1    1    0    0    0 5245    0   78   11   40]
 [ 532    6  476  145  329    1 3948    0   13    0]
 [   0    0    0    0    0   98    0 5112    1  172]
 [  38    1   23   21   18   22   76    6 5198    5]
 [   0    0    0    2    0   30    0  154    4 5243]]

2018-09-30 18:21:57,927: Epoch number: 33
2018-09-30 18:26:35,765: Distance Average: 
[2.246927888210657, 1.238289454532048, 2.0853419784639704, 2.118706691075885, 2.0934519960344895, 1.5533545089837832, 2.2640775216709486, 1.4816871543371117, 1.9318001153501305, 1.4184480412506764]
2018-09-30 18:26:35,765: Prototypes Count: 10
2018-09-30 18:26:35,765: Epoch number: 34
2018-09-30 18:31:21,381: Distance Average: 
[2.1603218744145356, 1.1799693027186016, 2.1774413145956446, 1.9098535522582039, 1.9632188189588187, 1.8367643277996626, 2.753887867710807, 1.6939529622972882, 2.4822363589663765, 1.4970492367391233]
2018-09-30 18:31:21,381: Prototypes Count: 10
2018-09-30 18:45:47,998: Accuracy:  0.8836
2018-09-30 18:45:47,998: Confusion Matrix: 
[[4333    4   55  110   12    1  907    0   17    0]
 [   8 5155    5  127    8    0   65    0    2    0]
 [ 101    1 4311   61  377    0  533    0    6    0]
 [ 169   27   25 4788  111    0  250    0    0    0]
 [  25    2  213  200 4336    0  604    0    1    0]
 [   0    0    0    0    0 5166    1  112   34   63]
 [ 493    0  321  108  384    1 4138    0    5    0]
 [   1    0    0    0    0   54    0 5146    4  178]
 [  80    0    7   25   14   10  176    3 5089    4]
 [   0    0    0    1    0   23    0  151    5 5253]]

2018-09-30 18:45:47,999: Epoch number: 35
2018-09-30 18:50:30,309: Distance Average: 
[2.5191667445415695, 1.203163801772254, 2.1859437911236874, 1.7035915893221658, 2.2732281736873077, 1.554400563526612, 3.2334745688871904, 1.427821703436309, 1.7895597459093944, 1.8278080502515117]
2018-09-30 18:50:30,309: Prototypes Count: 10
2018-09-30 18:50:30,309: Epoch number: 36
2018-09-30 18:55:16,717: Distance Average: 
[2.025938774812668, 1.8370479530758328, 1.7196141209758695, 2.183011113651215, 1.7630970102519712, 1.529004682524082, 1.9031515227664602, 1.404255955783436, 1.9741085193849899, 1.504163476209792]
2018-09-30 18:55:16,717: Prototypes Count: 10
2018-09-30 19:09:58,529: Accuracy:  0.8704
2018-09-30 19:09:58,529: Confusion Matrix: 
[[4009   30  106  263   77    1  909    0   44    0]
 [   6 5204    2  116   18    0   21    0    3    0]
 [  37    7 4216   68  729    0  321    0   12    0]
 [  71   51   12 4889  229    0  117    0    1    0]
 [   5   11  166  146 4920    0  130    0    3    0]
 [   1    1    0    0    0 5194    0   72   35   73]
 [ 454   21  330  206 1317    1 3103    0   18    0]
 [   1    0    0    0    0  185    0 4996    7  194]
 [   2    9   14   32   56   10   70    6 5203    6]
 [   0    0    0    1    0   17    0  147    3 5265]]

2018-09-30 19:09:58,530: Epoch number: 37
2018-09-30 19:14:43,966: Distance Average: 
[1.843628499809646, 0.9959736221839511, 1.561378867508935, 1.9358715795335315, 1.6305201434935044, 1.6177442356562004, 2.089695842266083, 1.2868086151790774, 1.7251201648567174, 1.3244030235936401]
2018-09-30 19:14:43,966: Prototypes Count: 10
2018-09-30 19:14:43,966: Epoch number: 38
2018-09-30 19:19:21,897: Distance Average: 
[1.7034282908507634, 1.180615277801241, 1.6076214785458611, 1.387859839295584, 1.274837771216964, 1.3893721834398234, 1.3875826983018356, 1.1825622642832405, 1.4473935261972852, 1.1372777535801841]
2018-09-30 19:19:21,897: Prototypes Count: 10
2018-09-30 19:33:58,929: Accuracy:  0.8992
2018-09-30 19:33:58,930: Confusion Matrix: 
[[4509    7  101  131   21    1  617    0   52    0]
 [  11 5215   10   95    5    0   29    0    5    0]
 [  65    0 4579   41  364    0  328    0   13    0]
 [ 115   18   43 4844  155    1  190    0    4    0]
 [  13    1  227  163 4686    0  288    0    3    0]
 [   1    0    0    0    0 5220    0  101   12   42]
 [ 590    2  393  114  508    1 3814    0   28    0]
 [   0    0    0    0    0   56    0 5199    2  126]
 [  13    1   15   15   20   13   46    3 5277    5]
 [   0    0    0    1    0   24    0  189    5 5214]]

2018-09-30 19:33:58,930: Epoch number: 39
2018-09-30 19:38:38,330: Distance Average: 
[1.545306704048592, 0.9106651623097677, 1.2448240000693525, 1.2925270803390987, 1.2418057785665855, 1.1826274887873576, 1.36409395347942, 0.8847022343493358, 1.4005157154154133, 1.0667789614179568]
2018-09-30 19:38:38,330: Prototypes Count: 10
2018-09-30 19:38:38,330: Epoch number: 40
2018-09-30 19:43:16,574: Distance Average: 
[1.3992882743876247, 1.0795742817341336, 1.0491417117783282, 1.2534741291924127, 1.573907573022827, 1.191389306806601, 1.3315016982772134, 0.8813178404996616, 1.3035714518580888, 0.9343229620544998]
2018-09-30 19:43:16,574: Prototypes Count: 10
2018-09-30 19:57:27,578: Accuracy:  0.9004
2018-09-30 19:57:27,578: Confusion Matrix: 
[[4418    7   90  139   20    2  712    0   51    0]
 [   9 5208    6  104   10    0   29    0    4    0]
 [  62    0 4665   39  294    0  321    0    9    0]
 [  92   18   41 4876  137    0  201    0    5    0]
 [  11    3  291  173 4561    0  339    0    3    0]
 [   1    0    0    0    0 5217    0  105   11   42]
 [ 518    3  400  118  437    1 3950    0   23    0]
 [   0    0    0    0    0   42    0 5213    1  127]
 [  11    2   13   14   17   13   51    4 5279    4]
 [   0    0    0    1    0   23    0  172    5 5232]]

2018-09-30 19:57:27,579: Epoch number: 41
2018-09-30 20:02:06,172: Distance Average: 
[1.2636964053393684, 0.7264322718930623, 1.198724295858477, 1.9478840574385627, 1.3046210045190543, 1.1143519104673312, 1.215055325789885, 0.8527730994131808, 1.2406093184206937, 1.0294537894309512]
2018-09-30 20:02:06,172: Prototypes Count: 10
2018-09-30 20:02:06,172: Epoch number: 42
2018-09-30 20:06:45,460: Distance Average: 
[1.7222063564786725, 0.7122161443271334, 1.1500605514792146, 1.2287351023583186, 1.062601716048498, 1.0030613604646463, 1.584370698928833, 0.9565584299243637, 1.1114699119651639, 0.8721225739471496]
2018-09-30 20:06:45,460: Prototypes Count: 10
2018-09-30 20:21:06,837: Accuracy:  0.9020
2018-09-30 20:21:06,837: Confusion Matrix: 
[[4518    6   86  142   17    1  619    0   50    0]
 [  14 5212    7   92    8    0   32    0    5    0]
 [  60    0 4634   36  290    0  362    0    8    0]
 [  97   16   41 4867  156    0  191    0    2    0]
 [   8    1  279  154 4631    0  305    0    3    0]
 [   1    0    0    0    0 5235    0   86   14   40]
 [ 559    2  384  115  451    1 3909    0   29    0]
 [   0    0    0    0    0   60    0 5179    4  140]
 [  14    1   13   12   15   12   48    3 5286    4]
 [   0    0    0    1    0   23    0  164    7 5238]]

2018-09-30 20:21:06,838: Epoch number: 43
2018-09-30 20:25:44,137: Distance Average: 
[1.4180619625271749, 0.6543997550767565, 1.4883158255795963, 1.0450619857462626, 1.0407943992314315, 0.9688826248240776, 1.209152752052654, 1.031483472359625, 1.170399838706126, 1.3040956121062897]
2018-09-30 20:25:44,137: Prototypes Count: 10
2018-09-30 20:25:44,137: Epoch number: 44
2018-09-30 20:30:30,371: Distance Average: 
[1.2290019598024202, 0.780786462672173, 0.8963752730948026, 0.967912458663895, 0.9029578884314258, 1.0877578997841248, 1.0499581697854128, 0.8816877517553358, 1.0490698777139187, 0.8243373843727919]
2018-09-30 20:30:30,372: Prototypes Count: 10
2018-09-30 20:45:02,177: Accuracy:  0.9019
2018-09-30 20:45:02,177: Confusion Matrix: 
[[4515    7   84  139   16    1  621    0   56    0]
 [  15 5214    8   92    6    0   31    0    4    0]
 [  63    0 4650   41  289    0  336    0   11    0]
 [ 105   18   37 4883  144    0  180    0    3    0]
 [   7    1  286  164 4592    0  326    0    5    0]
 [   1    0    0    0    0 5225    0   95   15   40]
 [ 574    2  400  114  426    1 3904    0   29    0]
 [   0    0    0    0    0   46    0 5193    3  141]
 [   9    1   12   12   15   11   52    1 5290    5]
 [   0    0    0    1    0   21    0  169    7 5235]]

2018-09-30 20:45:02,178: Epoch number: 45
2018-09-30 20:49:56,511: Distance Average: 
[1.0592720363016859, 0.6248126189387034, 0.891918826200923, 1.0503297754223384, 0.906560273278318, 0.999518055946399, 1.1584829325025732, 0.7701336334261747, 1.3904900641457454, 0.9729237238986572]
2018-09-30 20:49:56,511: Prototypes Count: 10
2018-09-30 20:49:56,512: Epoch number: 46
2018-09-30 20:54:51,562: Distance Average: 
[1.1143653264232711, 0.6055245377241619, 0.8185554602595626, 1.2326685510930562, 0.9010747245517416, 1.1220705748941653, 0.8681416373903101, 0.860055584768422, 1.0379675499893524, 0.8150755045064964]
2018-09-30 20:54:51,562: Prototypes Count: 10
2018-09-30 21:07:59,690: Accuracy:  0.9017
2018-09-30 21:07:59,691: Confusion Matrix: 
[[4540    7   94  131   14    1  596    0   56    0]
 [  11 5210    9   94    8    0   34    0    4    0]
 [  66    0 4652   42  295    0  325    0   10    0]
 [ 102   17   45 4860  148    0  195    0    3    0]
 [   7    0  272  162 4591    1  343    0    5    0]
 [   1    0    0    0    0 5242    0   90    6   37]
 [ 604    2  395  113  402    1 3902    0   31    0]
 [   0    0    0    0    0   54    0 5187    1  141]
 [  10    0   13   12   15   24   46    1 5282    5]
 [   0    0    0    1    0   26    0  174    4 5228]]

2018-09-30 21:07:59,691: Epoch number: 47
2018-09-30 21:12:48,093: Distance Average: 
[1.025314241913338, 0.5522680311448991, 0.9335516622809114, 1.0163135312852405, 0.8474807223133586, 0.8202610824448175, 1.1435324781591243, 0.6931874625976507, 1.0451900764695696, 0.9278350753128213]
2018-09-30 21:12:48,093: Prototypes Count: 10
2018-09-30 21:12:48,093: Epoch number: 48
2018-09-30 21:17:36,068: Distance Average: 
[0.9718514144314376, 0.6191915946347373, 0.8416049235179776, 1.1683532941909063, 0.9183004564923115, 0.8656788749190477, 0.900744172280485, 0.7504075890711872, 0.9186335356050247, 0.9083152291425742]
2018-09-30 21:17:36,068: Prototypes Count: 10
2018-09-30 21:30:59,569: Accuracy:  0.9011
2018-09-30 21:30:59,569: Confusion Matrix: 
[[4520    7   88  124   19    1  623    0   57    0]
 [  14 5217   11   87    8    0   27    0    6    0]
 [  62    0 4593   43  349    0  333    0   10    0]
 [ 103   21   47 4846  149    0  198    0    6    0]
 [   7    1  233  164 4646    0  325    0    5    0]
 [   1    0    0    0    0 5252    0   81    7   35]
 [ 596    1  383  113  421    1 3895    0   40    0]
 [   0    0    0    0    0   69    0 5182    1  131]
 [  10    2   12    9   17   25   41    1 5286    5]
 [   0    0    0    1    0   32    0  175    3 5222]]

2018-09-30 21:30:59,570: Epoch number: 49
2018-09-30 21:35:48,020: Distance Average: 
[0.9444560828268421, 0.5291268009278509, 1.1192300302083376, 1.0064324852966127, 0.8500879013095418, 0.800765506302317, 0.8632939972118898, 0.6666540936287644, 0.9416232805799793, 0.7840254699426984]
2018-09-30 21:35:48,020: Prototypes Count: 10
2018-09-30 21:35:48,020: Epoch number: 50
2018-09-30 21:40:38,696: Distance Average: 
[0.9347706380268682, 0.506411974723377, 0.7710059108304196, 0.9400651915678903, 0.811390375859903, 0.8549309074878693, 1.0866138113628734, 0.7508059050314237, 0.8971028887742275, 0.9965977523692702]
2018-09-30 21:40:38,696: Prototypes Count: 10
2018-09-30 21:53:35,353: Accuracy:  0.9020
2018-09-30 21:53:35,353: Confusion Matrix: 
[[4583    8   92  130   16    1  560    0   49    0]
 [  12 5222   11   85    6    0   30    0    4    0]
 [  71    1 4687   43  301    0  274    0   13    0]
 [ 117   24   51 4857  140    1  176    0    4    0]
 [   8    1  276  163 4619    1  309    0    4    0]
 [   1    0    0    0    0 5245    0   87    6   37]
 [ 642    1  435  118  422    1 3802    0   29    0]
 [   0    0    0    0    0   59    0 5175    1  148]
 [   7    2   15   13   15   23   44    2 5283    4]
 [   0    0    0    1    0   28    0  167    3 5234]]

