2018-09-30 11:55:15,713: {'dataset_path': 'data/cifar10_train.csv', 'loss_type': 'gcpl', 'tensor_view': [-1, 32, 32], 'in_channels': 3, 'layers': 10, 'learning_rate': 0.001, 'threshold': 10.0, 'gamma': 0.25, 'lambda_': 0.01, 'train_test_split': 6000, 'epoch_number': 50, 'test_frequency': 2}
2018-09-30 11:55:15,714: Trainset size: 6000
2018-09-30 11:55:15,714: Testset size: 44000
2018-09-30 11:55:16,981: DenseNet Channels: 216
2018-09-30 11:55:16,982: Epoch number: 1
2018-09-30 12:00:49,832: Distance Average: 
[13.13659588389036, 13.306247476051594, 13.514161129158085, 13.70699913743176, 13.45117946553006, 13.683020492566934, 13.354370640327415, 13.316654051027282, 13.118006651066551, 13.20472544998419]
2018-09-30 12:00:49,833: Prototypes Count: 5989
2018-09-30 12:00:49,833: Epoch number: 2
2018-09-30 12:06:02,998: Distance Average: 
[12.76062033276598, 12.958392136672447, 13.207390116843857, 13.489207958873314, 13.164588709236313, 13.392029188741224, 13.047834609192519, 13.034719765904438, 12.685902965955497, 12.759957376073618]
2018-09-30 12:06:02,999: Prototypes Count: 5968
2018-09-30 12:30:10,503: Accuracy:  0.2224
2018-09-30 12:30:10,503: Confusion Matrix: 
[[1156  326  423  239  498  265  221  371  538  368]
 [ 456  995  225  211  283  325  368  384  495  678]
 [ 500  251  690  424  590  568  426  404  281  271]
 [ 302  270  431  634  503  691  550  351  284  352]
 [ 398  288  438  327  936  409  424  500  345  297]
 [ 281  211  484  569  513  934  511  419  224  277]
 [ 317  348  338  439  518  523  898  397  258  377]
 [ 396  266  419  281  582  477  312 1074  271  341]
 [ 643  460  295  251  249  244  213  278 1265  497]
 [ 437  606  247  197  234  249  300  366  550 1204]]

2018-09-30 12:30:10,504: Epoch number: 3
2018-09-30 12:35:13,224: Distance Average: 
[9.602495835408444, 9.64881338251048, 9.725079540445023, 9.937093545364428, 9.699152376210801, 9.837144219482791, 9.725725504568123, 9.563640181661267, 9.586311580721011, 9.543684947686117]
2018-09-30 12:35:13,224: Prototypes Count: 1884
2018-09-30 12:35:13,224: Epoch number: 4
2018-09-30 12:40:05,457: Distance Average: 
[3.1291589191981726, 3.0897481170193903, 2.7791178691287, 2.933354779134823, 2.726254433673751, 2.882433235955197, 2.732274947418265, 2.7588302518742838, 3.327399146261294, 3.2482629373425342]
2018-09-30 12:40:05,457: Prototypes Count: 10
2018-09-30 12:51:14,113: Accuracy:  0.2483
2018-09-30 12:51:14,114: Confusion Matrix: 
[[1286  115  798   32  210   64  264  241 1349   46]
 [ 525 1538  642   53  272  232  171  370  388  229]
 [ 144   27 1502   29 1425   97  534  168  471    8]
 [  50   42 1623   42 1257  119  807  121  300    7]
 [ 117   14 1174   31 2113   28  504  147  234    0]
 [  44   25 1351   39 1714  111  778  122  236    3]
 [  35   39 1996    8 1137  101  885   45  164    3]
 [  69   53  638   51 2175  134  324  886   74   15]
 [ 973  243  522   63   79   30  157   72 2232   24]
 [ 705 1201  713   76  278  173  164  407  343  330]]

2018-09-30 12:51:14,114: Epoch number: 5
2018-09-30 12:56:02,669: Distance Average: 
[3.7049820218767437, 3.7700599666299492, 3.4602604076641947, 3.76545004112811, 3.204325384293978, 3.494045267898454, 3.65293214979123, 3.3879247048225336, 3.7145031164500337, 3.806860227663009]
2018-09-30 12:56:02,669: Prototypes Count: 10
2018-09-30 12:56:02,669: Epoch number: 6
2018-09-30 13:00:50,764: Distance Average: 
[3.860254128239736, 3.572189501236225, 3.755238078622257, 3.5547792971888676, 3.4554585513650062, 3.2728165724868377, 3.3314265307210373, 3.605456562337695, 3.4534929007538095, 3.6891350613265743]
2018-09-30 13:00:50,765: Prototypes Count: 10
2018-09-30 13:12:13,591: Accuracy:  0.3520
2018-09-30 13:12:13,591: Confusion Matrix: 
[[1694  335    7   23   64  207   97  393 1329  256]
 [ 309 2478    1   10   14  100   41  354  223  890]
 [ 183  162  119  108 1071  859  485  745  494  179]
 [  42  206   39  263  880 1383  316  768  192  279]
 [ 100  118   74   66 1500  705  356 1025  214  204]
 [  16  112   22  177  887 1619  374  898  109  209]
 [  38  225   96  162  923 1022  837  715   95  300]
 [  41  232    4   20  369  415  119 2700   58  461]
 [ 994  420   11   52   25  162   37  177 2287  230]
 [ 232 1329    1   10   24  103   36  420  246 1989]]

2018-09-30 13:12:13,592: Epoch number: 7
2018-09-30 13:17:04,185: Distance Average: 
[3.400598179392454, 3.555047937919354, 3.401724299262552, 3.2985729130008554, 3.3315952399681352, 3.3093119002297597, 3.073921002155674, 3.343140234840511, 3.5078412808662605, 3.6174836639498102]
2018-09-30 13:17:04,185: Prototypes Count: 10
2018-09-30 13:17:04,185: Epoch number: 8
2018-09-30 13:21:54,330: Distance Average: 
[3.903268938705701, 4.003499455287539, 3.8054322186638325, 3.7863195410257653, 3.7942903755600548, 3.9605724005806593, 3.611045942598957, 4.039056269108942, 3.6387889467980252, 4.085950890916293]
2018-09-30 13:21:54,330: Prototypes Count: 10
2018-09-30 13:33:06,888: Accuracy:  0.3897
2018-09-30 13:33:06,888: Confusion Matrix: 
[[2536   58  590  119  113  190  109  165  335  190]
 [ 232 1682   89   67   62  353  186  254  216 1279]
 [ 490   16 1300  689  517  457  554  294   51   37]
 [ 110   21  469 1376  233  846 1006  211   35   61]
 [ 219   21  892  655 1083  359  667  400   29   37]
 [  84    8  559 1436  238 1065  640  335   22   36]
 [  77   22  344  763  443  488 2071  136   30   39]
 [  74   18  303  925  174  311  252 2227   12  123]
 [1513  156  293   29   33  239   98   52 1736  246]
 [ 276  482  121  163   23  297  237  432  289 2070]]

2018-09-30 13:33:06,889: Epoch number: 9
2018-09-30 13:37:55,512: Distance Average: 
[3.613244349215211, 3.7512726533001866, 3.5799137956955853, 3.3924301006371462, 3.3546639329587404, 3.588027995835144, 3.353365590665775, 3.709512234554849, 3.4666739495332575, 4.088637892144625]
2018-09-30 13:37:55,512: Prototypes Count: 10
2018-09-30 13:37:55,512: Epoch number: 10
2018-09-30 13:42:45,270: Distance Average: 
[3.6391248486623042, 3.6600424318478026, 3.8319239644443286, 3.7562570862377744, 3.745930026317465, 3.636707851337188, 3.7066127559395423, 3.647974769342787, 3.409087461282399, 3.677299192694367]
2018-09-30 13:42:45,270: Prototypes Count: 10
2018-09-30 13:56:15,072: Accuracy:  0.4188
2018-09-30 13:56:15,072: Confusion Matrix: 
[[1599  242  961   13   36   63   83  136  965  307]
 [  25 3252  114    7    3   31   97  197  150  544]
 [ 238   71 1985  167  451  723  157  398  123   92]
 [  16   95  684  766  229 1546  404  454   49  125]
 [  60   94  993  258  877  686  256  924   75  139]
 [   9   68  552  523  217 2173  248  546   28   59]
 [  15   83  584  758  444 1038  890  395   18  188]
 [  12  166  383  137   56  551  131 2807   23  153]
 [ 465  451  370   15   12   75  136  104 2468  299]
 [  39 1723  176   29    7   74  186  319  228 1609]]

2018-09-30 13:56:15,073: Epoch number: 11
2018-09-30 14:01:05,926: Distance Average: 
[3.8964045604737865, 4.020614017700327, 3.460394464621023, 3.3994434430629394, 3.2343983635259645, 3.2996090107195504, 3.1823008690010344, 3.397987698728985, 3.8009362800062196, 4.179919365194977]
2018-09-30 14:01:05,926: Prototypes Count: 10
2018-09-30 14:01:05,927: Epoch number: 12
2018-09-30 14:05:56,719: Distance Average: 
[4.029686157643294, 4.180232380176412, 3.936120912006923, 3.935730338473863, 4.0227907100067615, 3.9485073593708218, 4.008503674648487, 3.9889301092407172, 4.031173916887646, 4.1525408041281775]
2018-09-30 14:05:56,720: Prototypes Count: 10
2018-09-30 14:16:58,643: Accuracy:  0.4675
2018-09-30 14:16:58,644: Confusion Matrix: 
[[2578   51  253  103   46   12   35   28 1078  221]
 [ 262 2110   17   65   21    9   94   29  415 1398]
 [ 651   19 1965  215  634  256  229  160  204   72]
 [ 215   57  971  735  791  587  409  193  218  192]
 [ 325   49  840  169 1828  168  341  485   88   69]
 [ 133   50 1141  496  719 1110  279  288  112   95]
 [ 125   81  599  251  982  128 1908   89   78  172]
 [ 139  231  320  215  445  342  121 2375   77  154]
 [ 742   23   49   79   24   12   20   10 3184  252]
 [ 209  561   32   78   61   12  115   39  504 2779]]

2018-09-30 14:16:58,644: Epoch number: 13
2018-09-30 14:21:46,909: Distance Average: 
[3.5071117677608457, 3.713520349716318, 3.452924851810231, 3.412922012655041, 3.5296161608262495, 3.4117919423551246, 3.3621092285370704, 3.699464878814356, 3.4607728520700753, 3.668827377381872]
2018-09-30 14:21:46,910: Prototypes Count: 10
2018-09-30 14:21:46,910: Epoch number: 14
2018-09-30 14:26:40,163: Distance Average: 
[3.7636564190648185, 3.592544132265551, 4.144005196435111, 3.8543639288672917, 3.9664070841660695, 3.8773341096253287, 3.657360673966156, 3.941674213606396, 3.5559170399815585, 3.843612774473722]
2018-09-30 14:26:40,164: Prototypes Count: 10
2018-09-30 14:37:40,423: Accuracy:  0.4633
2018-09-30 14:37:40,423: Confusion Matrix: 
[[1124  214  851   76   40  274  191   41 1434  160]
 [  15 3181  187   24   21  216  108   44  211  413]
 [ 114   29 2115  272  224  503  936   94   92   26]
 [  13   19  564 1243   56  928 1372   49   60   64]
 [  46   39  729  185 1510  214 1368  196   46   29]
 [  11   14  749 1345   94  917 1176   78   20   19]
 [   4   24  414  360  380  413 2743   25   17   33]
 [   6   76  799  302  274  307  566 1987   29   73]
 [ 227  263  163   98   13  306  136    7 2938  244]
 [  13  783  168   95   12  307   89   75  222 2626]]

2018-09-30 14:37:40,424: Epoch number: 15
2018-09-30 14:42:32,290: Distance Average: 
[4.03217861512128, 3.6298000459013315, 3.325390653449948, 3.2883516965033133, 3.3214397458447182, 3.377240937958557, 3.2259202080650264, 3.5589609310261765, 3.8863017417182606, 3.647596321731317]
2018-09-30 14:42:32,290: Prototypes Count: 10
2018-09-30 14:42:32,290: Epoch number: 16
2018-09-30 14:47:24,080: Distance Average: 
[3.8085141346234233, 4.1379932929729595, 3.770142809683535, 3.7929730347440214, 3.729822326603354, 3.7817587228540326, 3.6584115304573226, 3.8631700841572116, 3.8040194897612265, 3.9305787164656842]
2018-09-30 14:47:24,080: Prototypes Count: 10
2018-09-30 14:58:44,262: Accuracy:  0.5214
2018-09-30 14:58:44,263: Confusion Matrix: 
[[2388  106  544   21   37   10   17   43  931  308]
 [ 210 2631   79   30   15    9   56   27  171 1192]
 [ 381   24 2436  163  602  143  220  179  189   68]
 [ 114   40 1066 1237  438  458  543  108  212  152]
 [ 152   40  755  159 2152  217  329  385  107   66]
 [  71   21 1137 1074  662  846  257  193   81   81]
 [  69   40  751  409  447  108 2349   20  143   77]
 [  77   38  653  125  414  226   51 2555   44  236]
 [ 559  204  138   75   13    8   70   11 2899  418]
 [ 154  271  123   23   21   14   80   46  211 3447]]

2018-09-30 14:58:44,263: Epoch number: 17
2018-09-30 15:03:32,370: Distance Average: 
[3.51422112488947, 3.9172788028059333, 3.642919082801883, 3.6741293031203597, 3.946392562695805, 3.580524252440322, 3.627704380318091, 3.6007250122687493, 3.417817974090576, 4.026632112753195]
2018-09-30 15:03:32,371: Prototypes Count: 10
2018-09-30 15:03:32,371: Epoch number: 18
2018-09-30 15:08:25,743: Distance Average: 
[3.593747304467594, 3.579956595651035, 3.6838285726659437, 3.6888204379172267, 3.6482738742260348, 3.6368643208640905, 3.593118025862582, 3.6694460744086315, 3.5087542723033054, 3.8520201577514896]
2018-09-30 15:08:25,743: Prototypes Count: 10
2018-09-30 15:19:56,232: Accuracy:  0.5374
2018-09-30 15:19:56,232: Confusion Matrix: 
[[3314   54  214    8   73    8   28   33  525  148]
 [ 379 2941   22   13   18    5   94   78  296  574]
 [ 986   15 1802   55  809  186  281  194   36   41]
 [ 472   28  744  492  567  845  778  241   60  141]
 [ 423   56  471   49 2229   67  427  567   42   31]
 [ 255   16  828  284  707 1440  464  365   27   37]
 [ 275   54  331  105  647  142 2615  134   35   75]
 [ 237   40  399   34  389  192  117 2948    9   54]
 [ 987  102   26   38   19   13   55   12 2935  208]
 [ 307  479   55   50   17   10  164  118  259 2931]]

2018-09-30 15:19:56,233: Epoch number: 19
2018-09-30 15:24:46,470: Distance Average: 
[4.079737815135667, 4.471022335414228, 4.329767548937758, 4.24779031057901, 4.029920768214617, 4.286366543282256, 3.888105730791108, 4.0223863297198195, 3.7449352223025865, 4.024897778229636]
2018-09-30 15:24:46,471: Prototypes Count: 10
2018-09-30 15:24:46,471: Epoch number: 20
2018-09-30 15:29:37,733: Distance Average: 
[3.515829654901969, 3.4913544515083577, 3.5349218084030793, 3.5701995669286464, 3.384267774121515, 3.448720503101316, 3.547027563520753, 3.4254916510360376, 3.4088397303888622, 3.467631223553517]
2018-09-30 15:29:37,734: Prototypes Count: 10
2018-09-30 15:40:35,207: Accuracy:  0.5416
2018-09-30 15:40:35,207: Confusion Matrix: 
[[2327  148  471   76  244   42   38   92  457  510]
 [ 107 3100    7   20   69   37   44  102   44  890]
 [ 305   13 1329  549 1255  272  347  232   29   74]
 [ 125   28  191 1644  681  612  510  257   26  294]
 [ 129   33  218  191 2710   94  432  467    8   80]
 [  50   15  179 1508  802 1040  290  380   13  146]
 [  65   24  131  370  568  195 2739   80   21  220]
 [  38   26   39  243  675  200   52 3002    4  140]
 [ 694  241   46   84   54   45   47   23 2274  887]
 [  70  251    4   50   94   36   30  164   24 3667]]

2018-09-30 15:40:35,208: Epoch number: 21
2018-09-30 15:45:23,127: Distance Average: 
[3.3753727916909866, 3.6133523106575014, 3.5891043867383683, 3.653614899025688, 3.489490623384434, 3.6086846005358773, 3.422770385644708, 3.5123143840369586, 3.0971550732604727, 3.2694756425795006]
2018-09-30 15:45:23,127: Prototypes Count: 10
2018-09-30 15:45:23,127: Epoch number: 22
2018-09-30 15:50:16,138: Distance Average: 
[3.785860968036812, 4.523027855363385, 3.6605162800861004, 3.826572174135643, 3.579555769325424, 3.7185778940157834, 3.552376928280728, 4.115946326526635, 3.5709300849063337, 3.4839893989875668]
2018-09-30 15:50:16,138: Prototypes Count: 10
2018-09-30 16:01:37,720: Accuracy:  0.5765
2018-09-30 16:01:37,720: Confusion Matrix: 
[[2837  124  432    8   92   48   52   49  587  176]
 [ 200 3315   35    0   29   33  145   39  144  480]
 [ 472   30 1728   60  990  343  512  124   96   50]
 [ 102   51  603  261  439 1311 1216   88  121  176]
 [ 176   20  354   46 2705  170  557  251   39   44]
 [  31   17  541  217  566 2060  714  136   61   80]
 [  62   41  228   16  469  144 3315   20   48   70]
 [  58   69  249   89  643  395  131 2606   22  157]
 [ 492  131  118    6   12   57  103   10 3268  198]
 [ 136  492   34    1   31   53  151   46  173 3273]]

2018-09-30 16:01:37,721: Epoch number: 23
2018-09-30 16:06:26,964: Distance Average: 
[3.834690918641932, 3.9823366995515492, 4.012508357472781, 3.913001673508294, 3.8162693237436227, 3.9039236474491696, 3.586294855738417, 3.9399048937372414, 3.5047598070349575, 4.39543020138975]
2018-09-30 16:06:26,965: Prototypes Count: 10
2018-09-30 16:06:26,965: Epoch number: 24
2018-09-30 16:11:14,925: Distance Average: 
[3.3349441494260517, 4.0679568845650245, 3.436175571970579, 3.500525364770165, 3.600300112114431, 3.2891109845047395, 3.0629387173985703, 3.551821583109345, 3.1543831915894818, 3.284569336156376]
2018-09-30 16:11:14,925: Prototypes Count: 10
2018-09-30 16:22:38,249: Accuracy:  0.5670
2018-09-30 16:22:38,249: Confusion Matrix: 
[[2831  114  705   63    3   45   26   76  323  219]
 [ 240 2870   80   33    2   53  143  127  176  696]
 [ 397   16 2444  330  135  552  248  251   19   13]
 [  74   23  614 1104   66 1639  547  242   13   46]
 [ 140   40  968  561  967  422  472  768    8   16]
 [  37   10  499  702   68 2443  228  411    9   16]
 [  40   14  526  276  128  351 2993   63   12   10]
 [  64   63  195  227   50  537   24 3183    6   70]
 [ 693   93  264   35    7   69  122   18 2891  203]
 [ 118  343   83  102    8  106  128  139  141 3222]]

2018-09-30 16:22:38,250: Epoch number: 25
2018-09-30 16:27:28,304: Distance Average: 
[3.5963338667605105, 3.47001932242821, 3.763989181678836, 3.6025215557104424, 3.691316677858837, 3.5950221003031606, 3.519439138789396, 3.5872205071112786, 3.321289386236963, 4.121376694225874]
2018-09-30 16:27:28,305: Prototypes Count: 10
2018-09-30 16:27:28,305: Epoch number: 26
2018-09-30 16:32:15,919: Distance Average: 
[3.601261073601346, 3.7824177034969986, 3.688479643108464, 3.6019009589394435, 3.7323432327437924, 3.5434323278622157, 3.853069715646097, 3.623534985951015, 3.2885424732176727, 3.2776744604110717]
2018-09-30 16:32:15,919: Prototypes Count: 10
2018-09-30 16:43:37,266: Accuracy:  0.5833
2018-09-30 16:43:37,266: Confusion Matrix: 
[[2752  344  336   11   96  105    5   60  391  305]
 [  91 3714   10   23   44   27   31   46   82  352]
 [ 528   33 2164  185  608  457  112  200   60   58]
 [ 129   39  508 1206  497 1358  246  150   76  159]
 [ 233   51  520  198 2490  205   99  479   24   63]
 [  70   29  553  878  413 2008   73  295   29   75]
 [ 112   41  411  423  774  170 2280   85   41   76]
 [ 100  112  144  160  424  414    8 2834   14  209]
 [ 480  337   77   24   34   98   11    7 3049  278]
 [ 108  760   11   48   52   81   39   50   73 3168]]

2018-09-30 16:43:37,267: Epoch number: 27
2018-09-30 16:48:27,542: Distance Average: 
[3.6458209318273207, 3.596199594283926, 3.7089913608647196, 3.8309197082549713, 3.804295682608147, 3.648836625923937, 3.4489219148073733, 3.436848254499255, 3.321722193788891, 3.676413563040436]
2018-09-30 16:48:27,542: Prototypes Count: 10
2018-09-30 16:48:27,542: Epoch number: 28
2018-09-30 16:53:16,777: Distance Average: 
[3.43830886808764, 3.177542132344739, 3.6310836545559537, 3.72247347839271, 3.5766581573456433, 3.642721357130715, 3.3624988152586823, 3.55932406632297, 3.0418567243686394, 3.7542097181570333]
2018-09-30 16:53:16,777: Prototypes Count: 10
2018-09-30 17:04:38,042: Accuracy:  0.5890
2018-09-30 17:04:38,042: Confusion Matrix: 
[[2462  194  400  151   66   66    7   45  631  383]
 [  93 3506   15   66   13   25   34   29  125  514]
 [ 345   26 2083  525  445  589   65  200   62   65]
 [  75   17  292 1733  224 1516  104  146   69  192]
 [ 120   45  553  457 2239  337   81  444   24   62]
 [  38   16  297  933  223 2558   30  226   17   85]
 [  65   25  216 1303  618  185 1809   66   25  101]
 [  44   74  209  266  218  538    7 2859   18  186]
 [ 362  157   66  123   24   64   27   14 3182  376]
 [  72  446   17  136   20   67   12   52   83 3485]]

2018-09-30 17:04:38,043: Epoch number: 29
2018-09-30 17:09:31,102: Distance Average: 
[3.3072101713228625, 3.4845992392507092, 3.542647604581689, 3.6268006472647945, 3.3610445118996792, 3.5278243878065405, 3.368813990328137, 3.276087506502713, 3.0746755335941787, 3.7373921015223517]
2018-09-30 17:09:31,102: Prototypes Count: 10
2018-09-30 17:09:31,102: Epoch number: 30
2018-09-30 17:14:20,910: Distance Average: 
[3.52756176676069, 3.508372088958477, 3.691022179307056, 4.129642133094087, 3.6062936614673338, 3.8872660507982277, 3.3982717493323693, 3.476740961025586, 3.418427982015058, 3.2550534690012696]
2018-09-30 17:14:20,910: Prototypes Count: 10
2018-09-30 17:27:50,343: Accuracy:  0.6060
2018-09-30 17:27:50,343: Confusion Matrix: 
[[3103   74  473   76   60   18   12  152  249  188]
 [ 197 3171   32   51   27   16   54  265   76  531]
 [ 413    6 2349  228  473  256  230  382   34   34]
 [  92    7  630 1468  329  966  414  282   58  122]
 [ 182    9  597  217 2372  123  263  551   13   35]
 [  43    4  599  798  327 2023  135  423   24   47]
 [  56    6  360  341  548  132 2804   82   22   62]
 [  62   14  223  184  305  299   17 3241    9   65]
 [ 687  147  109  142    5   14   34   29 2894  334]
 [ 185  353   66  143   31   25   48  245   53 3241]]

2018-09-30 17:27:50,344: Epoch number: 31
2018-09-30 17:32:37,247: Distance Average: 
[3.4536069433228307, 3.703281102509334, 3.527686436036054, 3.7920581332490415, 3.3005856658597725, 3.678552815157991, 3.2898476800073757, 3.3848356129585566, 3.2088731058372937, 3.420313605715017]
2018-09-30 17:32:37,247: Prototypes Count: 10
2018-09-30 17:32:37,247: Epoch number: 32
2018-09-30 17:37:18,649: Distance Average: 
[3.2525208030428203, 3.3809656809116233, 3.47040642249484, 3.660331242069413, 3.7236511684884097, 3.6782825939370194, 3.1495864460374876, 3.50915196963719, 3.02125105719921, 3.243792209664329]
2018-09-30 17:37:18,650: Prototypes Count: 10
2018-09-30 17:49:20,951: Accuracy:  0.6064
2018-09-30 17:49:20,952: Confusion Matrix: 
[[2391  274  669   50   90   26   23  117  569  196]
 [  69 3668   13   13   17   23   22  102  146  347]
 [ 229   47 2329  268  600  236  254  267  115   60]
 [  79   64  504 1211  354 1020  448  269  185  234]
 [  72   59  514  217 2648  105  246  393   52   56]
 [  35   45  476  772  410 1992  159  357   71  106]
 [  71   72  266  246  516  133 2854   66  104   85]
 [  29   80  204  189  416  252   16 3054   24  155]
 [ 305  240   77   31   24   32   25   19 3296  346]
 [  90  664   27   63   23   28   26  106  125 3238]]

2018-09-30 17:49:20,952: Epoch number: 33
2018-09-30 17:54:14,892: Distance Average: 
[3.459734822922394, 3.3850516742673413, 3.597067921902953, 4.0454619734347625, 3.5856245210551916, 3.902229198343419, 3.9140833715767025, 3.3741777866514537, 3.291561585221409, 3.730198254741606]
2018-09-30 17:54:14,892: Prototypes Count: 10
2018-09-30 17:54:14,892: Epoch number: 34
2018-09-30 17:59:04,179: Distance Average: 
[3.1520998495967447, 3.2839776820149913, 3.3049561492535244, 3.3606006389931786, 3.4134109240714285, 3.3648304691347755, 3.4460518043329604, 4.350420614117804, 2.9135894138950946, 3.1377169612978326]
2018-09-30 17:59:04,179: Prototypes Count: 10
2018-09-30 18:12:29,892: Accuracy:  0.5792
2018-09-30 18:12:29,892: Confusion Matrix: 
[[2887   70  427   91  148   48  185  107  306  136]
 [ 369 3302    9   29   37   18  198  115   51  292]
 [ 294    3 1607  318  631  434  908  163   23   24]
 [  79   16  199  799  308 1602 1053  230   17   65]
 [  79    8  233   78 2476  319  924  219   11   15]
 [  39    9  165  622  350 2486  497  220    8   27]
 [  34    9   76  130  218  198 3673   43    8   24]
 [  73   18  153  122  791  468  149 2574    5   66]
 [ 840  125   60   89   27   33  219   40 2729  233]
 [ 255  606   21   77   40   45  174  185   36 2951]]

2018-09-30 18:12:29,893: Epoch number: 35
2018-09-30 18:17:21,803: Distance Average: 
[3.3669572798143914, 3.2467620056251, 3.5578189224756063, 3.804374886464469, 3.379029031457572, 3.544162751070548, 3.5394686324429876, 3.3134455286902527, 3.3363032502576337, 3.258704604868029]
2018-09-30 18:17:21,804: Prototypes Count: 10
2018-09-30 18:17:21,804: Epoch number: 36
2018-09-30 18:22:14,057: Distance Average: 
[3.756576188271787, 3.673129144208185, 3.733991697856358, 3.463284734683701, 3.7557342482211076, 3.4013214243553334, 3.2398108721185586, 3.5370503296745417, 4.508795474580497, 3.343720498632212]
2018-09-30 18:22:14,057: Prototypes Count: 10
2018-09-30 18:33:25,808: Accuracy:  0.5905
2018-09-30 18:33:25,808: Confusion Matrix: 
[[2490  166  236   65   48   92   11  129  808  360]
 [  95 2970   14   29   19   51   29  133  186  894]
 [ 581    8 1440  215  691  763  143  422  114   28]
 [ 128   11  144 1134  288 1804  247  355  126  131]
 [ 133   17  284  162 2464  335  144  700   88   35]
 [  54    4  132  474  317 2831   80  422   52   57]
 [  64   13  121  471  624  344 2426  166  121   63]
 [  77   12   65   59  223  524   13 3308   25  113]
 [ 326  132   26   62   18   64   20   27 3367  353]
 [  95  204   15   60   20   96   17  195  134 3554]]

2018-09-30 18:33:25,809: Epoch number: 37
2018-09-30 18:38:16,561: Distance Average: 
[3.7329815756373046, 3.380582239298985, 3.5893626425446583, 3.5541594620746904, 3.3258350039350577, 3.4048026401413996, 3.5260542003625095, 3.2863197773951467, 3.4758913627340773, 3.34102129115433]
2018-09-30 18:38:16,561: Prototypes Count: 10
2018-09-30 18:38:16,561: Epoch number: 38
2018-09-30 18:43:09,433: Distance Average: 
[3.8875440333069875, 3.012674811379663, 3.664593540720579, 3.2943538227413276, 3.4229835970648406, 3.223440501264311, 3.3347552054176135, 3.147640781435417, 3.479667639929401, 3.3796879662842048]
2018-09-30 18:43:09,433: Prototypes Count: 10
2018-09-30 18:54:30,549: Accuracy:  0.5832
2018-09-30 18:54:30,550: Confusion Matrix: 
[[3321   29  463   42  108   68   30   46  221   77]
 [ 656 2803   40   30   78   78   92  100  129  414]
 [ 442    1 2519  110  454  456  257  133   24    9]
 [ 144    5  586  716  250 1969  480  133   46   39]
 [ 176    3  735   61 2344  390  380  249   12   12]
 [  62    4  576  381  271 2703  205  187   19   15]
 [ 132    3  376  184  378  354 2933   29   11   13]
 [ 105   26  360   70  471  604   56 2674    8   45]
 [1073   36   74   59   42   61   80    6 2841  123]
 [ 466  402   40   67   72  168   91  179   98 2807]]

2018-09-30 18:54:30,550: Epoch number: 39
2018-09-30 18:59:17,093: Distance Average: 
[3.4129036494663785, 3.4174379398082864, 3.763205652277009, 3.611716481703746, 3.5699619249116665, 3.4541931528359187, 3.6495811366547515, 3.0635580526161523, 3.932429353461778, 3.2134333231410044]
2018-09-30 18:59:17,093: Prototypes Count: 10
2018-09-30 18:59:17,093: Epoch number: 40
2018-09-30 19:04:04,973: Distance Average: 
[3.5791029481326833, 3.131813669410245, 3.4643009714719626, 3.291254452323612, 3.284810923483678, 3.142893425926592, 3.1983836409992823, 2.9767610714891077, 3.1769758388030627, 2.9616401867788347]
2018-09-30 19:04:04,973: Prototypes Count: 10
2018-09-30 19:15:21,123: Accuracy:  0.5913
2018-09-30 19:15:21,124: Confusion Matrix: 
[[2510  121  444  130   47  128   42   53  730  200]
 [ 141 3163   18   86   11   41   82   29  317  532]
 [ 300    9 2101  501  268  548  430  126   92   30]
 [  81   12  390 2125  117  826  493   97  142   85]
 [ 102   29  571  260 1861  546  612  296   56   29]
 [  29    8  319 1909  147 1483  268  177   55   28]
 [  40   24  235  502  147  143 3192   17   75   38]
 [  95   39  195  265  196  728   76 2697   27  101]
 [ 282  100   55  124   12   56   42    8 3531  185]
 [ 113  322   39  145   15  107   54   59  181 3355]]

2018-09-30 19:15:21,124: Epoch number: 41
2018-09-30 19:20:11,217: Distance Average: 
[3.0929498504189885, 3.0004301058834995, 3.029429780535337, 3.693503983413117, 3.699821431808711, 3.4841366074527365, 3.337339171355993, 3.0170279743339026, 3.035155750503225, 2.7634311410247303]
2018-09-30 19:20:11,217: Prototypes Count: 10
2018-09-30 19:20:11,217: Epoch number: 42
2018-09-30 19:25:04,541: Distance Average: 
[2.9586713123722235, 3.021392033634515, 3.570750043372146, 3.6057027495360074, 3.2171046348948464, 3.349547513022993, 3.0069782733917236, 2.7430980365575897, 2.951460338624056, 2.8581844662056595]
2018-09-30 19:25:04,542: Prototypes Count: 10
2018-09-30 19:36:28,427: Accuracy:  0.5752
2018-09-30 19:36:28,427: Confusion Matrix: 
[[2771  343   56   60   25   44   18   58  760  270]
 [  70 3855    2   28    3    9   13   27  128  285]
 [ 932   98 1165  341  282  695  186  398  216   92]
 [ 204  180  111 1154  133 1369  273  363  223  358]
 [ 285  167  233  283 1659  392  275  879  105   84]
 [ 106  124  113  695  147 2286  125  550  102  175]
 [ 124  221   97  376  194  303 2599  180  162  157]
 [ 107  235   44  160  108  354   12 3125   39  235]
 [ 269  240    7   43    3   15   17    7 3547  247]
 [  75  899    3   54    7   12   12   45  137 3146]]

2018-09-30 19:36:28,428: Epoch number: 43
2018-09-30 19:41:16,447: Distance Average: 
[3.5557016128251533, 2.925740658414775, 3.7769561002234453, 4.073625745275352, 3.5283744862087096, 3.9354656845899347, 2.9671376620687457, 2.779588968331145, 3.0330364388867843, 2.86359549897616]
2018-09-30 19:41:16,447: Prototypes Count: 10
2018-09-30 19:41:16,447: Epoch number: 44
2018-09-30 19:46:05,714: Distance Average: 
[3.322125062621942, 2.796486717051473, 3.5399601179010727, 3.46518193807783, 3.472581065560583, 3.4438183417146706, 2.9045679479888187, 2.901579976081848, 3.3126045684183927, 3.3560428033109573]
2018-09-30 19:46:05,715: Prototypes Count: 10
2018-09-30 19:57:30,385: Accuracy:  0.5894
2018-09-30 19:57:30,385: Confusion Matrix: 
[[2740   90  957  192   31   24   13   38  203  117]
 [ 221 3405  102  137   26   16   66   44   21  382]
 [ 195    9 2945  534  158  297  144  106    8    9]
 [  45   17  726 2016   91 1067  248   97   12   49]
 [  58    7 1089  563 1801  215  282  320    4   23]
 [  17    4  699 1142   87 2211   83  156    6   18]
 [  27    4  451  915  213  123 2642   15    5   18]
 [  37   14  724  245  198  479   19 2655    1   47]
 [ 639  189  184  360   13   27   32    4 2615  332]
 [ 247  504  174  261   34   62   37  134   33 2904]]

2018-09-30 19:57:30,386: Epoch number: 45
2018-09-30 20:02:20,598: Distance Average: 
[3.247020462781441, 2.5828824298135165, 3.282590550334514, 3.0633608451749703, 3.026829195620498, 2.9451439205034147, 2.748220712606505, 2.927749195320471, 2.961048863544937, 3.0014626309519907]
2018-09-30 20:02:20,598: Prototypes Count: 10
2018-09-30 20:02:20,599: Epoch number: 46
2018-09-30 20:07:10,187: Distance Average: 
[3.3462037751654616, 3.5509915368310336, 3.4573460839375727, 3.441262643171262, 3.0484299411220612, 3.336608815234497, 2.918527797092977, 4.150261679122452, 2.7497060893980927, 3.0948784488146424]
2018-09-30 20:07:10,187: Prototypes Count: 10
2018-09-30 20:18:16,890: Accuracy:  0.5858
2018-09-30 20:18:16,891: Confusion Matrix: 
[[3490   52  361   91   88   67   14   50   99   93]
 [ 387 3172   61  101   44   49   52   46   61  447]
 [ 504    6 2389  327  514  410  149   71   24   11]
 [ 123    7  488 1819  305 1218  238   55   67   48]
 [ 169   11  602  493 2573  129  171  191    9   14]
 [  60    5  453 1097  324 2275   86   90   24    9]
 [  98    9  434  714  349  220 2534   13   18   24]
 [ 103   11  375  449  716  343   11 2364   11   36]
 [1629   91  106  129   23   55   26    7 2142  187]
 [ 379  404   62  149   58  122   45  100   54 3017]]

2018-09-30 20:18:16,891: Epoch number: 47
2018-09-30 20:23:04,987: Distance Average: 
[2.9875288546586236, 2.7009170891909764, 3.3780359989454767, 3.5596330388437343, 3.430323152332844, 3.2724022257885856, 3.740637478267923, 2.711488199931619, 2.8951246021207697, 2.895298499748355]
2018-09-30 20:23:04,988: Prototypes Count: 10
2018-09-30 20:23:04,988: Epoch number: 48
2018-09-30 20:27:57,121: Distance Average: 
[3.242637844646678, 2.656727385726468, 3.696788280751525, 3.5652772554113894, 3.2727229103772992, 3.419747568705673, 3.0524742184952536, 3.1638054798474204, 2.7759187172267064, 3.2351016378793562]
2018-09-30 20:27:57,121: Prototypes Count: 10
2018-09-30 20:39:04,310: Accuracy:  0.5971
2018-09-30 20:39:04,310: Confusion Matrix: 
[[2323   70  332   77  298   65   19   99  892  230]
 [ 133 3127   28   65  129   28   56  113  122  619]
 [ 309    3 1842  321  872  476  200  284   67   31]
 [  57    6  311 1571  402 1208  296  329   97   91]
 [  76    7  260  317 2699  192  207  544   40   20]
 [  31    5  250  888  351 2326   98  417   28   29]
 [  48    6  277  606  428  154 2717  110   25   42]
 [  28    6  116  158  443  468   19 3112   13   56]
 [ 291   91   43  110   73   50   51   24 3368  294]
 [ 102  364   34  153  104   83   62  180  121 3187]]

2018-09-30 20:39:04,311: Epoch number: 49
2018-09-30 20:43:55,866: Distance Average: 
[2.9251207017097154, 2.581937288415843, 3.374767798335612, 3.347865245387524, 3.314640234256613, 2.965308188978886, 2.7894897710728688, 2.603526157479278, 2.8680174734966815, 2.7560497004477704]
2018-09-30 20:43:55,866: Prototypes Count: 10
2018-09-30 20:43:55,866: Epoch number: 50
2018-09-30 20:48:44,140: Distance Average: 
[3.162227411430423, 2.7773567195596365, 3.1379496416123973, 3.6722183966938453, 2.969377948012098, 3.348082966779712, 3.024338770562583, 2.5606922772993523, 2.769908910743461, 2.9617435730871606]
2018-09-30 20:48:44,140: Prototypes Count: 10
2018-09-30 20:59:36,358: Accuracy:  0.6110
2018-09-30 20:59:36,359: Confusion Matrix: 
[[2878   46  443   81   55   46   21   21  632  182]
 [ 313 3030   69   45   30   21   59   29  301  523]
 [ 370    2 2470  333  305  513  142  114  100   56]
 [ 120    3  523 1685  156 1249  180  104  159  189]
 [ 115   15  667  417 2270  327  220  246   40   45]
 [  38    1  443  815  162 2606   53  162   48   95]
 [  66   16  470  838  231  190 2377   33  112   80]
 [  67   14  399  148  433  583   14 2608   23  130]
 [ 331   72   56   66   12   29   39    3 3603  184]
 [ 248  316   46   55   23   42   36   45  224 3355]]

