2018-09-30 02:25:45,060: {'dataset_path': 'data/fashion-mnist_stream.csv', 'loss_type': 'gcpl', 'tensor_view': [-1, 28, 28], 'in_channels': 1, 'layers': 10, 'learning_rate': 0.001, 'threshold': 10.0, 'gamma': 0.25, 'lambda_': 0.01, 'train_test_split': 6000, 'epoch_number': 50, 'test_frequency': 2}
2018-09-30 02:25:45,060: Trainset size: 6000
2018-09-30 02:25:45,060: Testset size: 24000
2018-09-30 02:25:46,515: DenseNet Channels: 216
2018-09-30 02:25:46,517: Epoch number: 1
2018-09-30 02:30:43,407: Distance Average: 
[6.806428873861158, 5.590661491699815, 7.181712687256848, 6.339550265726054, 7.1248104520838895, 7.156479763938205]
2018-09-30 02:30:43,408: Prototypes Count: 53
2018-09-30 02:30:43,408: Epoch number: 2
2018-09-30 02:35:39,683: Distance Average: 
[4.477291596211982, 3.212918593037513, 4.398197751778823, 4.248366899960196, 4.6153496750089635, 4.80137800891497]
2018-09-30 02:35:39,683: Prototypes Count: 6
2018-09-30 02:43:12,409: Accuracy:  0.8001
2018-09-30 02:43:12,409: Confusion Matrix: 
[[2838    6  176  410   66  467]
 [   0 3716    6  168   15   76]
 [  17    1 3352   13  475  150]
 [  23    5   79 3431  300  191]
 [   3    2  157   93 3629  146]
 [ 348    3  489  147  765 2237]]

2018-09-30 02:43:12,409: Epoch number: 3
2018-09-30 02:48:02,370: Distance Average: 
[4.06867494822469, 3.6323346322582615, 3.8452239958380883, 3.8601219816527776, 3.828672590873224, 3.979378060290688]
2018-09-30 02:48:02,370: Prototypes Count: 6
2018-09-30 02:48:02,370: Epoch number: 4
2018-09-30 02:52:54,733: Distance Average: 
[3.6486056835955174, 2.514553353700237, 3.315693835135896, 3.696427024635379, 3.6422510058882303, 3.68837882087477]
2018-09-30 02:52:54,734: Prototypes Count: 6
2018-09-30 02:58:58,386: Accuracy:  0.8457
2018-09-30 02:58:58,386: Confusion Matrix: 
[[3341    6   62  211   18  325]
 [   2 3889    1   70    5   14]
 [  50    1 3531   44  205  177]
 [  45   39   19 3713   87  126]
 [   4    7  222  196 3277  324]
 [ 572   12  386  141  333 2545]]

2018-09-30 02:58:58,387: Epoch number: 5
2018-09-30 03:03:49,944: Distance Average: 
[3.376335361059108, 2.2120563728718463, 3.448817654177245, 3.297368877588828, 3.4728762444342274, 3.627952481570997]
2018-09-30 03:03:49,944: Prototypes Count: 6
2018-09-30 03:03:49,945: Epoch number: 6
2018-09-30 03:08:41,685: Distance Average: 
[3.092602643382135, 2.3970944430471515, 3.351309490831275, 3.7261690676087356, 3.4613397464477758, 3.4015405140889783]
2018-09-30 03:08:41,685: Prototypes Count: 6
2018-09-30 03:14:42,906: Accuracy:  0.8484
2018-09-30 03:14:42,906: Confusion Matrix: 
[[3106    5   34  201   35  582]
 [   0 3835    5   82   20   39]
 [  49    1 3378   38  220  322]
 [  43    6   17 3660  178  125]
 [   3    2  220  101 3474  230]
 [ 323    3  206  113  436 2908]]

2018-09-30 03:14:42,906: Epoch number: 7
2018-09-30 03:19:31,369: Distance Average: 
[3.2731074369782185, 2.0195627692624387, 3.157883600064135, 3.0732837311876646, 3.2864230215733246, 3.345927597254108]
2018-09-30 03:19:31,370: Prototypes Count: 6
2018-09-30 03:19:31,370: Epoch number: 8
2018-09-30 03:24:26,713: Distance Average: 
[3.131419926076322, 1.9645335367231658, 3.080865382906879, 3.258097170283959, 3.0935855965452594, 3.214438155032041]
2018-09-30 03:24:26,714: Prototypes Count: 6
2018-09-30 03:30:20,933: Accuracy:  0.8515
2018-09-30 03:30:20,933: Confusion Matrix: 
[[3326    7  102   77   15  436]
 [   8 3896    3   39   19   16]
 [  37    3 3750   23   94  101]
 [  86   33   45 3574  150  141]
 [  12    8  454   88 2987  481]
 [ 400    8  450   68  159 2904]]

2018-09-30 03:30:20,933: Epoch number: 9
2018-09-30 03:35:12,812: Distance Average: 
[4.0019491282669275, 1.957303751307382, 2.892011721727819, 3.0596027602939486, 3.180069611716981, 3.7877910330049245]
2018-09-30 03:35:12,812: Prototypes Count: 6
2018-09-30 03:35:12,812: Epoch number: 10
2018-09-30 03:40:05,795: Distance Average: 
[3.6360583616039466, 2.0345896576856237, 3.4519602123059725, 3.299827620168402, 3.5788421064829654, 4.107433791281419]
2018-09-30 03:40:05,796: Prototypes Count: 6
2018-09-30 03:46:08,878: Accuracy:  0.8429
2018-09-30 03:46:08,878: Confusion Matrix: 
[[3306    5   68   90    5  489]
 [  17 3875   19   53    6   11]
 [  66    1 3712   53   80   96]
 [  99   15   31 3754   33   97]
 [   8    5  500  318 3108   91]
 [ 412    4  439  139  520 2475]]

2018-09-30 03:46:08,878: Epoch number: 11
2018-09-30 03:50:58,328: Distance Average: 
[3.4481433648400324, 2.0764358296538843, 3.3192536601653466, 2.9636759842966587, 3.4568024838203515, 3.693584759797734]
2018-09-30 03:50:58,328: Prototypes Count: 6
2018-09-30 03:50:58,328: Epoch number: 12
2018-09-30 03:55:51,557: Distance Average: 
[3.1322358558997223, 1.9607695413358284, 2.7832273296740375, 3.017739645090243, 3.0417044449440622, 3.169438101859585]
2018-09-30 03:55:51,557: Prototypes Count: 6
2018-09-30 04:01:54,395: Accuracy:  0.8618
2018-09-30 04:01:54,395: Confusion Matrix: 
[[3462    5   83   76   22  315]
 [  29 3897    1   34   12    8]
 [  59    3 3578   29  234  105]
 [ 134   18   33 3535  206  103]
 [  25    3  151   52 3598  201]
 [ 595    8  313   85  374 2614]]

2018-09-30 04:01:54,396: Epoch number: 13
2018-09-30 04:06:45,552: Distance Average: 
[3.15665061777623, 1.8653632229956947, 3.1273958468244145, 3.038354997115065, 2.7304961242754193, 3.8475748198306583]
2018-09-30 04:06:45,552: Prototypes Count: 6
2018-09-30 04:06:45,553: Epoch number: 14
2018-09-30 04:11:36,367: Distance Average: 
[3.777460077554563, 2.2901829713017827, 2.8818728328957732, 3.7768357592308797, 3.2180721520887494, 3.465754812921]
2018-09-30 04:11:36,367: Prototypes Count: 6
2018-09-30 04:17:37,116: Accuracy:  0.8475
2018-09-30 04:17:37,116: Confusion Matrix: 
[[3429    1   26   78   17  412]
 [  40 3791    3   64   57   26]
 [  79    1 3104   34  364  426]
 [ 157    1   13 3497  172  189]
 [  12    0   60   89 3442  427]
 [ 483    1   94   62  273 3076]]

2018-09-30 04:17:37,117: Epoch number: 15
2018-09-30 04:22:31,724: Distance Average: 
[2.8749185595733318, 1.8035175580666096, 2.54462552698035, 2.800447535964678, 2.693435876367026, 2.850337204528831]
2018-09-30 04:22:31,725: Prototypes Count: 6
2018-09-30 04:22:31,725: Epoch number: 16
2018-09-30 04:27:20,972: Distance Average: 
[3.4439310999910804, 1.8430583268433138, 2.6098281507067354, 3.0408292226571456, 3.266606610946028, 3.6069652660083587]
2018-09-30 04:27:20,972: Prototypes Count: 6
2018-09-30 04:33:24,039: Accuracy:  0.8217
2018-09-30 04:33:24,039: Confusion Matrix: 
[[3406    1   25   88   49  394]
 [  37 3855    0   53   18   18]
 [  45    1 2335   25 1063  539]
 [ 140    3   14 3609  183   80]
 [  14    0   21  106 3700  189]
 [ 501    1   48   85  538 2816]]

2018-09-30 04:33:24,040: Epoch number: 17
2018-09-30 04:38:12,184: Distance Average: 
[2.8614600677057584, 1.6517174770638623, 2.775659903340977, 2.7250496272770866, 2.8338917519548814, 2.978521294993499]
2018-09-30 04:38:12,184: Prototypes Count: 6
2018-09-30 04:38:12,184: Epoch number: 18
2018-09-30 04:43:02,592: Distance Average: 
[2.598076188771421, 1.4240915677414612, 2.4179645234997937, 2.4588374376796827, 2.9099581625086675, 2.6075405392498068]
2018-09-30 04:43:02,592: Prototypes Count: 6
2018-09-30 04:49:05,281: Accuracy:  0.8659
2018-09-30 04:49:05,281: Confusion Matrix: 
[[3350    6  101  116   27  363]
 [   8 3915    6   23   22    7]
 [  40    4 3623   16  200  125]
 [  78   48   65 3568  175   95]
 [   6    9  165   96 3406  348]
 [ 388   11  337   91  242 2920]]

2018-09-30 04:49:05,281: Epoch number: 19
2018-09-30 04:53:55,766: Distance Average: 
[2.5446321507448397, 1.8204373657295547, 2.3111773397517106, 2.3946238953612387, 2.528084554628135, 2.879578431447347]
2018-09-30 04:53:55,766: Prototypes Count: 6
2018-09-30 04:53:55,766: Epoch number: 20
2018-09-30 04:58:47,349: Distance Average: 
[2.448639469142126, 2.1605205218929466, 2.3469168198736092, 2.4212267581271925, 2.631172339693248, 2.537039452361317]
2018-09-30 04:58:47,349: Prototypes Count: 6
2018-09-30 05:04:40,444: Accuracy:  0.8562
2018-09-30 05:04:40,444: Confusion Matrix: 
[[3523    2   80   46   14  298]
 [  33 3861   11   36   18   22]
 [  56    2 3318   13  334  285]
 [ 212   15   53 3382  228  139]
 [  22    1   95   54 3581  277]
 [ 536    7  164   50  349 2883]]

2018-09-30 05:04:40,445: Epoch number: 21
2018-09-30 05:09:31,514: Distance Average: 
[2.680534090659793, 1.6946620290929622, 3.6393700879112427, 2.6808502716588274, 3.04847070639082, 2.848044407762747]
2018-09-30 05:09:31,514: Prototypes Count: 6
2018-09-30 05:09:31,514: Epoch number: 22
2018-09-30 05:14:24,228: Distance Average: 
[2.6466766087244835, 2.3885261425174926, 2.3654135340138485, 2.1313039733553834, 2.713949959790229, 2.805956322198723]
2018-09-30 05:14:24,228: Prototypes Count: 6
2018-09-30 05:20:27,844: Accuracy:  0.8651
2018-09-30 05:20:27,844: Confusion Matrix: 
[[3384    1   42  128   22  386]
 [  16 3896    5   30   11   23]
 [  70    3 3310   31  224  370]
 [ 119   13   18 3624  146  109]
 [  16    4  111  108 3462  329]
 [ 412    4  124   99  264 3086]]

2018-09-30 05:20:27,844: Epoch number: 23
2018-09-30 05:25:18,391: Distance Average: 
[3.02300541166173, 1.5736425679217103, 2.4020986157631583, 2.365497695450013, 2.8932865062941016, 3.302262508962122]
2018-09-30 05:25:18,392: Prototypes Count: 6
2018-09-30 05:25:18,392: Epoch number: 24
2018-09-30 05:30:10,842: Distance Average: 
[2.4585576851395565, 1.5002860524787232, 2.385470163604991, 2.182160027996799, 2.8400072182805296, 2.781330397835484]
2018-09-30 05:30:10,842: Prototypes Count: 6
2018-09-30 05:36:14,065: Accuracy:  0.8561
2018-09-30 05:36:14,065: Confusion Matrix: 
[[3489    5   88   85   26  270]
 [  15 3895    5   43   13   10]
 [  79    3 3601   50  199   76]
 [ 130   23   31 3696   83   66]
 [  15   14  186  184 3569   62]
 [ 563   12  338  130  650 2296]]

2018-09-30 05:36:14,066: Epoch number: 25
2018-09-30 05:41:06,934: Distance Average: 
[2.318746113869214, 1.3221425298138914, 1.9490136601905592, 1.946734231660451, 2.1189831883664736, 2.913500859491077]
2018-09-30 05:41:06,935: Prototypes Count: 6
2018-09-30 05:41:06,935: Epoch number: 26
2018-09-30 05:45:56,982: Distance Average: 
[2.2013875435908328, 1.3011560426662627, 2.30911271436977, 1.890716769660294, 2.0712847807669568, 2.322726934160638]
2018-09-30 05:45:56,982: Prototypes Count: 6
2018-09-30 05:52:01,452: Accuracy:  0.8641
2018-09-30 05:52:01,453: Confusion Matrix: 
[[3580    2   81   45    9  246]
 [  23 3887    7   37   16   11]
 [  80    2 3572   17  194  143]
 [ 212    4   49 3502  134  128]
 [  27    6  195   86 3533  183]
 [ 622    4  254   60  385 2664]]

2018-09-30 05:52:01,453: Epoch number: 27
2018-09-30 05:56:55,949: Distance Average: 
[2.247340474924986, 1.2062910699657914, 2.0388689543071545, 1.9573467521297607, 2.0310251292564887, 2.1344396968101664]
2018-09-30 05:56:55,949: Prototypes Count: 6
2018-09-30 05:56:55,949: Epoch number: 28
2018-09-30 06:01:45,810: Distance Average: 
[2.072780552863154, 1.1442873277505705, 1.8719557510455127, 1.7867224928717944, 2.4390243491557984, 1.8925765199735616]
2018-09-30 06:01:45,810: Prototypes Count: 6
2018-09-30 06:07:41,676: Accuracy:  0.8652
2018-09-30 06:07:41,676: Confusion Matrix: 
[[3516    3   30   76   15  323]
 [  22 3912    3   18    9   17]
 [ 120    3 3414   35  181  255]
 [ 140   52   14 3589  115  119]
 [  19   10  140  104 3290  467]
 [ 500    8  141   99  197 3044]]

2018-09-30 06:07:41,676: Epoch number: 29
2018-09-30 06:12:32,333: Distance Average: 
[2.2533608764755217, 1.2915326108680791, 2.059589378384926, 2.117493962716756, 2.337346528686453, 2.412091776409112]
2018-09-30 06:12:32,334: Prototypes Count: 6
2018-09-30 06:12:32,334: Epoch number: 30
2018-09-30 06:17:23,402: Distance Average: 
[1.8612942767534477, 1.155656450538225, 1.7629906244364828, 2.071293305925853, 2.2612364263965805, 2.03276189621429]
2018-09-30 06:17:23,403: Prototypes Count: 6
2018-09-30 06:23:26,591: Accuracy:  0.8692
2018-09-30 06:23:26,591: Confusion Matrix: 
[[3373    2   59  136   22  371]
 [  17 3881    5   40   20   18]
 [  62    2 3460   32  213  239]
 [  70    7   26 3689  127  110]
 [  14    6  137  114 3523  236]
 [ 443    3  175  125  308 2935]]

2018-09-30 06:23:26,591: Epoch number: 31
2018-09-30 06:28:20,993: Distance Average: 
[1.7508661173370355, 1.0244517611268678, 1.7192062381428745, 1.8365514547070116, 1.9101818929840826, 1.8201806099094144]
2018-09-30 06:28:20,993: Prototypes Count: 6
2018-09-30 06:28:20,993: Epoch number: 32
2018-09-30 06:33:14,388: Distance Average: 
[2.040157012957864, 1.2156158231220637, 1.936718165633167, 2.4297536591563835, 2.1792062411940476, 2.1990960456474484]
2018-09-30 06:33:14,388: Prototypes Count: 6
2018-09-30 06:39:16,283: Accuracy:  0.8637
2018-09-30 06:39:16,283: Confusion Matrix: 
[[3391   12   60   93   20  387]
 [   9 3943    6   12    8    3]
 [  74    3 3466   28  245  192]
 [ 110   93   28 3496  156  146]
 [   6   17  140  104 3518  245]
 [ 463   15  183   96  317 2915]]

2018-09-30 06:39:16,284: Epoch number: 33
2018-09-30 06:44:14,084: Distance Average: 
[2.1487617284404723, 1.254258560120535, 1.7089730354576458, 1.797737085594321, 2.072179904332019, 2.0421515433063284]
2018-09-30 06:44:14,085: Prototypes Count: 6
2018-09-30 06:44:14,085: Epoch number: 34
2018-09-30 06:49:05,271: Distance Average: 
[1.8116664223114036, 1.7114229908436973, 1.6401391339446851, 2.0828922203501814, 1.7272638788203665, 2.497298038842385]
2018-09-30 06:49:05,271: Prototypes Count: 6
2018-09-30 06:55:07,644: Accuracy:  0.8507
2018-09-30 06:55:07,644: Confusion Matrix: 
[[3179    2   39  257    6  480]
 [   9 3888    2   57   10   15]
 [  55    2 3417   87  140  307]
 [  30   23   10 3816   59   91]
 [   6   11  136  269 3002  606]
 [ 344   10  155  209  157 3114]]

2018-09-30 06:55:07,644: Epoch number: 35
2018-09-30 07:00:01,944: Distance Average: 
[2.610511814075087, 1.092671876720436, 1.5239403899985287, 1.5836963187473625, 1.9770093258213777, 1.6184122599588733]
2018-09-30 07:00:01,944: Prototypes Count: 6
2018-09-30 07:00:01,944: Epoch number: 36
2018-09-30 07:04:49,050: Distance Average: 
[1.6852207506025159, 1.325650226918367, 1.6261242400658757, 1.6078045643725485, 1.6681881537785388, 1.8053476201628151]
2018-09-30 07:04:49,050: Prototypes Count: 6
2018-09-30 07:10:40,034: Accuracy:  0.8607
2018-09-30 07:10:40,035: Confusion Matrix: 
[[3674    2   58   83    9  137]
 [  26 3885    5   42   10   13]
 [  87    2 3554   21  158  186]
 [ 176   20   40 3596   94  103]
 [  35   12  177  144 3338  324]
 [ 798    5  234  104  239 2609]]

2018-09-30 07:10:40,035: Epoch number: 37
2018-09-30 07:15:29,069: Distance Average: 
[2.0230784333350575, 1.1095480013453016, 1.6702341012023239, 1.7577938180049761, 1.6911944111719162, 1.865692614579526]
2018-09-30 07:15:29,069: Prototypes Count: 6
2018-09-30 07:15:29,069: Epoch number: 38
2018-09-30 07:20:16,427: Distance Average: 
[1.77662809923809, 1.1998717237777374, 1.7237985462312273, 1.8663968451367985, 2.6305892877931587, 1.7392105067450168]
2018-09-30 07:20:16,427: Prototypes Count: 6
2018-09-30 07:26:03,757: Accuracy:  0.8687
2018-09-30 07:26:03,757: Confusion Matrix: 
[[3471    3   77   88   26  298]
 [  14 3907   10   27   12   11]
 [  70    2 3564   32  217  123]
 [ 153   14   27 3650   94   91]
 [  16    6  169  143 3510  186]
 [ 511    8  244  112  367 2747]]

2018-09-30 07:26:03,758: Epoch number: 39
2018-09-30 07:30:54,291: Distance Average: 
[1.5338079077281548, 0.9713180928053161, 1.6475032981832018, 1.4795214572542619, 1.4532624820030973, 1.8803342010310287]
2018-09-30 07:30:54,291: Prototypes Count: 6
2018-09-30 07:30:54,291: Epoch number: 40
2018-09-30 07:35:46,315: Distance Average: 
[1.6752412054529522, 1.0056860428867918, 1.1779596418866263, 1.111809245507922, 1.305714541692038, 1.49286856712886]
2018-09-30 07:35:46,315: Prototypes Count: 6
2018-09-30 07:41:27,091: Accuracy:  0.8718
2018-09-30 07:41:27,091: Confusion Matrix: 
[[3322    3   46  120   14  458]
 [  23 3892    9   28   13   16]
 [  78    2 3514   32  195  187]
 [  89   15   15 3676  112  122]
 [  13    7  141  119 3514  236]
 [ 400    5  187  110  282 3005]]

2018-09-30 07:41:27,092: Epoch number: 41
2018-09-30 07:46:12,317: Distance Average: 
[1.243406078357494, 0.7516596747283711, 1.0798134704229803, 1.2428450518809024, 1.0907519441959423, 1.198257055489408]
2018-09-30 07:46:12,318: Prototypes Count: 6
2018-09-30 07:46:12,318: Epoch number: 42
2018-09-30 07:50:58,843: Distance Average: 
[1.5108789284947295, 0.7065752890336082, 0.9636946873143617, 0.9874016774400475, 1.0515793861490115, 1.2411518967755821]
2018-09-30 07:50:58,843: Prototypes Count: 6
2018-09-30 07:56:46,563: Accuracy:  0.8768
2018-09-30 07:56:46,563: Confusion Matrix: 
[[3418    4   46  117    9  369]
 [  18 3903    8   27   12   13]
 [  80    2 3603   30  139  154]
 [  80   11   14 3703  100  121]
 [  11    8  192  122 3436  261]
 [ 444    6  217  110  232 2980]]

2018-09-30 07:56:46,564: Epoch number: 43
2018-09-30 08:01:33,559: Distance Average: 
[1.0447620364574852, 0.6641893006373244, 1.0811317734390136, 0.9283605231678961, 0.9282555095583415, 1.1749784185407688]
2018-09-30 08:01:33,559: Prototypes Count: 6
2018-09-30 08:01:33,559: Epoch number: 44
2018-09-30 08:06:16,720: Distance Average: 
[1.0430918991220504, 0.6167723041242635, 1.1085967163928607, 1.0800172874012832, 0.9560039140827732, 1.3040305090810356]
2018-09-30 08:06:16,721: Prototypes Count: 6
2018-09-30 08:12:05,056: Accuracy:  0.8776
2018-09-30 08:12:05,056: Confusion Matrix: 
[[3498    3   43   88   12  319]
 [  20 3904    8   25   12   12]
 [  82    2 3587   29  161  147]
 [ 120   12   20 3634  117  126]
 [  15    6  176   97 3542  194]
 [ 497    5  216   83  290 2898]]

2018-09-30 08:12:05,057: Epoch number: 45
2018-09-30 08:16:50,381: Distance Average: 
[1.0865007139541007, 0.5750880458283867, 0.9536434095880764, 0.9998441734653849, 0.8451463961160195, 1.1568710741824806]
2018-09-30 08:16:50,381: Prototypes Count: 6
2018-09-30 08:16:50,382: Epoch number: 46
2018-09-30 08:21:38,917: Distance Average: 
[0.8875154717375873, 0.5365610951785351, 0.7924911375289504, 0.7471879625095511, 0.7837385797733393, 0.8643187844497651]
2018-09-30 08:21:38,918: Prototypes Count: 6
2018-09-30 08:28:14,996: Accuracy:  0.8788
2018-09-30 08:28:14,996: Confusion Matrix: 
[[3432    4   43   94   12  378]
 [  17 3905    8   26   13   12]
 [  68    2 3566   32  165  175]
 [  86   13   19 3666  111  134]
 [  11    6  164  101 3540  208]
 [ 426    5  191   93  291 2983]]

2018-09-30 08:28:14,997: Epoch number: 47
2018-09-30 08:33:01,866: Distance Average: 
[1.2283841800160389, 0.546453724304835, 1.0816266362363027, 0.8843418515953128, 0.8424901027473615, 1.160953899747447]
2018-09-30 08:33:01,866: Prototypes Count: 6
2018-09-30 08:33:01,866: Epoch number: 48
2018-09-30 08:37:54,127: Distance Average: 
[0.9093537156301116, 0.616032083421392, 0.7786361314205505, 0.7511755139635294, 0.9172071404104243, 0.8723209829125953]
2018-09-30 08:37:54,127: Prototypes Count: 6
2018-09-30 08:43:35,256: Accuracy:  0.8794
2018-09-30 08:43:35,256: Confusion Matrix: 
[[3447    2   52  103   12  347]
 [  16 3901    8   31   12   13]
 [  62    2 3583   36  163  162]
 [  81   11   19 3681  110  127]
 [  12    6  163  106 3555  188]
 [ 436    5  210  104  296 2938]]

2018-09-30 08:43:35,256: Epoch number: 49
2018-09-30 08:48:17,496: Distance Average: 
[1.1541364595696733, 0.539582028824796, 0.8280721773140827, 0.7700722689898509, 0.9347005054615016, 0.8782648617877366]
2018-09-30 08:48:17,497: Prototypes Count: 6
2018-09-30 08:48:17,497: Epoch number: 50
2018-09-30 08:53:06,654: Distance Average: 
[0.7936157485808185, 0.5389242370923361, 0.6879463808739233, 0.844377997411372, 0.6956098483682046, 0.7768235820369181]
2018-09-30 08:53:06,654: Prototypes Count: 6
2018-09-30 08:58:45,917: Accuracy:  0.8782
2018-09-30 08:58:45,917: Confusion Matrix: 
[[3466    3   53   89   12  340]
 [  18 3906    7   25   11   14]
 [  67    2 3587   35  161  156]
 [  97   15   18 3658  114  127]
 [  12    6  164  108 3552  188]
 [ 468    6  208   94  305 2908]]

