2018-10-01 09:37:38,183: {'dataset_path': 'data/fashion-mnist_train.csv', 'loss_type': 'cel', 'tensor_view': [-1, 28, 28], 'in_channels': 1, 'layers': 10, 'learning_rate': 0.001, 'train_test_split': 6000, 'epoch_number': 50, 'test_frequency': 2}
2018-10-01 09:37:38,183: Trainset size: 6000
2018-10-01 09:37:38,183: Testset size: 54000
2018-10-01 09:37:39,630: DenseNet Channels: 216
2018-10-01 09:37:39,656: Epoch number: 1
2018-10-01 09:42:09,989: Epoch number: 2
2018-10-01 10:00:35,491: Accuracy:  0.7630
2018-10-01 10:00:35,491: Confusion Matrix: 
[[4265  292  248  484   22    2   42    3   81    0]
 [   0 5246   83   32    3    2    0    0    4    0]
 [  31   40 4996   45  215    0   18    0   45    0]
 [  73  747  257 4223   43    0    9    0   17    1]
 [   7  171 2009  488 2650    0   25    0   31    0]
 [   0    3    0    0    0 4255    0 1088    3   27]
 [1230  206 2511  289  484    1  552    1  176    0]
 [   0    0    0    0    0    6    0 5310    1   66]
 [  10   30   47   16   25   26    9   74 5167    4]
 [   0    5    0    3    0   26    0  862    1 4536]]

2018-10-01 10:00:35,492: Epoch number: 3
2018-10-01 10:05:06,046: Epoch number: 4
2018-10-01 10:23:22,389: Accuracy:  0.8261
2018-10-01 10:23:22,390: Confusion Matrix: 
[[4790    1   78  175   75    0  194    0  126    0]
 [  12 5039   38  182   48    0   42    0    9    0]
 [  52    0 3227   19 1841    0  159    0   92    0]
 [ 224    1   53 4520  418    0  129    0   24    1]
 [   9    0   62  135 5074    0   50    0   51    0]
 [   1    0    0    2    0 5159    1  123   24   66]
 [1545    1  399   74 1915    1 1294    0  221    0]
 [   0    0    0    0    0   76    0 4876    5  426]
 [  21    2    4   12   32   13   13    0 5308    3]
 [   0    0    0    1    1   10    0   93    5 5323]]

2018-10-01 10:23:22,390: Epoch number: 5
2018-10-01 10:27:49,906: Epoch number: 6
2018-10-01 10:46:04,591: Accuracy:  0.8705
2018-10-01 10:46:04,592: Confusion Matrix: 
[[4944    4   33   96   13    1  298    0   50    0]
 [  22 5232    2   81    7    8   15    0    3    0]
 [  98    4 4379   26  296    1  559    0   27    0]
 [ 378   25   17 4469  202    5  269    0    5    0]
 [  17   10  250  136 4165    1  780    0   22    0]
 [   0    0    0    0    0 5228    1  109   14   24]
 [1574    8  380   50  313    2 3063    0   60    0]
 [   0    0    0    0    0  100    0 4981    4  298]
 [  21    9    3    7   17   33   59    0 5257    2]
 [   0    0    0    1    0   35    1  103    2 5291]]

2018-10-01 10:46:04,592: Epoch number: 7
2018-10-01 10:50:30,032: Epoch number: 8
2018-10-01 11:09:06,505: Accuracy:  0.8693
2018-10-01 11:09:06,506: Confusion Matrix: 
[[5128    4   78   42    2    3  126    2   54    0]
 [  34 5203   15  105    1    0    8    0    4    0]
 [ 101    1 4935   49  131    0  133    0   40    0]
 [ 647   21   44 4456   56    0  138    0    8    0]
 [ 142    4  631  193 3979    0  410    0   22    0]
 [   0    1    0    0    0 5261    1   60    3   50]
 [1730    4  783   54  359    2 2421    0   97    0]
 [   0    0    0    0    0  137    0 5022    0  224]
 [  34    6   13    9   11   44   25   10 5253    3]
 [   0    0    0    1    0   22    0  125    2 5283]]

2018-10-01 11:09:06,506: Epoch number: 9
2018-10-01 11:13:29,655: Epoch number: 10
2018-10-01 11:31:35,515: Accuracy:  0.8755
2018-10-01 11:31:35,515: Confusion Matrix: 
[[4815    6  231  172   20    0  145    0   50    0]
 [  11 5239   14   91    4    0    9    0    2    0]
 [  42    1 5168   32  127    0   14    1    5    0]
 [ 132   19  188 4825  133    0   67    0    6    0]
 [   6    5  771  176 4367    0   51    0    5    0]
 [   1    0    0    1    0 5276    1   54    9   34]
 [1317    5 1227  111  794    1 1950    0   45    0]
 [   0    0    0    0    0  105    0 5161    2  115]
 [  12    9   53   14   14   18   18    0 5268    2]
 [   0    0    0    1    1   21    0  195    5 5210]]

2018-10-01 11:31:35,516: Epoch number: 11
2018-10-01 11:35:59,397: Epoch number: 12
2018-10-01 11:54:10,348: Accuracy:  0.8944
2018-10-01 11:54:10,349: Confusion Matrix: 
[[4601   13   80  158   21    1  472    0   93    0]
 [   3 5256    2   79    3    2   12    0   13    0]
 [  35    1 4648   38  424    1  224    0   19    0]
 [ 110   15   70 4862  142    0  158    0   13    0]
 [   4    6  219  210 4758    0  172    0   12    0]
 [   0    1    0    0    0 5303    1   62    3    6]
 [ 718    8  426  101  687    1 3430    0   79    0]
 [   0    0    0    0    0  219    0 5082    1   81]
 [   5   10    7    5   23   24   18    0 5314    2]
 [   0    0    0    1    0  139    0  246    4 5043]]

2018-10-01 11:54:10,349: Epoch number: 13
2018-10-01 11:58:55,573: Epoch number: 14
2018-10-01 12:17:51,456: Accuracy:  0.8928
2018-10-01 12:17:51,456: Confusion Matrix: 
[[4907   11   48  219   23    0  205    0   26    0]
 [   7 5259    1   85    2    0   15    0    1    0]
 [  71    3 4557   60  263    0  434    0    2    0]
 [  96   24    6 4939  166    0  137    0    2    0]
 [   7    7  300  180 4578    0  306    0    3    0]
 [   0    0    0    0    0 5108    1  234    2   31]
 [1290    8  278  131  505    1 3224    0   13    0]
 [   0    0    0    0    0   21    0 5279    1   82]
 [  31    9    8   13   29    9   73   16 5215    5]
 [   0    0    0    2    1   11    0  271    1 5147]]

2018-10-01 12:17:51,458: Epoch number: 15
2018-10-01 12:22:31,365: Epoch number: 16
2018-10-01 12:41:16,374: Accuracy:  0.8987
2018-10-01 12:41:16,374: Confusion Matrix: 
[[4720   14   83  262    8    1  262    0   89    0]
 [   1 5234    2  121    2    0    2    0    8    0]
 [  55    1 4838   57  183    2  225    0   29    0]
 [  70   23   43 5032  112    0   80    0   10    0]
 [   6    6  333  210 4478    0  316    0   31    1]
 [   0    1    0    0    0 5254    1   51    2   67]
 [ 850    5  425  203  366    1 3504    0   96    0]
 [   0    0    0    0    0  103    0 4764    0  516]
 [   9   11    4   12    6   19   16    2 5323    6]
 [   0    0    0    0    0   11    0   37    2 5383]]

2018-10-01 12:41:16,375: Epoch number: 17
2018-10-01 12:45:55,194: Epoch number: 18
2018-10-01 13:04:36,912: Accuracy:  0.8977
2018-10-01 13:04:36,913: Confusion Matrix: 
[[4891    8   95  123   36    0  248    2   36    0]
 [   7 5284    1   66    5    0    6    0    1    0]
 [  57    4 4641   35  474    0  172    0    7    0]
 [ 138   21   40 4772  305    0   90    0    4    0]
 [   5    7  216   92 4962    0   90    0    9    0]
 [   0    0    0    0    0 5249    1   78    1   47]
 [ 930   10  425   91  955    1 3006    0   32    0]
 [   0    0    0    0    0   60    0 5220    0  103]
 [  16    9    5   13   31   22   19   16 5271    6]
 [   0    0    0    0    0   13    0  239    1 5180]]

2018-10-01 13:04:36,913: Epoch number: 19
2018-10-01 13:09:15,682: Epoch number: 20
2018-10-01 13:27:33,089: Accuracy:  0.8874
2018-10-01 13:27:33,089: Confusion Matrix: 
[[4524    8  138  413   13    4  292    3   44    0]
 [   0 5224    2  134    2    1    2    0    5    0]
 [  36    1 5094   89  108    1   50    2    9    0]
 [  33    9   45 5159   80    1   41    0    2    0]
 [   7    3  633  382 4252    0   92    1   11    0]
 [   0    0    0    1    0 5316    0   48    0   11]
 [ 683    6  782  351  666    2 2928    4   28    0]
 [   0    0    0    0    0  165    0 5147    0   71]
 [  10    8   23   23    9   83   16   52 5180    4]
 [   0    0    0    1    0   58    0  279    1 5094]]

2018-10-01 13:27:33,090: Epoch number: 21
2018-10-01 13:32:10,809: Epoch number: 22
2018-10-01 13:50:42,248: Accuracy:  0.8866
2018-10-01 13:50:42,249: Confusion Matrix: 
[[4320   12  128  173   28    0  739    1   38    0]
 [  11 5282    3   65    5    0    2    0    2    0]
 [  38    1 5090   34  147    0   76    0    4    0]
 [  92   37  132 4862  159    0   88    0    0    0]
 [   5   11  692  177 4444    0   48    0    4    0]
 [   0    0    0    0    0 5182    1  145    2   46]
 [ 455   10  755  109 1056    1 3045    0   19    0]
 [   0    0    0    0    0   27    0 5233    0  123]
 [  11   11   33   21   27   22   38   17 5226    2]
 [   0    0    0    1    1   11    0  224    2 5194]]

2018-10-01 13:50:42,249: Epoch number: 23
2018-10-01 13:55:21,095: Epoch number: 24
2018-10-01 14:13:33,838: Accuracy:  0.8963
2018-10-01 14:13:33,839: Confusion Matrix: 
[[4116    9  121  588   11    0  465    0  129    0]
 [   1 5253    6   93    2    2    1    0   12    0]
 [  34    1 4946   71  182    0  121    0   35    0]
 [  25   16   25 5139   86    0   52    0   27    0]
 [   3    7  385  251 4502    0  188    0   45    0]
 [   0    0    0    0    0 5167    0  149    4   56]
 [ 421   10  568  336  445    1 3554    0  115    0]
 [   0    0    0    0    0   34    0 5237    1  111]
 [   3   10   12   14    7   12    8   12 5326    4]
 [   0    0    0    0    0   12    0  257    2 5162]]

2018-10-01 14:13:33,839: Epoch number: 25
2018-10-01 14:18:10,070: Epoch number: 26
2018-10-01 14:36:21,625: Accuracy:  0.9009
2018-10-01 14:36:21,625: Confusion Matrix: 
[[4954    4   59  176   26    0  176    0   44    0]
 [  10 5261    2   85    4    0    6    0    2    0]
 [  87    2 4575   89  330    0  298    0    9    0]
 [ 145   15   10 4969  161    0   67    0    3    0]
 [  12    6  187  198 4771    0  201    0    6    0]
 [   0    0    0    0    0 5215    1  124    1   35]
 [1129    8  273  157  618    1 3236    0   28    0]
 [   0    0    0    0    0   30    0 5287    0   66]
 [  18    7    3   16   26   12   21   20 5279    6]
 [   0    0    0    0    2   14    0  316    1 5100]]

2018-10-01 14:36:21,626: Epoch number: 27
2018-10-01 14:40:56,887: Epoch number: 28
2018-10-01 14:59:25,894: Accuracy:  0.9022
2018-10-01 14:59:25,895: Confusion Matrix: 
[[4693    4   47   99    6    0  559    0   31    0]
 [  12 5267    1   50    2    0   35    0    3    0]
 [  62    1 4369   35  257    0  659    0    7    0]
 [ 128   27   19 4859   70    0  262    0    4    1]
 [   9    7  174  235 4370    0  582    0    4    0]
 [   0    0    0    0    0 5258    1   84    4   29]
 [ 661    5  161   76  264    1 4263    0   19    0]
 [   0    0    0    0    0   73    0 5208    0  102]
 [  25    2    4    8    9   14   75   13 5255    3]
 [   0    0    0    0    1   28    0  225    2 5177]]

2018-10-01 14:59:25,896: Epoch number: 29
2018-10-01 15:04:06,136: Epoch number: 30
2018-10-01 15:22:35,256: Accuracy:  0.8872
2018-10-01 15:22:35,257: Confusion Matrix: 
[[4619    2  132   95   46    0  458    0   87    0]
 [  11 5247    3   73   10    0   17    0    9    0]
 [  38    2 4595   34  565    0  132    0   24    0]
 [ 211   16   48 4600  351    0  116    0   27    1]
 [   7    3  160  105 5040    0   48    0   18    0]
 [   0    1    0    0    0 5222    1  114    2   36]
 [ 623    2  415   70 1370    1 2889    0   80    0]
 [   0    0    0    0    0   48    0 5237    2   96]
 [   3    5    8    6   19   13   15   11 5326    2]
 [   0    0    0    0    0   35    0  261    2 5135]]

2018-10-01 15:22:35,257: Epoch number: 31
2018-10-01 15:27:13,437: Epoch number: 32
2018-10-01 15:45:27,893: Accuracy:  0.8885
2018-10-01 15:45:27,894: Confusion Matrix: 
[[3361   13   70  400   42    1 1447    0  105    0]
 [   2 5271    4   70   12    0    7    0    4    0]
 [  54    1 4619   73  290    0  330    0   23    0]
 [  15   37   18 5025  135    0  128    0   12    0]
 [   3    6  225  231 4645    0  255    0   16    0]
 [   0    0    0    0    0 5226    1   91    3   55]
 [ 178    6  277  209  504    1 4214    0   61    0]
 [   0    0    0    0    0  117    0 5180    2   84]
 [   8    9    8   20   17   10   21   10 5301    4]
 [   0    0    0    1    0   16    0  277    3 5136]]

2018-10-01 15:45:27,894: Epoch number: 33
2018-10-01 15:50:05,103: Epoch number: 34
2018-10-01 16:08:35,444: Accuracy:  0.9005
2018-10-01 16:08:35,444: Confusion Matrix: 
[[4690    3   59  149   35    0  456    0   47    0]
 [   6 5235    1   99   11    0   15    0    3    0]
 [  43    2 3994   79  488    0  763    0   21    0]
 [ 104   11   10 4957  167    0  115    0    6    0]
 [   4    3   84  185 4759    0  334    0   12    0]
 [   0    0    0    0    0 5211    1   96    3   65]
 [ 638    3  139  142  420    1 4060    0   47    0]
 [   0    0    0    0    0   52    0 5221    1  109]
 [   6    5    0   14   18    9   23    6 5319    8]
 [   0    0    0    0    1    8    0  240    2 5182]]

2018-10-01 16:08:35,445: Epoch number: 35
2018-10-01 16:13:09,407: Epoch number: 36
2018-10-01 16:31:41,928: Accuracy:  0.9033
2018-10-01 16:31:41,928: Confusion Matrix: 
[[4763    5   94  126   14    0  403    0   34    0]
 [  10 5272    2   70    6    0    6    0    4    0]
 [  86    0 4860   39  270    0  123    0   12    0]
 [ 129   16   63 4887  165    0  107    0    3    0]
 [  17    6  294  180 4761    0  112    0   11    0]
 [   1    0    0    0    0 5224    1   92    1   57]
 [ 726    6  489   98  697    1 3403    0   30    0]
 [   0    0    0    0    0   68    0 5185    0  130]
 [  29    8   15   18   14   16   29    8 5267    4]
 [   0    0    0    0    1    6    0  267    1 5158]]

2018-10-01 16:31:41,929: Epoch number: 37
2018-10-01 16:36:14,894: Epoch number: 38
2018-10-01 16:54:23,670: Accuracy:  0.9046
2018-10-01 16:54:23,671: Confusion Matrix: 
[[4685    7  105  175   19    1  415    1   31    0]
 [   7 5266    1   78    6    0   10    0    2    0]
 [  57    3 4653   64  398    0  205    0   10    0]
 [ 111   24   44 4967  129    0   91    0    4    0]
 [  11    5  187  213 4714    0  241    0   10    0]
 [   1    0    0    1    0 5153    0  169    5   47]
 [ 639    6  421  154  497    1 3711    0   21    0]
 [   0    0    0    0    0   28    0 5231    0  124]
 [  20   11   12   20   18    7   26   22 5268    4]
 [   0    0    0    0    1    7    0  222    2 5201]]

2018-10-01 16:54:23,671: Epoch number: 39
2018-10-01 16:59:13,307: Epoch number: 40
2018-10-01 17:17:34,387: Accuracy:  0.8985
2018-10-01 17:17:34,387: Confusion Matrix: 
[[4499   14   86  398   17    1  396    0   28    0]
 [   2 5267    4   90    5    0    1    0    1    0]
 [  53    3 4769  104  201    1  251    0    8    0]
 [  51   34   17 5152   53    0   61    0    2    0]
 [   9    9  351  406 4352    0  246    0    8    0]
 [   0    1    0    1    0 5318    0   26    1   29]
 [ 609    9  371  323  401    1 3712    0   24    0]
 [   0    0    0    0    0  264    0 4984    0  135]
 [  11   14   15   37   15   30   24    5 5253    4]
 [   0    0    0    2    0   44    0  174    2 5211]]

2018-10-01 17:17:34,388: Epoch number: 41
2018-10-01 17:22:23,285: Epoch number: 42
2018-10-01 17:40:40,044: Accuracy:  0.9098
2018-10-01 17:40:40,044: Confusion Matrix: 
[[4633    6   81  123   13    0  547    0   36    0]
 [   9 5269    6   67    3    0   11    0    5    0]
 [  54    2 4728   37  270    0  286    0   13    0]
 [  96   30   42 4885  146    0  161    0    9    1]
 [  10    5  241  174 4553    0  385    0   13    0]
 [   0    0    0    0    0 5231    1  118    3   23]
 [ 517    6  339  100  323    1 4123    0   41    0]
 [   0    0    0    0    0   31    0 5264    1   87]
 [   8    8   11    3   19    7   34    7 5308    3]
 [   0    0    0    0    1   25    0  269    3 5135]]

2018-10-01 17:40:40,045: Epoch number: 43
2018-10-01 17:45:29,268: Epoch number: 44
2018-10-01 18:03:51,214: Accuracy:  0.9114
2018-10-01 18:03:51,214: Confusion Matrix: 
[[4654    5   85  126   12    0  514    0   43    0]
 [   9 5248    6   88    2    0   12    0    5    0]
 [  51    1 4784   41  264    0  236    0   13    0]
 [ 100   11   39 4957  123    0  134    0    6    0]
 [  15    3  238  196 4671    0  246    0   12    0]
 [   0    0    0    0    0 5254    1   85    2   34]
 [ 553    5  368  109  434    1 3941    0   39    0]
 [   0    0    0    0    0   46    0 5240    0   97]
 [  10    6   14    7   21   10   23    6 5307    4]
 [   0    0    0    0    1   23    0  246    2 5161]]

2018-10-01 18:03:51,215: Epoch number: 45
2018-10-01 18:08:39,804: Epoch number: 46
2018-10-01 18:26:56,835: Accuracy:  0.9116
2018-10-01 18:26:56,836: Confusion Matrix: 
[[4643    9   88  133   10    0  513    0   43    0]
 [   6 5269    6   72    2    0   10    0    5    0]
 [  50    2 4810   44  253    0  217    0   14    0]
 [  98   19   41 4968  110    0  129    0    5    0]
 [  16    6  249  200 4635    0  263    0   12    0]
 [   0    0    0    0    0 5259    1   83    2   31]
 [ 572    5  382  112  400    1 3941    0   37    0]
 [   0    0    0    0    0   47    0 5239    0   97]
 [  12    8   15    9   14   13   26    6 5301    4]
 [   0    0    0    0    1   25    0  241    2 5164]]

2018-10-01 18:26:56,836: Epoch number: 47
2018-10-01 18:31:49,180: Epoch number: 48
2018-10-01 18:49:52,552: Accuracy:  0.9117
2018-10-01 18:49:52,552: Confusion Matrix: 
[[4667    7   85  125    9    0  502    0   44    0]
 [   7 5264    6   74    3    0   10    0    6    0]
 [  51    1 4807   41  262    0  214    0   14    0]
 [ 106   18   39 4951  117    0  134    0    5    0]
 [  19    4  247  193 4675    0  232    0   11    0]
 [   0    0    0    0    0 5254    1   86    2   33]
 [ 588    5  385  108  428    1 3898    0   37    0]
 [   0    0    0    0    0   45    0 5242    0   96]
 [  10    8   14    8   16   14   22    5 5307    4]
 [   0    0    0    0    1   24    0  237    2 5169]]

2018-10-01 18:49:52,553: Epoch number: 49
2018-10-01 18:54:43,808: Epoch number: 50
2018-10-01 19:13:08,239: Accuracy:  0.9115
2018-10-01 19:13:08,239: Confusion Matrix: 
[[4646    7   80  139    9    0  516    0   42    0]
 [   8 5261    5   78    3    0   10    0    5    0]
 [  54    1 4797   44  258    0  225    0   11    0]
 [ 104   11   39 4980  101    0  129    0    6    0]
 [  21    4  248  203 4642    0  252    0   11    0]
 [   0    0    0    0    0 5251    1   87    2   35]
 [ 583    5  375  117  410    1 3925    0   34    0]
 [   0    0    0    0    0   44    0 5244    0   95]
 [  11    8   13    9   15   12   25   10 5300    5]
 [   0    0    0    0    1   23    0  230    2 5177]]

