2018-10-05 21:32:04,032: ********************************************************************************
2018-10-05 21:32:04,032: {'train': True, 'test': True, 'dataset_path': 'data/fashion-mnist_stream.csv', 'loss_type': 'pdce', 'tensor_view': [-1, 28, 28], 'in_channels': 1, 'layers': 8, 'learning_rate': 0.001, 'threshold': 20.0, 'gamma': 0.05, 'tao': 20.0, 'b': 2.0, 'lambda_': 0.01, 'std_coefficient': 1.0, 'train_test_split': 6000, 'epoch_number': 10, 'test_frequency': 2}
2018-10-05 21:32:04,033: Trainset size: 6000
2018-10-05 21:32:04,033: Testset size: 54000
2018-10-05 21:32:05,443: DenseNet Channels: 174
2018-10-05 21:32:05,444: Epoch number: 1
2018-10-05 21:32:05,444: threshold: 20.0000, gamma: 0.0500, tao: 20.0000, b: 2.0000
2018-10-05 21:36:15,568: Prototypes Count: 6
2018-10-05 21:36:15,570: Distance Average: {0: 7.1973014, 1: 5.8730907, 2: 7.142467, 3: 7.3275404, 4: 7.2661505, 6: 7.6059284}
2018-10-05 21:36:15,571: Distance Std: {0: 1.0998187, 1: 1.2681615, 2: 0.9926258, 3: 1.1448281, 4: 0.9150332, 6: 0.9919369}
2018-10-05 21:36:15,571: Distance Threshold: {0: 8.297120094299316, 1: 7.141252279281616, 2: 8.135092794895172, 3: 8.472368478775024, 4: 8.181183695793152, 6: 8.597865343093872}
2018-10-05 21:36:15,571: Epoch number: 2
2018-10-05 21:36:15,571: threshold: 11.9136, gamma: 0.1416, tao: 11.9136, b: 1.2125
2018-10-05 21:40:17,472: Prototypes Count: 6
2018-10-05 21:40:17,474: Distance Average: {0: 4.464258, 1: 3.7622566, 2: 5.013326, 3: 5.06209, 4: 5.173235, 6: 5.408279}
2018-10-05 21:40:17,474: Distance Std: {0: 1.0129566, 1: 1.0310374, 2: 0.90236276, 3: 0.8787957, 4: 0.7879352, 6: 0.8597206}
2018-10-05 21:40:17,474: Distance Threshold: {0: 5.477214813232422, 1: 4.793294072151184, 2: 5.915688931941986, 3: 5.940885603427887, 4: 5.961170136928558, 6: 6.267999529838562}
2018-10-05 21:52:36,208: Accuracy:  0.4697
2018-10-05 21:52:36,209: True Positive: 22569
2018-10-05 21:52:36,209: False Positive: 1334
2018-10-05 21:52:36,209: False Negative: 1431
2018-10-05 21:52:36,209: Precision:  0.9442
2018-10-05 21:52:36,209: Recall:  0.9403
2018-10-05 21:52:36,209: Confusion Matrix: 
[[4158    7  108  202   29  508]
 [   0 4906    4   49   12    6]
 [  37    3 4367   61  421  109]
 [  54   55   31 4625  148  105]
 [   7   11  239  214 4297  234]
 [ 632   10  681  153  504 3013]]
2018-10-05 21:52:36,210: Epoch number: 3
2018-10-05 21:52:36,210: threshold: 9.0927, gamma: 0.2079, tao: 9.0927, b: 1.0706
2018-10-05 21:56:45,840: Prototypes Count: 6
2018-10-05 21:56:45,843: Distance Average: {0: 4.190495, 1: 3.29951, 2: 4.6370287, 3: 4.569418, 4: 4.860794, 6: 5.000818}
2018-10-05 21:56:45,843: Distance Std: {0: 0.91723746, 1: 0.91343695, 2: 0.8077842, 3: 0.78939134, 4: 0.6704622, 6: 0.69249713}
2018-10-05 21:56:45,843: Distance Threshold: {0: 5.107732474803925, 1: 4.212946951389313, 2: 5.444812893867493, 3: 5.358809292316437, 4: 5.531256258487701, 6: 5.693314909934998}
2018-10-05 21:56:45,843: Epoch number: 4
2018-10-05 21:56:45,843: threshold: 8.3626, gamma: 0.2261, tao: 8.3626, b: 0.9850
2018-10-05 22:00:51,119: Prototypes Count: 6
2018-10-05 22:00:51,121: Distance Average: {0: 4.4003882, 1: 3.2236793, 2: 3.787837, 3: 4.3000793, 4: 4.0236583, 6: 4.2736607}
2018-10-05 22:00:51,121: Distance Std: {0: 0.52930045, 1: 0.62686193, 2: 0.73958087, 3: 0.57741493, 4: 0.6713726, 6: 0.85735685}
2018-10-05 22:00:51,121: Distance Threshold: {0: 4.9296886920928955, 1: 3.8505412340164185, 2: 4.527417898178101, 3: 4.877494275569916, 4: 4.695030868053436, 6: 5.131017506122589}
2018-10-05 22:12:44,082: Accuracy:  0.4681
2018-10-05 22:12:44,082: True Positive: 23324
2018-10-05 22:12:44,082: False Positive: 1539
2018-10-05 22:12:44,082: False Negative: 676
2018-10-05 22:12:44,082: Precision:  0.9381
2018-10-05 22:12:44,082: Recall:  0.9718
2018-10-05 22:12:44,082: Confusion Matrix: 
[[4386    3   27  184   20  392]
 [  19 4855    2   68    9   24]
 [  57    3 3758   48  560  572]
 [ 102   27   17 4623  133  116]
 [  15    2   95  188 4200  502]
 [ 929    5  139  112  353 3455]]
2018-10-05 22:12:44,083: Epoch number: 5
2018-10-05 22:12:44,083: threshold: 7.1504, gamma: 0.2502, tao: 7.1504, b: 0.7883
2018-10-05 22:16:48,982: Prototypes Count: 7
2018-10-05 22:16:48,984: Distance Average: {0: 3.7128973, 1: 2.8525498, 2: 4.008008, 3: 3.9629705, 4: 3.8170679, 6: 4.3107543}
2018-10-05 22:16:48,984: Distance Std: {0: 0.74223226, 1: 0.6552419, 2: 0.5249537, 3: 0.5500887, 4: 0.5684733, 6: 0.52058804}
2018-10-05 22:16:48,985: Distance Threshold: {0: 4.455129563808441, 1: 3.5077916979789734, 2: 4.53296172618866, 3: 4.513059198856354, 4: 4.385541141033173, 6: 4.831342339515686}
2018-10-05 22:16:48,985: Epoch number: 6
2018-10-05 22:16:48,985: threshold: 6.7880, gamma: 0.2650, tao: 6.7880, b: 0.7535
2018-10-05 22:20:52,530: Prototypes Count: 7
2018-10-05 22:20:52,532: Distance Average: {0: 3.9810977, 1: 2.4539955, 2: 3.5009644, 3: 3.6164565, 4: 3.7433603, 6: 3.8221936}
2018-10-05 22:20:52,532: Distance Std: {0: 0.4890378, 1: 0.6923557, 2: 0.696181, 3: 0.71948385, 4: 0.6328014, 6: 0.8646129}
2018-10-05 22:20:52,532: Distance Threshold: {0: 4.470135509967804, 1: 3.146351158618927, 2: 4.197145402431488, 3: 4.335940361022949, 4: 4.376161694526672, 6: 4.686806499958038}
2018-10-05 22:32:52,487: Accuracy:  0.4741
2018-10-05 22:32:52,488: True Positive: 21689
2018-10-05 22:32:52,488: False Positive: 2540
2018-10-05 22:32:52,488: False Negative: 2311
2018-10-05 22:32:52,488: Precision:  0.8951
2018-10-05 22:32:52,488: Recall:  0.9037
2018-10-05 22:32:52,488: Confusion Matrix: 
[[4191    4  151  350   33  283]
 [   7 4882    5   64   12    7]
 [  52    4 4493   96  309   44]
 [  41   36   26 4747  119   49]
 [  11    3  263  203 4367  155]
 [ 582    4  631  306  547 2923]]
2018-10-05 22:32:52,489: Epoch number: 7
2018-10-05 22:32:52,489: threshold: 6.9388, gamma: 0.2845, tao: 6.9388, b: 0.8560
2018-10-05 22:36:59,353: Prototypes Count: 6
2018-10-05 22:36:59,355: Distance Average: {0: 3.1619322, 1: 2.4196036, 2: 3.504643, 3: 3.354382, 4: 3.3662593, 6: 3.4761393}
2018-10-05 22:36:59,355: Distance Std: {0: 0.59862494, 1: 0.6445958, 2: 0.49569273, 3: 0.61367214, 4: 0.6124526, 6: 0.6535072}
2018-10-05 22:36:59,355: Distance Threshold: {0: 3.760557174682617, 1: 3.064199388027191, 2: 4.000335693359375, 3: 3.968054175376892, 4: 3.97871196269989, 6: 4.129646480083466}
2018-10-05 22:36:59,355: Epoch number: 8
2018-10-05 22:36:59,355: threshold: 6.0599, gamma: 0.3114, tao: 6.0599, b: 0.7123
2018-10-05 22:41:09,254: Prototypes Count: 8
2018-10-05 22:41:09,256: Distance Average: {0: 3.7911475, 1: 2.7209938, 2: 3.447418, 3: 3.6268408, 4: 3.423206, 6: 4.0343}
2018-10-05 22:41:09,256: Distance Std: {0: 0.4529062, 1: 0.50201565, 2: 0.43444508, 3: 0.44462612, 4: 0.5156468, 6: 0.49767005}
2018-10-05 22:41:09,256: Distance Threshold: {0: 4.244053661823273, 1: 3.223009407520294, 2: 3.881863057613373, 3: 4.071466952562332, 4: 3.938852906227112, 6: 4.531969904899597}
2018-10-05 22:53:40,545: Accuracy:  0.4730
2018-10-05 22:53:40,545: True Positive: 23435
2018-10-05 22:53:40,545: False Positive: 1579
2018-10-05 22:53:40,545: False Negative: 565
2018-10-05 22:53:40,545: Precision:  0.9368
2018-10-05 22:53:40,545: Recall:  0.9764
2018-10-05 22:53:40,545: Confusion Matrix: 
[[4665    3   53  126    6  159]
 [  13 4891    4   56    0   13]
 [ 151    2 4472   96  152  125]
 [ 159   41   17 4710   36   55]
 [  29    6  461  358 3910  238]
 [1010    5  539  148  397 2894]]
2018-10-05 22:53:40,546: Epoch number: 9
2018-10-05 22:53:40,546: threshold: 6.0206, gamma: 0.2854, tao: 6.0206, b: 0.6291
2018-10-05 22:57:45,338: Prototypes Count: 6
2018-10-05 22:57:45,341: Distance Average: {0: 2.9094782, 1: 2.238097, 2: 3.7116597, 3: 2.9868703, 4: 3.308093, 6: 3.5299833}
2018-10-05 22:57:45,341: Distance Std: {0: 0.533502, 1: 0.5267847, 2: 0.43406838, 3: 0.62841237, 4: 0.60827196, 6: 0.50010103}
2018-10-05 22:57:45,341: Distance Threshold: {0: 3.442980170249939, 1: 2.764881670475006, 2: 4.145728051662445, 3: 3.615282654762268, 4: 3.9163650274276733, 6: 4.030084311962128}
2018-10-05 22:57:45,341: Epoch number: 10
2018-10-05 22:57:45,341: threshold: 6.0216, gamma: 0.3213, tao: 6.0216, b: 0.7274
2018-10-05 23:01:49,676: Prototypes Count: 6
2018-10-05 23:01:49,678: Distance Average: {0: 3.3412929, 1: 2.1937675, 2: 3.1148021, 3: 3.0790544, 4: 3.2533264, 6: 3.7437499}
2018-10-05 23:01:49,678: Distance Std: {0: 0.42001045, 1: 0.5641516, 2: 0.55246687, 3: 0.48418897, 4: 0.5984216, 6: 0.421166}
2018-10-05 23:01:49,679: Distance Threshold: {0: 3.7613033056259155, 1: 2.757919132709503, 2: 3.667268991470337, 3: 3.563243329524994, 4: 3.851747989654541, 6: 4.164915859699249}
2018-10-05 23:13:59,871: Accuracy:  0.4684
2018-10-05 23:13:59,871: True Positive: 23543
2018-10-05 23:13:59,871: False Positive: 2050
2018-10-05 23:13:59,871: False Negative: 457
2018-10-05 23:13:59,871: Precision:  0.9199
2018-10-05 23:13:59,871: Recall:  0.9809
2018-10-05 23:13:59,871: Confusion Matrix: 
[[4614    4  116   89   25  164]
 [  17 4856    8   78   10    8]
 [  54    0 4452   38  366   88]
 [ 169   24   72 4473  196   84]
 [  14    3  195  116 4609   65]
 [ 990    6  538   97 1072 2290]]
2018-10-05 23:13:59,877: ------ 6140.708s ------
[2018-10-15 11:57:30,230] ********************************************************************************
[2018-10-15 11:57:30,230] {'dataset_path': 'data/fashion-mnist_sample_2000.csv', 'loss_type': 'pdce', 'tensor_view': [-1, 28, 28], 'in_channels': 1, 'number_layers': 8, 'growth_rate': 12, 'learning_rate': 0.001, 'threshold': 5.903074502944946, 'gamma': 0.32073795276195083, 'tao': 5.903074502944946, 'b': 0.696316123008728, 'lambda_': 0.01, 'std_coefficient': 1.0, 'train_test_split': 6000}
[2018-10-15 11:57:30,231] Trainset size: 2000
[2018-10-15 11:57:30,231] Testset size: 0
[2018-10-15 11:57:30,253] DenseNet Channels: 174
