2018-09-30 12:30:16,097: {'dataset_path': 'data/cifar10_train.csv', 'loss_type': 'cel', 'tensor_view': [-1, 32, 32], 'in_channels': 3, 'layers': 10, 'learning_rate': 0.001, 'train_test_split': 6000, 'epoch_number': 50, 'test_frequency': 2}
2018-09-30 12:30:16,097: Trainset size: 6000
2018-09-30 12:30:16,097: Testset size: 44000
2018-09-30 12:30:17,405: DenseNet Channels: 216
2018-09-30 12:30:17,450: Epoch number: 1
2018-09-30 12:34:37,506: Epoch number: 2
2018-09-30 12:38:54,684: Testset size: 44000
2018-09-30 12:50:06,035: Accuracy:  0.2455
2018-09-30 12:50:06,035: Confusion Matrix: 
[[ 472    2  139    0   20    0   51  867 2833   21]
 [  16  305    9    0    2    0  168 1794 1971  155]
 [ 165    2  732    0  259    0  118 2413  709    7]
 [  50    2  204    0  144    4  193 3372  390    9]
 [  47    0  394    0  474    0  103 2857  478    9]
 [  18    0  211    0  111    6   94 3758  223    2]
 [  26    2  333    0  371    0  677 2705  291    8]
 [  39    1   42    0   36    0   32 3948  297   24]
 [  27   14   37    0    9    0   67  556 3667   18]
 [  18   61   17    0    3    0   77 1385 2307  522]]

2018-09-30 12:50:06,036: Epoch number: 3
2018-09-30 12:54:32,555: Epoch number: 4
2018-09-30 12:58:51,179: Testset size: 44000
2018-09-30 13:09:46,749: Accuracy:  0.3565
2018-09-30 13:09:46,750: Confusion Matrix: 
[[ 802  147   93    0   97    7   11  291 2684  273]
 [  76 2442   12    0   18    8   28  433  631  772]
 [ 464  128  440    0 1359  111  102 1115  608   78]
 [ 168  173  157    0 1145  272  183 1821  267  182]
 [ 227   50  170    0 1960   32   96 1401  340   86]
 [ 124   89  133    0 1259  421   83 2093  154   67]
 [ 134  148  171    0 1673   67  705 1206  183  126]
 [  96  117   36    0  441   40   30 3252  121  286]
 [ 133  233   29    0   33    7   12  154 3520  274]
 [  84 1048   12    0   18    9   24  362  688 2145]]

2018-09-30 13:09:46,750: Epoch number: 5
2018-09-30 13:14:13,637: Epoch number: 6
2018-09-30 13:18:40,245: Testset size: 44000
2018-09-30 13:29:51,288: Accuracy:  0.3828
2018-09-30 13:29:51,289: Confusion Matrix: 
[[1840   10  265    0   24   17   70  180 1986   13]
 [ 417 1182   56    1    3   21  183  407 1963  187]
 [ 604    5 1498    2  321  240  669  765  301    0]
 [ 195    5  462    4  256  519 1424 1309  187    7]
 [ 269    3  548    1  968  108  818 1483  163    1]
 [  82    1  484    0  321  812  887 1762   71    3]
 [ 124    9  378    2  300   66 2787  619  122    6]
 [ 167    9  184    2  155  179  348 3246  114   15]
 [ 378    6   74    3    7   36   80  101 3703    7]
 [ 343  497   59    1    4   28  271  439 1946  802]]

2018-09-30 13:29:51,290: Epoch number: 7
2018-09-30 13:34:09,185: Epoch number: 8
2018-09-30 13:38:35,511: Testset size: 44000
2018-09-30 13:49:46,852: Accuracy:  0.4397
2018-09-30 13:49:46,852: Confusion Matrix: 
[[2648  138  175    0   22  385   61  348  581   47]
 [ 132 3059    9    0    1  325  111  383  304   96]
 [ 506   27  399    0  122 2520  283  465   73   10]
 [  65   34   54    0   22 3429  255  438   53   18]
 [ 171   18   72    1  532 1773  354 1407   31    3]
 [  26   11   30    1   31 3684   95  520   18    7]
 [  41   23   47    6  101 1909 1898  333   28   27]
 [  33   15   16    1   21 1182   45 3076   18   12]
 [ 722  201   40    4    1  370   70  124 2805   58]
 [ 195 1552    4    0    2  364  140  565  322 1246]]

2018-09-30 13:49:46,853: Epoch number: 9
2018-09-30 13:54:05,510: Epoch number: 10
2018-09-30 13:58:25,772: Testset size: 44000
2018-09-30 14:09:31,714: Accuracy:  0.4843
2018-09-30 14:09:31,714: Confusion Matrix: 
[[1845  194  282   41  104  114   29  155  904  737]
 [  21 2561    3    2    4   15   21   53   81 1659]
 [ 299   92  788  114  975  881  233  629  110  284]
 [  37   91   81  314  281 1693  435  641   76  719]
 [  92   37   55   67 1728  338  272 1423   78  272]
 [  14   63   69  151  405 2324  142  860   27  368]
 [  17   82   77  127  651  319 2090  408   23  619]
 [   7   89   14   19  146  376   34 3058   19  657]
 [ 257  311   38   23   20   49   38   41 2724  894]
 [  42  275    6    6    6   26   21   59   71 3878]]

2018-09-30 14:09:31,715: Epoch number: 11
2018-09-30 14:13:48,743: Epoch number: 12
2018-09-30 14:18:06,636: Testset size: 44000
2018-09-30 14:29:11,926: Accuracy:  0.5527
2018-09-30 14:29:11,926: Confusion Matrix: 
[[2403   97  194   55   42   51  140   35 1241  147]
 [  65 3170    6   20    5   18  159   34  524  419]
 [ 435   31 1522  144  366  518  988   39  329   33]
 [  77   20  250  740  129  910 1853   33  281   75]
 [ 136   13  317  130 1980  246 1164  203  146   27]
 [  33    6  337  565  237 2023 1004   73  100   45]
 [  32   16  125   48  163   44 3804   13  126   42]
 [  49   18  109  202  657  781  466 1978   72   87]
 [ 195   89   17   32   17   22  131    9 3802   81]
 [  97  513   10   41    3   40  272   33  483 2898]]

2018-09-30 14:29:11,927: Epoch number: 13
2018-09-30 14:33:34,313: Epoch number: 14
2018-09-30 14:37:52,598: Testset size: 44000
2018-09-30 14:49:05,323: Accuracy:  0.5951
2018-09-30 14:49:05,324: Confusion Matrix: 
[[3169   72  347   33   20   89   45   56  294  280]
 [ 113 2637   24    9    0   59   66   60  214 1238]
 [ 445   27 2183   64  153  844  391  165   69   64]
 [ 122   17  465  592   56 2190  591  134   79  122]
 [ 218   12  645  108 1500  635  603  551   42   48]
 [  45    7  464  186  111 3082  257  183   25   63]
 [  47   17  323  152   97  333 3274   45   32   93]
 [  62   16  140   36  200  872   77 2839   24  153]
 [ 575   87  112   45    3   89   41   24 3238  181]
 [ 170  120   24   21    1  101   79  107   96 3671]]

2018-09-30 14:49:05,324: Epoch number: 15
2018-09-30 14:53:32,140: Epoch number: 16
2018-09-30 14:57:53,966: Testset size: 44000
2018-09-30 15:09:01,886: Accuracy:  0.5679
2018-09-30 15:09:01,886: Confusion Matrix: 
[[2642   85   62   14    8   44    6   53 1279  212]
 [ 114 3463    4    6    2   13    4   34  453  327]
 [ 775   55 1467   99  121  779  148  302  553  106]
 [ 250   71  149  691   50 1784  200  261  537  375]
 [ 418   49  327  117 1264  514  176 1110  311   76]
 [ 125   44  200  245   61 2837   52  443  242  174]
 [ 145   99  317  238  263  390 2262  134  303  262]
 [ 221   68   68   51   46  489   19 3049  141  267]
 [ 153  129    3   10    1   21    1   10 3963  104]
 [ 165  567    2    8    2   12    8   30  248 3348]]

2018-09-30 15:09:01,887: Epoch number: 17
2018-09-30 15:13:23,578: Epoch number: 18
2018-09-30 15:17:50,174: Testset size: 44000
2018-09-30 15:28:55,423: Accuracy:  0.6238
2018-09-30 15:28:55,423: Confusion Matrix: 
[[2911   94  487  107   58   16   43   57  510  122]
 [ 151 3293   66   72   15   10   73  114  167  459]
 [ 282   17 2885  234  217  197  381  116   55   21]
 [ 116   18  635 1966  123  418  900   69   82   41]
 [ 149    4  721  341 2045  104  538  414   38    8]
 [  41    9  789 1306  174 1562  377  135   17   13]
 [  26   14  430  290  179   55 3340   32   25   22]
 [  81    7  305  425  325  356  130 2729   24   37]
 [ 307  145  139   88   23    5   76   20 3510   82]
 [ 197  350   53  179    9   16  118  114  146 3208]]

2018-09-30 15:28:55,424: Epoch number: 19
2018-09-30 15:33:13,064: Epoch number: 20
2018-09-30 15:37:38,724: Testset size: 44000
2018-09-30 15:48:33,213: Accuracy:  0.6460
2018-09-30 15:48:33,213: Confusion Matrix: 
[[3009   67  352  130   64   22   16   36  618   91]
 [ 134 3560   62   62   18   19   36   28  293  208]
 [ 341    9 2735  272  255  366  227   39  139   22]
 [ 115   10  494 2167  186  782  356   35  161   62]
 [ 144   10  648  330 2551  170  272  131   88   18]
 [  30    5  559 1116  271 2198  120   69   32   23]
 [  56   12  461  355  222   97 3077   11   68   54]
 [  72   17  304  337  719  538   38 2292   45   57]
 [ 235   85   47  101   17   20   33    7 3778   72]
 [ 205  588   33  138   16   35   27   57  234 3057]]

2018-09-30 15:48:33,214: Epoch number: 21
2018-09-30 15:52:50,693: Epoch number: 22
2018-09-30 15:57:09,560: Testset size: 44000
2018-09-30 16:08:14,285: Accuracy:  0.6134
2018-09-30 16:08:14,286: Confusion Matrix: 
[[3337  153  118   44  185    5   33   76  323  131]
 [ 104 3787   19   23   74   10   58   86  122  137]
 [ 578   43 1688  133 1163  121  376  192   92   19]
 [ 189   55  208 1274 1038  289  858  270  135   52]
 [ 181   16   71   83 3465   16  197  279   44   10]
 [  73   18  265  715 1196 1218  359  533   20   26]
 [  57   51  127   96 1005   17 2964   35   38   23]
 [  79   28   65  129  844   88   72 3052   21   41]
 [ 535  195   26   56   70   11   74   33 3341   54]
 [ 160  890   18   52   61   11  124  125   84 2865]]

2018-09-30 16:08:14,287: Epoch number: 23
2018-09-30 16:12:32,192: Epoch number: 24
2018-09-30 16:16:49,914: Testset size: 44000
2018-09-30 16:27:58,343: Accuracy:  0.6167
2018-09-30 16:27:58,343: Confusion Matrix: 
[[3319   51  104  100   12   29   22   73  259  436]
 [ 108 2741    2   23    5    9   21   37  187 1287]
 [ 624   12 1588  374   75  688  498  275  131  140]
 [ 193   11   88 2073   41  873  427  165  189  308]
 [ 277    4  292  517 1326  314  758  666  109   99]
 [  69    2  113  997   71 2540  174  259   64  134]
 [  85   15   86  341   53  138 3351   49   96  199]
 [  66    9   47  245  100  518   64 3118   46  206]
 [ 704   71    9   68    3   15   19   23 3097  386]
 [  96  105    3   48    3   25   23   47   57 3983]]

2018-09-30 16:27:58,344: Epoch number: 25
2018-09-30 16:32:21,843: Epoch number: 26
2018-09-30 16:36:40,123: Testset size: 44000
2018-09-30 16:47:52,007: Accuracy:  0.6333
2018-09-30 16:47:52,008: Confusion Matrix: 
[[2806   92  497   81   93   50    5  128  417  236]
 [  77 3251   90   50   20   67   13   77  141  634]
 [ 209    5 2606  164  450  665   52  185   46   23]
 [  64    5  418 1341  204 1963   60  197   50   66]
 [  58    5  313  230 2816  370   38  477   41   14]
 [  17    4  335  353  229 3176   25  246   13   25]
 [  26    9  664  649  673  404 1865   50   21   52]
 [  12    7  135   85  299  733    4 3095    8   41]
 [ 325  102  157  142   29   78   24   34 3320  184]
 [ 102  231   56   68   18  129   14  125   59 3588]]

2018-09-30 16:47:52,008: Epoch number: 27
2018-09-30 16:52:19,079: Epoch number: 28
2018-09-30 16:56:42,287: Testset size: 44000
2018-09-30 17:07:40,245: Accuracy:  0.6455
2018-09-30 17:07:40,246: Confusion Matrix: 
[[2836  231  316  131   42   21   24   36  516  252]
 [  43 3706   27   51    5   15   36   23   68  446]
 [ 280   53 2304  441  198  552  374   79   81   43]
 [ 140   63  246 2506   97  670  373   64   70  139]
 [ 164   39  389  626 2022  231  557  255   50   29]
 [  41   23  243 1310  114 2318  204  103    9   58]
 [  38   40  199  454  116  111 3317   14   27   97]
 [ 125   35  182  517  196  612   74 2529   13  136]
 [ 247  289   85  146   17   18   41   30 3371  151]
 [  93  469   20  119    8   34   49   41   64 3493]]

2018-09-30 17:07:40,246: Epoch number: 29
2018-09-30 17:12:03,443: Epoch number: 30
2018-09-30 17:16:30,946: Testset size: 44000
2018-09-30 17:27:42,052: Accuracy:  0.6322
2018-09-30 17:27:42,053: Confusion Matrix: 
[[2547  121  524  280   97  171    8   63  488  106]
 [  54 3652  109   66   10   72   25   55  155  222]
 [ 121   17 2553  304  240  912  101   93   55    9]
 [  32    7  374 1872  156 1673   90   75   67   22]
 [  48   10  426  388 2484  495  107  351   43   10]
 [   9    8  345  580  188 3126   26  116   17    8]
 [  10   12  463  859  236  527 2239   20   34   13]
 [  12   14  205  182  272  883   11 2816   13   11]
 [ 226  110  109  196   32  106   29   19 3498   70]
 [ 128  499   74  181   17  209   28   99  126 3029]]

2018-09-30 17:27:42,054: Epoch number: 31
2018-09-30 17:32:00,595: Epoch number: 32
2018-09-30 17:36:24,625: Testset size: 44000
2018-09-30 17:47:43,771: Accuracy:  0.6588
2018-09-30 17:47:43,771: Confusion Matrix: 
[[2920  119  281  111  144   51   54   78  518  129]
 [  69 3588   45   27   32   27   70   59  193  310]
 [ 364   21 2063  231  571  466  426  181   65   17]
 [ 109   18  228 1790  342  925  658  147  107   44]
 [ 125   11  248  214 2826  177  319  371   57   14]
 [  33    7  206  713  434 2489  269  224   25   23]
 [  34    9  164  206  328  122 3451   35   34   30]
 [  54   12   97  189  470  490   68 2964   21   54]
 [ 279  102   60   90   43   41   85   20 3588   87]
 [ 127  383   24   67   27   55  123  102  172 3310]]

2018-09-30 17:47:43,772: Epoch number: 33
2018-09-30 17:52:02,172: Epoch number: 34
2018-09-30 17:56:20,336: Testset size: 44000
2018-09-30 18:07:30,202: Accuracy:  0.6445
2018-09-30 18:07:30,202: Confusion Matrix: 
[[3586  117  229  121   46   25    3   22  196   60]
 [ 189 3815   41   61   14   27    7   16  107  143]
 [ 522   22 2668  263  256  524   31   75   30   14]
 [ 204   25  438 2228  193 1073   72   68   34   33]
 [ 274   17  603  417 2539  270   52  152   28   10]
 [  57   16  359  899  264 2655   23  127   10   13]
 [  84   50  795  788  339  281 2016   14   23   23]
 [ 150   40  261  262  500  506    6 2657    6   31]
 [ 687  171   48  160   16   36    6    9 3203   59]
 [ 319  687   53  155   13   62    5   41   65 2990]]

2018-09-30 18:07:30,203: Epoch number: 35
2018-09-30 18:11:48,028: Epoch number: 36
2018-09-30 18:16:06,900: Testset size: 44000
2018-09-30 18:27:06,531: Accuracy:  0.6560
2018-09-30 18:27:06,531: Confusion Matrix: 
[[3116  141  127  259   52   30   15   26  450  189]
 [  84 3840    8   50    9   19   13   11  100  286]
 [ 448   46 1850  704  319  615  202   76   94   51]
 [ 102   25  122 2864  130  728  165   43   70  119]
 [ 159   29  212  752 2485  249  229  159   49   39]
 [  47   13  120 1376  198 2470   53   81   19   46]
 [  30   37  189  839  195  173 2817   10   31   92]
 [ 108   31   77  584  431  559   13 2502   21   93]
 [ 244  226   21  175   19   22   27   12 3507  142]
 [ 152  557    6  105   12   30   12   25   76 3415]]

2018-09-30 18:27:06,532: Epoch number: 37
2018-09-30 18:31:32,719: Epoch number: 38
2018-09-30 18:35:49,638: Testset size: 44000
2018-09-30 18:46:50,868: Accuracy:  0.6581
2018-09-30 18:46:50,869: Confusion Matrix: 
[[2960  123  378  231   78   22   81  120  270  142]
 [  77 3610   35   75    9   12   71   72  100  359]
 [ 228   19 2335  532  232  309  498  176   53   23]
 [  62   17  230 2618  123  437  637  143   55   46]
 [  62   10  342  545 2253  150  384  581   22   13]
 [  19   11  261 1459  157 1896  298  281   14   27]
 [  18   18  173  416  143   70 3481   47   17   30]
 [  25   13  167  392  172  303   58 3234   13   42]
 [ 429  204   95  191   21   12   96   36 3210  101]
 [ 159  361   38  146    9   26   99  106   86 3360]]

2018-09-30 18:46:50,869: Epoch number: 39
2018-09-30 18:51:17,869: Epoch number: 40
2018-09-30 18:55:42,918: Testset size: 44000
2018-09-30 19:06:31,397: Accuracy:  0.6431
2018-09-30 19:06:31,397: Confusion Matrix: 
[[2750  245  193  119   53   72    5   79  692  197]
 [  45 3869   20   42   14   30   10   40  118  232]
 [ 372   52 1939  463  295  848   77  211  124   24]
 [ 120   40  170 2284  142 1202   99  138  112   61]
 [ 119   33  199  515 2458  445   75  428   71   19]
 [  39   16  127  867  170 2958   22  179   26   19]
 [  56   50  331  996  267  383 2207   43   27   53]
 [  80   35   70  298  205  667    6 2960   27   71]
 [ 168  291   30  114   15   47   15   27 3609   79]
 [ 103  611   25  100    9   68   13   80  119 3262]]

2018-09-30 19:06:31,398: Epoch number: 41
2018-09-30 19:10:50,720: Epoch number: 42
2018-09-30 19:15:18,036: Testset size: 44000
2018-09-30 19:26:24,262: Accuracy:  0.6437
2018-09-30 19:26:24,262: Confusion Matrix: 
[[3336  125  221   91   30   11   13   13  327  238]
 [  97 3588   25   21   12    6   17   11   69  574]
 [ 529   47 2436  431  271  318  171   61   81   60]
 [ 242   50  315 2566  132  507  228   35  116  177]
 [ 284   23  365  618 2374  251  198  136   75   38]
 [  85   36  393 1364  138 2142   81   81   29   74]
 [  67   50  337  683  227  112 2741   10   49  137]
 [ 215   46  289  450  414  545   27 2271   26  136]
 [ 486  208   33   80    4    9   32    8 3185  350]
 [ 166  363   30   47    6   19   25   15   37 3682]]

2018-09-30 19:26:24,263: Epoch number: 43
2018-09-30 19:30:41,703: Epoch number: 44
2018-09-30 19:35:01,985: Testset size: 44000
2018-09-30 19:46:06,110: Accuracy:  0.6574
2018-09-30 19:46:06,111: Confusion Matrix: 
[[2907  139  364   62   48   22   34   29  627  173]
 [  78 3596   43   27    8   16   33   12  129  478]
 [ 313   41 2874  211  235  249  228   86  135   33]
 [ 140   26  535 1880  232  724  473  124  143   91]
 [ 148   33  777  264 2540  131  238  137   67   27]
 [  48   14  515  864  338 2155  201  206   35   47]
 [  41   20  516  282  246   76 3114   22   39   57]
 [  87   40  359  188  624  283   64 2645   27  102]
 [ 212  173   62   65   19   22   42   11 3625  164]
 [ 166  300   48   46   20   31   58   43   88 3590]]

2018-09-30 19:46:06,112: Epoch number: 45
2018-09-30 19:50:24,049: Epoch number: 46
2018-09-30 19:54:42,614: Testset size: 44000
2018-09-30 20:05:45,421: Accuracy:  0.6687
2018-09-30 20:05:45,422: Confusion Matrix: 
[[3383  115  331   64   51   19   17   31  237  157]
 [  89 3684   39   24   11    6   38   24   93  412]
 [ 369   35 2771  200  323  245  234  137   57   34]
 [ 217   21  525 1891  343  631  389  213   67   71]
 [ 220   24  517  193 2685  110  230  325   33   25]
 [  81   12  530  711  335 2143  143  430   10   28]
 [  57   28  441  257  351   95 3071   43   24   46]
 [ 155   35  337  207  315  215   49 2988   16  102]
 [ 482  210   79   67   40   25   43   21 3256  172]
 [ 207  335   35   72   11   20   42   54   61 3553]]

2018-09-30 20:05:45,422: Epoch number: 47
2018-09-30 20:10:05,788: Epoch number: 48
2018-09-30 20:14:23,965: Testset size: 44000
2018-09-30 20:25:22,746: Accuracy:  0.6728
2018-09-30 20:25:22,746: Confusion Matrix: 
[[3289   92  285   81   50   22   33   42  414   97]
 [ 162 3668   45   14   16    9   42   19  107  338]
 [ 364   24 2443  249  368  324  364  144   94   31]
 [ 175   22  402 2082  236  481  634  130  119   87]
 [ 176   24  337  233 2791  125  404  200   53   19]
 [  61   15  363 1074  306 2056  260  210   37   41]
 [  41   23  251  225  165   78 3519   36   34   41]
 [ 122   33  180  242  508  315   61 2876   25   57]
 [ 400  148   65   52   18   12   51   22 3505  122]
 [ 297  393   48   51   13   20   58   66   71 3373]]

2018-09-30 20:25:22,747: Epoch number: 49
2018-09-30 20:29:49,759: Epoch number: 50
2018-09-30 20:34:09,064: Testset size: 44000
2018-09-30 20:44:53,403: Accuracy:  0.6650
2018-09-30 20:44:53,403: Confusion Matrix: 
[[3078  114  423   57   35   11   27   58  457  145]
 [  70 3709   46   29    8    9   49   28  140  332]
 [ 290   26 3083  191  162  161  237  142   87   26]
 [ 164   28  750 1975  166  414  517  163  133   58]
 [ 156   11  812  281 2188  131  318  401   51   13]
 [  56    6  754  962  174 1863  263  271   33   41]
 [  43   24  551  229  110   42 3313   22   45   34]
 [  85   24  362  262  179  285   64 3060   28   70]
 [ 310  159   79   56   14    7   44   30 3586  110]
 [ 131  489   53   58    8   23   64   54  104 3406]]

