2018-10-01 09:35:13,291: {'dataset_path': 'data/fashion-mnist_train.csv', 'loss_type': 'pairwise_dce', 'tensor_view': [-1, 28, 28], 'in_channels': 1, 'layers': 10, 'learning_rate': 0.001, 'threshold': 10.0, 'gamma': 0.3, 'tao': 10.0, 'b': 3, 'lambda_': 0.01, 'train_test_split': 6000, 'epoch_number': 50, 'test_frequency': 2}
2018-10-01 09:35:13,292: Trainset size: 6000
2018-10-01 09:35:13,292: Testset size: 54000
2018-10-01 09:35:14,674: DenseNet Channels: 216
2018-10-01 09:35:14,675: Epoch number: 1
2018-10-01 09:40:40,359: Distance Average: 
[7.149360434894255, 6.780495540301005, 6.8925298901854966, 7.571454403892396, 6.904588183216594, 8.146362792222927, 7.206220743872903, 7.456788432462869, 7.604938483721501, 7.471679429318328]
2018-10-01 09:40:40,359: Prototypes Count: 112
2018-10-01 09:40:40,359: Epoch number: 2
2018-10-01 09:46:03,069: Distance Average: 
[5.061676827131533, 4.36836827823094, 4.380726088265904, 5.012998529086038, 4.354388721154849, 6.350472688674927, 5.023522658781572, 5.14077286820744, 5.758411055481112, 5.780644239361744]
2018-10-01 09:46:03,070: Prototypes Count: 14
2018-10-01 10:00:04,060: Accuracy:  0.8158
2018-10-01 10:00:04,061: Confusion Matrix: 
[[3977   12   97  737   32    1  535    0   48    0]
 [   0 5151   28  156    9    0   20    0    6    0]
 [  19    4 3282   97 1491    0  443    0   54    0]
 [  50   29   38 5048   95    1   88    0   21    0]
 [   5    3  202  438 4510    0  180    0   43    0]
 [  37    2    0    2    0 4953    1  197   11  173]
 [ 794    5  520  503 1379    1 2158    0   90    0]
 [   2    0    0    0    0  172    0 4889    0  320]
 [ 102   16   11   30   58   55   92   49 4979   16]
 [   0    0    0    2    0   52    1  269    3 5106]]

2018-10-01 10:00:04,061: Epoch number: 3
2018-10-01 10:05:26,117: Distance Average: 
[4.474772402309479, 3.9452823922747657, 4.882676027251072, 4.938581752777099, 4.6727689880161565, 5.554914911205952, 5.0352556640451605, 4.699845673392619, 5.511467776185757, 5.080386757640401]
2018-10-01 10:05:26,117: Prototypes Count: 10
2018-10-01 10:05:26,117: Epoch number: 4
2018-10-01 10:10:50,551: Distance Average: 
[3.8262957442890513, 3.2177604088707574, 3.7149392319507286, 3.8720637177664137, 3.6227984651802814, 5.043978956265327, 4.150090159069408, 4.163784467227262, 4.535206326761761, 4.926475495888442]
2018-10-01 10:10:50,551: Prototypes Count: 10
2018-10-01 10:25:01,016: Accuracy:  0.8504
2018-10-01 10:25:01,016: Confusion Matrix: 
[[4799   30   64  281   20    1  183    1   59    1]
 [   1 5225   13  119    3    0    8    0    1    0]
 [  66    2 4206  116  404    0  571    0   25    0]
 [ 195   66   15 4962   55    0   71    0    5    1]
 [  10    7  583  595 3070    0 1095    0   21    0]
 [   0    0    0    0    0 5113    1  197   12   53]
 [1428   23  432  272  235    0 2970    1   85    4]
 [   0    0    0    0    0   36    0 5195    4  148]
 [  22    2   12   30   37    4   46   29 5221    5]
 [   0    0    0    1    0   40    1  216   13 5162]]

2018-10-01 10:25:01,017: Epoch number: 5
2018-10-01 10:30:20,958: Distance Average: 
[3.409206463053902, 2.750899547433096, 3.764610047027713, 3.5121128350969344, 3.916072635542788, 3.88650528437052, 4.131220704425465, 3.403459782731784, 4.239262211967159, 3.552959847071814]
2018-10-01 10:30:20,958: Prototypes Count: 10
2018-10-01 10:30:20,958: Epoch number: 6
2018-10-01 10:35:37,205: Distance Average: 
[3.341006247542546, 2.826722890611679, 3.892286678611255, 3.5349770610294646, 3.8259128942628284, 3.6788696616123886, 4.113939447402954, 3.193401731973336, 4.086113762211156, 3.3841531777087552]
2018-10-01 10:35:37,205: Prototypes Count: 10
2018-10-01 10:49:41,850: Accuracy:  0.8652
2018-10-01 10:49:41,850: Confusion Matrix: 
[[4929    8   78   94   15    0  188    1  126    0]
 [  10 5240    6   98    4    0    5    0    7    0]
 [  36   15 4680   37  437    0  117    1   67    0]
 [ 252   32   51 4715  194    0   91    0   35    0]
 [  16   16  521  192 4508    0   63    0   65    0]
 [   0    0    0    0    0 5138    1  211   13   13]
 [1613   14  949   75  804    0 1856    1  138    0]
 [   0    0    0    0    0   18    0 5207    4  154]
 [   8    6   13    7   18    6   21   14 5311    4]
 [   0    0    0    1    1   67    0  221    8 5135]]

2018-10-01 10:49:41,851: Epoch number: 7
2018-10-01 10:55:01,321: Distance Average: 
[3.710593700833924, 2.670873837811606, 3.644218379161397, 3.628715145777142, 3.5024856858569318, 3.5464778664784555, 4.085700325532393, 3.0123698404194665, 3.837881699204445, 3.4525386122378934]
2018-10-01 10:55:01,322: Prototypes Count: 10
2018-10-01 10:55:01,322: Epoch number: 8
2018-10-01 11:00:14,858: Distance Average: 
[3.3560666170987217, 2.6649528556399877, 3.750054258987552, 3.338689480887519, 3.6925877057292733, 3.279474910635215, 3.639308254935525, 3.034785821719919, 3.7412249506325335, 3.349916528772425]
2018-10-01 11:00:14,858: Prototypes Count: 10
2018-10-01 11:14:20,353: Accuracy:  0.8670
2018-10-01 11:14:20,354: Confusion Matrix: 
[[4895    7  146   92    7    0  265    0   26    1]
 [   7 5177   12  147   10    0   16    0    1    0]
 [  60    6 4643   34  427    1  212    1    6    0]
 [ 255    7  131 4725   62    0  189    0    0    1]
 [  12    2  304  295 3808    0  953    0    7    0]
 [   0    1    2    0    0 4975    0  315    7   76]
 [1207    5  835   87  232    0 3057    0   26    1]
 [   0    0    0    0    0   11    0 5289    1   82]
 [  36    4   26   40   32    3   55   30 5180    2]
 [   0    0    0    0    0    8    1  353    4 5067]]

2018-10-01 11:14:20,354: Epoch number: 9
2018-10-01 11:19:38,878: Distance Average: 
[3.1531375196103317, 2.6468757322856358, 3.4717780390723805, 3.6676567516629657, 3.3672772601656074, 4.006322803023534, 3.958254799409346, 2.7634782816254724, 3.67148822223818, 3.4137877993272516]
2018-10-01 11:19:38,879: Prototypes Count: 10
2018-10-01 11:19:38,879: Epoch number: 10
2018-10-01 11:24:52,628: Distance Average: 
[3.4627023491204953, 2.635048809694865, 3.5007213158685655, 3.651687036620246, 3.3989232699589893, 3.982301569137818, 3.831561955538663, 2.8224457316885503, 3.4183836144370003, 2.9980628765869812]
2018-10-01 11:24:52,628: Prototypes Count: 10
2018-10-01 11:38:58,872: Accuracy:  0.8703
2018-10-01 11:38:58,872: Confusion Matrix: 
[[4885   14   89  151   29    1  242    1   27    0]
 [   7 5285    8   52    6    1    9    0    2    0]
 [  74    4 4638   58  198    0  407    0   11    0]
 [ 184  177   17 4752  137    1   94    0    4    4]
 [  19   21  538  212 3612    0  969    0   10    0]
 [   0    1    1    1    0 4962    1  243   15  152]
 [1322   11  521  142  217    1 3215    0   21    0]
 [   0    0    0    0    0   15    0 5225    1  142]
 [  34    9   42   11   24   13   65   20 5187    3]
 [   0    0    1    0    0    5    0  189    2 5236]]

2018-10-01 11:38:58,873: Epoch number: 11
2018-10-01 11:44:14,868: Distance Average: 
[3.8381279169344436, 2.6593987720353263, 3.80420603087691, 3.461147447237893, 3.9792096684167766, 3.283024868139854, 3.9205943723158403, 3.126346507373853, 3.275571303593146, 2.9090604908251887]
2018-10-01 11:44:14,868: Prototypes Count: 10
2018-10-01 11:44:14,868: Epoch number: 12
2018-10-01 11:49:29,034: Distance Average: 
[3.7015016329692223, 2.400592283218626, 3.4529443197563046, 2.987856632187253, 3.4738888540252537, 2.894884395866822, 3.5611430835723876, 2.7219389663523175, 3.2783778261493994, 3.1432436521721896]
2018-10-01 11:49:29,034: Prototypes Count: 10
2018-10-01 12:03:32,831: Accuracy:  0.8833
2018-10-01 12:03:32,832: Confusion Matrix: 
[[4362   12  127  197   33    0  649    0   58    1]
 [   6 5225    5  107   14    0    8    1    4    0]
 [  36    4 4949   48  206    0  116    1   30    0]
 [ 127   18   50 4857  176    0  137    0    5    0]
 [   9    2  626  197 4347    0  183    0   17    0]
 [   0    1    0    1    0 5190    1  142   12   29]
 [ 621    4  865  154  606    0 3151    0   49    0]
 [   0    0    0    0    0   60    0 5192    3  128]
 [  27    4   13   21   22    6   20   17 5278    0]
 [   0    0    2    0    1   52    0  223    6 5149]]

2018-10-01 12:03:32,832: Epoch number: 13
2018-10-01 12:09:02,058: Distance Average: 
[3.1400067351506142, 2.2508515595443663, 3.3414938688278197, 2.9775641043980916, 3.2802444394070034, 3.0158422467036123, 3.468126615177501, 2.5634518799944095, 3.259731851316787, 2.835795325997435]
2018-10-01 12:09:02,058: Prototypes Count: 10
2018-10-01 12:09:02,058: Epoch number: 14
2018-10-01 12:14:30,944: Distance Average: 
[3.277539578776096, 2.1378276355682857, 3.2498292567300013, 3.1574002882790944, 3.2062859616102424, 2.9742493602709894, 3.263901255564256, 2.534241506114385, 3.016235112942554, 2.8346637750218573]
2018-10-01 12:14:30,944: Prototypes Count: 10
2018-10-01 12:28:09,348: Accuracy:  0.8906
2018-10-01 12:28:09,348: Confusion Matrix: 
[[4657    5   92  187   11    0  410    2   75    0]
 [   8 5252    9   92    5    0    2    0    2    0]
 [  40    4 4409   75  300    1  527    0   34    0]
 [ 182   24   35 4970   39    0  111    0    9    0]
 [  12    3  206  418 4142    0  584    0   16    0]
 [   0    0    0    0    0 5181    0  139    9   47]
 [ 838    6  258  189  281    0 3833    0   44    1]
 [   0    0    0    0    0   47    0 5226    1  109]
 [  27    3    7   33   12   10   25   20 5271    0]
 [   0    0    1    0    0   28    0  247    3 5154]]

2018-10-01 12:28:09,349: Epoch number: 15
2018-10-01 12:33:37,470: Distance Average: 
[3.75072346014135, 2.2626271902568758, 3.0372684212981675, 3.2691259088970366, 3.7739005439308424, 2.797237624724706, 3.508412203355269, 2.3604844511038285, 3.1196511778477074, 2.6074273212035917]
2018-10-01 12:33:37,470: Prototypes Count: 10
2018-10-01 12:33:37,470: Epoch number: 16
2018-10-01 12:39:06,647: Distance Average: 
[3.7856349813321906, 2.521571071185763, 3.408802395961324, 3.1014424706262256, 3.6920997491753353, 2.5790958639520865, 3.9333984873511576, 2.355321645543486, 3.2385905904544368, 3.4315000215325195]
2018-10-01 12:39:06,647: Prototypes Count: 10
2018-10-01 12:52:51,892: Accuracy:  0.8894
2018-10-01 12:52:51,892: Confusion Matrix: 
[[4520   10   99  212   32    0  523    0   42    1]
 [   5 5196   14  134   14    0    4    0    3    0]
 [  72    1 4727   65  282    0  218    0   25    0]
 [ 113   10   32 4968  141    0  100    0    6    0]
 [   8    3  510  263 4377    0  200    0   20    0]
 [   0    1    0    0    1 5243    0   68   12   51]
 [ 714    4  406  197  622    0 3463    0   43    1]
 [   0    0    0    0    0  156    0 5062    2  163]
 [  25    5    9   27   41   13   17    4 5261    6]
 [   0    0    0    1    0   41    0  181    2 5208]]

2018-10-01 12:52:51,892: Epoch number: 17
2018-10-01 12:58:20,570: Distance Average: 
[2.895035677840153, 2.1663677240174914, 3.2116879388934274, 2.8800300783581205, 3.308970056558464, 2.495827258206331, 3.552589171149514, 2.4922338387954563, 3.2215359013628317, 2.9017245693812295]
2018-10-01 12:58:20,570: Prototypes Count: 10
2018-10-01 12:58:20,570: Epoch number: 18
2018-10-01 13:03:48,812: Distance Average: 
[3.170991358272532, 2.369418885594323, 2.8803773944495155, 2.572183167934418, 3.0291020124909953, 2.8404663199415574, 3.4739026832580566, 2.2619579665278304, 3.025697881506907, 2.5293554612147955]
2018-10-01 13:03:48,812: Prototypes Count: 10
2018-10-01 13:17:34,325: Accuracy:  0.8969
2018-10-01 13:17:34,325: Confusion Matrix: 
[[4684   12   78  175   35    0  403    0   52    0]
 [   7 5267    6   65   15    0    8    0    2    0]
 [  66    9 4817   37  272    1  164    0   24    0]
 [ 113   74   39 4739  258    1  134    0   12    0]
 [   5   10  364   88 4671    0  235    0    8    0]
 [   0    0    0    0    0 5199    1  108   13   55]
 [ 820   13  519  111  537    0 3414    0   35    1]
 [   0    0    0    0    0  102    0 5127    1  153]
 [  15    6   20   11   36   10   28    8 5274    0]
 [   0    0    1    1    0   33    0  151    5 5242]]

2018-10-01 13:17:34,326: Epoch number: 19
2018-10-01 13:23:02,706: Distance Average: 
[2.8205747389750897, 2.2292072004742094, 3.73631615912328, 2.816958667739989, 2.914192129413993, 2.5037551367512116, 3.5707888269424437, 2.7479787033226346, 2.9614107590672134, 2.537779374728127]
2018-10-01 13:23:02,706: Prototypes Count: 10
2018-10-01 13:23:02,706: Epoch number: 20
2018-10-01 13:28:30,782: Distance Average: 
[3.6676978112967045, 2.376623993071299, 3.501200954640498, 3.1122432042681982, 3.3316178325690053, 2.6642660960937157, 3.334793278737502, 2.487877360232645, 3.0141915634677217, 2.5944019347902327]
2018-10-01 13:28:30,782: Prototypes Count: 10
2018-10-01 13:42:39,419: Accuracy:  0.8904
2018-10-01 13:42:39,419: Confusion Matrix: 
[[4644    7   62  187   10    0  482    1   46    0]
 [  10 5179    0  161   10    0    9    0    1    0]
 [  75    6 4189   57  486    1  558    0   18    0]
 [ 155   11   14 4965   91    0  131    0    3    0]
 [  18    3  154  232 4649    0  313    0   12    0]
 [   1    1    0    0    0 5126    0  111   15  122]
 [ 778    7  187  181  442    1 3822    0   32    0]
 [   0    0    0    0    0   44    0 4915    2  422]
 [  36    6    5   26   19    6   32    7 5269    2]
 [   0    0    0    1    0   13    0   88    5 5326]]

2018-10-01 13:42:39,419: Epoch number: 21
2018-10-01 13:48:08,211: Distance Average: 
[2.9566735964195403, 1.9148437363760813, 3.0146200766328906, 2.5721137930476474, 2.930173406693392, 2.3239094158395743, 3.5122211829098786, 2.4770497964692075, 3.1977936492578403, 2.2135152738981567]
2018-10-01 13:48:08,211: Prototypes Count: 10
2018-10-01 13:48:08,211: Epoch number: 22
2018-10-01 13:53:35,218: Distance Average: 
[3.1001231079645546, 2.717734992882562, 2.8258130204482157, 2.874206747705974, 3.007698921279106, 2.289635156018612, 3.3481426707181066, 2.361924743150003, 2.853582921865824, 2.5710194623869773]
2018-10-01 13:53:35,218: Prototypes Count: 10
2018-10-01 14:07:37,215: Accuracy:  0.8821
2018-10-01 14:07:37,215: Confusion Matrix: 
[[4044   23   90  181   24    0 1021    3   53    0]
 [   1 5255    1   88   11    0   12    0    2    0]
 [  35   12 4329  108  505    0  373    0   28    0]
 [ 108   29   21 4884  129    0  174    1   23    1]
 [   6    7  175  249 4737    0  190    0   17    0]
 [   0    0    1    0    0 5255    0   63   11   46]
 [ 418   30  359  151  829    1 3623    1   38    0]
 [   0    0    0    0    0  168    0 5037    3  175]
 [  12   10    5   16   29   10   44    5 5274    3]
 [   0    0    0    1    0   39    0  196    4 5193]]

2018-10-01 14:07:37,216: Epoch number: 23
2018-10-01 14:13:05,951: Distance Average: 
[2.742123322265883, 2.270804163955507, 2.8413108982023645, 2.723209552159385, 2.766185134408547, 2.4837217565912466, 2.683415488980033, 2.871203009081428, 2.6031743453161136, 2.559450572340156]
2018-10-01 14:13:05,951: Prototypes Count: 10
2018-10-01 14:13:05,951: Epoch number: 24
2018-10-01 14:18:34,412: Distance Average: 
[2.5759523206003636, 1.8727183457404848, 2.8265844870786196, 2.821212047433096, 2.6888628697356807, 2.9231799875314417, 2.81433838150718, 2.1012308323209443, 2.4809869340545423, 2.310603501094502]
2018-10-01 14:18:34,412: Prototypes Count: 10
2018-10-01 14:32:42,967: Accuracy:  0.8843
2018-10-01 14:32:42,967: Confusion Matrix: 
[[4522   12  154  167   20    2  502   11   49    0]
 [   3 5218   11  114    6    1   12    0    5    0]
 [  42    3 4865   35  313    1  114    3   14    0]
 [  99   29  119 4797  144    1  167    0   14    0]
 [  13    4  365  161 4713    0  108    0   17    0]
 [   0    1    0    0    0 5219    1  101    3   51]
 [ 768    9  745  121  832    2 2928    1   44    0]
 [   0    0    0    0    0  189    0 5083    0  111]
 [  19    5   20   24   12   14   28   24 5262    0]
 [   0    0    0    1    0   77    0  207    2 5146]]

2018-10-01 14:32:42,968: Epoch number: 25
2018-10-01 14:38:11,452: Distance Average: 
[2.5177852503968645, 1.7686552395896307, 2.9514030354921936, 3.0176837179395886, 2.6676358408226912, 2.427782132075383, 2.8633205207911403, 2.5586188256837175, 2.3967606233986647, 2.7779915997170477]
2018-10-01 14:38:11,452: Prototypes Count: 10
2018-10-01 14:38:11,452: Epoch number: 26
2018-10-01 14:43:39,601: Distance Average: 
[2.4117815405289758, 1.8104746243310352, 2.649778097574828, 2.497176908500611, 2.8443556348033407, 2.6193261784620776, 2.5346677923202514, 1.8121382974728193, 2.2825215501157015, 2.215808633774046]
2018-10-01 14:43:39,601: Prototypes Count: 10
2018-10-01 14:57:28,178: Accuracy:  0.8943
2018-10-01 14:57:28,178: Confusion Matrix: 
[[4526    6  100  275   29    0  456    2   45    0]
 [   2 5183   13  157    6    0    6    0    3    0]
 [  61    5 4871   56  210    1  167    1   18    0]
 [  72   13   58 5016   83    0  124    0    4    0]
 [   9    3  459  257 4311    0  327    0   15    0]
 [   0    0    0    2    1 5200    0  100   11   62]
 [ 689    6  577  211  375    2 3552    0   38    0]
 [   0    0    0    0    0   80    0 5171    4  128]
 [  22    5   14   41   24   18   22    6 5255    1]
 [   0    0    0    0    1   36    0  184    3 5209]]

2018-10-01 14:57:28,179: Epoch number: 27
2018-10-01 15:02:55,826: Distance Average: 
[2.8022913529061166, 1.7870768393789018, 2.4541223228954876, 2.3459382413871706, 3.1807723615396775, 2.0224553554868088, 3.0353458215973594, 2.3048561604714664, 2.365096941590309, 1.9966527286660734]
2018-10-01 15:02:55,826: Prototypes Count: 10
2018-10-01 15:02:55,827: Epoch number: 28
2018-10-01 15:08:24,950: Distance Average: 
[2.9759128901197736, 1.9447033242573815, 2.348683032637737, 2.730525321241409, 3.145176628679759, 2.269904723725258, 3.6761751677773216, 2.2930194272794058, 2.6558118426316493, 2.227729519418518]
2018-10-01 15:08:24,950: Prototypes Count: 10
2018-10-01 15:22:37,605: Accuracy:  0.8863
2018-10-01 15:22:37,606: Confusion Matrix: 
[[4087    8   79  255   27    0  956    5   22    0]
 [   5 5240    6   97    9    0   12    0    1    0]
 [  35    4 4652   28  259    0  404    1    7    0]
 [  78   36   63 4784   97    1  307    1    3    0]
 [   8    9  261  230 4335    0  536    0    2    0]
 [   0    2    0    0    0 5162    2  133   15   62]
 [ 457    9  392  139  331    1 4107    1   13    0]
 [   0    0    0    0    0   62    0 5176    1  144]
 [  29   10   10   17   48   17   77   10 5188    2]
 [   0    0    0    0    2   33    1  267    2 5128]]

2018-10-01 15:22:37,606: Epoch number: 29
2018-10-01 15:28:05,736: Distance Average: 
[2.507501237745166, 1.8769944779456609, 2.5248625053734077, 2.6457019452064756, 2.675312660622481, 2.1133341630681968, 3.018122844696045, 2.1026985958291027, 2.3488682625261514, 2.1547420649301436]
2018-10-01 15:28:05,736: Prototypes Count: 10
2018-10-01 15:28:05,736: Epoch number: 30
2018-10-01 15:33:35,098: Distance Average: 
[2.7020145848048136, 1.6243583460648854, 2.605433964729309, 2.228883475727505, 2.7022422074501273, 2.0798302544997287, 3.112254656011408, 2.1794754129561267, 2.356398157976769, 2.3023445335014787]
2018-10-01 15:33:35,098: Prototypes Count: 10
2018-10-01 15:47:43,188: Accuracy:  0.8919
2018-10-01 15:47:43,188: Confusion Matrix: 
[[4427    9  115  115   38    0  715    2   18    0]
 [   8 5236   11   90    8    0   16    0    1    0]
 [  53    3 4704   35  379    0  206    0   10    0]
 [ 174   32   42 4724  218    1  177    0    1    1]
 [  28    2  255  127 4722    0  246    0    1    0]
 [   0    2    0    0    1 5196    1  119    1   56]
 [ 567    8  532   89  491    3 3744    0   16    0]
 [   0    0    0    0    0   74    0 5240    1   68]
 [  47    6   10   48   58   81   52    8 5096    2]
 [   0    0    0    1    1   41    1  318    0 5071]]

2018-10-01 15:47:43,189: Epoch number: 31
2018-10-01 15:53:12,117: Distance Average: 
[2.940531419985222, 1.4924553870208679, 2.0910618346245564, 2.613714136963799, 2.5178904073111266, 2.07751320875608, 2.699852626106956, 1.639089453452217, 2.152506706481044, 1.7689112572022427]
2018-10-01 15:53:12,117: Prototypes Count: 10
2018-10-01 15:53:12,117: Epoch number: 32
2018-10-01 15:58:40,728: Distance Average: 
[2.0398009108137107, 1.485245391395357, 1.6644226139686147, 2.0852112713314237, 2.416177177275132, 1.8352030320809438, 1.9014948209849272, 1.5639256272748765, 2.2924539895879255, 1.6247386977575864]
2018-10-01 15:58:40,728: Prototypes Count: 10
2018-10-01 16:12:46,891: Accuracy:  0.9008
2018-10-01 16:12:46,891: Confusion Matrix: 
[[4630    8   98  147   42    0  474    5   35    0]
 [   7 5251    5   83   14    0    9    0    1    0]
 [  45    4 4630   49  348    0  301    0   13    0]
 [ 123   25   36 4869  162    1  147    0    7    0]
 [  12    7  224  142 4654    0  333    0    9    0]
 [   0    3    0    0    5 5184    0  122    7   55]
 [ 711   13  401  121  398    1 3771    0   34    0]
 [   0    0    0    0    2   59    0 5196    1  125]
 [  24    8   10   11   43   13   37    7 5253    2]
 [   0    0    0    1    0   24    0  199    4 5205]]

2018-10-01 16:12:46,892: Epoch number: 33
2018-10-01 16:18:15,691: Distance Average: 
[2.1109823303001662, 2.5540504213363406, 1.642726984766663, 1.9098779456956045, 1.758636050154974, 1.7618007629345624, 2.4629118152098224, 1.40054473507926, 1.9895140864961856, 1.7538706800084056]
2018-10-01 16:18:15,691: Prototypes Count: 10
2018-10-01 16:18:15,691: Epoch number: 34
2018-10-01 16:23:44,985: Distance Average: 
[2.0445186864458518, 1.2250329588613813, 1.6519913624544613, 1.742477812653496, 1.5756739591743334, 1.4955933408286326, 1.8840150843967092, 1.322393479764558, 2.328227201426351, 1.9170353961369349]
2018-10-01 16:23:44,985: Prototypes Count: 10
2018-10-01 16:37:54,156: Accuracy:  0.9012
2018-10-01 16:37:54,156: Confusion Matrix: 
[[4651    8  104  109   20    0  488    8   51    0]
 [   7 5257    7   79    9    0    9    0    2    0]
 [  49    4 4713   41  299    0  262    0   22    0]
 [ 160   31   43 4834  152    1  137    0   12    0]
 [  15    6  274  156 4668    0  251    0   11    0]
 [   0    2    0    0    1 5192    0  125    8   48]
 [ 727   19  434  107  436    1 3689    5   32    0]
 [   0    0    0    0    0   54    0 5204    4  121]
 [  40    7   17   10   20   11   30   14 5258    1]
 [   0    0    0    1    0   32    0  196    4 5200]]

2018-10-01 16:37:54,157: Epoch number: 35
2018-10-01 16:43:22,282: Distance Average: 
[1.8758054593455133, 1.3258486723142957, 2.0503880455845693, 1.7942735635098956, 1.6795583830511436, 1.6678291345253968, 2.0174304113604804, 1.4692420466792449, 1.8818752540124428, 2.0510318464282538]
2018-10-01 16:43:22,282: Prototypes Count: 10
2018-10-01 16:43:22,282: Epoch number: 36
2018-10-01 16:48:42,172: Distance Average: 
[1.88243057086081, 1.1686252718880064, 1.6954385751583536, 1.5155858687938206, 1.648201522996622, 1.5193434943182347, 1.865249514579773, 1.391665608028925, 1.6480014670539547, 1.4599280130295527]
2018-10-01 16:48:42,172: Prototypes Count: 10
2018-10-01 17:02:10,445: Accuracy:  0.9021
2018-10-01 17:02:10,445: Confusion Matrix: 
[[4709    9   82  111   18    0  461    9   40    0]
 [   6 5255    4   88    8    0    7    1    1    0]
 [  56    5 4665   50  315    0  274    3   22    0]
 [ 169   29   30 4856  148    1  127    1    9    0]
 [  18    6  238  167 4669    0  269    0   14    0]
 [   0    1    0    0    1 5206    0  117   12   39]
 [ 763   21  381  115  419    1 3712    4   34    0]
 [   0    0    0    0    0   65    0 5190    3  125]
 [  32    6   12    9   20   10   37   13 5268    1]
 [   0    0    0    1    0   46    0  197    5 5184]]

2018-10-01 17:02:10,446: Epoch number: 37
2018-10-01 17:07:30,303: Distance Average: 
[1.902444915337996, 1.0510483228498035, 1.408784318165701, 2.1452381576810566, 1.6153009332632209, 1.254377494733303, 1.7946756666356867, 1.1304022233625286, 1.6556478794160727, 1.7411204671102858]
2018-10-01 17:07:30,303: Prototypes Count: 10
2018-10-01 17:07:30,303: Epoch number: 38
2018-10-01 17:12:49,838: Distance Average: 
[1.6374132253906943, 1.3040167964640117, 1.5116439907277217, 1.442970755743602, 1.6594712254689084, 1.3565920816782193, 2.1329769719730725, 1.5784252831769723, 1.7124001524738364, 1.2892235449171991]
2018-10-01 17:12:49,838: Prototypes Count: 10
2018-10-01 17:26:02,509: Accuracy:  0.9026
2018-10-01 17:26:02,509: Confusion Matrix: 
[[4635   14   87  129   20    0  511    6   37    0]
 [   5 5266    3   79    6    0    9    1    1    0]
 [  50    5 4686   54  305    0  272    1   17    0]
 [ 128   33   28 4886  138    1  151    0    5    0]
 [  13   10  249  178 4633    0  287    0   11    0]
 [   0    1    0    0    1 5206    0  112    9   47]
 [ 698   28  382  121  413    1 3774    2   31    0]
 [   0    0    0    0    0   62    0 5187    4  130]
 [  33    7    9   13   24   11   37    8 5265    1]
 [   0    0    0    1    0   37    0  189    4 5202]]

2018-10-01 17:26:02,510: Epoch number: 39
2018-10-01 17:31:21,991: Distance Average: 
[1.645103552124717, 1.0625424110700215, 1.487001904894094, 1.5806250330947695, 1.9633148737215649, 1.2511252513489661, 1.8129070288484748, 1.1566668940131437, 1.462799832828947, 1.2607439804749934]
2018-10-01 17:31:21,991: Prototypes Count: 10
2018-10-01 17:31:21,991: Epoch number: 40
2018-10-01 17:36:41,245: Distance Average: 
[1.5732940981519838, 1.0453432122866313, 1.71880227952707, 1.9922438362288097, 1.5695321455910827, 1.4112810709346564, 1.562635189186443, 1.3726039198461188, 1.7481150321058325, 1.3811461700543735]
2018-10-01 17:36:41,245: Prototypes Count: 10
2018-10-01 17:50:10,409: Accuracy:  0.9030
2018-10-01 17:50:10,409: Confusion Matrix: 
[[4667   11   97  144   22    0  460    3   35    0]
 [   5 5261    5   82    7    0    9    0    1    0]
 [  46    5 4684   58  303    0  276    1   17    0]
 [ 129   29   32 4894  135    1  146    0    4    0]
 [  12    8  243  187 4618    0  305    0    8    0]
 [   0    3    0    0    2 5193    0  115   11   52]
 [ 717   21  391  134  381    1 3771    4   30    0]
 [   0    0    0    0    0   50    0 5179    4  150]
 [  30    7   11   13   24   11   39    7 5264    2]
 [   0    0    0    1    0   25    0  171    5 5231]]

2018-10-01 17:50:10,409: Epoch number: 41
2018-10-01 17:55:30,338: Distance Average: 
[1.800911426119201, 0.9250242673215412, 1.4219487205880588, 1.3751222927418967, 1.9053302598885458, 1.541448010179477, 2.1624994633414527, 1.4326667799169086, 1.4869279131494664, 1.607872205436545]
2018-10-01 17:55:30,339: Prototypes Count: 10
2018-10-01 17:55:30,339: Epoch number: 42
2018-10-01 18:00:50,015: Distance Average: 
[1.745458800312457, 0.9555926525403583, 1.4185609635759573, 1.6731969723625788, 1.6523371905040278, 1.3923612115665889, 1.9124305844306946, 1.013402821951979, 1.4799829051905387, 1.7313008634291418]
2018-10-01 18:00:50,015: Prototypes Count: 10
2018-10-01 18:13:58,569: Accuracy:  0.9031
2018-10-01 18:13:58,569: Confusion Matrix: 
[[4663    8   85  134   18    0  497    3   31    0]
 [   5 5256    4   84    8    0   12    0    1    0]
 [  55    4 4671   60  287    0  299    0   14    0]
 [ 131   26   25 4905  122    1  159    0    1    0]
 [  14    6  247  201 4579    0  328    0    6    0]
 [   0    2    0    0    1 5195    1  123    8   46]
 [ 708   17  375  127  354    1 3844    1   23    0]
 [   0    0    0    0    0   45    0 5197    3  138]
 [  30    7   11   22   21   12   46   12 5246    1]
 [   0    0    0    1    0   35    0  183    4 5210]]

2018-10-01 18:13:58,570: Epoch number: 43
2018-10-01 18:19:18,056: Distance Average: 
[1.880714870816671, 1.00355643237394, 1.2957505370749802, 1.5341686251617612, 1.4893924283865774, 1.3507467867472234, 1.5757355618476867, 1.2509077503383643, 1.548646505519345, 1.4810654017450107]
2018-10-01 18:19:18,057: Prototypes Count: 10
2018-10-01 18:19:18,057: Epoch number: 44
2018-10-01 18:24:37,669: Distance Average: 
[1.5909509206200665, 0.8738340495597748, 1.751430215405636, 1.789355580768888, 1.6931542610698447, 1.1777246340345113, 1.5564415975050492, 1.3839913308137433, 1.5137774744952046, 1.457477186197116]
2018-10-01 18:24:37,669: Prototypes Count: 10
2018-10-01 18:38:11,197: Accuracy:  0.9030
2018-10-01 18:38:11,197: Confusion Matrix: 
[[4574    8   96  120   20    0  575    5   41    0]
 [   5 5263    7   76    9    0    9    0    1    0]
 [  47    4 4685   50  295    0  293    1   15    0]
 [ 140   24   36 4866  130    1  164    0    9    0]
 [  10    5  249  195 4613    0  300    0    9    0]
 [   0    1    0    0    2 5211    0  109   11   42]
 [ 635   16  384  115  374    1 3892    1   32    0]
 [   0    0    0    0    1   60    0 5182    4  136]
 [  19    7   11   11   23   10   45    7 5273    2]
 [   0    0    0    1    0   36    0  187    5 5204]]

2018-10-01 18:38:11,198: Epoch number: 45
2018-10-01 18:43:30,625: Distance Average: 
[1.4938676832193998, 0.9155638490404402, 1.405289559676999, 1.4910030989419847, 1.4579696662976784, 1.085469984377806, 1.5968075461821123, 1.0419911750904745, 1.3834315191048223, 1.316308148744035]
2018-10-01 18:43:30,625: Prototypes Count: 10
2018-10-01 18:43:30,625: Epoch number: 46
2018-10-01 18:48:50,858: Distance Average: 
[1.634451649086998, 0.971866909047914, 1.3213513947901179, 1.6183006817386263, 1.362066296941822, 1.2186610153279243, 1.5080524104291742, 1.0813841824593382, 1.3744925840480908, 1.3938700128905146]
2018-10-01 18:48:50,858: Prototypes Count: 10
2018-10-01 19:02:01,507: Accuracy:  0.9033
2018-10-01 19:02:01,507: Confusion Matrix: 
[[4654    7   83  116   20    0  511    5   43    0]
 [   5 5254    6   85    9    0   10    0    1    0]
 [  59    5 4680   51  287    0  284    1   23    0]
 [ 141   21   29 4876  136    1  157    0    9    0]
 [  13    4  254  186 4629    0  283    0   12    0]
 [   0    1    0    0    1 5219    0  102   13   40]
 [ 704   15  381  116  390    1 3804    1   38    0]
 [   0    0    0    0    1   67    0 5171    4  140]
 [  20    6   10   14   20   12   42    8 5275    1]
 [   0    0    0    1    0   36    0  176    5 5215]]

2018-10-01 19:02:01,508: Epoch number: 47
2018-10-01 19:07:24,265: Distance Average: 
[1.4756612974267167, 1.2547791442227743, 1.5824211794821943, 1.299732954729171, 1.5048756029378616, 1.6188744006630702, 1.568365486643531, 1.0425789718496548, 1.7845508204521359, 1.3828676032851823]
2018-10-01 19:07:24,266: Prototypes Count: 10
2018-10-01 19:07:24,266: Epoch number: 48
2018-10-01 19:12:47,178: Distance Average: 
[1.418447909189418, 0.8776028840314775, 1.2984201060943916, 1.6446366877782912, 1.3988658877297249, 1.2050117389895978, 1.6748826898228037, 1.1188080464421832, 1.292582406788259, 1.396235054027046]
2018-10-01 19:12:47,179: Prototypes Count: 10
2018-10-01 19:25:41,294: Accuracy:  0.9034
2018-10-01 19:25:41,294: Confusion Matrix: 
[[4616    5   84  139   22    0  528    3   42    0]
 [   5 5245    6   96    9    0    8    0    1    0]
 [  48    4 4692   61  283    0  284    0   18    0]
 [ 115   17   28 4915  124    1  163    0    7    0]
 [  11    5  265  197 4627    0  265    0   11    0]
 [   0    1    0    0    1 5215    1  109    9   40]
 [ 670   13  388  132  405    1 3804    1   36    0]
 [   0    0    0    0    1   52    0 5182    4  144]
 [  20    5    9   17   21   10   46    7 5271    2]
 [   0    0    0    1    0   37    0  177    4 5214]]

2018-10-01 19:25:41,295: Epoch number: 49
2018-10-01 19:30:49,702: Distance Average: 
[1.314083231749169, 1.0964227644224016, 1.3311181658604105, 1.2879257206878965, 1.268449343560393, 1.4596289277840884, 1.3308217339082198, 1.2060214498441069, 1.481658396990718, 1.2621266466599923]
2018-10-01 19:30:49,703: Prototypes Count: 10
2018-10-01 19:30:49,703: Epoch number: 50
2018-10-01 19:35:57,852: Distance Average: 
[1.4184676482078227, 1.5512883549644834, 1.16420651302963, 1.7404133940499926, 1.3027564077269473, 1.21345969919975, 1.5157154755158857, 1.5895845834014868, 1.6929390853321231, 1.454369715492141]
2018-10-01 19:35:57,853: Prototypes Count: 10
2018-10-01 19:48:52,962: Accuracy:  0.9030
2018-10-01 19:48:52,962: Confusion Matrix: 
[[4635   11   93  143   20    0  488    6   43    0]
 [   5 5268    3   78    6    0    8    0    2    0]
 [  44   11 4678   50  289    0  294    2   22    0]
 [ 115   31   33 4871  147    1  160    1   11    0]
 [  11    8  251  173 4635    0  286    0   17    0]
 [   0    2    0    0    1 5204    0  106   13   50]
 [ 699   25  376  125  391    1 3790    2   41    0]
 [   0    0    0    0    1   49    0 5181    5  147]
 [  15   11   11   21   20   10   40   10 5269    1]
 [   0    0    0    1    0   35    0  164    4 5229]]

