2018-10-01 07:19:47,165: {'dataset_path': 'data/cifar10_train.csv', 'loss_type': 'pairwise_dce', 'tensor_view': [-1, 32, 32], 'in_channels': 3, 'layers': 10, 'learning_rate': 0.001, 'threshold': 10.0, 'gamma': 0.3, 'tao': 10.0, 'b': 3, 'lambda_': 0.01, 'train_test_split': 6000, 'epoch_number': 50, 'test_frequency': 2}
2018-10-01 07:19:47,166: Trainset size: 6000
2018-10-01 07:19:47,166: Testset size: 44000
2018-10-01 07:19:48,577: DenseNet Channels: 216
2018-10-01 07:19:48,578: Epoch number: 1
2018-10-01 07:25:55,655: Distance Average: 
[13.01585809964092, 13.383787839166049, 13.331030488214573, 13.721465718897083, 13.335324184274224, 13.73160223572465, 13.376756687586719, 13.4457161668656, 13.078521684378632, 13.290888886373551]
2018-10-01 07:25:55,655: Prototypes Count: 5983
2018-10-01 07:25:55,655: Epoch number: 2
2018-10-01 07:31:20,299: Distance Average: 
[8.166385048778118, 8.038735004951214, 8.243362940459692, 8.211984028544608, 8.10191573468869, 8.171461544995498, 8.107058620940279, 8.263632843293339, 8.163641587564769, 8.027065230979295]
2018-10-01 07:31:20,299: Prototypes Count: 451
2018-10-01 07:43:08,165: Accuracy:  0.2612
2018-10-01 07:43:08,165: Confusion Matrix: 
[[1169   82   16   15  288    8  292  393 1827  315]
 [ 116  859    0   89   74   18  298  350 1476 1140]
 [ 677  184   62  102  587   37  966  793  791  206]
 [ 147  309   13  405  423   23  946 1149  670  283]
 [ 450   81   13  117  636   11 1121  964  741  228]
 [ 149  181   11  330  617   67  968 1376  538  186]
 [ 294  261    5  201  370   11 1374  835  749  313]
 [ 232  166    1   86  323   24  405 2223  612  347]
 [ 206  137    2   79   90    6  275  228 2834  538]
 [  76  559    1   34   28   22  106  325 1373 1866]]

2018-10-01 07:43:08,166: Epoch number: 3
2018-10-01 07:48:33,724: Distance Average: 
[4.196070430258743, 4.1055981775809975, 4.160922492051325, 4.159040800001048, 4.100529088495667, 4.163279161916035, 4.113089991996804, 4.155969495822559, 4.271280000229512, 3.974581883383579]
2018-10-01 07:48:33,724: Prototypes Count: 10
2018-10-01 07:48:33,724: Epoch number: 4
2018-10-01 07:54:06,295: Distance Average: 
[4.332731401619791, 4.355588552047466, 4.509649081190093, 4.559354223028014, 4.610222696884299, 4.625716369734686, 4.583575778762973, 4.581187871154943, 4.4557788202585265, 4.479716697286387]
2018-10-01 07:54:06,295: Prototypes Count: 10
2018-10-01 08:05:12,982: Accuracy:  0.3742
2018-10-01 08:05:12,982: Confusion Matrix: 
[[2670  270   81   45  165  127   30  133  739  145]
 [ 222 2869   13   55   46   83   30  103  338  661]
 [1002  203  692  214  478 1052  235  277  152  100]
 [ 424  229  308  684  296 1025  791  259  156  196]
 [ 575  209  366  154 1216  711  291  510  187  143]
 [ 260  170  328  488  323 1876  425  332  104  117]
 [ 296  219  267  384  551  865 1338  160  104  229]
 [ 299  334   96  166  367  594  215 1742  262  344]
 [1756  633   27   49   92   73   27   65 1433  240]
 [ 258 1276    9   44   45   94   29  109  582 1944]]

2018-10-01 08:05:12,983: Epoch number: 5
2018-10-01 08:10:40,862: Distance Average: 
[4.139701831641317, 4.124577806735861, 4.356601567228301, 4.250139025570471, 4.281320485949142, 4.269696594317616, 4.241729551929429, 4.106410396694111, 4.097878434047226, 4.220010496749253]
2018-10-01 08:10:40,862: Prototypes Count: 10
2018-10-01 08:10:40,862: Epoch number: 6
2018-10-01 08:16:07,468: Distance Average: 
[4.32561963786598, 4.155637930590531, 4.209620313083424, 4.157910672169697, 4.220019476167087, 4.131372712927013, 4.088543045866023, 4.281432362308601, 4.296751317110929, 4.255421076837133]
2018-10-01 08:16:07,468: Prototypes Count: 10
2018-10-01 08:26:57,973: Accuracy:  0.4174
2018-10-01 08:26:57,973: Confusion Matrix: 
[[1847  265  215  224  289   81   19   57 1148  260]
 [  58 2784   11  123  184   76   16   52  423  693]
 [ 450   79 1235  920  492  576  142  276  141   94]
 [  72   65  278 2473  243  763  123  136   51  164]
 [ 268  125  462  859 1510  488  177  264  120   89]
 [  42   44  382 1738  238 1459  129  280   15   96]
 [  51   71  273 2094  491  481  736   56   25  135]
 [  87   89   96  749  579  861   72 1477   57  352]
 [ 448  467   53  163  137   59    9   12 2728  319]
 [  44 1116   11  235  109  106   20   32  601 2116]]

2018-10-01 08:26:57,974: Epoch number: 7
2018-10-01 08:32:31,346: Distance Average: 
[4.329401215384988, 4.147947421567193, 4.231185234694921, 4.169987031930609, 4.1759323808466755, 4.055670991927333, 4.0130983365658395, 4.146015095013144, 4.282460115369687, 4.19890344768274]
2018-10-01 08:32:31,346: Prototypes Count: 10
2018-10-01 08:32:31,346: Epoch number: 8
2018-10-01 08:37:58,910: Distance Average: 
[4.242051685156943, 4.142721825221489, 4.13253344808306, 4.0922014966041225, 3.9695026456001785, 4.046217320490132, 3.992844283479239, 3.989717967333769, 4.339382041978442, 4.184115794056751]
2018-10-01 08:37:58,910: Prototypes Count: 10
2018-10-01 08:49:01,913: Accuracy:  0.4344
2018-10-01 08:49:01,913: Confusion Matrix: 
[[2906  187  117  147   74   78   60   11  670  155]
 [ 290 3104    1   72   15   80   31   48  184  595]
 [ 926   50 1150  786  293  666  234  139  108   53]
 [ 351   76  242 1710  145 1249  248  127   83  137]
 [ 575   39  762  840  644  698  379  309   66   50]
 [ 243   34  419 1050  196 2039  147  188   34   73]
 [ 134   71  238 1375  199  662 1437   64   94  139]
 [ 441   93  110  524  183  987   49 1853   21  158]
 [1160  345   14   44   21   40   49   27 2311  384]
 [ 436 1345    6  117   12  103   34   61  316 1960]]

2018-10-01 08:49:01,914: Epoch number: 9
2018-10-01 08:54:28,780: Distance Average: 
[3.9758133884237594, 3.8634671873059765, 4.15168495218293, 4.11996757870988, 4.051502724052597, 4.141485062174409, 3.862594136590649, 4.068633855517678, 3.8044631327479337, 4.009950241886202]
2018-10-01 08:54:28,781: Prototypes Count: 10
2018-10-01 08:54:28,781: Epoch number: 10
2018-10-01 08:59:54,328: Distance Average: 
[4.247973974612581, 4.357864680372436, 4.276630366349421, 4.119979682225216, 4.226514823758117, 4.086181024951373, 4.039008223421529, 4.266079347433198, 4.189666440664244, 4.349890692116785]
2018-10-01 08:59:54,328: Prototypes Count: 10
2018-10-01 09:11:02,538: Accuracy:  0.4620
2018-10-01 09:11:02,538: Confusion Matrix: 
[[2771   87  124   84   26   14   13   76 1172   38]
 [ 151 2444   46   84   24    7   32   88 1166  378]
 [ 962   56 1577  460  364  244  142  336  230   34]
 [ 315   88  480 1709  201  611  358  288  269   49]
 [ 561   25  683  406 1465  229  226  550  179   38]
 [ 220   51  643 1319  257 1245  152  409   88   39]
 [ 217  108  537  446  486  222 1848  298  171   80]
 [ 341   34  252  359  558  303   74 2178  166  154]
 [ 571  190   25   94   16   14   16   32 3386   51]
 [ 151  578   28  117   39   20   49  143 1560 1705]]

2018-10-01 09:11:02,539: Epoch number: 11
2018-10-01 09:16:38,254: Distance Average: 
[4.081253774226212, 4.085314174767198, 4.156824835208284, 4.177717369945744, 4.137864289238909, 4.150050315328032, 4.114518793518743, 4.110997793801681, 4.195131018930231, 4.072529300314481]
2018-10-01 09:16:38,254: Prototypes Count: 10
2018-10-01 09:16:38,254: Epoch number: 12
2018-10-01 09:22:05,154: Distance Average: 
[4.09785986147007, 3.9393652385678783, 4.041458888013824, 3.880754469882084, 3.910499043972888, 3.9371579767719713, 3.779217092101375, 3.8618927248168524, 4.112184139519684, 4.088608665935329]
2018-10-01 09:22:05,154: Prototypes Count: 10
2018-10-01 09:33:15,288: Accuracy:  0.4828
2018-10-01 09:33:15,288: Confusion Matrix: 
[[2786   36  847   74   94   19   11   36  439   63]
 [ 278 2533  177  126   21   30   31   58  800  366]
 [ 418    9 2504  303  703   93  123  139   79   34]
 [  69   12 1221 1849  314  313  354  118   81   37]
 [ 173   10 1376  274 1972   49  193  242   63   10]
 [  29   11 1308 1435  417  672  221  264   39   27]
 [  33   16  614  672  806   92 2004   40   93   43]
 [  82   10  781  388  563  153   72 2291   43   36]
 [ 918   87  267   99   22    7   32   11 2832  120]
 [ 353  676  166  344   46  101   65  161  678 1800]]

2018-10-01 09:33:15,289: Epoch number: 13
2018-10-01 09:38:43,709: Distance Average: 
[4.301983275934428, 4.436946358762938, 4.183481409569748, 4.0860331975206545, 4.1340113130856455, 4.118240148190609, 3.996929394122486, 4.062331111418811, 4.108055200655598, 4.143711815114881]
2018-10-01 09:38:43,709: Prototypes Count: 10
2018-10-01 09:38:43,709: Epoch number: 14
2018-10-01 09:44:21,667: Distance Average: 
[4.219755854326136, 4.172125039840567, 4.354488743453467, 4.072967914463598, 4.1036123661411965, 4.035611015878476, 3.9138261873839864, 4.338085318186197, 3.9968003619800916, 4.1641768850264]
2018-10-01 09:44:21,667: Prototypes Count: 10
2018-10-01 09:55:38,767: Accuracy:  0.5062
2018-10-01 09:55:38,767: Confusion Matrix: 
[[3012   86   54  171   17   52   11   10  837  155]
 [ 206 2985    2  105    5   27   47    8  613  422]
 [ 907   41  709 1252  224  683  189  135  213   52]
 [ 328   71   75 2137   63 1145  179   54  221   95]
 [ 592   14  340  621 1186  453  422  573  107   54]
 [ 186   38  115 1452   74 2174  101  152   87   44]
 [ 127   71  146 1197  190  390 2036   70  122   64]
 [ 585   53   31  457  130  879   74 1988   34  188]
 [ 555  127    4   87    2   27   11    1 3433  148]
 [ 333  713    2  162    4   65   46   12  442 2611]]

2018-10-01 09:55:38,768: Epoch number: 15
2018-10-01 10:01:17,010: Distance Average: 
[3.905256664051729, 3.8646223627287766, 4.278074892428743, 4.1933421394493005, 4.2323482339285015, 4.150673589425442, 4.210191873716131, 4.167734472763928, 3.824136058555162, 3.9628057772995997]
2018-10-01 10:01:17,010: Prototypes Count: 10
2018-10-01 10:01:17,011: Epoch number: 16
2018-10-01 10:06:51,120: Distance Average: 
[4.428323507709663, 4.088788300958173, 4.370014000740372, 4.118959134892572, 4.2988592199397315, 4.033734883551374, 4.0058234810219915, 4.084196067718138, 4.221160692025808, 4.056332234085583]
2018-10-01 10:06:51,120: Prototypes Count: 10
2018-10-01 10:18:30,363: Accuracy:  0.5347
2018-10-01 10:18:30,363: Confusion Matrix: 
[[3144   46  269   33  102   48   40   19  589  115]
 [ 467 2443   11   11   35   56   73   11  394  919]
 [ 578   15 1873  143  805  359  353   57  187   35]
 [ 195   20  327  746  793 1468  531   89  125   74]
 [ 307    5  786  174 2242  123  441  152  101   31]
 [ 112   18  382  528  804 1975  370  133   66   35]
 [ 103   13  293  101  544  196 2930   28  158   47]
 [ 283    8  198  291 1016  366  108 2012   36  101]
 [ 760   97   54   29   43   36   47    5 3194  130]
 [ 528  311   16   30   48   85   81   70  252 2969]]

2018-10-01 10:18:30,364: Epoch number: 17
2018-10-01 10:24:08,897: Distance Average: 
[3.8731474054961645, 3.907032317128675, 4.125023157456342, 4.025552502915829, 4.054212578038063, 3.9572885329843186, 4.238090922925907, 4.094334435339844, 4.08847489829891, 4.065625862215386]
2018-10-01 10:24:08,897: Prototypes Count: 10
2018-10-01 10:24:08,897: Epoch number: 18
2018-10-01 10:29:46,842: Distance Average: 
[3.7002472865481337, 3.6482234547878134, 4.123500603988391, 4.077962439648712, 4.125713160045469, 4.067772571507525, 3.969664242239177, 3.840210527643279, 3.522921936177025, 3.8779087391056]
2018-10-01 10:29:46,842: Prototypes Count: 10
2018-10-01 10:41:17,778: Accuracy:  0.5246
2018-10-01 10:41:17,778: Confusion Matrix: 
[[3272   40  307  252   18   25    1  161  283   46]
 [ 402 2776  141  259    3   16   11  114  297  401]
 [ 613    1 1694  850  187  571   24  398   51   16]
 [ 111   10  316 2151   48 1260   25  351   55   41]
 [ 350    4  756  536 1140  515   29  991   27   14]
 [  43    5  315 1160   56 2291    2  524    9   18]
 [  71   14  821 1365  304  549 1079  148   31   31]
 [  93    5  131  335   57  473    0 3278   15   32]
 [ 959   73   52  246    4   30    5   41 2913   72]
 [ 433  503   85  334    5   34    2  264  242 2488]]

2018-10-01 10:41:17,779: Epoch number: 19
2018-10-01 10:47:00,613: Distance Average: 
[3.860248019915669, 4.015370419929767, 4.015796132047637, 4.1487863844708555, 3.982087637563484, 4.015683281153079, 4.105024969354399, 4.260186808039522, 3.949688666320044, 4.0963306634152525]
2018-10-01 10:47:00,613: Prototypes Count: 10
2018-10-01 10:47:00,613: Epoch number: 20
2018-10-01 10:52:37,593: Distance Average: 
[3.7431926106204507, 3.849262207952039, 4.113937911266039, 4.179149211207522, 4.01053560938581, 4.174774257107872, 4.131406255231399, 3.8243931993560003, 3.623661955131972, 3.7198649707387705]
2018-10-01 10:52:37,593: Prototypes Count: 10
2018-10-01 11:04:11,517: Accuracy:  0.5205
2018-10-01 11:04:11,517: Confusion Matrix: 
[[2692   95  168   82  206   46    1  139  436  540]
 [  66 3089   13   91   11   18   10   61  143  918]
 [ 494   24 1176  393  550  598   17  969   59  125]
 [  97   42  138 1604  153  830   19 1044   51  390]
 [ 140   12  211  177 1519  287   16 1828   32  140]
 [  38   16  113  855  117 1655    4 1485   14  126]
 [  40   30  391 1312  382  361  808  768   41  280]
 [  46   16   24  117  152  228    1 3549   11  275]
 [ 302  133   14  145   37   23    1   68 3008  664]
 [  44  272    5   61   27   11    1  118   49 3802]]

2018-10-01 11:04:11,518: Epoch number: 21
2018-10-01 11:09:48,961: Distance Average: 
[3.8741248567565147, 3.858782644107424, 4.082314652755481, 3.9185197949409485, 3.9967799515559754, 3.839838900227274, 3.874485561754269, 3.8221420880644335, 3.6356614558164737, 3.7748297159789037]
2018-10-01 11:09:48,962: Prototypes Count: 10
2018-10-01 11:09:48,962: Epoch number: 22
2018-10-01 11:15:25,103: Distance Average: 
[4.180537212195516, 4.0165193245328705, 4.35205658263519, 4.375057577709608, 4.176056615237532, 4.202215909957886, 4.176121091111555, 4.039141108370074, 3.9578475573831353, 4.049399121862943]
2018-10-01 11:15:25,103: Prototypes Count: 10
2018-10-01 11:27:02,031: Accuracy:  0.5616
2018-10-01 11:27:02,031: Confusion Matrix: 
[[3106   46  492   85   79   41   25  109  240  182]
 [ 222 2898  103  132   80   54  126  123   95  587]
 [ 530    4 2250  355  694  238  143  148   20   23]
 [ 171   11  639 2152  261  564  317  158   24   71]
 [ 184    4  711  240 2558  118  175  349    8   15]
 [  68    3  695 1573  401 1311  110  234    5   23]
 [  64   11  499  649  531  132 2398   44   19   66]
 [  94    5  299  278  865  388   30 2423    8   29]
 [ 878  183  155  108   17   23   97   35 2580  319]
 [ 267  329  100  141   43  154   94  167   60 3035]]

2018-10-01 11:27:02,032: Epoch number: 23
2018-10-01 11:32:38,899: Distance Average: 
[3.500125678647466, 3.8835497321753665, 4.0152089319309265, 3.892947780180581, 3.9659989384648195, 3.813271973327293, 4.237409332947999, 4.255798437509192, 3.770199771754998, 3.825667414508882]
2018-10-01 11:32:38,899: Prototypes Count: 10
2018-10-01 11:32:38,899: Epoch number: 24
2018-10-01 11:38:18,020: Distance Average: 
[3.7376548947406416, 3.7031199825221095, 3.9379499158939395, 3.75258609388448, 3.9207561505625614, 3.761339493806069, 3.7960236474643168, 3.705142008868429, 3.965966054427722, 3.735608967796701]
2018-10-01 11:38:18,020: Prototypes Count: 10
2018-10-01 11:49:56,619: Accuracy:  0.5829
2018-10-01 11:49:56,620: Confusion Matrix: 
[[2779  135  453  122  286   85   22   86  350   87]
 [ 111 3573   82   64   42   78  102   40  182  146]
 [ 328   19 1605  356  998  555  208  271   51   14]
 [  35   29  253 1400  481 1516  408  180   50   16]
 [ 156    8  188  157 2890  302  145  487   23    6]
 [  23   10  213  875  509 2219  196  350   18   10]
 [  19   14  286  194  657  377 2783   38   32   13]
 [  35   22   67  240  574  549   39 2841   29   23]
 [ 491  231  137   72   84   86   70   13 3066  145]
 [ 109  917   59  183   57  163  121  127  164 2490]]

2018-10-01 11:49:56,620: Epoch number: 25
2018-10-01 11:55:27,475: Distance Average: 
[3.78354149425731, 3.574870987596183, 4.008426619377457, 3.7681991661651226, 3.7203651513425533, 3.906833956518454, 3.9727631923084163, 3.7235018531960176, 3.5280299306901033, 3.734684211699689]
2018-10-01 11:55:27,476: Prototypes Count: 10
2018-10-01 11:55:27,476: Epoch number: 26
2018-10-01 12:01:00,791: Distance Average: 
[3.7991991792406354, 3.6222854330621916, 4.141329462387983, 3.9678157232230222, 3.787235078019408, 3.969332177676196, 3.864425940245542, 3.8934619767325267, 3.9255425283731507, 3.7326824325029966]
2018-10-01 12:01:00,791: Prototypes Count: 10
2018-10-01 12:12:40,777: Accuracy:  0.5913
2018-10-01 12:12:40,777: Confusion Matrix: 
[[2591   66  798  110  219   36   19   77  430   59]
 [ 215 3176   87   97   34   45  119   51  361  235]
 [ 190   10 1796  351 1203  288  274  218   68    7]
 [  47   11  402 1686  641  850  424  221   75   11]
 [ 101    4  237  171 3141   79  169  436   21    3]
 [  17    5  275  996  548 1953  221  374   27    7]
 [  13   13  310  249  757  126 2840   51   47    7]
 [  46   10  126  261  538  426   54 2919   25   14]
 [ 390  105  176  135   59   28   55   13 3371   63]
 [ 275  525  150  142   30  177  123  144  278 2546]]

2018-10-01 12:12:40,778: Epoch number: 27
2018-10-01 12:18:04,199: Distance Average: 
[3.546578177283792, 3.8038932553653058, 3.831604573305915, 3.7705889351760287, 3.6886895151347576, 3.9159670318226674, 3.7479279869865922, 3.4410664908036512, 3.3362959124825218, 3.669356307436208]
2018-10-01 12:18:04,199: Prototypes Count: 10
2018-10-01 12:18:04,199: Epoch number: 28
2018-10-01 12:23:35,642: Distance Average: 
[4.36904935957003, 3.612907649730814, 4.360312206204198, 4.181269570242001, 4.174954019370124, 4.050706868774969, 3.7967013394812303, 3.690495174641043, 3.656208017049742, 3.8475991866627677]
2018-10-01 12:23:35,642: Prototypes Count: 10
2018-10-01 12:35:15,486: Accuracy:  0.5838
2018-10-01 12:35:15,487: Confusion Matrix: 
[[2610  211  351   19  158   26  117   83  343  487]
 [  48 2908   21    1   27   14  113   18  126 1144]
 [ 375   32 1528   84  860  278  740  240  102  166]
 [  26   43  382  677  396 1146 1118  197  131  252]
 [ 135   18  183   61 2559  115  741  357   64  129]
 [  16   21  319  281  446 2115  645  353   47  180]
 [   6   25  110   60  213   83 3678   40   77  121]
 [  46   24   91   45  578  366  182 2682   37  368]
 [ 280  249   49   16   34   22  104    8 3119  514]
 [  49  262   15    5   23   35   96   42   51 3812]]

2018-10-01 12:35:15,487: Epoch number: 29
2018-10-01 12:40:36,058: Distance Average: 
[3.555710423092882, 3.308739956905102, 3.9240653306496243, 3.9355530968949766, 3.723821205778929, 3.8930654558813136, 3.4086282785340916, 3.726780527430024, 3.6722399538213555, 3.5471690525774098]
2018-10-01 12:40:36,058: Prototypes Count: 10
2018-10-01 12:40:36,058: Epoch number: 30
2018-10-01 12:46:04,766: Distance Average: 
[3.4820259098245314, 3.711423538882157, 3.6911288285455783, 4.135681579761867, 3.630977383601628, 4.100110495317747, 3.4830309962901387, 3.376080030828663, 3.4610855571494614, 3.3578369965318773]
2018-10-01 12:46:04,766: Prototypes Count: 10
2018-10-01 12:57:45,647: Accuracy:  0.5961
2018-10-01 12:57:45,647: Confusion Matrix: 
[[3249  138  287    7  166   55   12   29  370   92]
 [ 173 3673   59   36   16   27   38   10  188  200]
 [ 650   40 1792   90  870  554  225   86   65   33]
 [ 148   73  530  891  468 1510  441  128  105   74]
 [ 204   23  400  104 3047  200  182  144   46   12]
 [  70   39  413  362  514 2547  164  232   36   46]
 [  88   46  534  192  420  201 2805   15   77   35]
 [ 147   79  257   56  932  598   42 2213   36   59]
 [ 574  207   67   36   58   54   38    6 3224  131]
 [ 260  826   98   20   33   99   49   68  149 2788]]

2018-10-01 12:57:45,647: Epoch number: 31
2018-10-01 13:03:07,598: Distance Average: 
[3.4613800786122555, 3.4467093052535223, 3.821183050780737, 3.858419116539291, 3.6546330934034246, 3.854434067909598, 3.3840049231072706, 3.3064538882644574, 3.632047298920056, 3.38245744197095]
2018-10-01 13:03:07,598: Prototypes Count: 10
2018-10-01 13:03:07,598: Epoch number: 32
2018-10-01 13:08:39,419: Distance Average: 
[3.5137627425313998, 3.234190353442883, 3.828996995316834, 3.7607244007949587, 3.5739666634592515, 3.7978581444229578, 3.6328886684404726, 3.5764837219875156, 3.208029166134921, 3.3755564193256564]
2018-10-01 13:08:39,419: Prototypes Count: 10
2018-10-01 13:20:16,783: Accuracy:  0.6029
2018-10-01 13:20:16,783: Confusion Matrix: 
[[3296   55  255  112  132   19   18   76  340  102]
 [ 209 3175   37  159   11   20   60   53  361  335]
 [ 515   10 1628  660  790  195  232  258   98   19]
 [ 112    7  324 2076  485  687  323  225  105   24]
 [ 207    3  222  285 2928   72  175  415   47    8]
 [  51   10  251 1233  556 1627  155  499   23   18]
 [  64   16  256  750  492   61 2606   56   87   25]
 [ 108   13  137  243  492  244   35 3074   25   48]
 [ 689   75   58  148   23   23   44   18 3235   82]
 [ 249  408   84  191   26   49   60  133  309 2881]]

2018-10-01 13:20:16,784: Epoch number: 33
2018-10-01 13:25:39,699: Distance Average: 
[3.3292955723129403, 3.163942824149954, 3.741588071214051, 4.002510916205901, 3.647567801340994, 3.7421680203343595, 3.50293291975733, 3.5347302801227407, 3.378437168342023, 3.5332064452718517]
2018-10-01 13:25:39,699: Prototypes Count: 10
2018-10-01 13:25:39,699: Epoch number: 34
2018-10-01 13:31:05,914: Distance Average: 
[3.7175097245128215, 4.105365721932773, 3.791799980051377, 3.73288279130489, 3.4756166800436183, 4.159968836881879, 3.2757911588711064, 3.7384306941303245, 3.560921420538721, 3.3995431239487695]
2018-10-01 13:31:05,914: Prototypes Count: 10
2018-10-01 13:42:41,863: Accuracy:  0.6000
2018-10-01 13:42:41,863: Confusion Matrix: 
[[2943  114  154   84  152   71   55   22  652  158]
 [ 130 3389   10   41   21   35   66    6  250  472]
 [ 590   36 1290  470  877  435  429   94  159   25]
 [ 127   54  198 1830  356  998  501   76  164   64]
 [ 210   18  191  228 2900  148  426  134   92   15]
 [  87   47  163 1037  501 2030  216  213   90   39]
 [  43   37  181  382  320  124 3170   10  100   46]
 [ 203   29   56  213  921  573   74 2167   57  126]
 [ 305  133   25   46   25   29   59    3 3652  118]
 [ 216  562    7   46   32  120   69   29  278 3031]]

2018-10-01 13:42:41,864: Epoch number: 35
2018-10-01 13:48:04,829: Distance Average: 
[3.3399719005873223, 3.1843084779278987, 3.5845472712476716, 3.534218513512913, 3.2260222932014346, 3.535278897144972, 3.389426726905004, 3.4979664680264286, 3.2666913907389996, 3.292673523699651]
2018-10-01 13:48:04,829: Prototypes Count: 10
2018-10-01 13:48:04,829: Epoch number: 36
2018-10-01 13:53:32,543: Distance Average: 
[3.401422168026451, 3.1626044219937817, 3.5241336401771095, 3.6102221936364716, 3.386305914403503, 3.640824926581292, 3.1927968927705104, 3.854865026145712, 3.261020289570832, 3.7004749962540924]
2018-10-01 13:53:32,543: Prototypes Count: 10
2018-10-01 14:04:55,875: Accuracy:  0.6159
2018-10-01 14:04:55,875: Confusion Matrix: 
[[2774   93  640   91  106   50   27   62  467   95]
 [ 191 3315   86  102   13   39   72   26  245  331]
 [ 259   13 2384  366  479  319  207  284   74   20]
 [  50   17  607 2039  166  892  242  228   92   35]
 [  79   13  661  228 2411  190  173  555   45    7]
 [  31    6  427 1084  225 2078   95  436   24   17]
 [  27   22  579  464  286  148 2732   87   38   30]
 [  71   21  228  209  299  435   37 3054   23   42]
 [ 389  131  143  108    8   47   60   18 3413   78]
 [ 262  463   86  182   17   72   58  133  218 2899]]

2018-10-01 14:04:55,876: Epoch number: 37
2018-10-01 14:10:20,660: Distance Average: 
[3.476405689495952, 3.1273197634466765, 3.625773421455832, 3.746049248719517, 3.4933598639449355, 3.6914574922267445, 3.2501366187197998, 3.3912742232291504, 3.209942198390803, 4.178887580261856]
2018-10-01 14:10:20,660: Prototypes Count: 10
2018-10-01 14:10:20,660: Epoch number: 38
2018-10-01 14:15:45,385: Distance Average: 
[3.3598426321975325, 3.1213010389229345, 3.8957925524030412, 3.556584638885305, 3.308299788486995, 3.305090488139637, 3.5958048249428276, 3.429889639560614, 3.0370872022691837, 3.2625408993392693]
2018-10-01 14:15:45,385: Prototypes Count: 10
2018-10-01 14:27:20,880: Accuracy:  0.5864
2018-10-01 14:27:20,880: Confusion Matrix: 
[[2769  108  743  119   73   60   25   54  228  226]
 [ 160 3159   71  137   12   38  144   29  105  565]
 [ 224    9 2814  503  255  299  127  133   13   28]
 [  30   14  702 1876  148 1129  258  147   18   46]
 [ 132    8 1012  476 1955  243  205  309    6   16]
 [  18   11  645 1051  150 2181   71  263   10   23]
 [  18   18  509 1032  147  198 2408   46    8   29]
 [  72   41  419  242  281  549   23 2689    9   94]
 [ 583  130  205  183   25   40  141   32 2787  269]
 [ 116  429  113  148    9  173   62  116   61 3163]]

2018-10-01 14:27:20,881: Epoch number: 39
2018-10-01 14:32:45,865: Distance Average: 
[3.461836435414162, 3.519835151886118, 3.6287761764366087, 3.3732632790939716, 3.3341159069426007, 3.4064564849516343, 3.040037151902051, 3.3742214406418922, 4.300591224481251, 3.3042632689241502]
2018-10-01 14:32:45,865: Prototypes Count: 10
2018-10-01 14:32:45,865: Epoch number: 40
2018-10-01 14:38:15,591: Distance Average: 
[3.31859286813175, 3.607616327959916, 3.9669158418639365, 3.6099929862384554, 3.111329713585235, 3.3722779899577335, 3.3777582897238267, 3.2279763143772513, 3.0473760614710406, 3.6282298068531222]
2018-10-01 14:38:15,591: Prototypes Count: 10
2018-10-01 14:51:56,618: Accuracy:  0.6088
2018-10-01 14:51:56,618: Confusion Matrix: 
[[3055  161  360  106   51   14   25   18  472  143]
 [ 116 3533   28   73    8    3   77    9  268  305]
 [ 433   32 2285  634  361   95  335   92  100   38]
 [  93   50  490 2613  184  281  423   55  112   67]
 [ 232   17  782  560 2173   68  284  172   55   19]
 [  69   31  500 1872  268 1244  205  156   47   31]
 [  36   51  353  649  182   31 3017    6   46   42]
 [ 148   22  326  482  537  272   51 2439   33  109]
 [ 360  175   80   82    6    7   58    6 3488  133]
 [ 187  724   48  167   14   14   78   36  180 2942]]

2018-10-01 14:51:56,619: Epoch number: 41
2018-10-01 14:57:17,219: Distance Average: 
[3.4919823610482097, 2.7976320675734816, 3.564999519877073, 3.232727783390238, 3.2518471001083946, 3.5994660395683407, 3.0735591264152853, 3.4721569760531033, 2.839741282620706, 3.4827514441286933]
2018-10-01 14:57:17,219: Prototypes Count: 10
2018-10-01 14:57:17,219: Epoch number: 42
2018-10-01 15:02:49,100: Distance Average: 
[3.2523705095804036, 3.2772686933648996, 3.6568015218782826, 3.657005826506434, 3.337077623250716, 3.508651203671196, 3.350903652798784, 3.271787157157202, 3.266430551355535, 3.4130101231277967]
2018-10-01 15:02:49,100: Prototypes Count: 10
2018-10-01 15:14:09,805: Accuracy:  0.6034
2018-10-01 15:14:09,805: Confusion Matrix: 
[[3226  110  368   28   41   40   29   76  371  116]
 [ 144 3453   63   46    9   22  113   36  171  363]
 [ 563   22 2218  175  238  473  360  265   69   22]
 [  86   27  630 1153  201 1368  599  188   66   50]
 [ 264   14  744  164 1867  276  418  560   41   14]
 [  56   24  469  435  218 2418  347  389   34   33]
 [  69   32  412  259  149  235 3086   64   59   48]
 [ 109   18  245   98  233  536   93 3007   25   55]
 [ 540  214  131   64   14   42   65   18 3156  151]
 [ 222  529  109   56   10   87  100  157  154 2966]]

2018-10-01 15:14:09,806: Epoch number: 43
2018-10-01 15:19:28,836: Distance Average: 
[3.591508612913244, 2.812786504729041, 3.982382563983693, 3.6000224642361265, 3.298097611594723, 3.3897103407973845, 3.591779604884185, 3.029318759855838, 2.855006855972542, 3.1019609658444516]
2018-10-01 15:19:28,836: Prototypes Count: 10
2018-10-01 15:19:28,837: Epoch number: 44
2018-10-01 15:24:51,428: Distance Average: 
[3.1501760074070524, 3.121194475272606, 3.519074144683966, 3.5532427245303047, 3.2013231728891594, 3.36438705251783, 3.4569069254743585, 3.157732492675059, 3.070679760767409, 3.7299954000066537]
2018-10-01 15:24:51,428: Prototypes Count: 10
2018-10-01 15:36:09,924: Accuracy:  0.5995
2018-10-01 15:36:09,924: Confusion Matrix: 
[[2443   42  857   80  105   47   15   22  582  212]
 [ 114 2845   92   97   12   36  117   10  372  725]
 [ 196    4 2697  341  438  301  211   67  110   40]
 [  35   11  642 1675  217 1151  310   98  133   96]
 [  90    3  809  339 2502  211  219  112   54   23]
 [  24    8  565  762  328 2322  125  201   47   41]
 [  10   14  580  522  162  182 2839   10   55   39]
 [  35   11  421  227  771  544   41 2227   33  109]
 [ 259   62  153   69   12   47   52    4 3485  252]
 [ 114  279  125  105   22   91   87   42  182 3343]]

2018-10-01 15:36:09,925: Epoch number: 45
2018-10-01 15:41:36,905: Distance Average: 
[2.990178498099832, 3.558113820799466, 3.3447446318233713, 3.980399782521815, 3.098036311263201, 3.485033104283351, 3.174323508849136, 3.118130797978728, 3.2013583975389968, 2.9249032102647377]
2018-10-01 15:41:36,905: Prototypes Count: 10
2018-10-01 15:41:36,905: Epoch number: 46
2018-10-01 15:46:57,814: Distance Average: 
[3.153540586824177, 3.206636901970567, 3.4982067631072358, 3.3896675234353997, 3.1354199528320454, 3.7835236963407626, 3.2160279214686796, 3.203730069011091, 3.5358600892311287, 3.2929542865909514]
2018-10-01 15:46:57,814: Prototypes Count: 10
2018-10-01 15:58:29,039: Accuracy:  0.6113
2018-10-01 15:58:29,039: Confusion Matrix: 
[[3243   93  352   67   77   73   17   28  278  177]
 [ 170 3267   36   67   17   37   53   11  149  613]
 [ 435   31 2155  383  540  339  271  129   74   48]
 [ 107   50  410 2025  313  843  274  153   86  107]
 [ 200   13  479  359 2640  169  274  169   35   24]
 [  66   25  326 1135  364 1908  140  332   46   81]
 [  60   49  342  575  301  137 2772   34   63   80]
 [ 146   25  200  198  772  433   38 2473   22  112]
 [ 614  146   86   75   13   69   26   19 3064  283]
 [ 235  396   38   71   28   99   34   59   78 3352]]

2018-10-01 15:58:29,040: Epoch number: 47
2018-10-01 16:03:50,931: Distance Average: 
[2.9172459297821303, 3.511300340603138, 3.116295823329637, 3.343078651760198, 2.6829144913574745, 3.402523635784923, 2.8849351083196613, 2.923574786178011, 2.7860069418741653, 3.260629225949772]
2018-10-01 16:03:50,931: Prototypes Count: 10
2018-10-01 16:03:50,931: Epoch number: 48
2018-10-01 16:09:20,715: Distance Average: 
[2.9833107611712286, 2.674451678580251, 3.07141370032014, 3.117391947515403, 2.974709977737415, 3.709423973820652, 2.851050640899034, 2.916388325970267, 2.7334119972118662, 2.813517626778024]
2018-10-01 16:09:20,715: Prototypes Count: 10
2018-10-01 16:20:52,575: Accuracy:  0.5925
2018-10-01 16:20:52,575: Confusion Matrix: 
[[2678   70  656  153   93  130   28   50  377  170]
 [ 188 3020   43  148   24   96   79   34  173  615]
 [ 219    8 2032  590  384  748  239  125   44   16]
 [  62   14  316 2042  201 1382  225   67   41   18]
 [ 114    5  599  469 2254  437  168  273   27   16]
 [  29   13  244  845  212 2750  100  195   17   18]
 [  24   18  292  853  253  366 2524   45   22   16]
 [  77   13  194  212  343  970   38 2520   18   34]
 [ 414  131   83  197   21   57   72   12 3191  217]
 [ 200  319   40  171   27  307   64   88  114 3060]]

2018-10-01 16:20:52,576: Epoch number: 49
2018-10-01 16:26:18,247: Distance Average: 
[3.109869199239907, 2.807508296596593, 3.3821075170981785, 3.5402679137791258, 2.9146063555744375, 3.169050236508586, 3.088984082464059, 3.022409025034683, 2.8206799647039618, 3.5132795111077733]
2018-10-01 16:26:18,247: Prototypes Count: 10
2018-10-01 16:26:18,247: Epoch number: 50
2018-10-01 16:31:41,445: Distance Average: 
[3.1727769611262473, 3.0189117242550028, 3.8602183752701063, 3.522940776770628, 3.1910012958565477, 3.392210576521875, 3.172101197494559, 3.0356172893625937, 3.1914510994903313, 3.069011655010161]
2018-10-01 16:31:41,445: Prototypes Count: 10
2018-10-01 16:42:59,958: Accuracy:  0.5928
2018-10-01 16:42:59,958: Confusion Matrix: 
[[3324   32  303   99   55   99    6   70  260  157]
 [ 359 3019   34   84   15  115   23   22  226  523]
 [ 523    7 2029  628  339  535  130  124   68   22]
 [ 174    7  382 2234  146 1048  144   99   90   44]
 [ 177    3  559  690 2200  296  165  233   29   10]
 [  93    9  253 1206  196 2344   69  209   25   19]
 [ 130   39  372  971  161  283 2329   18   58   52]
 [ 122   10  162  247  543  742   22 2520   13   38]
 [ 743   96   77   93   11  114   27   17 3048  169]
 [ 358  423   28  122   11  158   14   93  146 3037]]

