2018-10-05 21:33:01,548: ********************************************************************************
2018-10-05 21:33:01,549: {'train': True, 'test': True, 'dataset_path': 'data/fashion-mnist_train.csv', 'loss_type': 'pdce', 'tensor_view': [-1, 28, 28], 'in_channels': 1, 'layers': 8, 'learning_rate': 0.001, 'threshold': 20.0, 'gamma': 0.05, 'tao': 20.0, 'b': 2.0, 'lambda_': 0.01, 'std_coefficient': 1.0, 'train_test_split': 6000, 'epoch_number': 2, 'test_frequency': 1}
2018-10-05 21:33:01,549: Trainset size: 6000
2018-10-05 21:33:01,549: Testset size: 54000
2018-10-05 21:33:02,991: DenseNet Channels: 174
2018-10-05 21:33:02,992: Epoch number: 1
2018-10-05 21:33:02,992: threshold: 20.0000, gamma: 0.0500, tao: 20.0000, b: 2.0000
2018-10-05 21:37:36,438: Prototypes Count: 10
2018-10-05 21:37:36,441: Distance Average: {0: 8.009862, 1: 7.0357733, 2: 8.089807, 3: 7.9101825, 4: 8.0274315, 5: 9.040557, 6: 8.529229, 7: 7.869094, 8: 8.492228, 9: 8.476071}
2018-10-05 21:37:36,441: Distance Std: {0: 1.1925896, 1: 1.331383, 2: 1.060696, 3: 1.1719383, 4: 1.0564514, 5: 1.4241561, 6: 1.0144715, 7: 1.2051384, 8: 1.1287209, 9: 1.2055657}
2018-10-05 21:37:36,441: Distance Threshold: {0: 9.202451586723328, 1: 8.367156267166138, 2: 9.150502562522888, 3: 9.082120776176453, 4: 9.083882927894592, 5: 10.464712977409363, 6: 9.543700695037842, 7: 9.074232339859009, 8: 9.620948433876038, 9: 9.681637048721313}
2018-10-05 21:50:05,444: Accuracy:  0.8462
2018-10-05 21:50:05,444: True Positive: 0
2018-10-05 21:50:05,444: False Positive: 364
2018-10-05 21:50:05,444: False Negative: 0
2018-10-05 21:50:05,444: Precision:  0.0000
2018-10-05 21:50:05,444: Recall:  0.0000
2018-10-05 21:50:05,444: Confusion Matrix: 
[[4936   12  115  102   19    1  173    0   81    0]
 [  22 5193   24  100    8    0   17    0    6    0]
 [  83   13 4274   27  757    0  200    0   36    0]
 [ 528   20   69 4423  212    0   92    0   26    0]
 [  41   13  440  183 4441    0  225    0   37    1]
 [   0    1    0    4    0 5179    1  151    8   32]
 [1538   12  834   73  802    1 2104    1   85    0]
 [   0    0    0    0    0   79    0 5241    3   60]
 [  31   10   30   13   27   53   53   25 5164    2]
 [   1    0    0    2    0  112    0  575    4 4739]]
2018-10-05 21:50:05,445: Epoch number: 2
2018-10-05 21:50:05,445: threshold: 13.3173, gamma: 0.1229, tao: 13.3173, b: 1.2946
2018-10-05 21:54:26,222: Prototypes Count: 10
2018-10-05 21:54:26,224: Distance Average: {0: 6.6144223, 1: 4.3708935, 2: 6.152467, 3: 5.852083, 4: 6.107527, 5: 5.8585625, 6: 6.9666934, 7: 5.4030805, 8: 6.0802083, 9: 5.2146864}
2018-10-05 21:54:26,224: Distance Std: {0: 0.76707464, 1: 1.0687304, 2: 0.7980133, 3: 0.90876466, 4: 0.7334268, 5: 1.1492623, 6: 0.6869711, 7: 0.76445997, 8: 0.89979875, 9: 0.78193027}
2018-10-05 21:54:26,224: Distance Threshold: {0: 7.381496965885162, 1: 5.439623832702637, 2: 6.950480103492737, 3: 6.760847866535187, 4: 6.840953588485718, 5: 7.007824778556824, 6: 7.653664529323578, 7: 6.167540431022644, 8: 6.98000705242157, 9: 5.9966166615486145}
2018-10-05 22:06:48,017: Accuracy:  0.8593
2018-10-05 22:06:48,017: True Positive: 0
2018-10-05 22:06:48,017: False Positive: 1195
2018-10-05 22:06:48,017: False Negative: 0
2018-10-05 22:06:48,017: Precision:  0.0000
2018-10-05 22:06:48,018: Recall:  0.0000
2018-10-05 22:06:48,018: Confusion Matrix: 
[[4618    9   74  335   27    0  316    0   60    0]
 [   0 5187   14  129    7    0   31    0    2    0]
 [  45    2 3948   72  793    0  493    0   37    0]
 [ 143   29   20 4946   83    0  137    0   11    1]
 [  10    5  219  431 3855    0  827    0   33    1]
 [   0    0    0    1    0 5023    3  237   13   99]
 [1097    7  446  266  321    0 3211    1  101    0]
 [   0    0    0    0    0   27    0 5199   10  147]
 [   8    9    5   33   18   14   87    7 5223    4]
 [   1    0    0    1    0   16    1  217    7 5190]]
2018-10-05 22:06:48,023: ------ 2051.386s ------
2018-10-05 22:25:24,654: ********************************************************************************
2018-10-05 22:25:24,654: {'train': True, 'test': True, 'dataset_path': 'data/fashion-mnist_train.csv', 'loss_type': 'pdce', 'tensor_view': [-1, 28, 28], 'in_channels': 1, 'layers': 8, 'learning_rate': 0.001, 'threshold': 10.296024322509766, 'gamma': 0.1711251310579067, 'tao': 10.296024322509766, 'b': 1.1130868196487427, 'lambda_': 0.01, 'std_coefficient': 1.0, 'train_test_split': 6000, 'epoch_number': 2, 'test_frequency': 1}
2018-10-05 22:25:24,654: Trainset size: 6000
2018-10-05 22:25:24,654: Testset size: 54000
2018-10-05 22:25:26,062: DenseNet Channels: 174
2018-10-05 22:25:26,249: Load model from file 'fashion-mnist_all/fashion-mnist_all.pkl'.
2018-10-05 22:25:26,255: Load prototypes from file 'fashion-mnist_all/fashion-mnist_all_prototypes.pkl'.
2018-10-05 22:25:26,255: Epoch number: 1
2018-10-05 22:25:26,255: threshold: 10.2960, gamma: 0.1711, tao: 10.2960, b: 1.1131
2018-10-05 22:29:46,446: Prototypes Count: 10
2018-10-05 22:29:46,449: Distance Average: {0: 4.8307457, 1: 3.679696, 2: 5.0713997, 3: 4.984172, 4: 5.126828, 5: 5.052736, 6: 5.5217223, 7: 3.828432, 8: 4.9629936, 9: 4.2809677}
2018-10-05 22:29:46,449: Distance Std: {0: 0.7081728, 1: 0.99285436, 2: 0.7912306, 3: 0.874492, 4: 0.67525935, 5: 0.8980748, 6: 0.8045733, 7: 0.83065236, 8: 0.9293333, 9: 0.82496715}
2018-10-05 22:29:46,449: Distance Threshold: {0: 5.538918495178223, 1: 4.672550439834595, 2: 5.862630307674408, 3: 5.858663856983185, 4: 5.8020875453948975, 5: 5.950810611248016, 6: 6.326295614242554, 7: 4.659084439277649, 8: 5.8923269510269165, 9: 5.1059348583221436}
2018-10-05 22:41:56,870: Accuracy:  0.8639
2018-10-05 22:41:56,870: True Positive: 0
2018-10-05 22:41:56,870: False Positive: 2028
2018-10-05 22:41:56,870: False Negative: 0
2018-10-05 22:41:56,870: Precision:  0.0000
2018-10-05 22:41:56,870: Recall:  0.0000
2018-10-05 22:41:56,870: Confusion Matrix: 
[[4965    1   30  142   12    0  208    1   80    0]
 [  25 5169    4  122   10    0   36    0    4    0]
 [ 100    1 3860   42  524    0  807    0   56    0]
 [ 400    4    6 4760   92    0   96    0   11    1]
 [  59    4  125  252 4173    0  737    0   31    0]
 [   0    0    0    0    0 5059    0  194   21  102]
 [1666    3  259   86  356    1 2958    0  121    0]
 [   0    0    0    0    0   26    0 5229    6  122]
 [  28    3    3   24   17    7   23   10 5291    2]
 [   1    0    0    0    0   11    0  229    8 5184]]
2018-10-05 22:41:56,871: Epoch number: 2
2018-10-05 22:41:56,871: threshold: 8.7909, gamma: 0.2116, tao: 8.7909, b: 1.0164
2018-10-05 22:46:44,752: Prototypes Count: 15
2018-10-05 22:46:44,754: Distance Average: {0: 5.6918797, 1: 4.335929, 2: 5.127194, 3: 4.9453807, 4: 5.351198, 5: 5.4755907, 6: 5.950609, 7: 4.4016, 8: 5.5093517, 9: 4.1552286}
2018-10-05 22:46:44,755: Distance Std: {0: 0.6379227, 1: 0.79200405, 2: 0.7551769, 3: 0.9801158, 4: 0.61313874, 5: 0.57893914, 6: 0.6723468, 7: 0.66964334, 8: 0.8380415, 9: 0.8068373}
2018-10-05 22:46:44,755: Distance Threshold: {0: 6.329802453517914, 1: 5.127932965755463, 2: 5.882370829582214, 3: 5.925496459007263, 4: 5.964336931705475, 5: 6.054529845714569, 6: 6.6229559779167175, 7: 5.071243226528168, 8: 6.347393214702606, 9: 4.962065935134888}
2018-10-05 22:59:15,224: Accuracy:  0.8754
2018-10-05 22:59:15,224: True Positive: 0
2018-10-05 22:59:15,224: False Positive: 1193
2018-10-05 22:59:15,224: False Negative: 0
2018-10-05 22:59:15,224: Precision:  0.0000
2018-10-05 22:59:15,224: Recall:  0.0000
2018-10-05 22:59:15,224: Confusion Matrix: 
[[4635   10   62  221   17    0  464    0   30    0]
 [   2 5192   19  109    0    0   45    0    3    0]
 [  57    7 4611   51  368    0  289    0    7    0]
 [ 153   10   25 4924   59    0  188    0   11    0]
 [  11   10  356  353 4027    0  612    0   12    0]
 [   0    1    0    0    0 5058    4  254    5   54]
 [ 953   30  634  130  318    1 3364    0   20    0]
 [   0    0    0    0    0    6    0 5270    0  107]
 [  84   84    9   13   23   10   77   34 5074    0]
 [   0    0    0    0    0   17    4  297    1 5114]]
2018-10-05 22:59:15,231: ------ 2054.541s ------
2018-10-05 23:05:09,440: ********************************************************************************
2018-10-05 23:05:09,440: {'train': True, 'test': True, 'dataset_path': 'data/fashion-mnist_train.csv', 'loss_type': 'pdce', 'tensor_view': [-1, 28, 28], 'in_channels': 1, 'layers': 8, 'learning_rate': 0.0002, 'threshold': 8.856819152832031, 'gamma': 0.19670010482408387, 'tao': 8.856819152832031, 'b': 0.9432344436645508, 'lambda_': 0.01, 'std_coefficient': 1.0, 'train_test_split': 6000, 'epoch_number': 2, 'test_frequency': 1}
2018-10-05 23:05:09,440: Trainset size: 6000
2018-10-05 23:05:09,440: Testset size: 54000
2018-10-05 23:05:10,851: DenseNet Channels: 174
2018-10-05 23:05:11,042: Load model from file 'fashion-mnist_all/fashion-mnist_all.pkl'.
2018-10-05 23:05:11,050: Load prototypes from file 'fashion-mnist_all/fashion-mnist_all_prototypes.pkl'.
2018-10-05 23:05:11,050: Epoch number: 1
2018-10-05 23:05:11,050: threshold: 8.8568, gamma: 0.1967, tao: 8.8568, b: 0.9432
2018-10-05 23:09:28,967: Prototypes Count: 10
2018-10-05 23:09:28,969: Distance Average: {0: 4.148404, 1: 3.553672, 2: 4.272577, 3: 4.3515015, 4: 4.0153685, 5: 3.7169487, 6: 5.103652, 7: 3.3557591, 8: 3.9166634, 9: 3.6047597}
2018-10-05 23:09:28,969: Distance Std: {0: 0.8641801, 1: 0.60630876, 2: 0.5514441, 3: 0.6096012, 4: 0.8911582, 5: 0.6134324, 6: 0.66729003, 7: 0.7113735, 8: 0.7705365, 9: 0.6672637}
2018-10-05 23:09:28,970: Distance Threshold: {0: 5.012584209442139, 1: 4.159980833530426, 2: 4.8240209221839905, 3: 4.961102664470673, 4: 4.906526684761047, 5: 4.330381155014038, 6: 5.770942032337189, 7: 4.067132651805878, 8: 4.687199890613556, 9: 4.272023379802704}
