2018-09-30 02:25:11,369: {'dataset_path': 'data/cifar10_sample-test.csv', 'loss_type': 'gcpl', 'tensor_view': [-1, 32, 32], 'in_channels': 3, 'layers': 10, 'learning_rate': 0.001, 'threshold': 10.0, 'gamma': 0.25, 'lambda_': 0.01, 'train_test_split': 6000, 'epoch_number': 50, 'test_frequency': 2}
2018-09-30 02:25:11,369: Trainset size: 6000
2018-09-30 02:25:11,369: Testset size: 6000
2018-09-30 02:25:12,771: DenseNet Channels: 216
2018-09-30 02:25:12,772: Epoch number: 1
2018-09-30 02:30:30,165: Distance Average: 
[12.9608898608261, 13.136869643415723, 13.449471857681527, 13.329712579741985, 13.013985858337708]
2018-09-30 02:30:30,166: Prototypes Count: 5977
2018-09-30 02:30:30,166: Epoch number: 2
2018-09-30 02:35:43,508: Distance Average: 
[12.554275189766395, 12.674840027635748, 13.07754666222991, 12.989913329057801, 12.462072076303931]
2018-09-30 02:35:43,508: Prototypes Count: 5932
2018-09-30 02:38:59,481: Accuracy:  0.0568
2018-09-30 02:38:59,481: Confusion Matrix: 
[[  0 144 335 128   0 111   0   0   0 282]
 [  0  63  20  41   0  13   0   0   0  65]
 [  0  29  82  38   0  25   0   0   0  39]
 [  0  31  55  57   0  42   0   0   0  35]
 [  0 150 236 246   0 179   0   0   0 189]
 [  0  23  49  50   0  43   0   0   0  24]
 [  0 181 201 248   0 168   0   0   0 202]
 [  0 147 253 214   0 166   0   0   0 220]
 [  0 236 173 123   0  68   0   0   0 400]
 [  0  46  14  14   0   6   0   0   0  96]]

2018-09-30 02:38:59,482: Epoch number: 3
2018-09-30 02:44:08,184: Distance Average: 
[10.826936095828708, 11.05950651695202, 11.32959774225065, 11.22534494177857, 10.874468018097152]
2018-09-30 02:44:08,184: Prototypes Count: 3811
2018-09-30 02:44:08,184: Epoch number: 4
2018-09-30 02:48:49,328: Distance Average: 
[5.853539598495191, 5.823551885106347, 6.0320086369026615, 5.932604310839623, 5.8669217602040415]
2018-09-30 02:48:49,329: Prototypes Count: 5
2018-09-30 02:50:19,917: Accuracy:  0.0802
2018-09-30 02:50:19,917: Confusion Matrix: 
[[  0 436 316  35   0 151   0   0   0  62]
 [  0 148   4   4   0  13   0   0   0  33]
 [  0  34 105  16   0  54   0   0   0   4]
 [  0  43  37  38   0  87   0   0   0  15]
 [  0 206 328  94   0 338   0   0   0  34]
 [  0  26  30  22   0 105   0   0   0   6]
 [  0 256 228 181   0 266   0   0   0  69]
 [  0 271 118  41   0 465   0   0   0 105]
 [  0 519 193  54   0  90   0   0   0 144]
 [  0  80   3   3   0   5   0   0   0  85]]

2018-09-30 02:50:19,918: Epoch number: 5
2018-09-30 02:55:02,434: Distance Average: 
[3.8291129713957264, 4.049966762785788, 4.169237669545038, 4.17532921742529, 3.797175533783456]
2018-09-30 02:55:02,435: Prototypes Count: 5
2018-09-30 02:55:02,435: Epoch number: 6
2018-09-30 02:59:43,821: Distance Average: 
[3.6298325240761167, 3.5349680016954226, 3.7398220963603985, 3.644354724596038, 3.6158641519052956]
2018-09-30 02:59:43,821: Prototypes Count: 5
2018-09-30 03:01:15,209: Accuracy:  0.0915
2018-09-30 03:01:15,209: Confusion Matrix: 
[[  0 450 317  97   0  31   0   0   0 105]
 [  0 160   4   6   0   2   0   0   0  30]
 [  0  21 109  53   0  24   0   0   0   6]
 [  0  18  27 131   0  34   0   0   0  10]
 [  0 132 358 320   0 167   0   0   0  23]
 [  0  17  27  84   0  54   0   0   0   7]
 [  0 203 158 481   0 109   0   0   0  49]
 [  0 230 131 279   0 263   0   0   0  97]
 [  0 588  93  88   0  12   0   0   0 219]
 [  0  72   0   7   0   2   0   0   0  95]]

2018-09-30 03:01:15,210: Epoch number: 7
2018-09-30 03:05:57,842: Distance Average: 
[3.639895969077485, 3.858924853724319, 3.7159746904971183, 3.7392700393206093, 3.7455647626583883]
2018-09-30 03:05:57,842: Prototypes Count: 5
2018-09-30 03:05:57,843: Epoch number: 8
2018-09-30 03:10:40,445: Distance Average: 
[3.4268742033200428, 3.3316566857037606, 3.576094610659596, 3.4748730441431634, 3.5500615813298295]
2018-09-30 03:10:40,446: Prototypes Count: 5
2018-09-30 03:12:12,975: Accuracy:  0.0927
2018-09-30 03:12:12,975: Confusion Matrix: 
[[  0 112 287 150   0  51   0   0   0 400]
 [  0  87   2   7   0   4   0   0   0 102]
 [  0   5  88  56   0  41   0   0   0  23]
 [  0   2   6 132   0  51   0   0   0  29]
 [  0  29 228 386   0 230   0   0   0 127]
 [  0   4  12  73   0  83   0   0   0  17]
 [  0  32  94 536   0 182   0   0   0 156]
 [  0  29  72 368   0 259   0   0   0 272]
 [  0 113  88  88   0  36   0   0   0 675]
 [  0   4   0   6   0   0   0   0   0 166]]

2018-09-30 03:12:12,976: Epoch number: 9
2018-09-30 03:16:55,759: Distance Average: 
[3.7469832543237094, 3.3787500440300287, 3.357722755902671, 3.3074458237862774, 3.578710843207243]
2018-09-30 03:16:55,759: Prototypes Count: 5
2018-09-30 03:16:55,759: Epoch number: 10
2018-09-30 03:21:37,237: Distance Average: 
[3.460371227837086, 3.2560738303831647, 3.536268638502253, 3.3731195188165226, 3.5643145590274283]
2018-09-30 03:21:37,237: Prototypes Count: 5
2018-09-30 03:23:07,897: Accuracy:  0.1025
2018-09-30 03:23:07,897: Confusion Matrix: 
[[  0 444 363  43   0  49   0   0   0 101]
 [  0 164   3   1   0   2   0   0   0  32]
 [  0  18 137  22   0  30   0   0   0   6]
 [  0  14  31  88   0  81   0   0   0   6]
 [  0 105 487 178   0 206   0   0   0  24]
 [  0   9  32  47   0  98   0   0   0   3]
 [  0 142 280 337   0 192   0   0   0  49]
 [  0 158 194 117   0 447   0   0   0  84]
 [  0 553 146  48   0  37   0   0   0 216]
 [  0  42   1   3   0   2   0   0   0 128]]

2018-09-30 03:23:07,898: Epoch number: 11
2018-09-30 03:27:50,222: Distance Average: 
[3.2515897386962918, 3.0027976223787705, 3.1972591802231944, 3.0544258178154697, 3.167977898865192]
2018-09-30 03:27:50,222: Prototypes Count: 5
2018-09-30 03:27:50,222: Epoch number: 12
2018-09-30 03:32:33,361: Distance Average: 
[3.100481477750153, 2.9468967316599635, 2.9624677111606785, 2.868721172869257, 3.5425993844941384]
2018-09-30 03:32:33,362: Prototypes Count: 5
2018-09-30 03:34:04,319: Accuracy:  0.1033
2018-09-30 03:34:04,319: Confusion Matrix: 
[[  0 203 489  82   0  19   0   0   0 207]
 [  0 131   6   6   0   1   0   0   0  58]
 [  0   5 137  42   0  20   0   0   0   9]
 [  0   3  26 128   0  51   0   0   0  12]
 [  0  41 488 304   0 120   0   0   0  47]
 [  0   6  35  55   0  83   0   0   0  10]
 [  0  30 219 480   0 173   0   0   0  98]
 [  0  34 281 344   0 226   0   0   0 115]
 [  0 259 267 105   0  15   0   0   0 354]
 [  0  22   5   7   0   1   0   0   0 141]]

2018-09-30 03:34:04,320: Epoch number: 13
2018-09-30 03:38:45,122: Distance Average: 
[3.1524613233682413, 3.3496996425576024, 3.2471558626728876, 3.2270560776806785, 3.165919490768038]
2018-09-30 03:38:45,122: Prototypes Count: 5
2018-09-30 03:38:45,122: Epoch number: 14
2018-09-30 03:43:27,643: Distance Average: 
[2.7819827423183194, 2.912569019314531, 2.816987654163499, 2.72276964127966, 2.912220273670649]
2018-09-30 03:43:27,643: Prototypes Count: 5
2018-09-30 03:44:59,882: Accuracy:  0.1063
2018-09-30 03:44:59,882: Confusion Matrix: 
[[  0 276 421  47   0  75   0   0   0 181]
 [  0 165   7   2   0   8   0   0   0  20]
 [  0   5 143  30   0  33   0   0   0   2]
 [  0   2  32 116   0  65   0   0   0   5]
 [  0  37 511 152   0 262   0   0   0  38]
 [  0   5  31  48   0 102   0   0   0   3]
 [  0  37 310 399   0 225   0   0   0  29]
 [  0  41 257 156   0 446   0   0   0 100]
 [  0 474 186  42   0  68   0   0   0 230]
 [  0  54   3   4   0   3   0   0   0 112]]

2018-09-30 03:44:59,883: Epoch number: 15
2018-09-30 03:49:41,449: Distance Average: 
[2.6868985470778948, 2.797471564117964, 2.9313509674748963, 2.7187232835422415, 3.0000893613929938]
2018-09-30 03:49:41,449: Prototypes Count: 5
2018-09-30 03:49:41,450: Epoch number: 16
2018-09-30 03:54:24,051: Distance Average: 
[2.7895424489282985, 2.74233136374455, 2.6826335545813684, 2.6430638815638727, 2.7989841287641575]
2018-09-30 03:54:24,051: Prototypes Count: 5
2018-09-30 03:55:55,307: Accuracy:  0.1123
2018-09-30 03:55:55,307: Confusion Matrix: 
[[  0 259 432  81   0  46   0   0   0 182]
 [  0 144   2   4   0   5   0   0   0  47]
 [  0   7 148  24   0  30   0   0   0   4]
 [  0   4  20 120   0  73   0   0   0   3]
 [  0  67 519 166   0 210   0   0   0  38]
 [  0   5  26  41   0 114   0   0   0   3]
 [  0  49 268 426   0 226   0   0   0  31]
 [  0  74 214 188   0 417   0   0   0 107]
 [  0 328 288  81   0  52   0   0   0 251]
 [  0  10   2  14   0   2   0   0   0 148]]

2018-09-30 03:55:55,308: Epoch number: 17
2018-09-30 04:00:38,075: Distance Average: 
[2.677429510515068, 2.821764924502992, 2.8316851320243117, 2.7363224587016726, 3.0102929131614546]
2018-09-30 04:00:38,076: Prototypes Count: 5
2018-09-30 04:00:38,076: Epoch number: 18
2018-09-30 04:05:20,177: Distance Average: 
[2.4591108411426243, 2.8446853333092355, 2.8593623361768503, 2.759121640269565, 2.9565857908562547]
2018-09-30 04:05:20,177: Prototypes Count: 5
2018-09-30 04:06:49,785: Accuracy:  0.1110
2018-09-30 04:06:49,785: Confusion Matrix: 
[[  0 178 561  44   0  47   0   0   0 170]
 [  0 168   6   2   0   4   0   0   0  22]
 [  0   3 172  17   0  19   0   0   0   2]
 [  0   1  47 106   0  63   0   0   0   3]
 [  0  17 708 131   0 132   0   0   0  12]
 [  0   4  52  32   0  95   0   0   0   6]
 [  0  20 406 364   0 185   0   0   0  25]
 [  0  33 478 125   0 299   0   0   0  65]
 [  0 259 309  53   0  71   0   0   0 308]
 [  0  33   7   4   0   7   0   0   0 125]]

2018-09-30 04:06:49,786: Epoch number: 19
2018-09-30 04:11:32,300: Distance Average: 
[2.7599492647729384, 2.6998771394228007, 2.863493112742704, 2.7275117005223954, 2.674685759914538]
2018-09-30 04:11:32,300: Prototypes Count: 5
2018-09-30 04:11:32,300: Epoch number: 20
2018-09-30 04:16:14,881: Distance Average: 
[3.0721737199072243, 2.6039366284748175, 2.8921115311852383, 3.003465936552151, 2.810614582891257]
2018-09-30 04:16:14,881: Prototypes Count: 5
2018-09-30 04:17:47,522: Accuracy:  0.1123
2018-09-30 04:17:47,522: Confusion Matrix: 
[[  0 217 448  52   0  37   0   0   0 246]
 [  0 163   4   2   0   1   0   0   0  32]
 [  0   6 163  27   0  11   0   0   0   6]
 [  0   5  34 139   0  29   0   0   0  13]
 [  0  32 582 219   0 115   0   0   0  52]
 [  0   5  45  78   0  55   0   0   0   6]
 [  0  35 331 468   0  84   0   0   0  82]
 [  0  51 369 209   0 215   0   0   0 156]
 [  0 321 149  55   0  35   0   0   0 440]
 [  0  16   1   3   0   2   0   0   0 154]]

2018-09-30 04:17:47,523: Epoch number: 21
2018-09-30 04:22:29,608: Distance Average: 
[2.7551391340475266, 3.1495062132160383, 2.820802030685318, 2.826518346771688, 2.630624959186242]
2018-09-30 04:22:29,608: Prototypes Count: 5
2018-09-30 04:22:29,608: Epoch number: 22
2018-09-30 04:27:12,288: Distance Average: 
[3.0626374935487393, 3.242811683323476, 3.407667113019295, 3.206659319279418, 2.9682789597168986]
2018-09-30 04:27:12,288: Prototypes Count: 5
2018-09-30 04:28:43,649: Accuracy:  0.1108
2018-09-30 04:28:43,649: Confusion Matrix: 
[[  0 279 488  45   0  30   0   0   0 158]
 [  0 174   5   4   0   0   0   0   0  19]
 [  0   4 156  22   0  29   0   0   0   2]
 [  0   6  36 102   0  69   0   0   0   7]
 [  0  55 593 126   0 182   0   0   0  44]
 [  0   9  36  38   0 101   0   0   0   5]
 [  0  57 291 364   0 239   0   0   0  49]
 [  0  88 459 107   0 220   0   0   0 126]
 [  0 403 245  48   0  47   0   0   0 257]
 [  0  34   3   5   0   2   0   0   0 132]]

2018-09-30 04:28:43,650: Epoch number: 23
2018-09-30 04:33:25,640: Distance Average: 
[3.18067929971407, 3.259300798758284, 2.8647100953969233, 2.91717884445931, 3.3320366454641888]
2018-09-30 04:33:25,640: Prototypes Count: 5
2018-09-30 04:33:25,640: Epoch number: 24
2018-09-30 04:38:08,046: Distance Average: 
[2.6045822074156786, 2.6240690517928695, 2.656579149733282, 2.671666903676814, 2.739103326017351]
2018-09-30 04:38:08,046: Prototypes Count: 5
2018-09-30 04:39:39,906: Accuracy:  0.1140
2018-09-30 04:39:39,906: Confusion Matrix: 
[[  0 245 505  57   0  40   0   0   0 153]
 [  0 173   5   1   0   3   0   0   0  20]
 [  0   5 161  21   0  24   0   0   0   2]
 [  0   4  33 110   0  71   0   0   0   2]
 [  0  33 558 189   0 196   0   0   0  24]
 [  0   5  30  48   0 101   0   0   0   5]
 [  0  31 316 384   0 239   0   0   0  30]
 [  0  30 428 133   0 309   0   0   0 100]
 [  0 382 265  53   0  26   0   0   0 274]
 [  0  24   3   9   0   1   0   0   0 139]]

2018-09-30 04:39:39,907: Epoch number: 25
2018-09-30 04:44:22,953: Distance Average: 
[2.713043397520859, 2.7459903946751125, 2.727391380189669, 2.6863195277988345, 2.6952012468857043]
2018-09-30 04:44:22,953: Prototypes Count: 5
2018-09-30 04:44:22,953: Epoch number: 26
2018-09-30 04:49:05,496: Distance Average: 
[2.3309628701985527, 2.8944639515180093, 3.045785903733949, 2.840708578836311, 2.327101093401296]
2018-09-30 04:49:05,496: Prototypes Count: 5
2018-09-30 04:50:37,695: Accuracy:  0.1132
2018-09-30 04:50:37,695: Confusion Matrix: 
[[  0 301 344  56   0  19   0   0   0 280]
 [  0 170   1   1   0   3   0   0   0  27]
 [  0  14 157  20   0  14   0   0   0   8]
 [  0   7  32 129   0  42   0   0   0  10]
 [  0  84 508 225   0  96   0   0   0  87]
 [  0   9  36  65   0  70   0   0   0   9]
 [  0  92 305 392   0 109   0   0   0 102]
 [  0 123 333 169   0 161   0   0   0 214]
 [  0 402 127  54   0  18   0   0   0 399]
 [  0  21   1   1   0   0   0   0   0 153]]

2018-09-30 04:50:37,696: Epoch number: 27
2018-09-30 04:55:20,199: Distance Average: 
[2.5709232155535, 3.124024274577568, 3.3017496009274283, 3.074832958944714, 2.6172425836473954]
2018-09-30 04:55:20,199: Prototypes Count: 5
2018-09-30 04:55:20,200: Epoch number: 28
2018-09-30 05:00:03,062: Distance Average: 
[2.19624250316938, 2.8188418659877468, 2.6659008693380324, 2.6948108451956814, 2.0238341748813955]
2018-09-30 05:00:03,062: Prototypes Count: 5
2018-09-30 05:01:33,509: Accuracy:  0.1117
2018-09-30 05:01:33,509: Confusion Matrix: 
[[  0 233 451  89   0  14   0   0   0 213]
 [  0 151   5   2   0   1   0   0   0  43]
 [  0   5 163  27   0  14   0   0   0   4]
 [  0   5  37 111   0  55   0   0   0  12]
 [  0  38 565 207   0 149   0   0   0  41]
 [  0   6  40  49   0  90   0   0   0   4]
 [  0  50 310 390   0 176   0   0   0  74]
 [  0  53 421 179   0 228   0   0   0 119]
 [  0 330 207  50   0  20   0   0   0 393]
 [  0  17   2   1   0   1   0   0   0 155]]

2018-09-30 05:01:33,510: Epoch number: 29
2018-09-30 05:06:17,091: Distance Average: 
[2.297961721428242, 2.7474713463868414, 3.1013470991413192, 3.3584618372995347, 2.234620983692163]
2018-09-30 05:06:17,091: Prototypes Count: 5
2018-09-30 05:06:17,091: Epoch number: 30
2018-09-30 05:10:59,320: Distance Average: 
[3.1399766780417395, 2.8368429572551284, 2.8662957874658477, 3.160787958230717, 3.156677223903707]
2018-09-30 05:10:59,321: Prototypes Count: 5
2018-09-30 05:12:28,485: Accuracy:  0.1112
2018-09-30 05:12:28,486: Confusion Matrix: 
[[  0 229 429  97   0  24   0   0   0 221]
 [  0 169   3   3   0   2   0   0   0  25]
 [  0   9 153  32   0  18   0   0   0   1]
 [  0   5  36 132   0  43   0   0   0   4]
 [  0  32 610 217   0 111   0   0   0  30]
 [  0   8  46  58   0  73   0   0   0   4]
 [  0  49 335 495   0  93   0   0   0  28]
 [  0  42 418 204   0 249   0   0   0  87]
 [  0 414 190  57   0  11   0   0   0 328]
 [  0  23   5   6   0   2   0   0   0 140]]

2018-09-30 05:12:28,486: Epoch number: 31
2018-09-30 05:17:11,485: Distance Average: 
[2.7852781267341125, 2.4301905157891186, 2.5513892137374814, 2.9831623686501647, 2.5511867653746436]
2018-09-30 05:17:11,485: Prototypes Count: 5
2018-09-30 05:17:11,485: Epoch number: 32
2018-09-30 05:21:53,793: Distance Average: 
[2.155414915263802, 2.741856224254354, 2.7469797782575336, 2.7664904540936632, 2.9037880588055454]
2018-09-30 05:21:53,793: Prototypes Count: 5
2018-09-30 05:23:24,848: Accuracy:  0.1132
2018-09-30 05:23:24,848: Confusion Matrix: 
[[  0 142 466 158   0  27   0   0   0 207]
 [  0 147   5   9   0   2   0   0   0  39]
 [  0   2 141  46   0  22   0   0   0   2]
 [  0   1  22 150   0  44   0   0   0   3]
 [  0  15 446 341   0 175   0   0   0  23]
 [  0   4  21  70   0  90   0   0   0   4]
 [  0  12 249 555   0 166   0   0   0  18]
 [  0  14 317 293   0 299   0   0   0  77]
 [  0 178 284 125   0  23   0   0   0 390]
 [  0   7   4  10   0   4   0   0   0 151]]

2018-09-30 05:23:24,849: Epoch number: 33
2018-09-30 05:28:08,703: Distance Average: 
[1.974876195217193, 2.4627870735409974, 2.6126015318108866, 2.5946877708303404, 2.258834919666806]
2018-09-30 05:28:08,704: Prototypes Count: 5
2018-09-30 05:28:08,704: Epoch number: 34
2018-09-30 05:32:50,431: Distance Average: 
[1.8067040826202532, 2.598328186707063, 2.8000280627913208, 2.978896827817066, 1.9733951561439018]
2018-09-30 05:32:50,431: Prototypes Count: 5
2018-09-30 05:34:20,686: Accuracy:  0.1108
2018-09-30 05:34:20,686: Confusion Matrix: 
[[  0 282 433  84   0  31   0   0   0 170]
 [  0 163   2   0   0   8   0   0   0  29]
 [  0   7 147  26   0  30   0   0   0   3]
 [  0   7  25 104   0  76   0   0   0   8]
 [  0  53 507 184   0 220   0   0   0  36]
 [  0   6  24  45   0 109   0   0   0   5]
 [  0  63 274 393   0 209   0   0   0  61]
 [  0  51 310 162   0 364   0   0   0 113]
 [  0 417 199  63   0  51   0   0   0 270]
 [  0  25   2   5   0   2   0   0   0 142]]

2018-09-30 05:34:20,687: Epoch number: 35
2018-09-30 05:39:03,556: Distance Average: 
[1.9157063916288286, 2.1308675885394024, 2.5461201831059093, 2.664852321816478, 2.4867446481285986]
2018-09-30 05:39:03,556: Prototypes Count: 5
2018-09-30 05:39:03,556: Epoch number: 36
2018-09-30 05:43:46,348: Distance Average: 
[2.3142879849379017, 1.9269078643871593, 2.4071530078110523, 2.2811772484939814, 1.8895956937578167]
2018-09-30 05:43:46,348: Prototypes Count: 5
2018-09-30 05:45:15,713: Accuracy:  0.1055
2018-09-30 05:45:15,713: Confusion Matrix: 
[[  0 327 202  73   0  50   0   0   0 348]
 [  0 169   0   1   0   2   0   0   0  30]
 [  0  18 107  25   0  53   0   0   0  10]
 [  0  10  13  76   0  99   0   0   0  22]
 [  0 136 218 175   0 365   0   0   0 106]
 [  0  11  11  22   0 129   0   0   0  16]
 [  0 125 104 292   0 318   0   0   0 161]
 [  0 106 113  95   0 376   0   0   0 310]
 [  0 483  38  27   0  36   0   0   0 416]
 [  0  22   1   0   0   1   0   0   0 152]]

2018-09-30 05:45:15,714: Epoch number: 37
2018-09-30 05:49:59,060: Distance Average: 
[1.7320303193124957, 2.0457764773012754, 2.61310154956953, 2.2253761771838145, 1.8581509800108527]
2018-09-30 05:49:59,060: Prototypes Count: 5
2018-09-30 05:49:59,060: Epoch number: 38
2018-09-30 05:54:41,711: Distance Average: 
[2.4657531256870593, 1.9397309141886698, 2.6241426691167034, 2.333004445943265, 2.071988849787163]
2018-09-30 05:54:41,711: Prototypes Count: 5
2018-09-30 05:56:11,243: Accuracy:  0.1127
2018-09-30 05:56:11,243: Confusion Matrix: 
[[  0 254 477  62   0  18   0   0   0 189]
 [  0 168   4   1   0   3   0   0   0  26]
 [  0   5 168  15   0  17   0   0   0   8]
 [  0   4  37  93   0  76   0   0   0  10]
 [  0  59 592 182   0 137   0   0   0  30]
 [  0   9  44  35   0  97   0   0   0   4]
 [  0  73 328 339   0 179   0   0   0  81]
 [  0  75 475 122   0 238   0   0   0  90]
 [  0 362 245  36   0  41   0   0   0 316]
 [  0  18   3   3   0   2   0   0   0 150]]

2018-09-30 05:56:11,244: Epoch number: 39
2018-09-30 06:00:53,461: Distance Average: 
[1.7527577878038918, 2.0870558883656156, 2.265970783461832, 3.3133714226837094, 1.9812860286892555]
2018-09-30 06:00:53,462: Prototypes Count: 5
2018-09-30 06:00:53,462: Epoch number: 40
2018-09-30 06:05:34,842: Distance Average: 
[1.8275977500882916, 2.340328117179406, 2.4006376989407117, 2.5969726496261187, 1.8822767932048823]
2018-09-30 06:05:34,842: Prototypes Count: 5
2018-09-30 06:07:04,713: Accuracy:  0.1102
2018-09-30 06:07:04,713: Confusion Matrix: 
[[  0 186 508 143   0  78   0   0   0  85]
 [  0 167   5   6   0  11   0   0   0  13]
 [  0   2 150  28   0  31   0   0   0   2]
 [  0   3  27 116   0  73   0   0   0   1]
 [  0  13 472 232   0 277   0   0   0   6]
 [  0   1  30  50   0 108   0   0   0   0]
 [  0  24 300 391   0 270   0   0   0  15]
 [  0  14 313 168   0 490   0   0   0  15]
 [  0 278 356 142   0  84   0   0   0 140]
 [  0  22  11  13   0  10   0   0   0 120]]

2018-09-30 06:07:04,714: Epoch number: 41
2018-09-30 06:11:46,624: Distance Average: 
[2.4106953160975553, 2.7901761007386368, 2.937669637966471, 3.0910500928798146, 3.2471367964561475]
2018-09-30 06:11:46,624: Prototypes Count: 5
2018-09-30 06:11:46,624: Epoch number: 42
2018-09-30 06:16:28,989: Distance Average: 
[1.966458925512853, 1.9347398326091179, 2.7022939666663066, 2.6096106043553124, 2.4780423243177157]
2018-09-30 06:16:28,990: Prototypes Count: 5
2018-09-30 06:17:58,786: Accuracy:  0.1142
2018-09-30 06:17:58,786: Confusion Matrix: 
[[  0 216 410 120   0  26   0   0   0 228]
 [  0 162   1   6   0   3   0   0   0  30]
 [  0   5 159  29   0  19   0   0   0   1]
 [  0   1  29 130   0  52   0   0   0   8]
 [  0  49 489 262   0 172   0   0   0  28]
 [  0   5  30  62   0  87   0   0   0   5]
 [  0  36 297 445   0 170   0   0   0  52]
 [  0  63 267 210   0 351   0   0   0 109]
 [  0 288 282  70   0  38   0   0   0 322]
 [  0  21   2   4   0   2   0   0   0 147]]

2018-09-30 06:17:58,787: Epoch number: 43
2018-09-30 06:22:42,077: Distance Average: 
[2.1661365960815533, 2.280639527486516, 2.538213018438604, 2.8435069009905956, 2.2732825436456774]
2018-09-30 06:22:42,077: Prototypes Count: 5
2018-09-30 06:22:42,078: Epoch number: 44
2018-09-30 06:27:25,289: Distance Average: 
[1.7516788422216267, 2.0156793738533922, 2.274384913074695, 2.0696426555964327, 1.8061300325075254]
2018-09-30 06:27:25,289: Prototypes Count: 5
2018-09-30 06:28:56,970: Accuracy:  0.1162
2018-09-30 06:28:56,970: Confusion Matrix: 
[[  0 178 498 115   0  31   0   0   0 178]
 [  0 167   3   5   0   4   0   0   0  23]
 [  0   5 152  28   0  26   0   0   0   2]
 [  0   3  26 132   0  57   0   0   0   2]
 [  0  33 486 286   0 182   0   0   0  13]
 [  0   2  22  57   0 105   0   0   0   3]
 [  0  45 264 504   0 168   0   0   0  19]
 [  0  37 341 210   0 367   0   0   0  45]
 [  0 278 304 130   0  25   0   0   0 263]
 [  0  17   4  10   0   4   0   0   0 141]]

2018-09-30 06:28:56,971: Epoch number: 45
2018-09-30 06:33:39,472: Distance Average: 
[1.4951008791919547, 1.765533720082664, 2.0141643291161007, 2.185930943725642, 1.8399370910727322]
2018-09-30 06:33:39,472: Prototypes Count: 5
2018-09-30 06:33:39,472: Epoch number: 46
2018-09-30 06:38:22,759: Distance Average: 
[1.8723128537916958, 1.8511400366951893, 2.153434609865198, 2.2933651493786735, 2.6451869266658075]
2018-09-30 06:38:22,760: Prototypes Count: 5
2018-09-30 06:39:52,904: Accuracy:  0.1080
2018-09-30 06:39:52,904: Confusion Matrix: 
[[  0 246 279 158   0  80   0   0   0 237]
 [  0 158   0   4   0   9   0   0   0  31]
 [  0   5  92  42   0  66   0   0   0   8]
 [  0   4  11 111   0  90   0   0   0   4]
 [  0  43 207 296   0 400   0   0   0  54]
 [  0   1   2  39   0 140   0   0   0   7]
 [  0  45  74 472   0 355   0   0   0  54]
 [  0  46 113 196   0 498   0   0   0 147]
 [  0 329 104 129   0  75   0   0   0 363]
 [  0  15   0   8   0   6   0   0   0 147]]

2018-09-30 06:39:52,904: Epoch number: 47
2018-09-30 06:44:36,431: Distance Average: 
[1.5640366964781651, 2.1909853767652017, 2.1122958050309233, 2.1182477637238293, 2.4679821914742903]
2018-09-30 06:44:36,431: Prototypes Count: 5
2018-09-30 06:44:36,431: Epoch number: 48
2018-09-30 06:49:18,221: Distance Average: 
[1.6848224199146307, 1.8444573471395227, 2.087419273239551, 2.0795380753417585, 1.7782971618171526]
2018-09-30 06:49:18,221: Prototypes Count: 5
2018-09-30 06:50:48,277: Accuracy:  0.1157
2018-09-30 06:50:48,277: Confusion Matrix: 
[[  0 240 443 111   0  29   0   0   0 177]
 [  0 172   1   5   0   5   0   0   0  19]
 [  0   3 147  40   0  22   0   0   0   1]
 [  0   3  23 145   0  47   0   0   0   2]
 [  0  61 429 297   0 173   0   0   0  40]
 [  0   6  28  58   0  97   0   0   0   0]
 [  0  55 247 522   0 144   0   0   0  32]
 [  0  50 317 232   0 323   0   0   0  78]
 [  0 378 226 142   0  35   0   0   0 219]
 [  0  22   3  15   0   3   0   0   0 133]]

2018-09-30 06:50:48,278: Epoch number: 49
2018-09-30 06:55:30,775: Distance Average: 
[1.4042593334196407, 1.5258600515398113, 1.8986743004015176, 2.3881535703915784, 2.201793096698385]
2018-09-30 06:55:30,775: Prototypes Count: 5
2018-09-30 06:55:30,775: Epoch number: 50
2018-09-30 07:00:13,255: Distance Average: 
[1.512436826841547, 2.0914885811023898, 2.0867766177791967, 2.9147002825560087, 1.5171327529248093]
2018-09-30 07:00:13,256: Prototypes Count: 5
2018-09-30 07:01:41,861: Accuracy:  0.1178
2018-09-30 07:01:41,861: Confusion Matrix: 
[[  0 213 406 114   0  46   0   0   0 221]
 [  0 168   3   3   0   4   0   0   0  24]
 [  0   5 150  26   0  29   0   0   0   3]
 [  0   3  26 130   0  56   0   0   0   5]
 [  0  31 458 262   0 215   0   0   0  34]
 [  0   4  22  56   0 105   0   0   0   2]
 [  0  39 238 461   0 217   0   0   0  45]
 [  0  37 313 193   0 352   0   0   0 105]
 [  0 334 207  77   0  58   0   0   0 324]
 [  0  13   1   4   0   4   0   0   0 154]]

