2018-10-05 23:39:55,117: ********************************************************************************
2018-10-05 23:39:55,118: {'train': True, 'test': True, 'dataset_path': 'data/cifar10_train.csv', 'loss_type': 'pdce', 'tensor_view': [-1, 32, 32], 'in_channels': 3, 'layers': 10, 'learning_rate': 0.0005, 'threshold': 20.0, 'gamma': 0.05, 'tao': 20.0, 'b': 2.0, 'lambda_': 0.01, 'std_coefficient': 1.0, 'train_test_split': 6000, 'epoch_number': 20, 'test_frequency': 2}
2018-10-05 23:39:55,118: Trainset size: 6000
2018-10-05 23:39:55,118: Testset size: 44000
2018-10-05 23:39:56,360: DenseNet Channels: 216
2018-10-05 23:39:56,361: Epoch number: 1
2018-10-05 23:39:56,361: threshold: 20.0000, gamma: 0.0500, tao: 20.0000, b: 2.0000
2018-10-05 23:45:13,887: Prototypes Count: 10
2018-10-05 23:45:13,890: Distance Average: {0: 12.846911, 1: 12.799508, 2: 12.914627, 3: 13.087988, 4: 12.890759, 5: 13.0399475, 6: 12.918784, 7: 12.883937, 8: 12.749414, 9: 12.802049}
2018-10-05 23:45:13,890: Distance Std: {0: 1.0348421, 1: 0.99406177, 2: 0.9731872, 3: 1.0349588, 4: 0.9536217, 5: 0.95954955, 6: 0.95396507, 7: 1.0052553, 8: 1.1242183, 9: 1.008257}
2018-10-05 23:45:13,890: Distance Threshold: {0: 13.88175356388092, 1: 13.79356986284256, 2: 13.887814283370972, 3: 14.122946739196777, 4: 13.844381153583527, 5: 13.999497056007385, 6: 13.872749209403992, 7: 13.88919222354889, 8: 13.873632788658142, 9: 13.810305714607239}
2018-10-05 23:45:13,890: Epoch number: 2
2018-10-05 23:45:13,890: threshold: 16.9368, gamma: 0.0776, tao: 16.9368, b: 1.0107
2018-10-05 23:50:47,772: Prototypes Count: 10
2018-10-05 23:50:47,775: Distance Average: {0: 7.1896863, 1: 7.1297984, 2: 6.958159, 3: 6.9835215, 4: 6.8375454, 5: 6.952383, 6: 6.734992, 7: 6.889051, 8: 7.230858, 9: 7.172051}
2018-10-05 23:50:47,775: Distance Std: {0: 0.714384, 1: 0.58387905, 2: 0.7846034, 3: 0.5420423, 4: 0.7029659, 5: 0.6174507, 6: 0.7786322, 7: 0.593453, 8: 0.5754982, 9: 0.6020327}
2018-10-05 23:50:47,775: Distance Threshold: {0: 7.904070317745209, 1: 7.71367746591568, 2: 7.742762386798859, 3: 7.5255637764930725, 4: 7.540511310100555, 5: 7.569833755493164, 6: 7.5136242508888245, 7: 7.482503950595856, 8: 7.806356072425842, 9: 7.77408367395401}
2018-10-06 00:03:36,566: Accuracy:  0.3795
2018-10-06 00:03:36,566: True Positive: 0
2018-10-06 00:03:36,566: False Positive: 82
2018-10-06 00:03:36,566: False Negative: 0
2018-10-06 00:03:36,566: Precision:  0.0000
2018-10-06 00:03:36,566: Recall:  0.0000
2018-10-06 00:03:36,567: Confusion Matrix: 
[[2366  176  377   65   86   27   59   63 1130   56]
 [ 221 2916   31   89   50   52  100   63  714  184]
 [ 568  108 1588  238  551  156  647  134  397   18]
 [ 264  151  678  652  235  443 1428  124  354   39]
 [ 453   86 1046  123 1006  217  847  241  327   16]
 [ 194   85  867  551  337  593 1308  210  256   22]
 [ 159  107  565  274  450  194 2263   56  305   40]
 [ 601  241  596  263  290  277  404 1447  206   94]
 [ 758  256   78   82   45   34   68   14 2979   81]
 [ 403 1794   54  120   42   42  119   60  867  889]]
2018-10-06 00:03:36,568: Epoch number: 3
2018-10-06 00:03:36,568: threshold: 9.7006, gamma: 0.1427, tao: 9.7006, b: 0.6732
2018-10-06 00:08:39,957: Prototypes Count: 10
2018-10-06 00:08:39,959: Distance Average: {0: 6.3792276, 1: 6.4290843, 2: 6.4662204, 3: 6.5147233, 4: 6.442581, 5: 6.5497594, 6: 6.4170737, 7: 6.320295, 8: 6.26922, 9: 6.550348}
2018-10-06 00:08:39,959: Distance Std: {0: 0.6032752, 1: 0.605968, 2: 0.5669407, 3: 0.48974946, 4: 0.54764795, 5: 0.52472526, 6: 0.542413, 7: 0.56273884, 8: 0.56853265, 9: 0.52065194}
2018-10-06 00:08:39,960: Distance Threshold: {0: 6.982502818107605, 1: 7.035052299499512, 2: 7.033161103725433, 3: 7.004472762346268, 4: 6.99022912979126, 5: 7.074484646320343, 6: 6.959486722946167, 7: 6.8830336928367615, 8: 6.837752521038055, 9: 7.07099974155426}
2018-10-06 00:08:39,960: Epoch number: 4
2018-10-06 00:08:39,960: threshold: 8.6775, gamma: 0.1554, tao: 8.6775, b: 0.5608
2018-10-06 00:13:52,804: Prototypes Count: 10
2018-10-06 00:13:52,807: Distance Average: {0: 5.2950153, 1: 5.074203, 2: 5.260438, 3: 5.097995, 4: 5.1545596, 5: 5.1977386, 6: 4.9008937, 7: 5.194952, 8: 5.2166977, 9: 5.1311913}
2018-10-06 00:13:52,807: Distance Std: {0: 0.65650326, 1: 0.6405772, 2: 0.54408246, 3: 0.57927275, 4: 0.7191381, 5: 0.6064874, 6: 0.65789664, 7: 0.50954276, 8: 0.68052536, 9: 0.54143995}
2018-10-06 00:13:52,807: Distance Threshold: {0: 5.9515185952186584, 1: 5.714780211448669, 2: 5.804520428180695, 3: 5.677267551422119, 4: 5.8736976981163025, 5: 5.804226040840149, 6: 5.558790326118469, 7: 5.704494774341583, 8: 5.897223055362701, 9: 5.672631204128265}
2018-10-06 00:24:13,486: Accuracy:  0.4637
2018-10-06 00:24:13,487: True Positive: 0
2018-10-06 00:24:13,487: False Positive: 247
2018-10-06 00:24:13,487: False Negative: 0
2018-10-06 00:24:13,487: Precision:  0.0000
2018-10-06 00:24:13,487: Recall:  0.0000
2018-10-06 00:24:13,487: Confusion Matrix: 
[[2125   79  278  194   91   52   62  283  760  481]
 [  65 2446   34   62   23   80   39  203  180 1288]
 [ 338   44 1213  532  935  427  341  332   74  169]
 [  57   15  372 1566  384 1079  341  245   21  288]
 [ 145   15  521  304 2048  311  399  450   40  129]
 [  26   14  379 1136  658 1507  270  300   14  119]
 [  42   31  333  552  803  948 1342  170    6  186]
 [  35   35  236  356  613  364   94 2391   14  281]
 [ 451  204  111  278   19   66   28   80 2584  574]
 [  71  484   77  126   12   82   35  165  157 3181]]
2018-10-06 00:24:13,488: Epoch number: 5
2018-10-06 00:24:13,488: threshold: 7.6586, gamma: 0.1941, tao: 7.6586, b: 0.6265
2018-10-06 00:29:17,819: Prototypes Count: 10
2018-10-06 00:29:17,821: Distance Average: {0: 5.178941, 1: 4.9931107, 2: 5.0537124, 3: 5.035065, 4: 4.8247137, 5: 5.095257, 6: 4.7302017, 7: 4.943557, 8: 5.089805, 9: 4.948604}
2018-10-06 00:29:17,822: Distance Std: {0: 0.58719885, 1: 0.4944655, 2: 0.5574169, 3: 0.5916931, 4: 0.5422409, 5: 0.48325193, 6: 0.5390165, 7: 0.50827813, 8: 0.6230127, 9: 0.5377055}
2018-10-06 00:29:17,822: Distance Threshold: {0: 5.766139626502991, 1: 5.4875761568546295, 2: 5.611129283905029, 3: 5.626758277416229, 4: 5.3669546246528625, 5: 5.578508734703064, 6: 5.26921820640564, 7: 5.4518349170684814, 8: 5.712817847728729, 9: 5.486309587955475}
2018-10-06 00:29:17,822: Epoch number: 6
2018-10-06 00:29:17,822: threshold: 7.2419, gamma: 0.2005, tao: 7.2419, b: 0.5633
2018-10-06 00:34:20,941: Prototypes Count: 11
2018-10-06 00:34:20,943: Distance Average: {0: 4.7312436, 1: 4.63751, 2: 4.8198104, 3: 4.6186104, 4: 4.597324, 5: 4.700756, 6: 4.438504, 7: 4.633854, 8: 4.5646315, 9: 4.467249}
2018-10-06 00:34:20,943: Distance Std: {0: 0.6121994, 1: 0.4530035, 2: 0.4807186, 3: 0.42336127, 4: 0.53040475, 5: 0.48038414, 6: 0.51378226, 7: 0.43754616, 8: 0.40785688, 9: 0.4801395}
2018-10-06 00:34:20,943: Distance Threshold: {0: 5.343443036079407, 1: 5.090513318777084, 2: 5.3005290031433105, 3: 5.041971653699875, 4: 5.127728641033173, 5: 5.181140214204788, 6: 4.9522864818573, 7: 5.071400076150894, 8: 4.972488343715668, 9: 4.947388410568237}
2018-10-06 00:44:34,213: Accuracy:  0.4857
2018-10-06 00:44:34,213: True Positive: 0
2018-10-06 00:44:34,213: False Positive: 1223
2018-10-06 00:44:34,213: False Negative: 0
2018-10-06 00:44:34,213: Precision:  0.0000
2018-10-06 00:44:34,213: Recall:  0.0000
2018-10-06 00:44:34,213: Confusion Matrix: 
[[1095  123  691  243   62    7  133  525 1222  304]
 [  30 2938   40  108    6    3   88  249  210  748]
 [  72   32 2138  347  321  101  550  605  153   86]
 [  12   29  543 1678  124  274 1126  407   48  127]
 [  12   37  894  342 1162  109  700  958   92   56]
 [   7   31  680 1456  267  537  704  648   24   69]
 [   7   42  462  271  187   86 2926  314   34   84]
 [   6   44  279  355  150  107  182 3162   24  110]
 [ 143  205  220  263   22    5  110  151 2765  511]
 [  21  614   63  182    2    5  121  259  154 2969]]
2018-10-06 00:44:34,214: Epoch number: 7
2018-10-06 00:44:34,214: threshold: 6.6094, gamma: 0.2164, tao: 6.6094, b: 0.4973
2018-10-06 00:49:51,227: Prototypes Count: 14
2018-10-06 00:49:51,230: Distance Average: {0: 4.514554, 1: 4.337309, 2: 4.555136, 3: 4.4350395, 4: 4.44476, 5: 4.525407, 6: 4.434276, 7: 4.368734, 8: 4.4940286, 9: 4.37117}
2018-10-06 00:49:51,230: Distance Std: {0: 0.51868564, 1: 0.65331084, 2: 0.46008176, 3: 0.46100253, 4: 0.5533101, 5: 0.50321746, 6: 0.5263221, 7: 0.5823915, 8: 0.44347903, 9: 0.4793308}
2018-10-06 00:49:51,230: Distance Threshold: {0: 5.033239662647247, 1: 4.990619719028473, 2: 5.015217959880829, 3: 4.896042048931122, 4: 4.998069941997528, 5: 5.0286242961883545, 6: 4.9605982303619385, 7: 4.951125383377075, 8: 4.937507599592209, 9: 4.850500851869583}
2018-10-06 00:49:51,231: Epoch number: 8
2018-10-06 00:49:51,231: threshold: 6.5501, gamma: 0.2248, tao: 6.5501, b: 0.5255
2018-10-06 00:55:13,367: Prototypes Count: 13
2018-10-06 00:55:13,369: Distance Average: {0: 4.3575096, 1: 4.2258024, 2: 4.5046673, 3: 4.5512166, 4: 4.420038, 5: 4.531382, 6: 4.1879, 7: 4.2485213, 8: 4.2744784, 9: 4.2887397}
2018-10-06 00:55:13,369: Distance Std: {0: 0.6086671, 1: 0.70447093, 2: 0.38803124, 3: 0.41438827, 4: 0.44617027, 5: 0.48981875, 6: 0.56086034, 7: 0.5413355, 8: 0.552015, 9: 0.5395799}
2018-10-06 00:55:13,370: Distance Threshold: {0: 4.966176688671112, 1: 4.930273354053497, 2: 4.892698526382446, 3: 4.965604871511459, 4: 4.866208493709564, 5: 5.0212008357048035, 6: 4.748760402202606, 7: 4.789856851100922, 8: 4.826493442058563, 9: 4.828319609165192}
2018-10-06 01:05:42,578: Accuracy:  0.5227
2018-10-06 01:05:42,578: True Positive: 0
2018-10-06 01:05:42,578: False Positive: 301
2018-10-06 01:05:42,578: False Negative: 0
2018-10-06 01:05:42,578: Precision:  0.0000
2018-10-06 01:05:42,578: Recall:  0.0000
2018-10-06 01:05:42,578: Confusion Matrix: 
[[3213  127  152   10   19   39   12   64  653  116]
 [ 487 2790   41    6    7   24   12  135  247  671]
 [ 846   22 1744   35  363  460  185  321  330   99]
 [ 275   20  433  259  197 1680  282  358  605  259]
 [ 380   16  874   39 1516  433  230  556  273   45]
 [ 136   11  543  134  232 2335  141  447  281  163]
 [ 225   27  409   46  391  695 1979  176  252  213]
 [ 155   33  326   27  208  436   47 2871  163  153]
 [ 556  232   36    4    5   41    4   37 3376  104]
 [ 440  515   46   15    4   27    5  130  291 2917]]
2018-10-06 01:05:42,579: Epoch number: 9
2018-10-06 01:05:42,579: threshold: 6.5430, gamma: 0.2293, tao: 6.5430, b: 0.5456
2018-10-06 01:10:50,473: Prototypes Count: 12
2018-10-06 01:10:50,476: Distance Average: {0: 4.229988, 1: 4.1476674, 2: 4.2462482, 3: 4.248433, 4: 4.189706, 5: 4.2355285, 6: 3.916057, 7: 4.172287, 8: 4.3095574, 9: 4.1681867}
2018-10-06 01:10:50,476: Distance Std: {0: 0.65858483, 1: 0.48235038, 2: 0.53156215, 3: 0.5500598, 4: 0.6170465, 5: 0.4886786, 6: 0.51973933, 7: 0.67250985, 8: 0.4323262, 9: 0.6297163}
2018-10-06 01:10:50,476: Distance Threshold: {0: 4.888572931289673, 1: 4.630017787218094, 2: 4.7778103947639465, 3: 4.798492908477783, 4: 4.806752324104309, 5: 4.7242070734500885, 6: 4.435796439647675, 7: 4.84479683637619, 8: 4.741883635520935, 9: 4.797902941703796}
2018-10-06 01:10:50,477: Epoch number: 10
2018-10-06 01:10:50,477: threshold: 6.4791, gamma: 0.2388, tao: 6.4791, b: 0.5730
2018-10-06 01:16:04,147: Prototypes Count: 15
2018-10-06 01:16:04,150: Distance Average: {0: 4.666215, 1: 3.971248, 2: 4.5160384, 3: 4.5603514, 4: 4.282457, 5: 4.552454, 6: 4.2637777, 7: 4.2390604, 8: 4.4264708, 9: 4.1139884}
2018-10-06 01:16:04,150: Distance Std: {0: 0.55595183, 1: 0.49613914, 2: 0.5942131, 3: 0.47138128, 4: 0.40049058, 5: 0.39896938, 6: 0.5413447, 7: 0.55971515, 8: 0.43882358, 9: 0.7234041}
2018-10-06 01:16:04,150: Distance Threshold: {0: 5.2221667766571045, 1: 4.4673870503902435, 2: 5.110251545906067, 3: 5.031732648611069, 4: 4.6829474568367, 5: 4.95142337679863, 6: 4.805122435092926, 7: 4.798775553703308, 8: 4.865294337272644, 9: 4.837392508983612}
2018-10-06 01:26:16,284: Accuracy:  0.5265
2018-10-06 01:26:16,284: True Positive: 0
2018-10-06 01:26:16,284: False Positive: 1221
2018-10-06 01:26:16,284: False Negative: 0
2018-10-06 01:26:16,284: Precision:  0.0000
2018-10-06 01:26:16,284: Recall:  0.0000
2018-10-06 01:26:16,284: Confusion Matrix: 
[[3235   66  113   91  330   25   89   16  225  215]
 [ 352 2835   15   65   96   16   45   36   46  914]
 [ 605   56  946  546 1250  181  615   90   68   48]
 [ 173   50  121 1757  466  485 1099   49   93   75]
 [ 271   24  292  348 2464  143  592  169   28   31]
 [  88   24  116 1292  636 1338  714  102   72   41]
 [  92   68  129  310  474  124 3126   16   31   43]
 [ 183   66   47  382  953  377  164 2110   50   87]
 [1204  171   32   89  151   61   53   17 2260  357]
 [ 506  342   39  176   90   20   54   37   32 3094]]
2018-10-06 01:26:16,285: Epoch number: 11
2018-10-06 01:26:16,285: threshold: 6.6248, gamma: 0.2293, tao: 6.6248, b: 0.5662
2018-10-06 01:31:26,623: Prototypes Count: 15
2018-10-06 01:31:26,625: Distance Average: {0: 4.61722, 1: 3.9047961, 2: 4.747681, 3: 4.3670125, 4: 4.3927226, 5: 4.367022, 6: 3.9685428, 7: 4.534876, 8: 4.347353, 9: 4.036493}
2018-10-06 01:31:26,625: Distance Std: {0: 0.62876004, 1: 0.6188922, 2: 0.59827197, 3: 0.6131877, 4: 0.54246056, 5: 0.5618255, 6: 0.7409941, 7: 0.51488924, 8: 0.43830165, 9: 0.71577466}
2018-10-06 01:31:26,625: Distance Threshold: {0: 5.245979964733124, 1: 4.523688316345215, 2: 5.345953106880188, 3: 4.980200171470642, 4: 4.935183167457581, 5: 4.928847551345825, 6: 4.709536910057068, 7: 5.049765110015869, 8: 4.785654634237289, 9: 4.752267479896545}
2018-10-06 01:31:26,626: Epoch number: 12
2018-10-06 01:31:26,626: threshold: 6.9618, gamma: 0.2310, tao: 6.9618, b: 0.6581
2018-10-06 01:36:31,082: Prototypes Count: 11
2018-10-06 01:36:31,084: Distance Average: {0: 3.9491425, 1: 3.6666849, 2: 4.0626626, 3: 4.162281, 4: 4.1118984, 5: 4.1717887, 6: 3.8955731, 7: 4.0949903, 8: 3.8347228, 9: 3.826994}
2018-10-06 01:36:31,085: Distance Std: {0: 0.6083162, 1: 0.72130036, 2: 0.7093788, 3: 0.55844134, 4: 0.5131748, 5: 0.5237807, 6: 0.51680946, 7: 0.6146001, 8: 0.654355, 9: 0.69725883}
2018-10-06 01:36:31,085: Distance Threshold: {0: 4.5574586391448975, 1: 4.3879852294921875, 2: 4.772041380405426, 3: 4.7207223773002625, 4: 4.625073194503784, 5: 4.695569396018982, 6: 4.41238260269165, 7: 4.709590375423431, 8: 4.4890777468681335, 9: 4.524252772331238}
2018-10-06 01:46:45,468: Accuracy:  0.5463
2018-10-06 01:46:45,468: True Positive: 0
2018-10-06 01:46:45,468: False Positive: 1668
2018-10-06 01:46:45,468: False Negative: 0
2018-10-06 01:46:45,468: Precision:  0.0000
2018-10-06 01:46:45,468: Recall:  0.0000
2018-10-06 01:46:45,468: Confusion Matrix: 
[[2867  105  451   21  120   36   18   27  429  331]
 [ 185 3155   34   22   48   32   65   22   84  773]
 [ 531   33 1986  186 1078  222   89  108   80   92]
 [ 107   34  417  979  860 1294  266  208   51  152]
 [ 245   14 1069   95 2391  154   82  230   34   48]
 [  69   13  382  555  995 1916  106  269   25   93]
 [  69   33  719  390  941  154 1966   33   26   82]
 [ 128   18  137  104 1001  264   23 2507   17  220]
 [ 583  258   93   61   40   86   19   12 2962  281]
 [ 162  494   65   56   73   33   61   78   61 3307]]
2018-10-06 01:46:45,469: Epoch number: 13
2018-10-06 01:46:45,469: threshold: 6.5250, gamma: 0.2513, tao: 6.5250, b: 0.6365
2018-10-06 01:51:59,513: Prototypes Count: 12
2018-10-06 01:51:59,515: Distance Average: {0: 3.9192505, 1: 3.7240343, 2: 4.2209578, 3: 4.1954894, 4: 4.033452, 5: 4.218965, 6: 3.9437802, 7: 3.8725948, 8: 3.8445296, 9: 3.837164}
2018-10-06 01:51:59,515: Distance Std: {0: 0.6164866, 1: 0.67502666, 2: 0.58583593, 3: 0.4992445, 4: 0.57191586, 5: 0.55185306, 6: 0.5710437, 7: 0.61565167, 8: 0.54899675, 9: 0.4837579}
2018-10-06 01:51:59,515: Distance Threshold: {0: 4.535737097263336, 1: 4.399060964584351, 2: 4.806793689727783, 3: 4.694733917713165, 4: 4.60536789894104, 5: 4.770818114280701, 6: 4.514823913574219, 7: 4.488246500492096, 8: 4.393526375293732, 9: 4.320921838283539}
2018-10-06 01:51:59,516: Epoch number: 14
2018-10-06 01:51:59,516: threshold: 6.3730, gamma: 0.2511, tao: 6.3730, b: 0.5977
2018-10-06 01:57:09,492: Prototypes Count: 12
2018-10-06 01:57:09,494: Distance Average: {0: 4.2222166, 1: 3.9616745, 2: 4.4556274, 3: 4.2934012, 4: 4.115964, 5: 4.3598237, 6: 3.983824, 7: 3.9743454, 8: 4.07361, 9: 4.1732116}
2018-10-06 01:57:09,495: Distance Std: {0: 0.6241225, 1: 0.5479972, 2: 0.48838574, 3: 0.40105367, 4: 0.54293555, 5: 0.4755441, 6: 0.60015136, 7: 0.525309, 8: 0.72518814, 9: 0.5497468}
2018-10-06 01:57:09,495: Distance Threshold: {0: 4.846339106559753, 1: 4.509671628475189, 2: 4.944013178348541, 3: 4.694454908370972, 4: 4.658899486064911, 5: 4.835367798805237, 6: 4.583975374698639, 7: 4.499654471874237, 8: 4.798797965049744, 9: 4.7229583859443665}
2018-10-06 02:07:29,805: Accuracy:  0.5658
2018-10-06 02:07:29,805: True Positive: 0
2018-10-06 02:07:29,805: False Positive: 1368
2018-10-06 02:07:29,805: False Negative: 0
2018-10-06 02:07:29,805: Precision:  0.0000
2018-10-06 02:07:29,805: Recall:  0.0000
2018-10-06 02:07:29,805: Confusion Matrix: 
[[2842  207   94  182   40   33   49   20  696  242]
 [  72 3319   49   63    4   10   43   33   96  731]
 [ 801  122  591  694  923  410  482  146  154   82]
 [ 134   86  106 1664  196 1225  664   88   88  117]
 [ 317   53  231  566 1623  400  743  291   96   42]
 [  83   43  118  970  300 2264  391  150   38   66]
 [  74  111   76  276  154  262 3326   29   37   68]
 [  99   57  110  395  231  585  118 2581   49  194]
 [ 296  297   85  166   10   20   36   11 3317  157]
 [ 139  404   38  180    4   22   52   44  140 3367]]
2018-10-06 02:07:29,806: Epoch number: 15
2018-10-06 02:07:29,806: threshold: 6.4705, gamma: 0.2403, tao: 6.4705, b: 0.5770
2018-10-06 02:12:43,183: Prototypes Count: 15
2018-10-06 02:12:43,185: Distance Average: {0: 3.8008747, 1: 3.7308614, 2: 4.096791, 3: 4.165879, 4: 3.942007, 5: 4.0489635, 6: 3.8359108, 7: 4.049493, 8: 3.7786193, 9: 3.7922988}
2018-10-06 02:12:43,186: Distance Std: {0: 0.6766264, 1: 0.5521914, 2: 0.45998076, 3: 0.46367487, 4: 0.4895473, 5: 0.6131022, 6: 0.632166, 7: 0.47800756, 8: 0.5526475, 9: 0.5575898}
2018-10-06 02:12:43,186: Distance Threshold: {0: 4.477501094341278, 1: 4.2830528020858765, 2: 4.556771546602249, 3: 4.629553645849228, 4: 4.43155437707901, 5: 4.662065744400024, 6: 4.468076825141907, 7: 4.52750039100647, 8: 4.331266760826111, 9: 4.349888622760773}
2018-10-06 02:12:43,186: Epoch number: 16
2018-10-06 02:12:43,186: threshold: 6.2080, gamma: 0.2548, tao: 6.2080, b: 0.5707
2018-10-06 02:18:01,743: Prototypes Count: 18
2018-10-06 02:18:01,746: Distance Average: {0: 3.970488, 1: 3.6715996, 2: 3.7189064, 3: 4.0172496, 4: 3.7478817, 5: 3.805197, 6: 4.251561, 7: 3.7509, 8: 3.803869, 9: 3.5477066}
2018-10-06 02:18:01,746: Distance Std: {0: 0.6075212, 1: 0.6213285, 2: 0.6715711, 3: 0.49662155, 4: 0.6203335, 5: 0.61743563, 6: 0.52813715, 7: 0.4735793, 8: 0.70941716, 9: 0.64539045}
2018-10-06 02:18:01,747: Distance Threshold: {0: 4.578009247779846, 1: 4.292928099632263, 2: 4.390477478504181, 3: 4.513871133327484, 4: 4.3682151436805725, 5: 4.42263263463974, 6: 4.779698312282562, 7: 4.2244793176651, 8: 4.5132861733436584, 9: 4.1930970549583435}
2018-10-06 02:28:26,754: Accuracy:  0.5676
2018-10-06 02:28:26,755: True Positive: 0
2018-10-06 02:28:26,755: False Positive: 839
2018-10-06 02:28:26,755: False Negative: 0
2018-10-06 02:28:26,755: Precision:  0.0000
2018-10-06 02:28:26,755: Recall:  0.0000
2018-10-06 02:28:26,755: Confusion Matrix: 
[[2965  268  377   40  299   21   11   24  246  154]
 [  87 3697   62   41   79   29   28   41  120  236]
 [ 430   56 2645  223  579  167   72  152   52   29]
 [  97   74 1150 1493  272  805  146  209   60   62]
 [ 158   36 1590  191 1752   85   84  418   29   19]
 [  35   32  942  867  247 1792  116  337   31   24]
 [  63   83  980  312  441  135 2230   82   48   39]
 [  27   81  429  200  596  246   12 2725   14   89]
 [ 825  286  139   83   88   25   15    9 2828   97]
 [ 132  877   83  130  131   29   23   78   61 2846]]
2018-10-06 02:28:26,756: Epoch number: 17
2018-10-06 02:28:26,756: threshold: 6.3600, gamma: 0.2612, tao: 6.3600, b: 0.6329
2018-10-06 02:33:40,209: Prototypes Count: 11
2018-10-06 02:33:40,211: Distance Average: {0: 3.6910114, 1: 3.4652019, 2: 3.8159204, 3: 4.095542, 4: 3.737609, 5: 4.038429, 6: 3.5537188, 7: 3.511802, 8: 3.6314397, 9: 3.6271725}
2018-10-06 02:33:40,212: Distance Std: {0: 0.5336123, 1: 0.45615292, 2: 0.54780716, 3: 0.44186613, 4: 0.519441, 5: 0.45099998, 6: 0.6904469, 7: 0.57355064, 8: 0.5149985, 9: 0.53780353}
2018-10-06 02:33:40,212: Distance Threshold: {0: 4.224623739719391, 1: 3.9213547706604004, 2: 4.363727509975433, 3: 4.537408083677292, 4: 4.257049918174744, 5: 4.489428758621216, 6: 4.24416571855545, 7: 4.085352599620819, 8: 4.146438181400299, 9: 4.164976000785828}
2018-10-06 02:33:40,212: Epoch number: 18
2018-10-06 02:33:40,212: threshold: 5.9892, gamma: 0.2689, tao: 5.9892, b: 0.5675
2018-10-06 02:39:33,604: Prototypes Count: 15
2018-10-06 02:39:33,607: Distance Average: {0: 3.6593118, 1: 3.7816453, 2: 3.8075812, 3: 3.9784203, 4: 3.8380625, 5: 4.170341, 6: 4.3693285, 7: 4.2125864, 8: 3.685814, 9: 4.058155}
2018-10-06 02:39:33,607: Distance Std: {0: 0.6404472, 1: 0.5620499, 2: 0.5245442, 3: 0.5435108, 4: 0.4138304, 5: 0.44717717, 6: 0.5024954, 7: 0.45862502, 8: 0.5953307, 9: 0.49271116}
2018-10-06 02:39:33,607: Distance Threshold: {0: 4.299758970737457, 1: 4.343695223331451, 2: 4.3321253657341, 3: 4.521931052207947, 4: 4.251892924308777, 5: 4.617518186569214, 6: 4.8718239068984985, 7: 4.671211421489716, 8: 4.281144618988037, 9: 4.550866216421127}
2018-10-06 02:52:01,640: Accuracy:  0.5813
2018-10-06 02:52:01,640: True Positive: 0
2018-10-06 02:52:01,641: False Positive: 1989
2018-10-06 02:52:01,641: False Negative: 0
2018-10-06 02:52:01,641: Precision:  0.0000
2018-10-06 02:52:01,641: Recall:  0.0000
2018-10-06 02:52:01,641: Confusion Matrix: 
[[2440  193  610  108  120    8   86   44  620  176]
 [  64 3671   57   55   39    3  101   55  197  178]
 [ 280   46 1891  686  418   71  547  270  139   57]
 [  44   62  301 2570  124  114  633  242  138  140]
 [ 159   28  532  476 1729   42  718  558   78   42]
 [  34   30  265 2249  171  617  496  433   56   72]
 [  30  103  238  318  135   17 3358   68   74   72]
 [  29   55  125  384  321   84  151 3160   34   76]
 [ 402  212   82  113   35    3  141   16 3262  129]
 [ 120  864   83   87   49    3  108  115   83 2878]]
2018-10-06 02:52:01,642: Epoch number: 19
2018-10-06 02:52:01,642: threshold: 6.2302, gamma: 0.2529, tao: 6.2302, b: 0.5691
2018-10-06 02:57:16,145: Prototypes Count: 14
2018-10-06 02:57:16,147: Distance Average: {0: 3.7480166, 1: 3.5268326, 2: 4.037208, 3: 4.182907, 4: 4.0039186, 5: 4.359066, 6: 3.7594137, 7: 3.8612795, 8: 3.640102, 9: 3.4287145}
2018-10-06 02:57:16,147: Distance Std: {0: 0.56027514, 1: 0.52034795, 2: 0.51033163, 3: 0.5069565, 4: 0.54488385, 5: 0.4311606, 6: 0.5696253, 7: 0.7168948, 8: 0.49820623, 9: 0.62694746}
2018-10-06 02:57:16,148: Distance Threshold: {0: 4.308291733264923, 1: 4.047180533409119, 2: 4.547539710998535, 3: 4.689863622188568, 4: 4.548802495002747, 5: 4.790226608514786, 6: 4.329039037227631, 7: 4.578174293041229, 8: 4.138308137655258, 9: 4.055661976337433}
2018-10-06 02:57:16,148: Epoch number: 20
2018-10-06 02:57:16,148: threshold: 6.3317, gamma: 0.2593, tao: 6.3317, b: 0.6190
2018-10-06 03:02:31,534: Prototypes Count: 14
2018-10-06 03:02:31,537: Distance Average: {0: 3.8462574, 1: 3.4157465, 2: 4.0142646, 3: 3.9206145, 4: 3.71827, 5: 3.7829726, 6: 3.692024, 7: 3.5789504, 8: 3.4012837, 9: 3.4879663}
2018-10-06 03:02:31,537: Distance Std: {0: 0.39529756, 1: 0.4961323, 2: 0.78549784, 3: 0.64092886, 4: 0.5819472, 5: 0.56567144, 6: 0.6440494, 7: 0.5141503, 8: 0.71583706, 9: 0.596948}
2018-10-06 03:02:31,537: Distance Threshold: {0: 4.241555005311966, 1: 3.911878764629364, 2: 4.799762427806854, 3: 4.561543345451355, 4: 4.300217270851135, 5: 4.348644018173218, 6: 4.336073398590088, 7: 4.093100726604462, 8: 4.117120802402496, 9: 4.084914326667786}
2018-10-06 03:14:44,730: Accuracy:  0.5873
2018-10-06 03:14:44,730: True Positive: 0
2018-10-06 03:14:44,730: False Positive: 2462
2018-10-06 03:14:44,730: False Negative: 0
2018-10-06 03:14:44,730: Precision:  0.0000
2018-10-06 03:14:44,730: Recall:  0.0000
2018-10-06 03:14:44,730: Confusion Matrix: 
[[2994   57  201  236  134   51   13   51  327  341]
 [ 147 2965    6  115   10   29   28   74   63  983]
 [ 553   46 1271  654  882  529  125  158  103   84]
 [ 134   20   57 2685  249  795   92  161   47  128]
 [ 225    9  191  577 2390  363   89  441   28   49]
 [  63    8   74 1638  313 1991   41  214   22   59]
 [  67   31  111  601  345  655 2391   53   86   73]
 [  80   16   31  497  448  404    7 2792   16  128]
 [ 727  158   29  249   14   23   15   32 2658  490]
 [ 156  166    6  180   10   29   21   76   43 3703]]
2018-10-06 03:14:44,736: ------ 12964.510s ------
2018-10-06 10:57:41,257: ********************************************************************************
2018-10-06 10:57:41,257: {'train': True, 'test': True, 'dataset_path': 'data/cifar10_train.csv', 'loss_type': 'pdce', 'tensor_view': [-1, 32, 32], 'in_channels': 3, 'layers': 10, 'learning_rate': 0.0002, 'threshold': 6.232709646224976, 'gamma': 0.271210621943565, 'tao': 6.232709646224976, 'b': 0.6363846063613892, 'lambda_': 0.01, 'std_coefficient': 1.0, 'train_test_split': 6000, 'epoch_number': 20, 'test_frequency': 2}
2018-10-06 10:57:41,257: Trainset size: 6000
2018-10-06 10:57:41,257: Testset size: 44000
2018-10-06 10:57:42,456: DenseNet Channels: 216
2018-10-06 10:57:42,548: Load model from file 'cifar10_all/cifar10_all.pkl'.
2018-10-06 10:57:42,552: Load prototypes from file 'cifar10_all/cifar10_all_prototypes.pkl'.
2018-10-06 10:57:42,552: Epoch number: 1
2018-10-06 10:57:42,552: threshold: 6.2327, gamma: 0.2712, tao: 6.2327, b: 0.6364
2018-10-06 11:03:19,304: Prototypes Count: 26
2018-10-06 11:03:19,307: Distance Average: {0: 3.809365, 1: 4.0961695, 2: 4.6787577, 3: 4.0601206, 4: 3.9429102, 5: 3.7666042, 6: 3.846316, 7: 3.8188913, 8: 3.6361232, 9: 3.35285}
2018-10-06 11:03:19,307: Distance Std: {0: 0.70247966, 1: 0.40076622, 2: 0.51888144, 3: 0.5813107, 4: 0.5867146, 5: 0.67604053, 6: 0.47714466, 7: 0.59457433, 8: 0.47943884, 9: 0.5351241}
2018-10-06 11:03:19,307: Distance Threshold: {0: 4.51184469461441, 1: 4.496935695409775, 2: 5.197639107704163, 3: 4.641431272029877, 4: 4.529624819755554, 5: 4.442644715309143, 6: 4.323460757732391, 7: 4.413465619087219, 8: 4.11556202173233, 9: 3.8879740834236145}
2018-10-06 11:03:19,307: Epoch number: 2
2018-10-06 11:03:19,307: threshold: 6.5044, gamma: 0.2564, tao: 6.5044, b: 0.6510
2018-10-06 11:08:52,349: Prototypes Count: 23
2018-10-06 11:08:52,351: Distance Average: {0: 4.0289803, 1: 3.3660598, 2: 4.367701, 3: 4.026037, 4: 3.9877903, 5: 3.9794693, 6: 3.6646922, 7: 3.4231467, 8: 3.6744456, 9: 3.21127}
2018-10-06 11:08:52,352: Distance Std: {0: 0.8724493, 1: 0.68363017, 2: 0.5618479, 3: 0.6565265, 4: 0.6854768, 5: 0.69328976, 6: 0.7498385, 7: 0.7891375, 8: 0.6142722, 9: 0.6636154}
2018-10-06 11:08:52,352: Distance Threshold: {0: 4.901429533958435, 1: 4.049689948558807, 2: 4.929548978805542, 3: 4.6825637221336365, 4: 4.673267126083374, 5: 4.672759056091309, 6: 4.414530634880066, 7: 4.212284207344055, 8: 4.288717806339264, 9: 3.8748854994773865}
2018-10-06 11:20:02,618: Accuracy:  0.5623
2018-10-06 11:20:02,618: True Positive: 0
2018-10-06 11:20:02,618: False Positive: 4740
2018-10-06 11:20:02,619: False Negative: 0
2018-10-06 11:20:02,619: Precision:  0.0000
2018-10-06 11:20:02,619: Recall:  0.0000
2018-10-06 11:20:02,619: Confusion Matrix: 
[[2667  155  448   88   59  259   54    6  211  458]
 [  83 3534   80   29   24   71  206    4  166  223]
 [ 243  109 2392  247  377  341  502   21   92   81]
 [  45  117  511 1478  473  817  708   28  113   78]
 [ 133  217  932  343 1758  220  591   69   64   35]
 [  29  132  444  797  343 2055  482   55   44   42]
 [  18   46  418   90  120  140 3512    5   39   25]
 [  53  643  390  206  519  386  168 1886   91   77]
 [ 280  183   88   94   24   52   51    3 2988  632]
 [ 266  667  150   65   61  154  405   11  138 2473]]
2018-10-06 11:20:02,620: Epoch number: 3
2018-10-06 11:20:02,620: threshold: 6.9027, gamma: 0.2648, tao: 6.9027, b: 0.7817
2018-10-06 11:25:11,215: Prototypes Count: 10
2018-10-06 11:25:11,218: Distance Average: {0: 3.3988197, 1: 3.482502, 2: 3.7888246, 3: 3.564141, 4: 3.5928652, 5: 3.4827776, 6: 3.0988746, 7: 3.8923125, 8: 3.2543716, 9: 3.5646555}
2018-10-06 11:25:11,218: Distance Std: {0: 0.8163495, 1: 0.5202964, 2: 0.4801776, 3: 0.52564824, 4: 0.54519993, 5: 0.6432421, 6: 0.6833977, 7: 0.4320633, 8: 0.6334104, 9: 0.5275968}
2018-10-06 11:25:11,218: Distance Threshold: {0: 4.215169191360474, 1: 4.00279837846756, 2: 4.269002169370651, 3: 4.089789271354675, 4: 4.138065159320831, 5: 4.126019716262817, 6: 3.7822722792625427, 7: 4.3243758380413055, 8: 3.887782037258148, 9: 4.092252314090729}
2018-10-06 11:25:11,218: Epoch number: 4
2018-10-06 11:25:11,219: threshold: 6.0291, gamma: 0.2847, tao: 6.0291, b: 0.6292
2018-10-06 11:30:25,514: Prototypes Count: 14
2018-10-06 11:30:25,516: Distance Average: {0: 3.4339502, 1: 3.0183067, 2: 3.8778522, 3: 3.5648086, 4: 3.5438106, 5: 3.5874367, 6: 3.3619723, 7: 3.3046858, 8: 3.1918147, 9: 3.084011}
2018-10-06 11:30:25,517: Distance Std: {0: 0.53493476, 1: 0.45380798, 2: 0.4647302, 3: 0.53334063, 4: 0.5653654, 5: 0.63920146, 6: 0.5509739, 7: 0.6600666, 8: 0.56001294, 9: 0.5012409}
2018-10-06 11:30:25,517: Distance Threshold: {0: 3.9688849449157715, 1: 3.472114711999893, 2: 4.342582404613495, 3: 4.098149240016937, 4: 4.109175980091095, 5: 4.22663813829422, 6: 3.9129462242126465, 7: 3.964752435684204, 8: 3.751827597618103, 9: 3.5852519869804382}
2018-10-06 11:41:06,124: Accuracy:  0.6151
2018-10-06 11:41:06,124: True Positive: 0
2018-10-06 11:41:06,124: False Positive: 11224
2018-10-06 11:41:06,124: False Negative: 0
2018-10-06 11:41:06,124: Precision:  0.0000
2018-10-06 11:41:06,124: Recall:  0.0000
2018-10-06 11:41:06,124: Confusion Matrix: 
[[2718  118  256   33  180   32   44   25  708  291]
 [ 105 3418   32   15   27   32   58   28  159  546]
 [ 453   26 1892  170  843  287  364   97  181   92]
 [ 122   29  537 1411  463  734  538  132  213  189]
 [ 145   14  392  152 2727  206  219  384   74   49]
 [  41   15  406  672  472 2111  357  211   48   90]
 [  53   41  329  117  480  165 3046   26   84   72]
 [  70   43  179  160  519  454   63 2681   48  202]
 [ 228  118   61   74   53   25   29   17 3649  141]
 [ 172  411   52   35   21   39   54   39  155 3412]]
2018-10-06 11:41:06,125: Epoch number: 5
2018-10-06 11:41:06,125: threshold: 5.8078, gamma: 0.2943, tao: 5.8078, b: 0.6023
2018-10-06 11:46:25,874: Prototypes Count: 18
2018-10-06 11:46:25,877: Distance Average: {0: 3.532869, 1: 3.1086972, 2: 3.8531957, 3: 3.6354787, 4: 3.312068, 5: 3.600156, 6: 3.179156, 7: 3.2344878, 8: 3.3487556, 9: 3.093296}
2018-10-06 11:46:25,877: Distance Std: {0: 0.5473695, 1: 0.6008351, 2: 0.4380269, 3: 0.59058213, 4: 0.53703296, 5: 0.65953714, 6: 0.57739663, 7: 0.5790172, 8: 0.3460662, 9: 0.49619323}
2018-10-06 11:46:25,877: Distance Threshold: {0: 4.080238580703735, 1: 3.7095322608947754, 2: 4.29122257232666, 3: 4.22606086730957, 4: 3.849100947380066, 5: 4.259693205356598, 6: 3.7565526962280273, 7: 3.813504993915558, 8: 3.6948218047618866, 9: 3.5894892811775208}
2018-10-06 11:46:25,877: Epoch number: 6
2018-10-06 11:46:25,878: threshold: 5.7674, gamma: 0.2949, tao: 5.7674, b: 0.5942
2018-10-06 11:51:48,533: Prototypes Count: 21
2018-10-06 11:51:48,536: Distance Average: {0: 3.4490645, 1: 3.0040464, 2: 3.5814042, 3: 3.82149, 4: 3.1620996, 5: 3.4806938, 6: 3.0868742, 7: 3.0815668, 8: 2.9831235, 9: 3.2522745}
2018-10-06 11:51:48,536: Distance Std: {0: 0.5657425, 1: 0.526859, 2: 0.54324627, 3: 0.45618904, 4: 0.58254737, 5: 0.6497432, 6: 0.6918869, 7: 0.6865994, 8: 0.53604406, 9: 0.620283}
2018-10-06 11:51:48,536: Distance Threshold: {0: 4.0148069858551025, 1: 3.5309054255485535, 2: 4.124650478363037, 3: 4.277679085731506, 4: 3.744646966457367, 5: 4.130437016487122, 6: 3.778761148452759, 7: 3.768166184425354, 8: 3.5191676020622253, 9: 3.872557520866394}
2018-10-06 12:02:09,274: Accuracy:  0.6158
2018-10-06 12:02:09,274: True Positive: 0
2018-10-06 12:02:09,274: False Positive: 4343
2018-10-06 12:02:09,274: False Negative: 0
2018-10-06 12:02:09,274: Precision:  0.0000
2018-10-06 12:02:09,274: Recall:  0.0000
2018-10-06 12:02:09,274: Confusion Matrix: 
[[3252   78  406  109   53   25   13   50  236  183]
 [ 160 3448   79   75   11   22   48   64   94  419]
 [ 509   25 2443  394  318  321  195  117   53   30]
 [ 160   22  654 1944  119  949  240  160   55   65]
 [ 219   13 1126  235 1954  299  176  292   25   23]
 [  50   13  622  873  184 2276  139  219   19   28]
 [  52   28  691  417  166  140 2827   35   29   28]
 [ 185   29  399  195  252  528   27 2733   21   50]
 [ 629  121  111  165   13   22   26   47 3169   92]
 [ 306  485  106  164    6   33   40  146   55 3049]]
2018-10-06 12:02:09,275: Epoch number: 7
2018-10-06 12:02:09,275: threshold: 5.8812, gamma: 0.3037, tao: 5.8812, b: 0.6471
2018-10-06 12:07:23,220: Prototypes Count: 16
2018-10-06 12:07:23,222: Distance Average: {0: 3.2359629, 1: 3.2043128, 2: 3.2444184, 3: 3.2218916, 4: 2.9781656, 5: 3.321881, 6: 2.8709178, 7: 3.5108502, 8: 2.9770064, 9: 2.9329932}
2018-10-06 12:07:23,222: Distance Std: {0: 0.46934617, 1: 0.40543997, 2: 0.54634166, 3: 0.49149817, 4: 0.62644076, 5: 0.49587798, 6: 0.6121688, 7: 0.49350724, 8: 0.37006372, 9: 0.43540698}
2018-10-06 12:07:23,222: Distance Threshold: {0: 3.70530903339386, 1: 3.6097527742385864, 2: 3.790760040283203, 3: 3.713389813899994, 4: 3.6046063899993896, 5: 3.8177590370178223, 6: 3.483086585998535, 7: 4.004357427358627, 8: 3.3470701575279236, 9: 3.3684001564979553}
2018-10-06 12:07:23,223: Epoch number: 8
2018-10-06 12:07:23,223: threshold: 5.2935, gamma: 0.3178, tao: 5.2935, b: 0.5366
2018-10-06 12:12:59,847: Prototypes Count: 26
2018-10-06 12:12:59,849: Distance Average: {0: 2.817217, 1: 3.068995, 2: 3.425022, 3: 3.099338, 4: 2.9234276, 5: 3.1136222, 6: 2.713191, 7: 3.0147192, 8: 2.888099, 9: 2.650022}
2018-10-06 12:12:59,850: Distance Std: {0: 0.57655174, 1: 0.44437417, 2: 0.5289392, 3: 0.56449, 4: 0.50558496, 5: 0.5001582, 6: 0.5207613, 7: 0.48738202, 8: 0.56382513, 9: 0.45810717}
2018-10-06 12:12:59,850: Distance Threshold: {0: 3.393768846988678, 1: 3.513369172811508, 2: 3.9539610743522644, 3: 3.6638280749320984, 4: 3.4290125370025635, 5: 3.613780379295349, 6: 3.2339523434638977, 7: 3.5021012723445892, 8: 3.4519240856170654, 9: 3.1081292033195496}
2018-10-06 12:24:08,775: Accuracy:  0.5941
2018-10-06 12:24:08,775: True Positive: 0
2018-10-06 12:24:08,775: False Positive: 6638
2018-10-06 12:24:08,775: False Negative: 0
2018-10-06 12:24:08,775: Precision:  0.0000
2018-10-06 12:24:08,775: Recall:  0.0000
2018-10-06 12:24:08,775: Confusion Matrix: 
[[2763  158  213  179   77  113   27   24  250  601]
 [  51 3344   29   37    6    8   17   11   58  859]
 [ 404  125 1975  296  473  435  311  121  105  160]
 [  66  151  606 1603  162  873  261  175  147  324]
 [ 119   88  948  257 1996  275  190  367   31   91]
 [  30  106  463  706  212 2294  153  260   52  147]
 [  32  113  680  232  128  195 2785   37   61  150]
 [  18  157  252  247  344  355   22 2728   40  256]
 [ 573  275   61  134   15   36   16   13 2832  440]
 [  38  307   45   59    7   10   10   38   57 3819]]
2018-10-06 12:24:08,776: Epoch number: 9
2018-10-06 12:24:08,776: threshold: 5.2084, gamma: 0.3367, tao: 5.2084, b: 0.5595
2018-10-06 12:29:43,668: Prototypes Count: 26
2018-10-06 12:29:43,670: Distance Average: {0: 2.9268718, 1: 2.8182445, 2: 3.3492713, 3: 3.1222682, 4: 3.0415053, 5: 2.9069703, 6: 2.8531842, 7: 3.0258684, 8: 2.8769145, 9: 2.8191533}
2018-10-06 12:29:43,671: Distance Std: {0: 0.6483435, 1: 0.5054758, 2: 0.5251769, 3: 0.5877687, 4: 0.5941728, 5: 0.5757235, 6: 0.52313995, 7: 0.49405035, 8: 0.511092, 9: 0.64574766}
2018-10-06 12:29:43,671: Distance Threshold: {0: 3.5752152800559998, 1: 3.3237202763557434, 2: 3.8744481801986694, 3: 3.710036873817444, 4: 3.6356781125068665, 5: 3.4826937913894653, 6: 3.37632417678833, 7: 3.519918769598007, 8: 3.3880065083503723, 9: 3.4649009704589844}
2018-10-06 12:29:43,671: Epoch number: 10
2018-10-06 12:29:43,671: threshold: 5.3199, gamma: 0.3361, tao: 5.3199, b: 0.5861
2018-10-06 12:35:06,208: Prototypes Count: 21
2018-10-06 12:35:06,211: Distance Average: {0: 2.7915397, 1: 2.5496523, 2: 3.5277221, 3: 3.2720654, 4: 3.0195162, 5: 3.0211513, 6: 3.4794414, 7: 2.8446763, 8: 2.9132707, 9: 3.024709}
2018-10-06 12:35:06,211: Distance Std: {0: 0.57216966, 1: 0.41946104, 2: 0.4892038, 3: 0.5259389, 4: 0.57259923, 5: 0.56539387, 6: 0.4155077, 7: 0.49810928, 8: 0.523042, 9: 0.4478306}
2018-10-06 12:35:06,211: Distance Threshold: {0: 3.363709330558777, 1: 2.969113379716873, 2: 4.016925930976868, 3: 3.7980043292045593, 4: 3.5921154618263245, 5: 3.586545169353485, 6: 3.894949108362198, 7: 3.3427855372428894, 8: 3.436312735080719, 9: 3.472539573907852}
2018-10-06 12:45:39,809: Accuracy:  0.6028
2018-10-06 12:45:39,809: True Positive: 0
2018-10-06 12:45:39,809: False Positive: 7392
2018-10-06 12:45:39,809: False Negative: 0
2018-10-06 12:45:39,809: Precision:  0.0000
2018-10-06 12:45:39,809: Recall:  0.0000
2018-10-06 12:45:39,810: Confusion Matrix: 
[[2525  296  463   50   65   40   26   72  468  400]
 [  46 3724   48   19    6    9   26   41   69  432]
 [ 328  210 1544  343  617  469  334  322  109  129]
 [  57  186  301 1737  186  868  330  308  147  248]
 [ 111  120  382  264 2113  443  309  511   64   45]
 [  25  108  159  876  236 2238  162  455   49  115]
 [  22  151  182  289  312  236 3017   71   44   89]
 [  18  120   94  241  211  448   50 3018   44  175]
 [ 267  429  162   69    8   13   20   42 3194  191]
 [  51  611   64   51   15   18   37   60   68 3415]]
2018-10-06 12:45:39,811: Epoch number: 11
2018-10-06 12:45:39,811: threshold: 5.3780, gamma: 0.3282, tao: 5.3780, b: 0.5829
2018-10-06 12:50:55,149: Prototypes Count: 19
2018-10-06 12:50:55,151: Distance Average: {0: 2.903537, 1: 2.8538435, 2: 3.1576433, 3: 3.1426902, 4: 2.9780977, 5: 3.0135179, 6: 3.280694, 7: 2.6150582, 8: 3.0119033, 9: 2.6813815}
2018-10-06 12:50:55,151: Distance Std: {0: 0.49732906, 1: 0.39359963, 2: 0.56576407, 3: 0.52970475, 4: 0.4870648, 5: 0.60895145, 6: 0.38152534, 7: 0.51296884, 8: 0.4520667, 9: 0.46038008}
2018-10-06 12:50:55,152: Distance Threshold: {0: 3.4008660912513733, 1: 3.2474430799484253, 2: 3.7234073877334595, 3: 3.6723949313163757, 4: 3.4651624858379364, 5: 3.6224693059921265, 6: 3.6622193455696106, 7: 3.128027021884918, 8: 3.463969975709915, 9: 3.141761541366577}
2018-10-06 12:50:55,152: Epoch number: 12
2018-10-06 12:50:55,152: threshold: 5.0906, gamma: 0.3373, tao: 5.0906, b: 0.5314
2018-10-06 12:56:24,874: Prototypes Count: 21
2018-10-06 12:56:24,876: Distance Average: {0: 3.649233, 1: 2.7241125, 2: 3.355243, 3: 3.2090836, 4: 3.0687761, 5: 3.108159, 6: 3.184958, 7: 2.732123, 8: 3.1347136, 9: 2.816302}
2018-10-06 12:56:24,876: Distance Std: {0: 0.4845312, 1: 0.44964826, 2: 0.55516285, 3: 0.40354103, 4: 0.39481425, 5: 0.4933139, 6: 0.4025689, 7: 0.41081583, 8: 0.46879563, 9: 0.46159345}
2018-10-06 12:56:24,877: Distance Threshold: {0: 4.133764296770096, 1: 3.173760771751404, 2: 3.9104058146476746, 3: 3.6126245856285095, 4: 3.463590383529663, 5: 3.6014729738235474, 6: 3.587526887655258, 7: 3.142938733100891, 8: 3.6035092771053314, 9: 3.277895510196686}
2018-10-06 13:06:46,899: Accuracy:  0.6215
2018-10-06 13:06:46,899: True Positive: 0
2018-10-06 13:06:46,899: False Positive: 8638
2018-10-06 13:06:46,899: False Negative: 0
2018-10-06 13:06:46,899: Precision:  0.0000
2018-10-06 13:06:46,899: Recall:  0.0000
2018-10-06 13:06:46,899: Confusion Matrix: 
[[3023  103  282  118  106   99   23   83  414  154]
 [ 204 3385   18   52   12   31   49   42  116  511]
 [ 400   23 2102  439  553  323  217  238   59   51]
 [ 105   20  340 2116  285  724  334  255   60  129]
 [ 156   15  542  378 2446  225  186  348   35   31]
 [  38   16  272 1090  373 1977  146  419   16   76]
 [  47   35  358  324  378  216 2894   60   23   78]
 [  53   41  150  268  479  280   44 2974   17  113]
 [ 647  145   54  155   23   73   30   37 3061  170]
 [ 253  369   24  114   14   58   41  103   47 3367]]
2018-10-06 13:06:46,900: Epoch number: 13
2018-10-06 13:06:46,900: threshold: 5.2165, gamma: 0.3226, tao: 5.2165, b: 0.5292
2018-10-06 13:11:56,281: Prototypes Count: 17
2018-10-06 13:11:56,284: Distance Average: {0: 2.9610035, 1: 2.5393972, 2: 3.102481, 3: 3.1586435, 4: 2.7276886, 5: 3.2203438, 6: 2.5539234, 7: 2.6992226, 8: 2.803451, 9: 2.8732502}
2018-10-06 13:11:56,284: Distance Std: {0: 0.49230865, 1: 0.47498026, 2: 0.53935385, 3: 0.38172606, 4: 0.4560911, 5: 0.3934367, 6: 0.54516226, 7: 0.409204, 8: 0.45504937, 9: 0.34365696}
2018-10-06 13:11:56,284: Distance Threshold: {0: 3.453312188386917, 1: 3.0143775045871735, 2: 3.6418347358703613, 3: 3.540369540452957, 4: 3.1837796568870544, 5: 3.613780528306961, 6: 3.0990856289863586, 7: 3.108426570892334, 8: 3.258500427007675, 9: 3.2169072031974792}
2018-10-06 13:11:56,284: Epoch number: 14
2018-10-06 13:11:56,284: threshold: 4.8959, gamma: 0.3490, tao: 4.8959, b: 0.5077
2018-10-06 13:17:16,681: Prototypes Count: 25
2018-10-06 13:17:16,684: Distance Average: {0: 2.963182, 1: 2.381654, 2: 2.8258538, 3: 2.8329563, 4: 2.5159492, 5: 3.0120358, 6: 2.5253723, 7: 2.8257995, 8: 2.567353, 9: 2.4787302}
2018-10-06 13:17:16,684: Distance Std: {0: 0.43040082, 1: 0.51065874, 2: 0.52274257, 3: 0.55410373, 4: 0.4391079, 5: 0.4626438, 6: 0.5201194, 7: 0.42696768, 8: 0.45439902, 9: 0.5040962}
2018-10-06 13:17:16,684: Distance Threshold: {0: 3.3935827910900116, 1: 2.89231276512146, 2: 3.3485963940620422, 3: 3.387060046195984, 4: 2.955057144165039, 5: 3.47467964887619, 6: 3.0454916954040527, 7: 3.2527671456336975, 8: 3.021752029657364, 9: 2.9828264117240906}
2018-10-06 13:28:22,880: Accuracy:  0.6074
2018-10-06 13:28:22,880: True Positive: 0
2018-10-06 13:28:22,880: False Positive: 10948
2018-10-06 13:28:22,880: False Negative: 0
2018-10-06 13:28:22,880: Precision:  0.0000
2018-10-06 13:28:22,880: Recall:  0.0000
2018-10-06 13:28:22,881: Confusion Matrix: 
[[3020  129  300   80  135   40   14   83  383  221]
 [ 168 3373   42   64   16   21   29   90  109  508]
 [ 472  101 1819  140  902  456  176  230   66   43]
 [ 164  203  432 1284  450 1172  255  245   70   93]
 [ 140   49  359  155 2729  306  174  395   37   18]
 [  58  117  295  504  516 2362  142  360   20   49]
 [  66   91  361  200  620  394 2530   64   34   53]
 [  68   46  148  108  473  383   25 3073   17   78]
 [ 434  158   79  124   37   38   36   30 3266  193]
 [ 239  417   65  111   21   52   18  148   48 3271]]
2018-10-06 13:28:22,882: Epoch number: 15
2018-10-06 13:28:22,882: threshold: 4.8048, gamma: 0.3715, tao: 4.8048, b: 0.5283
2018-10-06 13:33:56,823: Prototypes Count: 32
2018-10-06 13:33:56,826: Distance Average: {0: 2.7598066, 1: 2.8243277, 2: 2.868097, 3: 2.7087693, 4: 2.688533, 5: 2.9013333, 6: 2.780049, 7: 2.4801931, 8: 2.6782873, 9: 2.6339815}
2018-10-06 13:33:56,826: Distance Std: {0: 0.5538148, 1: 0.3549844, 2: 0.57888854, 3: 0.6188645, 4: 0.47040752, 5: 0.49799037, 6: 0.40341887, 7: 0.4291323, 8: 0.55828375, 9: 0.48735678}
2018-10-06 13:33:56,826: Distance Threshold: {0: 3.313621461391449, 1: 3.1793121099472046, 2: 3.446985602378845, 3: 3.327633798122406, 4: 3.1589405834674835, 5: 3.3993237018585205, 6: 3.1834679543972015, 7: 2.909325450658798, 8: 3.2365710139274597, 9: 3.1213382482528687}
2018-10-06 13:33:56,826: Epoch number: 16
2018-10-06 13:33:56,826: threshold: 4.7954, gamma: 0.3661, tao: 4.7954, b: 0.5160
2018-10-06 13:39:35,691: Prototypes Count: 34
2018-10-06 13:39:35,694: Distance Average: {0: 2.9910595, 1: 2.4311087, 2: 3.1248605, 3: 2.8803313, 4: 2.5593414, 5: 2.8560324, 6: 2.7032733, 7: 2.6788628, 8: 2.6503742, 9: 2.477627}
2018-10-06 13:39:35,694: Distance Std: {0: 0.42714828, 1: 0.4441049, 2: 0.5032261, 3: 0.66773033, 4: 0.4673978, 5: 0.49659476, 6: 0.4127569, 7: 0.48953, 8: 0.5473573, 9: 0.5094286}
2018-10-06 13:39:35,694: Distance Threshold: {0: 3.418207824230194, 1: 2.875213623046875, 2: 3.6280866265296936, 3: 3.5480616092681885, 4: 3.026739239692688, 5: 3.3526271283626556, 6: 3.1160301864147186, 7: 3.1683928072452545, 8: 3.1977314949035645, 9: 2.9870556592941284}
2018-10-06 13:50:12,945: Accuracy:  0.5998
2018-10-06 13:50:12,945: True Positive: 0
2018-10-06 13:50:12,945: False Positive: 7398
2018-10-06 13:50:12,945: False Negative: 0
2018-10-06 13:50:12,945: Precision:  0.0000
2018-10-06 13:50:12,945: Recall:  0.0000
2018-10-06 13:50:12,945: Confusion Matrix: 
[[3029  150  372  161  126   28   64   39  327  109]
 [ 128 3438   77   42   16   19  108   28  152  412]
 [ 511  125 2200  286  393  212  502   66   77   33]
 [ 127  227  470 1650  296  614  650  145  129   60]
 [ 215   96  624  471 2188  163  417  134   40   14]
 [  50  130  530  944  340 1783  382  191   32   41]
 [  50   37  295  255  174   86 3438   15   42   21]
 [ 111  120  272  249  679  394  100 2408   28   58]
 [ 378  176  126  214   80   23   65   32 3195  106]
 [ 279  476  114   99   27   37  101   69  124 3064]]
2018-10-06 13:50:12,946: Epoch number: 17
2018-10-06 13:50:12,946: threshold: 4.9180, gamma: 0.3657, tao: 4.9180, b: 0.5458
2018-10-06 13:55:55,023: Prototypes Count: 27
2018-10-06 13:55:55,026: Distance Average: {0: 2.8285468, 1: 2.5363274, 2: 2.8926256, 3: 2.8802364, 4: 2.5569026, 5: 2.7474298, 6: 2.471858, 7: 2.6562798, 8: 2.79524, 9: 2.8704567}
2018-10-06 13:55:55,026: Distance Std: {0: 0.41022086, 1: 0.4081063, 2: 0.5964959, 3: 0.5469626, 4: 0.55981594, 5: 0.57813853, 6: 0.5664139, 7: 0.40528432, 8: 0.43210545, 9: 0.36210892}
2018-10-06 13:55:55,026: Distance Threshold: {0: 3.238767623901367, 1: 2.9444336593151093, 2: 3.4891214966773987, 3: 3.4271990060806274, 4: 3.116718590259552, 5: 3.325568377971649, 6: 3.038271903991699, 7: 3.061564117670059, 8: 3.2273453772068024, 9: 3.232565611600876}
2018-10-06 13:55:55,026: Epoch number: 18
2018-10-06 13:55:55,026: threshold: 4.7907, gamma: 0.3670, tao: 4.7907, b: 0.5165
2018-10-06 14:01:14,093: Prototypes Count: 20
2018-10-06 14:01:14,095: Distance Average: {0: 2.7821314, 1: 2.7247682, 2: 2.9376595, 3: 3.0233486, 4: 2.6672416, 5: 2.6330872, 6: 2.7585025, 7: 2.5904987, 8: 2.473698, 9: 2.5226285}
2018-10-06 14:01:14,095: Distance Std: {0: 0.4125083, 1: 0.34790108, 2: 0.46629474, 3: 0.44329515, 4: 0.47097027, 5: 0.57376826, 6: 0.4379108, 7: 0.44340998, 8: 0.3776436, 9: 0.5258402}
2018-10-06 14:01:14,096: Distance Threshold: {0: 3.19463974237442, 1: 3.0726692378520966, 2: 3.4039542376995087, 3: 3.4666437208652496, 4: 3.1382118463516235, 5: 3.2068554162979126, 6: 3.196413278579712, 7: 3.0339086651802063, 8: 2.851341485977173, 9: 3.048468768596649}
2018-10-06 14:11:44,274: Accuracy:  0.5998
2018-10-06 14:11:44,274: True Positive: 0
2018-10-06 14:11:44,274: False Positive: 9640
2018-10-06 14:11:44,274: False Negative: 0
2018-10-06 14:11:44,274: Precision:  0.0000
2018-10-06 14:11:44,274: Recall:  0.0000
2018-10-06 14:11:44,274: Confusion Matrix: 
[[3275   41  514  136   56   45   19   26  220   73]
 [ 302 3205  130   86   21   26   44   65  231  310]
 [ 390   14 2564  454  333  297  187  112   39   15]
 [ 146    8  794 2143  242  580  221  151   47   36]
 [ 152    8  977  388 2065  240  194  302   31    5]
 [  58    2  705 1086  270 1960  124  192   12   14]
 [  43   22  658  328  355  215 2704   46   25   17]
 [  93   17  419  390  450  406   19 2569   16   40]
 [ 688   78  105  236   30   33   25   24 3106   70]
 [ 500  416  153  194   16   41   51  107  112 2800]]
2018-10-06 14:11:44,275: Epoch number: 19
2018-10-06 14:11:44,275: threshold: 4.6473, gamma: 0.3687, tao: 4.6473, b: 0.4837
2018-10-06 14:17:10,256: Prototypes Count: 21
2018-10-06 14:17:10,259: Distance Average: {0: 2.7262619, 1: 2.6303332, 2: 2.8297303, 3: 2.7458382, 4: 2.5835278, 5: 2.779116, 6: 2.3777118, 7: 2.5066528, 8: 2.394163, 9: 2.765995}
2018-10-06 14:17:10,259: Distance Std: {0: 0.36918122, 1: 0.33693343, 2: 0.4269979, 3: 0.35465077, 4: 0.32668114, 5: 0.49975926, 6: 0.5103074, 7: 0.3763214, 8: 0.37315094, 9: 0.31696156}
2018-10-06 14:17:10,259: Distance Threshold: {0: 3.095443069934845, 1: 2.967266619205475, 2: 3.256728172302246, 3: 3.100488930940628, 4: 2.9102089405059814, 5: 3.278875172138214, 6: 2.8880191445350647, 7: 2.882974237203598, 8: 2.767313838005066, 9: 3.0829565823078156}
2018-10-06 14:17:10,260: Epoch number: 20
2018-10-06 14:17:10,260: threshold: 4.3242, gamma: 0.3796, tao: 4.3242, b: 0.4224
2018-10-06 14:23:03,889: Prototypes Count: 33
2018-10-06 14:23:03,892: Distance Average: {0: 2.6002934, 1: 2.3141778, 2: 2.641538, 3: 2.4799068, 4: 2.5701613, 5: 2.4330387, 6: 2.480166, 7: 2.3842201, 8: 2.345053, 9: 2.4155297}
2018-10-06 14:23:03,892: Distance Std: {0: 0.40030217, 1: 0.34513852, 2: 0.4855158, 3: 0.47890005, 4: 0.35857567, 5: 0.41788426, 6: 0.41262078, 7: 0.37872264, 8: 0.32943335, 9: 0.47249788}
2018-10-06 14:23:03,892: Distance Threshold: {0: 3.0005955696105957, 1: 2.659316271543503, 2: 3.1270537078380585, 3: 2.9588068425655365, 4: 2.9287370145320892, 5: 2.8509229719638824, 6: 2.892786741256714, 7: 2.762942761182785, 8: 2.6744863092899323, 9: 2.888027608394623}
2018-10-06 14:33:22,539: Accuracy:  0.6126
2018-10-06 14:33:22,539: True Positive: 0
2018-10-06 14:33:22,539: False Positive: 10886
2018-10-06 14:33:22,539: False Negative: 0
2018-10-06 14:33:22,540: Precision:  0.0000
2018-10-06 14:33:22,540: Recall:  0.0000
2018-10-06 14:33:22,540: Confusion Matrix: 
[[2762   94  522  155   86   73   26   30  434  223]
 [ 156 3329   65   80   13   24   51   37  115  550]
 [ 255   34 2097  454  564  406  336   89  119   51]
 [  74   32  395 2221  232  811  351   84  101   67]
 [ 100   27  536  444 2303  292  287  278   74   21]
 [  24   33  270 1119  284 2194  250  183   26   40]
 [  30   28  354  560  170  254 2888   18   67   44]
 [  38   86  193  323  433  521   79 2633   37   76]
 [ 427  137   85  250   15   34   27   14 3261  145]
 [ 158  429   91  144   18   70   49   73   92 3266]]
2018-10-06 14:33:22,545: ------ 13013.959s ------
2018-10-06 16:05:28,761: ********************************************************************************
2018-10-06 16:05:28,761: {'train': True, 'test': True, 'dataset_path': 'data/cifar10_train.csv', 'loss_type': 'pdce', 'tensor_view': [-1, 32, 32], 'in_channels': 3, 'layers': 10, 'learning_rate': 0.0001, 'threshold': 4.166220545768738, 'gamma': 0.4052586665347465, 'tao': 4.166220545768738, 'b': 0.4246651828289032, 'lambda_': 0.01, 'std_coefficient': 1.0, 'train_test_split': 6000, 'epoch_number': 2, 'test_frequency': 1}
2018-10-06 16:05:28,761: Trainset size: 6000
2018-10-06 16:05:28,761: Testset size: 44000
2018-10-06 16:05:30,081: DenseNet Channels: 216
2018-10-06 16:05:30,214: Load model from file 'cifar10_all/cifar10_all.pkl'.
2018-10-06 16:05:30,221: Load prototypes from file 'cifar10_all/cifar10_all_prototypes.pkl'.
2018-10-06 16:05:30,221: Epoch number: 1
2018-10-06 16:05:30,221: threshold: 4.1662, gamma: 0.4053, tao: 4.1662, b: 0.4247
2018-10-06 16:11:23,693: Prototypes Count: 41
2018-10-06 16:11:23,696: Distance Average: {0: 3.1751213, 1: 2.8108428, 2: 3.313065, 3: 3.0248053, 4: 2.8427486, 5: 3.026154, 6: 2.7856944, 7: 2.7890234, 8: 2.9013777, 9: 2.9540322}
2018-10-06 16:11:23,696: Distance Std: {0: 0.407471, 1: 0.39904124, 2: 0.372035, 3: 0.46484488, 4: 0.32962698, 5: 0.44846776, 6: 0.3532531, 7: 0.3344426, 8: 0.44769666, 9: 0.48822075}
2018-10-06 16:11:23,696: Distance Threshold: {0: 3.5825923085212708, 1: 3.209883987903595, 2: 3.6851000487804413, 3: 3.4896501898765564, 4: 3.1723756194114685, 5: 3.4746218025684357, 6: 3.138947457075119, 7: 3.123465985059738, 8: 3.3490743339061737, 9: 3.4422529339790344}
2018-10-06 16:22:25,201: Accuracy:  0.5984
2018-10-06 16:22:25,201: True Positive: 0
2018-10-06 16:22:25,201: False Positive: 7494
2018-10-06 16:22:25,201: False Negative: 0
2018-10-06 16:22:25,201: Precision:  0.0000
2018-10-06 16:22:25,201: Recall:  0.0000
2018-10-06 16:22:25,201: Confusion Matrix: 
[[2759  212  178   98  100  230   25   26  428  349]
 [  60 3593   32   31    6   14   60   36   78  510]
 [ 334  114  693  497  883  381  282  122  987  112]
 [  73  110  319 2092  324  611  407  123  146  163]
 [ 111   78  160  351 2524  310  273  364  146   45]
 [  26   55  355 1073  356 1904  233  261   83   77]
 [  37   76  154  374  256  158 3158   26  110   64]
 [  29   77  145  276  330  417   41 2877   50  177]
 [ 367  293   52  128   20   37   44   13 3229  212]
 [  95  477   46   76   10   33   52   43   56 3502]]
2018-10-06 16:22:25,202: Epoch number: 2
2018-10-06 16:22:25,202: threshold: 4.7257, gamma: 0.3376, tao: 4.7257, b: 0.4408
2018-10-06 16:27:51,181: Prototypes Count: 28
2018-10-06 16:27:51,183: Distance Average: {0: 2.5678174, 1: 2.2464554, 2: 2.2546542, 3: 2.503994, 4: 2.043206, 5: 2.4422193, 6: 1.9555286, 7: 2.3926663, 8: 2.4469993, 9: 2.3822646}
2018-10-06 16:27:51,183: Distance Std: {0: 0.43600756, 1: 0.46053147, 2: 0.5062736, 3: 0.43729207, 4: 0.34331536, 5: 0.5113589, 6: 0.43559852, 7: 0.26664415, 8: 0.39981586, 9: 0.48701155}
2018-10-06 16:27:51,184: Distance Threshold: {0: 3.003825008869171, 1: 2.706986904144287, 2: 2.7609277963638306, 3: 2.9412860572338104, 4: 2.386521339416504, 5: 2.9535781741142273, 6: 2.3911271393299103, 7: 2.6593104898929596, 8: 2.8468151688575745, 9: 2.8692761659622192}
2018-10-06 16:38:45,310: Accuracy:  0.6010
2018-10-06 16:38:45,310: True Positive: 0
2018-10-06 16:38:45,310: False Positive: 14757
2018-10-06 16:38:45,310: False Negative: 0
2018-10-06 16:38:45,310: Precision:  0.0000
2018-10-06 16:38:45,310: Recall:  0.0000
2018-10-06 16:38:45,310: Confusion Matrix: 
[[2897  112  483   89   71   98   32   19  413  191]
 [ 102 3245   78   67    8  109   69   30  379  333]
 [ 387   78 2218  350  563  317  239   65  164   24]
 [ 102   95  466 1862  190  896  403   75  254   25]
 [  97   95  690  322 2274  344  162  276   90   12]
 [  38  102  407  995  245 2149  186  165  120   16]
 [  30   38  447  560  234  161 2824   18   86   15]
 [  43  157  243  206  305  532   36 2707  124   66]
 [ 383  193   87  104   18   71  131   10 3262  136]
 [ 159  340   55  109    4   91   61   65  500 3006]]
2018-10-06 16:38:45,316: ------ 2072.300s ------
