2018-10-02 01:04:28,020: 
{'dataset_path': 'data/fashion-mnist_stream.csv', 'loss_type': 'pairwise_dce', 'tensor_view': [-1, 28, 28], 'in_channels': 1, 'layers': 10, 'learning_rate': 0.001, 'threshold': 10.0, 'gamma': 0.3, 'tao': 10.0, 'b': 3.0, 'lambda_': 0.01, 'std_coefficient': 1.0, 'train_test_split': 6000, 'epoch_number': 50, 'test_frequency': 2}
2018-10-02 01:04:28,021: Trainset size: 6000
2018-10-02 01:04:28,021: Testset size: 54000
2018-10-02 01:04:29,426: DenseNet Channels: 216

2018-10-02 01:04:29,495: Load state from file threshold_fashion-mnist/threshold_fashion-mnist.pkl.
2018-10-02 01:04:29,495: Epoch number: 1
2018-10-02 01:09:41,441: Prototypes Count: 6
2018-10-02 01:09:41,441: Distance Average: {0: 3.2011395, 1: 2.6996038, 2: 3.784162, 3: 3.9026945, 4: 3.910597, 6: 3.9626365}
2018-10-02 01:09:41,441: Distance Std: {0: 0.63693315, 1: 0.6193384, 2: 0.50036615, 3: 0.49605593, 4: 0.42041284, 6: 0.5105025}
2018-10-02 01:09:41,441: Distance Threshold: {0: 3.8380725979804993, 1: 3.3189421892166138, 2: 4.284528195858002, 3: 4.398750394582748, 4: 4.331009924411774, 6: 4.473138988018036}
2018-10-02 01:09:41,441: Epoch number: 2
2018-10-02 01:14:51,764: Prototypes Count: 6
2018-10-02 01:14:51,765: Distance Average: {0: 3.3285441, 1: 2.416662, 2: 3.529722, 3: 3.572293, 4: 3.9157352, 6: 3.6265554}
2018-10-02 01:14:51,765: Distance Std: {0: 0.5648448, 1: 0.7356756, 2: 0.70279044, 3: 0.45363346, 4: 0.43043938, 6: 0.57555753}
2018-10-02 01:14:51,765: Distance Threshold: {0: 3.8933889269828796, 1: 3.1523375511169434, 2: 4.232512414455414, 3: 4.025926500558853, 4: 4.346174627542496, 6: 4.202112972736359}
2018-10-02 01:27:48,489: Accuracy:  0.4495
2018-10-02 01:27:48,489: Precision:  0.6470
2018-10-02 01:27:48,489: Recall:  0.9922
2018-10-02 01:27:48,489: Confusion Matrix: 
[[3878    1   29  204   22    0  878    0    0    0]
 [   1 4740    6  168   25    0   37    0    0    0]
 [  31    1 3661   97  298    0  910    0    0    0]
 [  83    2    3 4550  205    0  175    0    0    0]
 [   5    1  105  164 3453    0 1274    0    0    0]
 [  34    9    6 1381 4444    0  126    0    0    0]
 [ 511    3  176  142  171    0 3990    0    0    0]
 [   5    0    0    7 5940    0   48    0    0    0]
 [ 114    2    6  974 2064    0 2840    0    0    0]
 [  10    1    0  644 4511    0  834    0    0    0]]

2018-10-02 01:27:48,490: Epoch number: 3
2018-10-02 01:33:04,389: Prototypes Count: 6
2018-10-02 01:33:04,389: Distance Average: {0: 3.4621537, 1: 2.369868, 2: 3.4067745, 3: 3.357343, 4: 3.612891, 6: 3.6748922}
2018-10-02 01:33:04,389: Distance Std: {0: 0.52822983, 1: 0.72318655, 2: 0.6291326, 3: 0.703762, 4: 0.5024339, 6: 0.5999284}
2018-10-02 01:33:04,390: Distance Threshold: {0: 3.990383505821228, 1: 3.0930545926094055, 2: 4.03590714931488, 3: 4.061104953289032, 4: 4.115324854850769, 6: 4.274820566177368}
2018-10-02 01:33:04,390: Epoch number: 4
2018-10-02 01:38:12,353: Prototypes Count: 6
2018-10-02 01:38:12,353: Distance Average: {0: 3.304589, 1: 2.326243, 2: 3.2174518, 3: 3.2903607, 4: 3.2809882, 6: 3.5189266}
2018-10-02 01:38:12,354: Distance Std: {0: 0.55036557, 1: 0.70122254, 2: 0.59569544, 3: 0.59155685, 4: 0.62890756, 6: 0.609088}
2018-10-02 01:38:12,354: Distance Threshold: {0: 3.8549546003341675, 1: 3.0274654626846313, 2: 3.813147246837616, 3: 3.8819175362586975, 4: 3.9098957777023315, 6: 4.128014624118805}
2018-10-02 01:51:10,648: Accuracy:  0.4734
2018-10-02 01:51:10,648: Precision:  0.7497
2018-10-02 01:51:10,648: Recall:  0.9902
2018-10-02 01:51:10,648: Confusion Matrix: 
[[4522    3   75  187   24    0  201    0    0    0]
 [   3 4854   15   77   17    0   11    0    0    0]
 [  60    1 4299   47  308    0  283    0    0    0]
 [ 111   29   27 4552  199    0  100    0    0    0]
 [  15    3  179  129 4389    0  287    0    0    0]
 [ 134    0  292 1362 3285    0  927    0    0    0]
 [1027    4  394  166  452    0 2950    0    0    0]
 [  18    0    8   93 5832    0   49    0    0    0]
 [ 284    4  130  456 3238    0 1888    0    0    0]
 [   2    0    2 1132 2471    0 2393    0    0    0]]

2018-10-02 01:51:10,649: Epoch number: 5
2018-10-02 01:56:16,689: Prototypes Count: 6
2018-10-02 01:56:16,689: Distance Average: {0: 3.068142, 1: 2.3848739, 2: 3.0007944, 3: 3.0294797, 4: 3.3826957, 6: 3.6034288}
2018-10-02 01:56:16,689: Distance Std: {0: 0.6383529, 1: 0.6082183, 2: 0.7187149, 3: 0.6754451, 4: 0.48643765, 6: 0.4325822}
2018-10-02 01:56:16,689: Distance Threshold: {0: 3.7064948081970215, 1: 2.993092179298401, 2: 3.7195093035697937, 3: 3.7049248218536377, 4: 3.869133323431015, 6: 4.036011040210724}
2018-10-02 01:56:16,689: Epoch number: 6
2018-10-02 02:01:26,485: Prototypes Count: 6
2018-10-02 02:01:26,485: Distance Average: {0: 3.1705093, 1: 2.3967917, 2: 3.3076665, 3: 3.488171, 4: 3.505112, 6: 4.0220976}
2018-10-02 02:01:26,485: Distance Std: {0: 0.6114157, 1: 0.606716, 2: 0.5473993, 3: 0.43443507, 4: 0.53313404, 6: 0.4602708}
2018-10-02 02:01:26,486: Distance Threshold: {0: 3.7819250226020813, 1: 3.003507673740387, 2: 3.8550658226013184, 3: 3.9226061701774597, 4: 4.038245975971222, 6: 4.482368379831314}
2018-10-02 02:14:25,902: Accuracy:  0.4756
2018-10-02 02:14:25,902: Precision:  0.7205
2018-10-02 02:14:25,902: Recall:  0.9886
2018-10-02 02:14:25,902: Confusion Matrix: 
[[4037    2   95  138   20    0  720    0    0    0]
 [   2 4837    4   77    9    0   48    0    0    0]
 [  42    1 4287   48  237    0  383    0    0    0]
 [  61    9   29 4541  151    0  227    0    0    0]
 [   3    2  241  150 4231    0  375    0    0    0]
 [  13    0 1096 1045 3816    0   30    0    0    0]
 [ 463    3  276  110  391    0 3750    0    0    0]
 [   1    0   26   20 5952    0    1    0    0    0]
 [  16    3 1029  709 2943    0 1300    0    0    0]
 [   1    0  190 1706 3848    0  255    0    0    0]]

2018-10-02 02:14:25,903: Epoch number: 7
2018-10-02 02:19:33,560: Prototypes Count: 6
2018-10-02 02:19:33,560: Distance Average: {0: 2.9313343, 1: 2.2609556, 2: 3.4715328, 3: 3.0868301, 4: 3.2434835, 6: 3.7051086}
2018-10-02 02:19:33,560: Distance Std: {0: 0.7148497, 1: 0.6434552, 2: 0.5338011, 3: 0.66404533, 4: 0.5436961, 6: 0.47048438}
2018-10-02 02:19:33,560: Distance Threshold: {0: 3.646183967590332, 1: 2.9044107794761658, 2: 4.00533390045166, 3: 3.750875473022461, 4: 3.78717964887619, 6: 4.175593018531799}
2018-10-02 02:19:33,561: Epoch number: 8
2018-10-02 02:24:40,216: Prototypes Count: 6
2018-10-02 02:24:40,216: Distance Average: {0: 2.8810916, 1: 2.3675642, 2: 3.036129, 3: 3.241116, 4: 3.2769103, 6: 3.2625718}
2018-10-02 02:24:40,217: Distance Std: {0: 0.7080709, 1: 0.6344373, 2: 0.59726614, 3: 0.51445955, 4: 0.45711905, 6: 0.8057764}
2018-10-02 02:24:40,217: Distance Threshold: {0: 3.5891624689102173, 1: 3.0020015239715576, 2: 3.6333951354026794, 3: 3.7555755972862244, 4: 3.7340293526649475, 6: 4.068348228931427}
2018-10-02 02:37:42,587: Accuracy:  0.4698
2018-10-02 02:37:42,587: Precision:  0.7372
2018-10-02 02:37:42,587: Recall:  0.9892
2018-10-02 02:37:42,587: Confusion Matrix: 
[[3875    0  184  123   43    0  787    0    0    0]
 [   0 4814   36  103   22    0    2    0    0    0]
 [  40    1 4385   33  410    0  129    0    0    0]
 [  91   12   84 4471  277    0   83    0    0    0]
 [   3    2  214   91 4344    0  348    0    0    0]
 [  17   54 1051  990 3828    0   60    0    0    0]
 [ 371    3  635  105  397    0 3482    0    0    0]
 [   2    0    0    7 5990    0    1    0    0    0]
 [  46    3  277  723 2748    0 2203    0    0    0]
 [   4   14  124  787 5009    0   62    0    0    0]]

2018-10-02 02:37:42,588: Epoch number: 9
2018-10-02 02:42:56,990: Prototypes Count: 6
2018-10-02 02:42:56,990: Distance Average: {0: 3.449162, 1: 2.2430923, 2: 2.9499505, 3: 3.410648, 4: 3.0995457, 6: 3.5489576}
2018-10-02 02:42:56,990: Distance Std: {0: 0.43011516, 1: 0.5940356, 2: 0.63466364, 3: 0.5111515, 4: 0.5837532, 6: 0.4173042}
2018-10-02 02:42:56,990: Distance Threshold: {0: 3.8792771697044373, 1: 2.837127923965454, 2: 3.584614098072052, 3: 3.921799600124359, 4: 3.683298945426941, 6: 3.966261774301529}
2018-10-02 02:42:56,990: Epoch number: 10
2018-10-02 02:48:07,670: Prototypes Count: 6
2018-10-02 02:48:07,670: Distance Average: {0: 3.084514, 1: 2.2296507, 2: 3.0025778, 3: 3.2333746, 4: 3.2726388, 6: 3.7328084}
2018-10-02 02:48:07,670: Distance Std: {0: 0.71597666, 1: 0.66232556, 2: 0.61899036, 3: 0.70006675, 4: 0.6389148, 6: 0.49779278}
2018-10-02 02:48:07,670: Distance Threshold: {0: 3.8004905581474304, 1: 2.891976296901703, 2: 3.6215681433677673, 3: 3.9334413409233093, 4: 3.9115536212921143, 6: 4.230601131916046}
2018-10-02 03:00:43,696: Accuracy:  0.4745
2018-10-02 03:00:43,696: Precision:  0.7496
2018-10-02 03:00:43,696: Recall:  0.9790
2018-10-02 03:00:43,696: Confusion Matrix: 
[[3934    3   55  181   39    0  800    0    0    0]
 [   1 4867    4   64   17    0   24    0    0    0]
 [  54    2 4123   34  415    0  370    0    0    0]
 [  62   42   31 4497  163    0  223    0    0    0]
 [   2   11  138  109 4316    0  426    0    0    0]
 [  15    7  133 1033 4279    0  533    0    0    0]
 [ 372    7  249  113  364    0 3888    0    0    0]
 [   2    0    0   25 5911    0   62    0    0    0]
 [  50    3  181  355 3470    0 1941    0    0    0]
 [   0    0    2 1211 4528    0  259    0    0    0]]

2018-10-02 03:00:43,697: Epoch number: 11
2018-10-02 03:05:57,563: Prototypes Count: 6
2018-10-02 03:05:57,563: Distance Average: {0: 3.4956508, 1: 2.3034334, 2: 3.2225056, 3: 3.5754666, 4: 3.0607612, 6: 3.4521353}
2018-10-02 03:05:57,563: Distance Std: {0: 0.39126033, 1: 0.5858903, 2: 0.46557665, 3: 0.4833131, 4: 0.5788393, 6: 0.550425}
2018-10-02 03:05:57,564: Distance Threshold: {0: 3.88691109418869, 1: 2.8893237113952637, 2: 3.688082218170166, 3: 4.058779746294022, 4: 3.6396005153656006, 6: 4.002560317516327}
2018-10-02 03:05:57,564: Epoch number: 12
2018-10-02 03:11:06,047: Prototypes Count: 6
2018-10-02 03:11:06,048: Distance Average: {0: 3.4010346, 1: 2.1566346, 2: 2.8936887, 3: 3.228759, 4: 3.1346307, 6: 3.5025516}
2018-10-02 03:11:06,048: Distance Std: {0: 0.43243733, 1: 0.6213234, 2: 0.6825149, 3: 0.54146916, 4: 0.5878523, 6: 0.42954567}
2018-10-02 03:11:06,048: Distance Threshold: {0: 3.8334719240665436, 1: 2.7779579758644104, 2: 3.5762035846710205, 3: 3.7702282071113586, 4: 3.722482979297638, 6: 3.932097226381302}
2018-10-02 03:23:44,730: Accuracy:  0.4664
2018-10-02 03:23:44,730: Precision:  0.7525
2018-10-02 03:23:44,730: Recall:  0.9786
2018-10-02 03:23:44,730: Confusion Matrix: 
[[4388    1  101   48    8    0  466    0    0    0]
 [   8 4762   13  123    8    0   63    0    0    0]
 [  77    0 4609   28   93    0  191    0    0    0]
 [ 236    6   41 4341   43    0  351    0    0    0]
 [  20    0  615  242 3607    0  518    0    0    0]
 [ 395    6  470  926 2076    0 2127    0    0    0]
 [ 645    2  570   54  246    0 3476    0    0    0]
 [   8    0    0   74 4006    0 1912    0    0    0]
 [ 174    0  183  738 1548    0 3357    0    0    0]
 [ 154   65   21 1116  548    0 4096    0    0    0]]

2018-10-02 03:23:44,731: Epoch number: 13
2018-10-02 03:28:49,496: Prototypes Count: 6
2018-10-02 03:28:49,496: Distance Average: {0: 3.2633932, 1: 2.251509, 2: 2.7370446, 3: 2.7492025, 4: 2.98162, 6: 3.0430658}
2018-10-02 03:28:49,497: Distance Std: {0: 0.42144993, 1: 0.48946616, 2: 0.7066814, 3: 0.70472616, 4: 0.573839, 6: 0.7100774}
2018-10-02 03:28:49,497: Distance Threshold: {0: 3.6848430931568146, 1: 2.740975111722946, 2: 3.4437259435653687, 3: 3.4539286494255066, 4: 3.5554590821266174, 6: 3.7531431913375854}
2018-10-02 03:28:49,497: Epoch number: 14
2018-10-02 03:33:57,166: Prototypes Count: 6
2018-10-02 03:33:57,167: Distance Average: {0: 3.2335665, 1: 2.2649305, 2: 2.7346601, 3: 2.8389697, 4: 2.8776388, 6: 2.9625175}
2018-10-02 03:33:57,167: Distance Std: {0: 0.47336954, 1: 0.5611723, 2: 0.5898939, 3: 0.67446166, 4: 0.5713523, 6: 0.59989417}
2018-10-02 03:33:57,167: Distance Threshold: {0: 3.7069360613822937, 1: 2.8261027932167053, 2: 3.3245540261268616, 3: 3.5134313702583313, 4: 3.448991119861603, 6: 3.562411665916443}
2018-10-02 03:46:32,368: Accuracy:  0.4736
2018-10-02 03:46:32,368: Precision:  0.7866
2018-10-02 03:46:32,368: Recall:  0.9862
2018-10-02 03:46:32,368: Confusion Matrix: 
[[4184    1   92  149    5    0  581    0    0    0]
 [  10 4848    2   91    3    0   23    0    0    0]
 [  81    1 4566   74  120    0  156    0    0    0]
 [ 113   19   29 4682   17    0  158    0    0    0]
 [  23    6  446  400 3785    0  342    0    0    0]
 [1089   82  881  581 2445    0  922    0    0    0]
 [ 567    4  476  144  291    0 3511    0    0    0]
 [ 321    8    9  216 5272    0  174    0    0    0]
 [ 489    4  305  929 1811    0 2462    0    0    0]
 [1843  427  160 2177 1015    0  378    0    0    0]]

2018-10-02 03:46:32,369: Epoch number: 15
2018-10-02 03:51:41,718: Prototypes Count: 6
2018-10-02 03:51:41,718: Distance Average: {0: 2.9067347, 1: 2.2437985, 2: 3.6597688, 3: 2.9977455, 4: 3.1021874, 6: 3.2700243}
2018-10-02 03:51:41,718: Distance Std: {0: 0.7821762, 1: 0.5054614, 2: 0.4536006, 3: 0.55607754, 4: 0.60925096, 6: 0.68449354}
2018-10-02 03:51:41,718: Distance Threshold: {0: 3.6889109015464783, 1: 2.749259889125824, 2: 4.113369405269623, 3: 3.5538230538368225, 4: 3.7114383578300476, 6: 3.9545178413391113}
2018-10-02 03:51:41,718: Epoch number: 16
2018-10-02 03:56:48,892: Prototypes Count: 6
2018-10-02 03:56:48,892: Distance Average: {0: 2.7888412, 1: 2.277429, 2: 3.0830123, 3: 3.5088637, 4: 3.0512161, 6: 3.2211788}
2018-10-02 03:56:48,892: Distance Std: {0: 0.5984578, 1: 0.4812212, 2: 0.6055784, 3: 0.4447196, 4: 0.5968657, 6: 0.6391045}
2018-10-02 03:56:48,893: Distance Threshold: {0: 3.387299060821533, 1: 2.758650302886963, 2: 3.6885907649993896, 3: 3.953583300113678, 4: 3.6480818390846252, 6: 3.8602832555770874}
2018-10-02 04:11:04,311: Accuracy:  0.4771
2018-10-02 04:11:04,311: Precision:  0.7839
2018-10-02 04:11:04,311: Recall:  0.9793
2018-10-02 04:11:04,311: Confusion Matrix: 
[[4201    5  123  197   13    0  473    0    0    0]
 [   1 4885   13   58    5    0   15    0    0    0]
 [  45    0 4574   53   98    0  228    0    0    0]
 [  63   74   57 4600   66    0  158    0    0    0]
 [   6    9  452  205 3852    0  478    0    0    0]
 [ 485   46 1080  701 3226    0  462    0    0    0]
 [ 571    7  365  159  240    0 3651    0    0    0]
 [ 109    0   31   27 5662    0  171    0    0    0]
 [ 208   39  334  369 3020    0 2030    0    0    0]
 [ 125   47 1465 1192 2779    0  392    0    0    0]]

2018-10-02 04:11:04,312: Epoch number: 17
2018-10-02 04:16:13,578: Prototypes Count: 6
2018-10-02 04:16:13,578: Distance Average: {0: 4.2223983, 1: 2.3303387, 2: 3.2351928, 3: 3.0309756, 4: 3.155285, 6: 3.220721}
2018-10-02 04:16:13,578: Distance Std: {0: 0.4801816, 1: 0.58360034, 2: 0.51615447, 3: 0.6960814, 4: 0.55272776, 6: 0.771075}
2018-10-02 04:16:13,578: Distance Threshold: {0: 4.702579885721207, 1: 2.91393905878067, 2: 3.751347243785858, 3: 3.7270569801330566, 4: 3.708012640476227, 6: 3.9917960166931152}
2018-10-02 04:16:13,579: Epoch number: 18
2018-10-02 04:21:17,885: Prototypes Count: 6
2018-10-02 04:21:17,885: Distance Average: {0: 2.6387913, 1: 2.1097372, 2: 3.2747495, 3: 2.6697845, 4: 3.1126494, 6: 3.3452196}
2018-10-02 04:21:17,885: Distance Std: {0: 0.6035863, 1: 0.5039077, 2: 0.5198858, 3: 0.555439, 4: 0.5392883, 6: 0.49100435}
2018-10-02 04:21:17,885: Distance Threshold: {0: 3.2423776388168335, 1: 2.61364483833313, 2: 3.79463529586792, 3: 3.2252235412597656, 4: 3.65193772315979, 6: 3.8362239599227905}
2018-10-02 04:35:01,712: Accuracy:  0.4786
2018-10-02 04:35:01,713: Precision:  0.7889
2018-10-02 04:35:01,713: Recall:  0.9683
2018-10-02 04:35:01,713: Confusion Matrix: 
[[4174    4   63  119   19    0  633    0    0    0]
 [   2 4876    7   68    6    0   18    0    0    0]
 [  70    4 4256   40  289    0  339    0    0    0]
 [ 116   28   46 4476  162    0  190    0    0    0]
 [   4   10  203  109 4447    0  229    0    0    0]
 [ 297   79  915  201 2374    0 2134    0    0    0]
 [ 462   10  243   99  561    0 3618    0    0    0]
 [ 105   24   39   13 3586    0 2233    0    0    0]
 [  97   22  290  570 2140    0 2881    0    0    0]
 [ 167  275 1033  530   74    0 3921    0    0    0]]

2018-10-02 04:35:01,713: Epoch number: 19
2018-10-02 04:40:06,597: Prototypes Count: 6
2018-10-02 04:40:06,597: Distance Average: {0: 2.7723389, 1: 2.12088, 2: 2.6738014, 3: 3.0458388, 4: 2.935659, 6: 3.0253906}
2018-10-02 04:40:06,597: Distance Std: {0: 0.65864193, 1: 0.6268593, 2: 0.6012395, 3: 0.57144046, 4: 0.61327183, 6: 0.5941232}
2018-10-02 04:40:06,597: Distance Threshold: {0: 3.4309808015823364, 1: 2.7477391958236694, 2: 3.275040924549103, 3: 3.617279291152954, 4: 3.5489307641983032, 6: 3.6195138096809387}
2018-10-02 04:40:06,597: Epoch number: 20
2018-10-02 04:45:15,242: Prototypes Count: 6
2018-10-02 04:45:15,242: Distance Average: {0: 3.1822817, 1: 2.8067844, 2: 2.7319102, 3: 2.57877, 4: 2.7831817, 6: 3.1514287}
2018-10-02 04:45:15,242: Distance Std: {0: 0.49908376, 1: 0.41410524, 2: 0.5046648, 3: 0.56765884, 4: 0.4403033, 6: 0.4987965}
2018-10-02 04:45:15,242: Distance Threshold: {0: 3.681365489959717, 1: 3.220889627933502, 2: 3.2365750074386597, 3: 3.1464287638664246, 4: 3.2234849631786346, 6: 3.650225192308426}
2018-10-02 04:57:52,678: Accuracy:  0.4734
2018-10-02 04:57:52,679: Precision:  0.7800
2018-10-02 04:57:52,679: Recall:  0.9805
2018-10-02 04:57:52,679: Confusion Matrix: 
[[4418    4   44  137   11    0  398    0    0    0]
 [   2 4851    5   84    7    0   28    0    0    0]
 [ 128    4 4091   81  272    0  422    0    0    0]
 [ 125   26   17 4646   41    0  163    0    0    0]
 [  17   16  245  332 4112    0  280    0    0    0]
 [ 921  289 1211  400 1298    0 1881    0    0    0]
 [ 787   11  201  132  419    0 3443    0    0    0]
 [ 433   52  626  265 2008    0 2616    0    0    0]
 [ 211   54  414  850 1621    0 2850    0    0    0]
 [ 508  255  451 2043  242    0 2501    0    0    0]]

2018-10-02 04:57:52,679: Epoch number: 21
2018-10-02 05:03:04,016: Prototypes Count: 6
2018-10-02 05:03:04,016: Distance Average: {0: 2.981939, 1: 2.097864, 2: 2.69949, 3: 2.7165477, 4: 3.3211174, 6: 2.9200728}
2018-10-02 05:03:04,016: Distance Std: {0: 0.60375816, 1: 0.5363245, 2: 0.6247816, 3: 0.6289007, 4: 0.38476688, 6: 0.7653098}
2018-10-02 05:03:04,016: Distance Threshold: {0: 3.5856972336769104, 1: 2.634188413619995, 2: 3.3242716789245605, 3: 3.3454484343528748, 4: 3.705884277820587, 6: 3.685382604598999}
2018-10-02 05:03:04,016: Epoch number: 22
2018-10-02 05:08:09,741: Prototypes Count: 6
2018-10-02 05:08:09,741: Distance Average: {0: 2.793214, 1: 1.9943321, 2: 2.3014226, 3: 2.3647795, 4: 2.590273, 6: 2.626134}
2018-10-02 05:08:09,741: Distance Std: {0: 0.44621006, 1: 0.440881, 2: 0.56483555, 3: 0.5032763, 4: 0.47378805, 6: 0.56562716}
2018-10-02 05:08:09,742: Distance Threshold: {0: 3.2394241392612457, 1: 2.435213088989258, 2: 2.866258144378662, 3: 2.868055760860443, 4: 3.0640609562397003, 6: 3.191761076450348}
2018-10-02 05:23:32,415: Accuracy:  0.4775
2018-10-02 05:23:32,415: Precision:  0.7950
2018-10-02 05:23:32,415: Recall:  0.9840
2018-10-02 05:23:32,415: Confusion Matrix: 
[[4071    8   57  292   35    0  549    0    0    0]
 [   9 4890    3   44   11    0   20    0    0    0]
 [  64    4 4271   85  309    0  265    0    0    0]
 [  58   57   18 4532  185    0  168    0    0    0]
 [   5   13  192  112 4479    0  201    0    0    0]
 [1157  737 1261  178 2113    0  554    0    0    0]
 [ 452   13  239  173  573    0 3543    0    0    0]
 [ 843  332    7   83 3790    0  945    0    0    0]
 [ 327  161  131  709 2761    0 1911    0    0    0]
 [ 611  653  189  383 3197    0  967    0    0    0]]

2018-10-02 05:23:32,416: Epoch number: 23
2018-10-02 05:28:38,175: Prototypes Count: 6
2018-10-02 05:28:38,175: Distance Average: {0: 2.84509, 1: 1.7119852, 2: 2.5599227, 3: 2.7109828, 4: 2.7874293, 6: 2.6405833}
2018-10-02 05:28:38,176: Distance Std: {0: 0.51576173, 1: 0.58804613, 2: 0.5908123, 3: 0.37212184, 4: 0.42096394, 6: 0.5976911}
2018-10-02 05:28:38,176: Distance Threshold: {0: 3.3608516454696655, 1: 2.300031363964081, 2: 3.150735020637512, 3: 3.0831046402454376, 4: 3.2083932757377625, 6: 3.238274395465851}
2018-10-02 05:28:38,176: Epoch number: 24
2018-10-02 05:33:47,200: Prototypes Count: 6
2018-10-02 05:33:47,200: Distance Average: {0: 2.939216, 1: 1.8624516, 2: 2.5106263, 3: 2.4348109, 4: 2.773871, 6: 2.7865527}
2018-10-02 05:33:47,200: Distance Std: {0: 0.54163593, 1: 0.4473902, 2: 0.6860109, 3: 0.4430084, 4: 0.5097109, 6: 0.6331161}
2018-10-02 05:33:47,200: Distance Threshold: {0: 3.4808518290519714, 1: 2.309841752052307, 2: 3.196637213230133, 3: 2.8778192698955536, 4: 3.283581852912903, 6: 3.4196687936782837}
2018-10-02 05:46:46,042: Accuracy:  0.4771
2018-10-02 05:46:46,042: Precision:  0.7998
2018-10-02 05:46:46,042: Recall:  0.9761
2018-10-02 05:46:46,042: Confusion Matrix: 
[[4134    2   90  139   31    0  616    0    0    0]
 [  12 4837    8   79   18    0   23    0    0    0]
 [  66    1 4372   38  323    0  198    0    0    0]
 [ 101   23   48 4443  261    0  142    0    0    0]
 [   6    3  215   75 4486    0  217    0    0    0]
 [1102  522  710  619 2099    0  948    0    0    0]
 [ 508    5  315  109  564    0 3492    0    0    0]
 [ 496   32   10   39 4466    0  957    0    0    0]
 [ 174   20  206  404 2882    0 2314    0    0    0]
 [1146   17  696 1129 2036    0  976    0    0    0]]

2018-10-02 05:46:46,043: Epoch number: 25
2018-10-02 05:51:51,935: Prototypes Count: 6
2018-10-02 05:51:51,935: Distance Average: {0: 2.371907, 1: 1.8222476, 2: 2.282749, 3: 2.7060082, 4: 2.3527675, 6: 2.594788}
2018-10-02 05:51:51,935: Distance Std: {0: 0.5994627, 1: 0.54639935, 2: 0.67414993, 3: 0.44747943, 4: 0.70866007, 6: 0.6083204}
2018-10-02 05:51:51,935: Distance Threshold: {0: 2.971369683742523, 1: 2.36864697933197, 2: 2.956898868083954, 3: 3.1534876227378845, 4: 3.0614275336265564, 6: 3.203108489513397}
2018-10-02 05:51:51,935: Epoch number: 26
2018-10-02 05:56:57,970: Prototypes Count: 6
2018-10-02 05:56:57,970: Distance Average: {0: 2.4834347, 1: 1.7393074, 2: 2.695144, 3: 2.2096775, 4: 2.3137789, 6: 2.6661785}
2018-10-02 05:56:57,971: Distance Std: {0: 0.44164577, 1: 0.45006552, 2: 0.36145914, 3: 0.63796765, 4: 0.4641844, 6: 0.5474436}
2018-10-02 05:56:57,971: Distance Threshold: {0: 2.9250804483890533, 1: 2.1893729269504547, 2: 3.0566030740737915, 3: 2.847645103931427, 4: 2.7779632806777954, 6: 3.2136220932006836}
2018-10-02 06:09:51,058: Accuracy:  0.4727
2018-10-02 06:09:51,058: Precision:  0.7904
2018-10-02 06:09:51,058: Recall:  0.9808
2018-10-02 06:09:51,058: Confusion Matrix: 
[[4198   11  114  125   48    0  516    0    0    0]
 [   5 4900    7   41   12    0   12    0    0    0]
 [  79    1 4183   27  404    0  304    0    0    0]
 [  95   90   63 4261  326    0  183    0    0    0]
 [   2   16  151   52 4590    0  191    0    0    0]
 [1200 1019 1467  180  468    0 1666    0    0    0]
 [ 569   18  279   81  650    0 3396    0    0    0]
 [1683  379  211  222 1123    0 2382    0    0    0]
 [ 545  276  571  562 2016    0 2030    0    0    0]
 [ 328   14 1903 1012  406    0 2337    0    0    0]]

2018-10-02 06:09:51,059: Epoch number: 27
2018-10-02 06:15:00,640: Prototypes Count: 6
2018-10-02 06:15:00,640: Distance Average: {0: 2.4938633, 1: 1.7221487, 2: 2.7911575, 3: 2.3382792, 4: 2.557924, 6: 2.5756485}
2018-10-02 06:15:00,640: Distance Std: {0: 0.5078354, 1: 0.43242717, 2: 0.4317982, 3: 0.58495235, 4: 0.38585982, 6: 0.63464993}
2018-10-02 06:15:00,641: Distance Threshold: {0: 3.0016987323760986, 1: 2.154575824737549, 2: 3.222955673933029, 3: 2.923231601715088, 4: 2.943783849477768, 6: 3.210298478603363}
2018-10-02 06:15:00,641: Epoch number: 28
2018-10-02 06:20:11,280: Prototypes Count: 6
2018-10-02 06:20:11,280: Distance Average: {0: 2.226996, 1: 1.6163218, 2: 2.2246702, 3: 2.1794448, 4: 2.3626246, 6: 2.3368866}
2018-10-02 06:20:11,280: Distance Std: {0: 0.63319683, 1: 0.53646123, 2: 0.5290892, 3: 0.48838183, 4: 0.41716814, 6: 0.70505375}
2018-10-02 06:20:11,280: Distance Threshold: {0: 2.8601927757263184, 1: 2.1527830362319946, 2: 2.7537593841552734, 3: 2.667826622724533, 4: 2.7797927856445312, 6: 3.04194039106369}
2018-10-02 06:33:07,029: Accuracy:  0.4760
2018-10-02 06:33:07,029: Precision:  0.7698
2018-10-02 06:33:07,029: Recall:  0.9794
2018-10-02 06:33:07,029: Confusion Matrix: 
[[4083    5  100  184   19    0  621    0    0    0]
 [   8 4850   12   82   14    0   11    0    0    0]
 [  53    3 4408   55  245    0  234    0    0    0]
 [  74   24   36 4647  102    0  135    0    0    0]
 [  12    7  300  197 4184    0  302    0    0    0]
 [ 957  835  759  362 1943    0 1144    0    0    0]
 [ 522    7  355  158  418    0 3533    0    0    0]
 [ 961  261   28  486 3831    0  433    0    0    0]
 [ 303   28  242  683 2400    0 2344    0    0    0]
 [ 729    3  666 2198 1092    0 1312    0    0    0]]

2018-10-02 06:33:07,030: Epoch number: 29
2018-10-02 06:38:16,453: Prototypes Count: 6
2018-10-02 06:38:16,454: Distance Average: {0: 3.0311902, 1: 1.8522128, 2: 2.2104642, 3: 2.0120096, 4: 2.4629087, 6: 2.769607}
2018-10-02 06:38:16,454: Distance Std: {0: 0.49950272, 1: 0.47195837, 2: 0.42778844, 3: 0.536671, 4: 0.3700106, 6: 0.39369217}
2018-10-02 06:38:16,454: Distance Threshold: {0: 3.5306928753852844, 1: 2.324171155691147, 2: 2.6382526755332947, 3: 2.548680603504181, 4: 2.8329193592071533, 6: 3.1632992327213287}
2018-10-02 06:38:16,454: Epoch number: 30
2018-10-02 06:43:22,528: Prototypes Count: 6
2018-10-02 06:43:22,528: Distance Average: {0: 1.8653618, 1: 1.3889377, 2: 1.8409349, 3: 2.0222468, 4: 2.113699, 6: 2.2572296}
2018-10-02 06:43:22,528: Distance Std: {0: 0.47027662, 1: 0.5401331, 2: 0.39667174, 3: 0.33303428, 4: 0.39522523, 6: 0.34842274}
2018-10-02 06:43:22,528: Distance Threshold: {0: 2.3356384336948395, 1: 1.9290708303451538, 2: 2.2376066148281097, 3: 2.355281114578247, 4: 2.508924186229706, 6: 2.605652302503586}
2018-10-02 06:55:56,474: Accuracy:  0.4779
2018-10-02 06:55:56,474: Precision:  0.7484
2018-10-02 06:55:56,474: Recall:  0.9907
2018-10-02 06:55:56,474: Confusion Matrix: 
[[4240    2   90   88   14    0  578    0    0    0]
 [   9 4834   15   73   22    0   24    0    0    0]
 [  56    0 4476   21  163    0  282    0    0    0]
 [ 116   15   51 4337  137    0  362    0    0    0]
 [  14    1  315   83 4063    0  526    0    0    0]
 [ 823  347  897  298 2250    0 1385    0    0    0]
 [ 517    5  320   69  228    0 3854    0    0    0]
 [ 490    8   19  126 4453    0  904    0    0    0]
 [ 485   32  331  613 2101    0 2438    0    0    0]
 [ 428    0 1058 1234 1894    0 1386    0    0    0]]

2018-10-02 06:55:56,475: Epoch number: 31
2018-10-02 07:01:02,703: Prototypes Count: 6
2018-10-02 07:01:02,703: Distance Average: {0: 2.5538306, 1: 1.49681, 2: 2.1891558, 3: 2.049315, 4: 2.2250986, 6: 2.390689}
2018-10-02 07:01:02,703: Distance Std: {0: 0.4853373, 1: 0.5684105, 2: 0.5587296, 3: 0.66697556, 4: 0.61531264, 6: 0.6073176}
2018-10-02 07:01:02,704: Distance Threshold: {0: 3.0391679108142853, 1: 2.0652204751968384, 2: 2.7478854060173035, 3: 2.716290533542633, 4: 2.8404112458229065, 6: 2.998006522655487}
2018-10-02 07:01:02,704: Epoch number: 32
2018-10-02 07:06:11,654: Prototypes Count: 6
2018-10-02 07:06:11,654: Distance Average: {0: 2.5758615, 1: 1.6665975, 2: 2.9632993, 3: 2.4756162, 4: 2.9765346, 6: 2.9030123}
2018-10-02 07:06:11,655: Distance Std: {0: 0.36311042, 1: 0.45035723, 2: 0.43722412, 3: 0.321335, 4: 0.4022372, 6: 0.35868767}
2018-10-02 07:06:11,655: Distance Threshold: {0: 2.9389718770980835, 1: 2.1169547140598297, 2: 3.400523394346237, 3: 2.7969512045383453, 4: 3.378771811723709, 6: 3.2616999447345734}
2018-10-02 07:19:09,012: Accuracy:  0.4794
2018-10-02 07:19:09,012: Precision:  0.8149
2018-10-02 07:19:09,012: Recall:  0.9423
2018-10-02 07:19:09,012: Confusion Matrix: 
[[4366    1   89  200   29    0  327    0    0    0]
 [   6 4849    7   86   20    0    9    0    0    0]
 [  73    1 4534   71  174    0  145    0    0    0]
 [  82   14   33 4649  155    0   85    0    0    0]
 [  13    4  392  154 4240    0  199    0    0    0]
 [1120  279 1034  856 2143    0  568    0    0    0]
 [ 663    4  443  181  451    0 3251    0    0    0]
 [2439   89  190  390 2545    0  347    0    0    0]
 [ 439  233  238  642 2256    0 2192    0    0    0]
 [1522  148  640 1579 1656    0  455    0    0    0]]

2018-10-02 07:19:09,013: Epoch number: 33
2018-10-02 07:24:17,288: Prototypes Count: 6
2018-10-02 07:24:17,288: Distance Average: {0: 2.3584034, 1: 1.5765125, 2: 2.4099119, 3: 2.4440992, 4: 2.6176407, 6: 2.7201505}
2018-10-02 07:24:17,288: Distance Std: {0: 0.77089953, 1: 0.5448661, 2: 0.6620921, 3: 0.5309496, 4: 0.46357486, 6: 0.6767701}
2018-10-02 07:24:17,288: Distance Threshold: {0: 3.129302978515625, 1: 2.121378540992737, 2: 3.072003960609436, 3: 2.975048780441284, 4: 3.081215590238571, 6: 3.3969205617904663}
2018-10-02 07:24:17,288: Epoch number: 34
2018-10-02 07:29:27,296: Prototypes Count: 6
2018-10-02 07:29:27,296: Distance Average: {0: 2.6727772, 1: 1.3849574, 2: 2.57339, 3: 2.3469734, 4: 2.142994, 6: 2.40479}
2018-10-02 07:29:27,296: Distance Std: {0: 0.35975802, 1: 0.5139342, 2: 0.40551385, 3: 0.55678505, 4: 0.523156, 6: 0.6059773}
2018-10-02 07:29:27,296: Distance Threshold: {0: 3.032535195350647, 1: 1.8988916277885437, 2: 2.9789038598537445, 3: 2.903758466243744, 4: 2.666149914264679, 6: 3.0107672214508057}
2018-10-02 07:42:00,073: Accuracy:  0.4751
2018-10-02 07:42:00,073: Precision:  0.7814
2018-10-02 07:42:00,073: Recall:  0.9704
2018-10-02 07:42:00,073: Confusion Matrix: 
[[4291    1   88  136   15    0  481    0    0    0]
 [  11 4831   16   93    8    0   18    0    0    0]
 [  76    1 4554   46   89    0  232    0    0    0]
 [ 116   25   54 4554   61    0  208    0    0    0]
 [  17    7  560  220 3670    0  528    0    0    0]
 [ 940   43  269  663 3477    0  608    0    0    0]
 [ 553    3  369  116  198    0 3754    0    0    0]
 [ 556    1    1  115 4327    0 1000    0    0    0]
 [ 269    4  134  466 2772    0 2355    0    0    0]
 [ 650   10  302  650 3232    0 1156    0    0    0]]

2018-10-02 07:42:00,074: Epoch number: 35
2018-10-02 07:47:05,539: Prototypes Count: 6
2018-10-02 07:47:05,539: Distance Average: {0: 2.754327, 1: 2.5603247, 2: 2.186907, 3: 1.9667995, 4: 2.2124877, 6: 2.200479}
2018-10-02 07:47:05,539: Distance Std: {0: 0.3945435, 1: 0.32464302, 2: 0.6719152, 3: 0.5109251, 4: 0.55771786, 6: 0.6291714}
2018-10-02 07:47:05,539: Distance Threshold: {0: 3.1488705575466156, 1: 2.8849676847457886, 2: 2.858822226524353, 3: 2.477724611759186, 4: 2.770205557346344, 6: 2.829650402069092}
2018-10-02 07:47:05,539: Epoch number: 36
2018-10-02 07:52:13,196: Prototypes Count: 6
2018-10-02 07:52:13,196: Distance Average: {0: 2.4937541, 1: 2.4859874, 2: 2.1329987, 3: 1.9738221, 4: 2.0710583, 6: 2.195232}
2018-10-02 07:52:13,197: Distance Std: {0: 0.46163833, 1: 0.28574753, 2: 0.6768034, 3: 0.62380725, 4: 0.604175, 6: 0.6248483}
2018-10-02 07:52:13,197: Distance Threshold: {0: 2.9553924798965454, 1: 2.7717349529266357, 2: 2.8098021149635315, 3: 2.5976293683052063, 4: 2.675233244895935, 6: 2.8200802206993103}
2018-10-02 08:05:08,339: Accuracy:  0.4785
2018-10-02 08:05:08,339: Precision:  0.7761
2018-10-02 08:05:08,339: Recall:  0.9887
2018-10-02 08:05:08,339: Confusion Matrix: 
[[4296    7   90  106   16    0  497    0    0    0]
 [  12 4872   14   59   10    0   10    0    0    0]
 [  67    4 4388   29  182    0  328    0    0    0]
 [ 201   53   55 4418  113    0  178    0    0    0]
 [  20   16  252  143 4239    0  332    0    0    0]
 [1426 1065  591  309 2360    0  249    0    0    0]
 [ 617    8  311   89  343    0 3625    0    0    0]
 [2028  571    0  106 3048    0  247    0    0    0]
 [ 773  130  201  663 2479    0 1754    0    0    0]
 [2495   66  250  408 2354    0  427    0    0    0]]

2018-10-02 08:05:08,340: Epoch number: 37
2018-10-02 08:10:13,840: Prototypes Count: 6
2018-10-02 08:10:13,840: Distance Average: {0: 2.1777878, 1: 1.6523459, 2: 2.6015325, 3: 2.0853176, 4: 2.2301247, 6: 2.313024}
2018-10-02 08:10:13,840: Distance Std: {0: 0.66563565, 1: 0.5312177, 2: 0.5450579, 3: 0.70930785, 4: 0.5679472, 6: 0.7292209}
2018-10-02 08:10:13,840: Distance Threshold: {0: 2.8434234261512756, 1: 2.1835635900497437, 2: 3.1465903520584106, 3: 2.794625461101532, 4: 2.7980719208717346, 6: 3.0422449707984924}
2018-10-02 08:10:13,840: Epoch number: 38
2018-10-02 08:15:24,956: Prototypes Count: 6
2018-10-02 08:15:24,956: Distance Average: {0: 2.586448, 1: 1.4285444, 2: 1.7865043, 3: 2.4381464, 4: 2.158941, 6: 1.9370246}
2018-10-02 08:15:24,956: Distance Std: {0: 0.39782616, 1: 0.49023622, 2: 0.5620782, 3: 0.34480554, 4: 0.4251188, 6: 0.49716535}
2018-10-02 08:15:24,956: Distance Threshold: {0: 2.9842741191387177, 1: 1.9187806248664856, 2: 2.348582446575165, 3: 2.7829518914222717, 4: 2.5840598344802856, 6: 2.434189945459366}
2018-10-02 08:28:18,285: Accuracy:  0.4808
2018-10-02 08:28:18,285: Precision:  0.7716
2018-10-02 08:28:18,286: Recall:  0.9819
2018-10-02 08:28:18,286: Confusion Matrix: 
[[4337    2   71  131   15    0  456    0    0    0]
 [  13 4824   11   86   22    0   21    0    0    0]
 [  82    0 4411   49  183    0  273    0    0    0]
 [ 134   12   29 4573  111    0  159    0    0    0]
 [  18    2  288  161 4205    0  328    0    0    0]
 [1507   87  328  769 2969    0  340    0    0    0]
 [ 611    3  277  108  379    0 3615    0    0    0]
 [ 757   43    0  430 4495    0  275    0    0    0]
 [ 761    8  175 1094 1935    0 2027    0    0    0]
 [1578    0  110 1815 2033    0  464    0    0    0]]

2018-10-02 08:28:18,286: Epoch number: 39
2018-10-02 08:33:24,653: Prototypes Count: 6
2018-10-02 08:33:24,653: Distance Average: {0: 2.770621, 1: 1.8225454, 2: 2.0151732, 3: 2.0325875, 4: 2.504577, 6: 2.4391177}
2018-10-02 08:33:24,653: Distance Std: {0: 0.4451646, 1: 0.58020145, 2: 0.63133836, 3: 0.71511924, 4: 0.5084595, 6: 0.54357433}
2018-10-02 08:33:24,653: Distance Threshold: {0: 3.215785652399063, 1: 2.402746856212616, 2: 2.6465115547180176, 3: 2.7477067708969116, 4: 3.0130364298820496, 6: 2.982692003250122}
2018-10-02 08:33:24,653: Epoch number: 40
2018-10-02 08:38:29,303: Prototypes Count: 6
2018-10-02 08:38:29,303: Distance Average: {0: 2.2944994, 1: 1.9536945, 2: 2.4006567, 3: 2.3401694, 4: 2.5989618, 6: 2.493412}
2018-10-02 08:38:29,303: Distance Std: {0: 0.6673791, 1: 0.5597294, 2: 0.75152403, 3: 0.52875924, 4: 0.56759953, 6: 0.72997177}
2018-10-02 08:38:29,303: Distance Threshold: {0: 2.961878478527069, 1: 2.5134238600730896, 2: 3.1521807312965393, 3: 2.8689286708831787, 4: 3.1665613651275635, 6: 3.2233837842941284}
2018-10-02 08:51:23,743: Accuracy:  0.4789
2018-10-02 08:51:23,743: Precision:  0.8027
2018-10-02 08:51:23,744: Recall:  0.9759
2018-10-02 08:51:23,744: Confusion Matrix: 
[[4510    5   55  120   11    0  311    0    0    0]
 [  11 4870    8   77    7    0    4    0    0    0]
 [ 174    4 4382   64  178    0  196    0    0    0]
 [ 171   30   25 4594   63    0  135    0    0    0]
 [  45   11  268  223 4106    0  349    0    0    0]
 [2996  125  312  362 1700    0  505    0    0    0]
 [ 786    6  342  129  330    0 3400    0    0    0]
 [ 892   19    0  344 3626    0 1119    0    0    0]
 [ 725   26  165 1094 1581    0 2409    0    0    0]
 [2018  321   67 1773 1047    0  774    0    0    0]]

2018-10-02 08:51:23,744: Epoch number: 41
2018-10-02 08:56:30,567: Prototypes Count: 6
2018-10-02 08:56:30,567: Distance Average: {0: 2.1042094, 1: 1.4384078, 2: 1.765859, 3: 2.2931843, 4: 2.1497931, 6: 2.275476}
2018-10-02 08:56:30,567: Distance Std: {0: 0.5202561, 1: 0.6201188, 2: 0.5461249, 3: 0.5211956, 4: 0.4720444, 6: 0.47351235}
2018-10-02 08:56:30,567: Distance Threshold: {0: 2.624465525150299, 1: 2.058526575565338, 2: 2.31198388338089, 3: 2.814379870891571, 4: 2.621837556362152, 6: 2.7489883303642273}
2018-10-02 08:56:30,567: Epoch number: 42
2018-10-02 09:01:36,312: Prototypes Count: 6
2018-10-02 09:01:36,312: Distance Average: {0: 2.232674, 1: 1.7223239, 2: 2.1115441, 3: 2.2078276, 4: 2.4955947, 6: 2.1915934}
2018-10-02 09:01:36,312: Distance Std: {0: 0.6016308, 1: 0.553751, 2: 0.7073485, 3: 0.6495086, 4: 0.5187045, 6: 0.8469566}
2018-10-02 09:01:36,312: Distance Threshold: {0: 2.834304690361023, 1: 2.2760748863220215, 2: 2.8188926577568054, 3: 2.857336163520813, 4: 3.014299213886261, 6: 3.038550019264221}
2018-10-02 09:14:08,814: Accuracy:  0.4696
2018-10-02 09:14:08,815: Precision:  0.7424
2018-10-02 09:14:08,815: Recall:  0.9882
2018-10-02 09:14:08,815: Confusion Matrix: 
[[3897    3   60  409   71    0  572    0    0    0]
 [   8 4814    9  107   28    0   11    0    0    0]
 [  67    0 4257   94  337    0  243    0    0    0]
 [  37   17   16 4682  195    0   71    0    0    0]
 [   5    5  210  146 4463    0  173    0    0    0]
 [1522  146  431 1831 1926    0  144    0    0    0]
 [ 456    7  237  341  709    0 3243    0    0    0]
 [1073  412   22  901 3568    0   24    0    0    0]
 [1006   88   82 1243 2849    0  732    0    0    0]
 [1071    4  495 2168 2232    0   30    0    0    0]]

2018-10-02 09:14:08,815: Epoch number: 43
2018-10-02 09:19:23,133: Prototypes Count: 6
2018-10-02 09:19:23,134: Distance Average: {0: 2.8344524, 1: 1.8208245, 2: 2.516963, 3: 1.9783063, 4: 2.3671684, 6: 2.10118}
2018-10-02 09:19:23,134: Distance Std: {0: 0.5284549, 1: 0.47523734, 2: 0.3554892, 3: 0.5260576, 4: 0.49816936, 6: 0.46977505}
2018-10-02 09:19:23,134: Distance Threshold: {0: 3.362907290458679, 1: 2.2960618436336517, 2: 2.872452199459076, 3: 2.5043638944625854, 4: 2.8653377890586853, 6: 2.570955127477646}
2018-10-02 09:19:23,134: Epoch number: 44
2018-10-02 09:24:32,748: Prototypes Count: 6
2018-10-02 09:24:32,748: Distance Average: {0: 2.5166411, 1: 1.6898012, 2: 2.2695415, 3: 2.359457, 4: 2.1237733, 6: 2.4291236}
2018-10-02 09:24:32,748: Distance Std: {0: 0.5898676, 1: 0.66541976, 2: 0.5508021, 3: 0.48482406, 4: 0.6611939, 6: 0.7624712}
2018-10-02 09:24:32,748: Distance Threshold: {0: 3.106508731842041, 1: 2.3552209734916687, 2: 2.8203436136245728, 3: 2.8442810773849487, 4: 2.7849672436714172, 6: 3.1915948390960693}
2018-10-02 09:31:51,263: 
{'dataset_path': 'data/fashion-mnist_stream.csv', 'loss_type': 'pairwise_dce', 'tensor_view': [-1, 28, 28], 'in_channels': 1, 'layers': 10, 'learning_rate': 0.001, 'threshold': 10.0, 'gamma': 0.3, 'tao': 10.0, 'b': 3.0, 'lambda_': 0.01, 'std_coefficient': 0.8, 'train_test_split': 6000, 'epoch_number': 50, 'test_frequency': 1}
2018-10-02 09:31:51,263: Trainset size: 6000
2018-10-02 09:31:51,263: Testset size: 54000
2018-10-02 09:31:52,656: DenseNet Channels: 216

2018-10-02 09:31:52,722: Load state from file threshold_fashion-mnist/threshold_fashion-mnist.pkl.
2018-10-02 09:31:52,722: Epoch number: 1
2018-10-02 09:36:55,491: Prototypes Count: 6
2018-10-02 09:36:55,491: Distance Average: {0: 1.9379525, 1: 1.5086318, 2: 1.8754106, 3: 2.4805527, 4: 2.8117063, 6: 2.2566454}
2018-10-02 09:36:55,491: Distance Std: {0: 0.536915, 1: 0.48104414, 2: 0.5550722, 3: 0.38797432, 4: 0.39348036, 6: 0.38373917}
2018-10-02 09:36:55,492: Distance Threshold: {0: 2.367484521865845, 1: 1.8934671401977539, 2: 2.319468307495117, 3: 2.790932130813599, 4: 3.126490592956543, 6: 2.5636367797851562}
2018-10-02 09:49:30,610: Accuracy:  0.4806
2018-10-02 09:49:30,611: Precision:  0.7869
2018-10-02 09:49:30,611: Recall:  0.9748
2018-10-02 09:49:30,611: Confusion Matrix: 
[[4128    4   88  208   33    0  551    0    0    0]
 [   5 4860    3   71   21    0   17    0    0    0]
 [  62    2 4403   54  255    0  222    0    0    0]
 [  56   27   29 4633  131    0  142    0    0    0]
 [   6    5  200  165 4305    0  321    0    0    0]
 [ 939  323  458 1103 2730    0  447    0    0    0]
 [ 507    6  305  164  389    0 3622    0    0    0]
 [1133  171    4 1006 3369    0  317    0    0    0]
 [ 378   25  128 1714 1851    0 1904    0    0    0]
 [ 432   12  272 1142 3709    0  433    0    0    0]]

2018-10-02 09:49:30,612: Epoch number: 2
2018-10-02 09:54:34,805: Prototypes Count: 6
2018-10-02 09:54:34,805: Distance Average: {0: 2.2299998, 1: 1.5439928, 2: 1.9194385, 3: 2.0154152, 4: 1.8725586, 6: 1.7410733}
2018-10-02 09:54:34,805: Distance Std: {0: 0.41952506, 1: 0.3916083, 2: 0.48000053, 3: 0.38161963, 4: 0.4141497, 6: 0.54717076}
2018-10-02 09:54:34,805: Distance Threshold: {0: 2.5656198263168335, 1: 1.857279396057129, 2: 2.303438901901245, 3: 2.3207108974456787, 4: 2.2038783550262453, 6: 2.1788098573684693}
2018-10-02 09:58:29,663: 
{'dataset_path': 'data/fashion-mnist_stream.csv', 'loss_type': 'pairwise_dce', 'tensor_view': [-1, 28, 28], 'in_channels': 1, 'layers': 10, 'learning_rate': 0.001, 'threshold': 10.0, 'gamma': 0.3, 'tao': 10.0, 'b': 3.0, 'lambda_': 0.01, 'std_coefficient': 0.5, 'train_test_split': 6000, 'epoch_number': 50, 'test_frequency': 1}
2018-10-02 09:58:29,663: Trainset size: 6000
2018-10-02 09:58:29,663: Testset size: 54000
2018-10-02 09:58:31,052: DenseNet Channels: 216

2018-10-02 09:58:31,122: Load state from file threshold_fashion-mnist/threshold_fashion-mnist.pkl.
2018-10-02 09:58:31,123: Epoch number: 1
2018-10-02 10:03:36,852: Prototypes Count: 6
2018-10-02 10:03:36,852: Distance Average: {0: 2.207197, 1: 1.3496203, 2: 1.5091838, 3: 1.6914235, 4: 1.9691042, 6: 1.6011201}
2018-10-02 10:03:36,853: Distance Std: {0: 0.35485837, 1: 0.49581772, 2: 0.45120376, 3: 0.46017018, 4: 0.34214377, 6: 0.5063943}
2018-10-02 10:03:36,853: Distance Threshold: {0: 2.3846261352300644, 1: 1.5975292026996613, 2: 1.73478564620018, 3: 1.9215086251497269, 4: 2.1401760578155518, 6: 1.8543172776699066}
2018-10-02 10:15:57,814: Accuracy:  0.4824
2018-10-02 10:15:57,814: Precision:  0.7055
2018-10-02 10:15:57,814: Recall:  0.9956
2018-10-02 10:15:57,814: Confusion Matrix: 
[[4297    3   69  130   24    0  489    0    0    0]
 [  11 4850    3   70   30    0   13    0    0    0]
 [ 112    0 4418   40  211    0  217    0    0    0]
 [ 116   22   27 4554  143    0  156    0    0    0]
 [  17    3  225  135 4355    0  267    0    0    0]
 [2844  128  352  546 1740    0  390    0    0    0]
 [ 599    4  289  114  412    0 3575    0    0    0]
 [1933   61    0  294 3191    0  521    0    0    0]
 [ 756   11  150  958 2036    0 2089    0    0    0]
 [2422    2  106  747 2276    0  447    0    0    0]]

2018-10-02 10:15:57,815: Epoch number: 2
2018-10-02 10:21:01,131: Prototypes Count: 6
2018-10-02 10:21:01,131: Distance Average: {0: 1.7986097, 1: 1.2427839, 2: 1.9028946, 3: 1.543188, 4: 1.7849737, 6: 1.5723217}
2018-10-02 10:21:01,131: Distance Std: {0: 0.34509978, 1: 0.48163706, 2: 0.43868935, 3: 0.48007753, 4: 0.34111312, 6: 0.31082875}
2018-10-02 10:21:01,131: Distance Threshold: {0: 1.9711596220731735, 1: 1.4836024343967438, 2: 2.1222392916679382, 3: 1.7832267433404922, 4: 1.9555303007364273, 6: 1.7277360260486603}
2018-10-02 10:23:27,741: 
{'dataset_path': 'data/fashion-mnist_stream.csv', 'loss_type': 'pairwise_dce', 'tensor_view': [-1, 28, 28], 'in_channels': 1, 'layers': 10, 'learning_rate': 0.001, 'threshold': 10.0, 'gamma': 0.3, 'tao': 10.0, 'b': 3.0, 'lambda_': 0.01, 'std_coefficient': 0.25, 'train_test_split': 6000, 'epoch_number': 50, 'test_frequency': 1}
2018-10-02 10:23:27,741: Trainset size: 6000
2018-10-02 10:23:27,741: Testset size: 54000
2018-10-02 10:23:29,169: DenseNet Channels: 216

2018-10-02 10:23:29,237: Load state from file threshold_fashion-mnist/threshold_fashion-mnist.pkl.
2018-10-02 10:23:29,238: Epoch number: 1
2018-10-02 10:28:30,625: Prototypes Count: 6
2018-10-02 10:28:30,625: Distance Average: {0: 1.6904193, 1: 1.2298859, 2: 1.7528276, 3: 1.6152769, 4: 1.7178102, 6: 1.7308332}
2018-10-02 10:28:30,625: Distance Std: {0: 0.37898663, 1: 0.4995591, 2: 0.3396939, 3: 0.5009388, 4: 0.34030584, 6: 0.36909112}
2018-10-02 10:28:30,625: Distance Threshold: {0: 1.785165973007679, 1: 1.3547757118940353, 2: 1.8377511203289032, 3: 1.7405116260051727, 4: 1.802886612713337, 6: 1.8231059536337852}
2018-10-02 10:43:06,527: Accuracy:  0.4832
2018-10-02 10:43:06,528: Precision:  0.6592
2018-10-02 10:43:06,528: Recall:  0.9980
2018-10-02 10:43:06,528: Confusion Matrix: 
[[4277    3   67  131   16    0  518    0    0    0]
 [  11 4858    1   65   24    0   18    0    0    0]
 [  90    1 4419   41  210    0  237    0    0    0]
 [  99   27   30 4545  142    0  175    0    0    0]
 [  17    3  223  121 4380    0  258    0    0    0]
 [3273   70  484  309 1227    0  637    0    0    0]
 [ 569    4  281  113  410    0 3616    0    0    0]
 [2455   37    2  110 2539    0  857    0    0    0]
 [ 798   10  189  773 1913    0 2317    0    0    0]
 [2559    2  161  399 2147    0  732    0    0    0]]

2018-10-02 10:43:06,529: Epoch number: 2
2018-10-02 10:48:06,430: {'dataset_path': 'data/fashion-mnist_stream.csv', 'loss_type': 'pairwise_dce', 'tensor_view': [-1, 28, 28], 'in_channels': 1, 'layers': 10, 'learning_rate': 0.001, 'threshold': 10.0, 'gamma': 0.3, 'tao': 10.0, 'b': 3.0, 'lambda_': 0.01, 'std_coefficient': 0.0, 'train_test_split': 6000, 'epoch_number': 50, 'test_frequency': 1}
2018-10-02 10:48:06,431: Trainset size: 6000
2018-10-02 10:48:06,431: Testset size: 54000

2018-10-02 10:48:07,845: DenseNet Channels: 216

2018-10-02 10:48:07,913: Load state from file threshold_fashion-mnist/threshold_fashion-mnist.pkl.
2018-10-02 10:48:07,913: Epoch number: 1
2018-10-02 10:53:06,439: Prototypes Count: 6
2018-10-02 10:53:06,440: Distance Average: {0: 2.1401465, 1: 1.1026589, 2: 1.7319959, 3: 1.7295942, 4: 1.7368312, 6: 1.5092932}
2018-10-02 10:53:06,440: Distance Std: {0: 0.31033197, 1: 0.53390336, 2: 0.28072104, 3: 0.25331616, 4: 0.3260353, 6: 0.33223793}
2018-10-02 10:53:06,440: Distance Threshold: {0: 2.140146493911743, 1: 1.1026588678359985, 2: 1.731995940208435, 3: 1.7295942306518555, 4: 1.7368311882019043, 6: 1.5092931985855103}
2018-10-02 11:05:33,396: Accuracy:  0.4829
2018-10-02 11:05:33,396: Precision:  0.6372
2018-10-02 11:05:33,396: Recall:  0.9985
2018-10-02 11:05:33,396: Confusion Matrix: 
[[4308    2   71  118   15    0  498    0    0    0]
 [   9 4855    2   73   20    0   18    0    0    0]
 [  88    1 4415   39  230    0  225    0    0    0]
 [ 110   16   35 4538  139    0  180    0    0    0]
 [  14    3  214  132 4378    0  261    0    0    0]
 [3133   74  454  754  859    0  726    0    0    0]
 [ 588    4  301  109  406    0 3585    0    0    0]
 [2568   50    0  411 1965    0 1006    0    0    0]
 [1001   11  158 1218 1453    0 2159    0    0    0]
 [2545    2  127 1203 1290    0  833    0    0    0]]

2018-10-02 11:05:33,397: Epoch number: 2
2018-10-02 11:13:53,209: {'dataset_path': 'data/fashion-mnist_stream.csv', 'loss_type': 'pairwise_dce', 'tensor_view': [-1, 28, 28], 'in_channels': 1, 'layers': 10, 'learning_rate': 0.001, 'threshold': 10.0, 'gamma': 0.3, 'tao': 10.0, 'b': 3.0, 'lambda_': 0.01, 'std_coefficient': 1.0, 'train_test_split': 6000, 'epoch_number': 50, 'test_frequency': 1}
2018-10-02 11:13:53,210: Trainset size: 6000
2018-10-02 11:13:53,210: Testset size: 54000

2018-10-02 11:13:54,609: DenseNet Channels: 216

2018-10-02 11:13:54,679: Load state from file threshold_fashion-mnist/threshold_fashion-mnist.pkl.
2018-10-02 11:13:54,679: Epoch number: 1
2018-10-02 11:18:58,281: Prototypes Count: 6
2018-10-02 11:18:58,281: Distance Average: {0: 1.7676, 1: 1.2286454, 2: 1.5304971, 3: 1.5140543, 4: 1.9361546, 6: 1.4736367}
2018-10-02 11:18:58,282: Distance Std: {0: 0.31776726, 1: 0.45901585, 2: 0.38868743, 3: 0.49016723, 4: 0.32685468, 6: 0.37179112}
2018-10-02 11:18:58,282: Distance Threshold: {0: 2.0853673219680786, 1: 1.6876612901687622, 2: 1.9191845059394836, 3: 2.0042215287685394, 4: 2.2630092799663544, 6: 1.8454278707504272}
2018-10-02 11:32:35,155: Accuracy:  0.4828
2018-10-02 11:32:35,156: Precision:  0.7417
2018-10-02 11:32:35,156: Recall:  0.9924
2018-10-02 11:32:35,156: Confusion Matrix: 
[[4250    2   75  116   27    0  542    0    0    0]
 [  10 4851    1   67   31    0   17    0    0    0]
 [  82    0 4433   39  214    0  230    0    0    0]
 [ 108   17   42 4516  164    0  171    0    0    0]
 [  10    3  223  113 4356    0  297    0    0    0]
 [2343  123  492  376 1967    0  699    0    0    0]
 [ 549    4  288   91  397    0 3664    0    0    0]
 [1553   57    0  115 3338    0  937    0    0    0]
 [ 528   13  152  830 2157    0 2320    0    0    0]
 [1585    1  171  601 2892    0  750    0    0    0]]

2018-10-02 11:32:35,157: Epoch number: 2
2018-10-02 11:37:35,459: Prototypes Count: 6
2018-10-02 11:37:35,459: Distance Average: {0: 1.789317, 1: 1.126723, 2: 1.8127453, 3: 1.6710352, 4: 1.7781928, 6: 1.4418523}
2018-10-02 11:37:35,459: Distance Std: {0: 0.31925187, 1: 0.55269355, 2: 0.28376254, 3: 0.3394393, 4: 0.3050371, 6: 0.4740489}
2018-10-02 11:37:35,459: Distance Threshold: {0: 2.1085688769817352, 1: 1.6794165968894958, 2: 2.096507877111435, 3: 2.0104744732379913, 4: 2.0832298696041107, 6: 1.915901243686676}
2018-10-02 11:52:27,268: {'dataset_path': 'data/fashion-mnist_stream.csv', 'loss_type': 'pairwise_dce', 'tensor_view': [-1, 28, 28], 'in_channels': 1, 'layers': 10, 'learning_rate': 0.001, 'threshold': 10.0, 'gamma': 0.3, 'tao': 10.0, 'b': 3.0, 'lambda_': 0.01, 'std_coefficient': 1.5, 'train_test_split': 6000, 'epoch_number': 50, 'test_frequency': 1}
2018-10-02 11:52:27,269: Trainset size: 6000
2018-10-02 11:52:27,269: Testset size: 54000

2018-10-02 11:52:28,674: DenseNet Channels: 216

2018-10-02 11:52:28,745: Load state from file threshold_fashion-mnist/threshold_fashion-mnist.pkl.
2018-10-02 11:52:28,745: Epoch number: 1
2018-10-02 11:57:27,977: Prototypes Count: 6
2018-10-02 11:57:27,977: Distance Average: {0: 1.5953463, 1: 1.7851212, 2: 1.3405213, 3: 1.3853829, 4: 1.7810037, 6: 1.6061496}
2018-10-02 11:57:27,977: Distance Std: {0: 0.3295208, 1: 0.32607868, 2: 0.39851668, 3: 0.46299934, 4: 0.28491542, 6: 0.24264337}
2018-10-02 11:57:27,977: Distance Threshold: {0: 2.089627519249916, 1: 2.2742392271757126, 2: 1.9382963627576828, 3: 2.0798819065093994, 4: 2.2083768397569656, 6: 1.9701146110892296}
2018-10-02 12:06:42,936: {'dataset_path': 'data/fashion-mnist_stream.csv', 'loss_type': 'pairwise_dce', 'tensor_view': [-1, 28, 28], 'in_channels': 1, 'layers': 10, 'learning_rate': 0.001, 'threshold': 10.0, 'gamma': 0.3, 'tao': 10.0, 'b': 3.0, 'lambda_': 0.01, 'std_coefficient': 1.5, 'train_test_split': 6000, 'epoch_number': 50, 'test_frequency': 1}
2018-10-02 12:06:42,936: Trainset size: 6000
2018-10-02 12:06:42,936: Testset size: 54000

2018-10-02 12:06:44,314: DenseNet Channels: 216

2018-10-02 12:06:44,427: Load state from file threshold_fashion-mnist/threshold_fashion-mnist.pkl.
2018-10-02 12:06:44,427: Epoch number: 1
2018-10-02 12:09:59,470: {'dataset_path': 'data/fashion-mnist_stream.csv', 'loss_type': 'pairwise_dce', 'tensor_view': [-1, 28, 28], 'in_channels': 1, 'layers': 10, 'learning_rate': 0.001, 'threshold': 10.0, 'gamma': 0.3, 'tao': 10.0, 'b': 3.0, 'lambda_': 0.01, 'std_coefficient': 1.5, 'train_test_split': 6000, 'epoch_number': 50, 'test_frequency': 1}
2018-10-02 12:09:59,471: Trainset size: 6000
2018-10-02 12:09:59,472: Testset size: 54000

2018-10-02 12:10:01,005: DenseNet Channels: 216

2018-10-02 12:10:01,125: Load state from file threshold_fashion-mnist/threshold_fashion-mnist.pkl.
2018-10-02 12:10:01,125: Epoch number: 1
2018-10-02 12:10:04,516: Accuracy:  0.4834
2018-10-02 12:10:04,516: Precision:  0.7653
2018-10-02 12:10:04,517: Recall:  0.9910
2018-10-02 12:10:04,517: Confusion Matrix: 
[[4293    3   64  118   19    0  515    0    0    0]
 [  11 4869    0   59   18    0   20    0    0    0]
 [  78    0 4444   38  209    0  229    0    0    0]
 [ 108   28   35 4519  138    0  190    0    0    0]
 [  16    4  229  115 4352    0  286    0    0    0]
 [2862  205  377  294 1229    0 1033    0    0    0]
 [ 569    5  302   95  397    0 3625    0    0    0]
 [2051  157    1   95 2080    0 1616    0    0    0]
 [ 582   31  166  837 1797    0 2587    0    0    0]
 [2009    2  176  582 1889    0 1342    0    0    0]]

2018-10-02 12:10:04,517: Epoch number: 2
2018-10-02 12:15:00,884: Prototypes Count: 6
2018-10-02 12:15:00,885: Distance Average: {0: 1.782861, 1: 1.108352, 2: 1.6430098, 3: 1.578365, 4: 1.6346208, 6: 1.825299}
2018-10-02 12:15:00,885: Distance Std: {0: 0.3297802, 1: 0.5096049, 2: 0.35642427, 3: 0.2976991, 4: 0.3535439, 6: 0.27800268}
2018-10-02 12:15:00,885: Distance Threshold: {0: 2.2775312811136246, 1: 1.8727592527866364, 2: 2.177646189928055, 3: 2.0249136090278625, 4: 2.1649366468191147, 6: 2.242303043603897}
2018-10-02 21:17:49,889: {'dataset_path': 'data/fashion-mnist_stream.csv', 'loss_type': 'pairwise_dce', 'tensor_view': [-1, 28, 28], 'in_channels': 1, 'layers': 10, 'learning_rate': 0.001, 'threshold': 10.0, 'gamma': 0.3, 'tao': 10.0, 'b': 3.0, 'lambda_': 0.01, 'std_coefficient': 1.5, 'train_test_split': 6000, 'epoch_number': 50, 'test_frequency': 1}
2018-10-02 21:17:49,889: Trainset size: 6000
2018-10-02 21:17:49,889: Testset size: 54000

